[01m[K/home/knapp/git/order_optimizer/src/order_optimizer/src/subscriber_function.cpp:[m[K In function ‘[01m[Kint main(int, char**)[m[K’:
[01m[K/home/knapp/git/order_optimizer/src/order_optimizer/src/subscriber_function.cpp:123:24:[m[K [01;31m[Kerror: [m[Kno match for ‘[01m[Koperator>>[m[K’ (operand types are ‘[01m[Kconst YAML::Node[m[K’ and ‘[01m[Kpart[m[K’)
  123 |             parts[it2] >> part_;
In file included from [01m[K/usr/include/c++/9/string:56[m[K,
                 from [01m[K/usr/include/c++/9/stdexcept:39[m[K,
                 from [01m[K/usr/include/c++/9/array:39[m[K,
                 from [01m[K/usr/include/c++/9/tuple:39[m[K,
                 from [01m[K/usr/include/c++/9/bits/unique_ptr.h:37[m[K,
                 from [01m[K/usr/include/c++/9/memory:80[m[K,
                 from [01m[K/home/knapp/git/order_optimizer/src/order_optimizer/src/subscriber_function.cpp:1[m[K:
[01m[K/usr/include/c++/9/bits/basic_string.tcc:1466:5:[m[K [01;36m[Knote: [m[Kcandidate: ‘[01m[Ktemplate<class _CharT, class _Traits, class _Alloc> std::basic_istream<_CharT, _Traits>& std::operator>>(std::basic_istream<_CharT, _Traits>&, std::__cxx11::basic_string<_CharT, _Traits, _Alloc>&)[m[K’
 1466 |     [01;36m[Koperator[m[K>>(basic_istream<_CharT, _Traits>& __in,
      |     [01;36m[K^~~~~~~~[m[K
[01m[K/usr/include/c++/9/bits/basic_string.tcc:1466:5:[m[K [01;36m[Knote: [m[K  template argument deduction/substitution failed:
[01m[K/home/knapp/git/order_optimizer/src/order_optimizer/src/subscriber_function.cpp:123:27:[m[K [01;36m[Knote: [m[K  types ‘[01m[Kstd::basic_istream<_CharT, _Traits>[m[K’ and ‘[01m[Kconst YAML::Node[m[K’ have incompatible cv-qualifiers
  123 |             parts[it2] >> [01;36m[Kpart_[m[K;
      |                           [01;36m[K^~~~~[m[K
In file included from [01m[K/usr/include/c++/9/istream:991[m[K,
                 from [01m[K/usr/include/c++/9/fstream:38[m[K,
                 from [01m[K/home/knapp/git/order_optimizer/src/order_optimizer/src/subscriber_function.cpp:2[m[K:
[01m[K/usr/include/c++/9/bits/istream.tcc:931:5:[m[K [01;36m[Knote: [m[Kcandidate: ‘[01m[Ktemplate<class _CharT, class _Traits> std::basic_istream<_CharT, _Traits>& std::operator>>(std::basic_istream<_CharT, _Traits>&, _CharT&)[m[K’
  931 |     [01;36m[Koperator[m[K>>(basic_istream<_CharT, _Traits>& __in, _CharT& __c)
      |     [01;36m[K^~~~~~~~[m[K
[01m[K/usr/include/c++/9/bits/istream.tcc:931:5:[m[K [01;36m[Knote: [m[K  template argument deduction/substitution failed:
[01m[K/home/knapp/git/order_optimizer/src/order_optimizer/src/subscriber_function.cpp:123:27:[m[K [01;36m[Knote: [m[K  types ‘[01m[Kstd::basic_istream<_CharT, _Traits>[m[K’ and ‘[01m[Kconst YAML::Node[m[K’ have incompatible cv-qualifiers
  123 |             parts[it2] >> [01;36m[Kpart_[m[K;
      |                           [01;36m[K^~~~~[m[K
In file included from [01m[K/usr/include/c++/9/fstream:38[m[K,
                 from [01m[K/home/knapp/git/order_optimizer/src/order_optimizer/src/subscriber_function.cpp:2[m[K:
[01m[K/usr/include/c++/9/istream:756:5:[m[K [01;36m[Knote: [m[Kcandidate: ‘[01m[Ktemplate<class _Traits> std::basic_istream<char, _Traits>& std::operator>>(std::basic_istream<char, _Traits>&, unsigned char&)[m[K’
  756 |     [01;36m[Koperator[m[K>>(basic_istream<char, _Traits>& __in, unsigned char& __c)
      |     [01;36m[K^~~~~~~~[m[K
[01m[K/usr/include/c++/9/istream:756:5:[m[K [01;36m[Knote: [m[K  template argument deduction/substitution failed:
[01m[K/home/knapp/git/order_optimizer/src/order_optimizer/src/subscriber_function.cpp:123:27:[m[K [01;36m[Knote: [m[K  types ‘[01m[Kstd::basic_istream<char, _Traits>[m[K’ and ‘[01m[Kconst YAML::Node[m[K’ have incompatible cv-qualifiers
  123 |             parts[it2] >> [01;36m[Kpart_[m[K;
      |                           [01;36m[K^~~~~[m[K
In file included from [01m[K/usr/include/c++/9/fstream:38[m[K,
                 from [01m[K/home/knapp/git/order_optimizer/src/order_optimizer/src/subscriber_function.cpp:2[m[K:
[01m[K/usr/include/c++/9/istream:761:5:[m[K [01;36m[Knote: [m[Kcandidate: ‘[01m[Ktemplate<class _Traits> std::basic_istream<char, _Traits>& std::operator>>(std::basic_istream<char, _Traits>&, signed char&)[m[K’
  761 |     [01;36m[Koperator[m[K>>(basic_istream<char, _Traits>& __in, signed char& __c)
      |     [01;36m[K^~~~~~~~[m[K
[01m[K/usr/include/c++/9/istream:761:5:[m[K [01;36m[Knote: [m[K  template argument deduction/substitution failed:
[01m[K/home/knapp/git/order_optimizer/src/order_optimizer/src/subscriber_function.cpp:123:27:[m[K [01;36m[Knote: [m[K  types ‘[01m[Kstd::basic_istream<char, _Traits>[m[K’ and ‘[01m[Kconst YAML::Node[m[K’ have incompatible cv-qualifiers
  123 |             parts[it2] >> [01;36m[Kpart_[m[K;
      |                           [01;36m[K^~~~~[m[K
In file included from [01m[K/usr/include/c++/9/istream:991[m[K,
                 from [01m[K/usr/include/c++/9/fstream:38[m[K,
                 from [01m[K/home/knapp/git/order_optimizer/src/order_optimizer/src/subscriber_function.cpp:2[m[K:
[01m[K/usr/include/c++/9/bits/istream.tcc:963:5:[m[K [01;36m[Knote: [m[Kcandidate: ‘[01m[Ktemplate<class _CharT2, class _Traits2> std::basic_istream<_CharT, _Traits>& std::operator>>(std::basic_istream<_CharT, _Traits>&, _CharT2*)[m[K’
  963 |     [01;36m[Koperator[m[K>>(basic_istream<_CharT, _Traits>& __in, _CharT* __s)
      |     [01;36m[K^~~~~~~~[m[K
[01m[K/usr/include/c++/9/bits/istream.tcc:963:5:[m[K [01;36m[Knote: [m[K  template argument deduction/substitution failed:
[01m[K/home/knapp/git/order_optimizer/src/order_optimizer/src/subscriber_function.cpp:123:27:[m[K [01;36m[Knote: [m[K  types ‘[01m[Kstd::basic_istream<_CharT, _Traits>[m[K’ and ‘[01m[Kconst YAML::Node[m[K’ have incompatible cv-qualifiers
  123 |             parts[it2] >> [01;36m[Kpart_[m[K;
      |                           [01;36m[K^~~~~[m[K
In file included from [01m[K/usr/include/c++/9/fstream:38[m[K,
                 from [01m[K/home/knapp/git/order_optimizer/src/order_optimizer/src/subscriber_function.cpp:2[m[K:
[01m[K/usr/include/c++/9/istream:803:5:[m[K [01;36m[Knote: [m[Kcandidate: ‘[01m[Ktemplate<class _Traits> std::basic_istream<char, _Traits>& std::operator>>(std::basic_istream<char, _Traits>&, unsigned char*)[m[K’
  803 |     [01;36m[Koperator[m[K>>(basic_istream<char, _Traits>& __in, unsigned char* __s)
      |     [01;36m[K^~~~~~~~[m[K
[01m[K/usr/include/c++/9/istream:803:5:[m[K [01;36m[Knote: [m[K  template argument deduction/substitution failed:
[01m[K/home/knapp/git/order_optimizer/src/order_optimizer/src/subscriber_function.cpp:123:27:[m[K [01;36m[Knote: [m[K  types ‘[01m[Kstd::basic_istream<char, _Traits>[m[K’ and ‘[01m[Kconst YAML::Node[m[K’ have incompatible cv-qualifiers
  123 |             parts[it2] >> [01;36m[Kpart_[m[K;
      |                           [01;36m[K^~~~~[m[K
In file included from [01m[K/usr/include/c++/9/fstream:38[m[K,
                 from [01m[K/home/knapp/git/order_optimizer/src/order_optimizer/src/subscriber_function.cpp:2[m[K:
[01m[K/usr/include/c++/9/istream:808:5:[m[K [01;36m[Knote: [m[Kcandidate: ‘[01m[Ktemplate<class _Traits> std::basic_istream<char, _Traits>& std::operator>>(std::basic_istream<char, _Traits>&, signed char*)[m[K’
  808 |     [01;36m[Koperator[m[K>>(basic_istream<char, _Traits>& __in, signed char* __s)
      |     [01;36m[K^~~~~~~~[m[K
[01m[K/usr/include/c++/9/istream:808:5:[m[K [01;36m[Knote: [m[K  template argument deduction/substitution failed:
[01m[K/home/knapp/git/order_optimizer/src/order_optimizer/src/subscriber_function.cpp:123:27:[m[K [01;36m[Knote: [m[K  types ‘[01m[Kstd::basic_istream<char, _Traits>[m[K’ and ‘[01m[Kconst YAML::Node[m[K’ have incompatible cv-qualifiers
  123 |             parts[it2] >> [01;36m[Kpart_[m[K;
      |                           [01;36m[K^~~~~[m[K
In file included from [01m[K/usr/include/c++/9/fstream:38[m[K,
                 from [01m[K/home/knapp/git/order_optimizer/src/order_optimizer/src/subscriber_function.cpp:2[m[K:
[01m[K/usr/include/c++/9/istream:980:5:[m[K [01;36m[Knote: [m[Kcandidate: ‘[01m[Ktemplate<class _Istream, class _Tp> typename std::enable_if<std::__and_<std::__not_<std::is_lvalue_reference<_Tp> >, std::__is_convertible_to_basic_istream<_Istream>, std::__is_extractable<typename std::__is_convertible_to_basic_istream<_Tp>::__istream_type, _Tp&&, void> >::value, typename std::__is_convertible_to_basic_istream<_Tp>::__istream_type>::type std::operator>>(_Istream&&, _Tp&&)[m[K’
  980 |     [01;36m[Koperator[m[K>>(_Istream&& __is, _Tp&& __x)
      |     [01;36m[K^~~~~~~~[m[K
[01m[K/usr/include/c++/9/istream:980:5:[m[K [01;36m[Knote: [m[K  template argument deduction/substitution failed:
/usr/include/c++/9/istream: In substitution of ‘[01m[Ktemplate<class _Istream, class _Tp> typename std::enable_if<std::__and_<std::__not_<std::is_lvalue_reference<_Tp> >, std::__is_convertible_to_basic_istream<_Istream>, std::__is_extractable<typename std::__is_convertible_to_basic_istream<_Tp>::__istream_type, _Tp&&, void> >::value, typename std::__is_convertible_to_basic_istream<_Tp>::__istream_type>::type std::operator>>(_Istream&&, _Tp&&) [with _Istream = const YAML::Node; _Tp = part&][m[K’:
[01m[K/home/knapp/git/order_optimizer/src/order_optimizer/src/subscriber_function.cpp:123:27:[m[K   required from here
[01m[K/usr/include/c++/9/istream:980:5:[m[K [01;31m[Kerror: [m[Kno type named ‘[01m[Ktype[m[K’ in ‘[01m[Kstruct std::enable_if<false, void>[m[K’
In file included from [01m[K/usr/include/c++/9/ccomplex:39[m[K,
                 from [01m[K/usr/include/x86_64-linux-gnu/c++/9/bits/stdc++.h:54[m[K,
                 from [01m[K/home/knapp/git/order_optimizer/src/order_optimizer/src/subscriber_function.cpp:7[m[K:
[01m[K/usr/include/c++/9/complex:498:5:[m[K [01;36m[Knote: [m[Kcandidate: ‘[01m[Ktemplate<class _Tp, class _CharT, class _Traits> std::basic_istream<_CharT, _Traits>& std::operator>>(std::basic_istream<_CharT, _Traits>&, std::complex<_Tp>&)[m[K’
  498 |     [01;36m[Koperator[m[K>>(basic_istream<_CharT, _Traits>& __is, complex<_Tp>& __x)
      |     [01;36m[K^~~~~~~~[m[K
[01m[K/usr/include/c++/9/complex:498:5:[m[K [01;36m[Knote: [m[K  template argument deduction/substitution failed:
[01m[K/home/knapp/git/order_optimizer/src/order_optimizer/src/subscriber_function.cpp:123:27:[m[K [01;36m[Knote: [m[K  types ‘[01m[Kstd::basic_istream<_CharT, _Traits>[m[K’ and ‘[01m[Kconst YAML::Node[m[K’ have incompatible cv-qualifiers
  123 |             parts[it2] >> [01;36m[Kpart_[m[K;
      |                           [01;36m[K^~~~~[m[K
In file included from [01m[K/usr/include/x86_64-linux-gnu/c++/9/bits/stdc++.h:66[m[K,
                 from [01m[K/home/knapp/git/order_optimizer/src/order_optimizer/src/subscriber_function.cpp:7[m[K:
[01m[K/usr/include/c++/9/bitset:1470:5:[m[K [01;36m[Knote: [m[Kcandidate: ‘[01m[Ktemplate<class _CharT, class _Traits, long unsigned int _Nb> std::basic_istream<_CharT, _Traits>& std::operator>>(std::basic_istream<_CharT, _Traits>&, std::bitset<_Nb>&)[m[K’
 1470 |     [01;36m[Koperator[m[K>>(std::basic_istream<_CharT, _Traits>& __is, bitset<_Nb>& __x)
      |     [01;36m[K^~~~~~~~[m[K
[01m[K/usr/include/c++/9/bitset:1470:5:[m[K [01;36m[Knote: [m[K  template argument deduction/substitution failed:
[01m[K/home/knapp/git/order_optimizer/src/order_optimizer/src/subscriber_function.cpp:123:27:[m[K [01;36m[Knote: [m[K  types ‘[01m[Kstd::basic_istream<_CharT, _Traits>[m[K’ and ‘[01m[Kconst YAML::Node[m[K’ have incompatible cv-qualifiers
  123 |             parts[it2] >> [01;36m[Kpart_[m[K;
      |                           [01;36m[K^~~~~[m[K
In file included from [01m[K/usr/include/x86_64-linux-gnu/c++/9/bits/stdc++.h:72[m[K,
                 from [01m[K/home/knapp/git/order_optimizer/src/order_optimizer/src/subscriber_function.cpp:7[m[K:
[01m[K/usr/include/c++/9/iomanip:71:5:[m[K [01;36m[Knote: [m[Kcandidate: ‘[01m[Ktemplate<class _CharT, class _Traits> std::basic_istream<_CharT, _Traits>& std::operator>>(std::basic_istream<_CharT, _Traits>&, std::_Resetiosflags)[m[K’
   71 |     [01;36m[Koperator[m[K>>(basic_istream<_CharT, _Traits>& __is, _Resetiosflags __f)
      |     [01;36m[K^~~~~~~~[m[K
[01m[K/usr/include/c++/9/iomanip:71:5:[m[K [01;36m[Knote: [m[K  template argument deduction/substitution failed:
[01m[K/home/knapp/git/order_optimizer/src/order_optimizer/src/subscriber_function.cpp:123:27:[m[K [01;36m[Knote: [m[K  types ‘[01m[Kstd::basic_istream<_CharT, _Traits>[m[K’ and ‘[01m[Kconst YAML::Node[m[K’ have incompatible cv-qualifiers
  123 |             parts[it2] >> [01;36m[Kpart_[m[K;
      |                           [01;36m[K^~~~~[m[K
In file included from [01m[K/usr/include/x86_64-linux-gnu/c++/9/bits/stdc++.h:72[m[K,
                 from [01m[K/home/knapp/git/order_optimizer/src/order_optimizer/src/subscriber_function.cpp:7[m[K:
[01m[K/usr/include/c++/9/iomanip:101:5:[m[K [01;36m[Knote: [m[Kcandidate: ‘[01m[Ktemplate<class _CharT, class _Traits> std::basic_istream<_CharT, _Traits>& std::operator>>(std::basic_istream<_CharT, _Traits>&, std::_Setiosflags)[m[K’
  101 |     [01;36m[Koperator[m[K>>(basic_istream<_CharT, _Traits>& __is, _Setiosflags __f)
      |     [01;36m[K^~~~~~~~[m[K
[01m[K/usr/include/c++/9/iomanip:101:5:[m[K [01;36m[Knote: [m[K  template argument deduction/substitution failed:
[01m[K/home/knapp/git/order_optimizer/src/order_optimizer/src/subscriber_function.cpp:123:27:[m[K [01;36m[Knote: [m[K  types ‘[01m[Kstd::basic_istream<_CharT, _Traits>[m[K’ and ‘[01m[Kconst YAML::Node[m[K’ have incompatible cv-qualifiers
  123 |             parts[it2] >> [01;36m[Kpart_[m[K;
      |                           [01;36m[K^~~~~[m[K
In file included from [01m[K/usr/include/x86_64-linux-gnu/c++/9/bits/stdc++.h:72[m[K,
                 from [01m[K/home/knapp/git/order_optimizer/src/order_optimizer/src/subscriber_function.cpp:7[m[K:
[01m[K/usr/include/c++/9/iomanip:132:5:[m[K [01;36m[Knote: [m[Kcandidate: ‘[01m[Ktemplate<class _CharT, class _Traits> std::basic_istream<_CharT, _Traits>& std::operator>>(std::basic_istream<_CharT, _Traits>&, std::_Setbase)[m[K’
  132 |     [01;36m[Koperator[m[K>>(basic_istream<_CharT, _Traits>& __is, _Setbase __f)
      |     [01;36m[K^~~~~~~~[m[K
[01m[K/usr/include/c++/9/iomanip:132:5:[m[K [01;36m[Knote: [m[K  template argument deduction/substitution failed:
[01m[K/home/knapp/git/order_optimizer/src/order_optimizer/src/subscriber_function.cpp:123:27:[m[K [01;36m[Knote: [m[K  types ‘[01m[Kstd::basic_istream<_CharT, _Traits>[m[K’ and ‘[01m[Kconst YAML::Node[m[K’ have incompatible cv-qualifiers
  123 |             parts[it2] >> [01;36m[Kpart_[m[K;
      |                           [01;36m[K^~~~~[m[K
In file included from [01m[K/usr/include/x86_64-linux-gnu/c++/9/bits/stdc++.h:72[m[K,
                 from [01m[K/home/knapp/git/order_optimizer/src/order_optimizer/src/subscriber_function.cpp:7[m[K:
[01m[K/usr/include/c++/9/iomanip:170:5:[m[K [01;36m[Knote: [m[Kcandidate: ‘[01m[Ktemplate<class _CharT, class _Traits> std::basic_istream<_CharT, _Traits>& std::operator>>(std::basic_istream<_CharT, _Traits>&, std::_Setfill<_CharT>)[m[K’
  170 |     [01;36m[Koperator[m[K>>(basic_istream<_CharT, _Traits>& __is, _Setfill<_CharT> __f)
      |     [01;36m[K^~~~~~~~[m[K
[01m[K/usr/include/c++/9/iomanip:170:5:[m[K [01;36m[Knote: [m[K  template argument deduction/substitution failed:
[01m[K/home/knapp/git/order_optimizer/src/order_optimizer/src/subscriber_function.cpp:123:27:[m[K [01;36m[Knote: [m[K  types ‘[01m[Kstd::basic_istream<_CharT, _Traits>[m[K’ and ‘[01m[Kconst YAML::Node[m[K’ have incompatible cv-qualifiers
  123 |             parts[it2] >> [01;36m[Kpart_[m[K;
      |                           [01;36m[K^~~~~[m[K
In file included from [01m[K/usr/include/x86_64-linux-gnu/c++/9/bits/stdc++.h:72[m[K,
                 from [01m[K/home/knapp/git/order_optimizer/src/order_optimizer/src/subscriber_function.cpp:7[m[K:
[01m[K/usr/include/c++/9/iomanip:200:5:[m[K [01;36m[Knote: [m[Kcandidate: ‘[01m[Ktemplate<class _CharT, class _Traits> std::basic_istream<_CharT, _Traits>& std::operator>>(std::basic_istream<_CharT, _Traits>&, std::_Setprecision)[m[K’
  200 |     [01;36m[Koperator[m[K>>(basic_istream<_CharT, _Traits>& __is, _Setprecision __f)
      |     [01;36m[K^~~~~~~~[m[K
[01m[K/usr/include/c++/9/iomanip:200:5:[m[K [01;36m[Knote: [m[K  template argument deduction/substitution failed:
[01m[K/home/knapp/git/order_optimizer/src/order_optimizer/src/subscriber_function.cpp:123:27:[m[K [01;36m[Knote: [m[K  types ‘[01m[Kstd::basic_istream<_CharT, _Traits>[m[K’ and ‘[01m[Kconst YAML::Node[m[K’ have incompatible cv-qualifiers
  123 |             parts[it2] >> [01;36m[Kpart_[m[K;
      |                           [01;36m[K^~~~~[m[K
In file included from [01m[K/usr/include/x86_64-linux-gnu/c++/9/bits/stdc++.h:72[m[K,
                 from [01m[K/home/knapp/git/order_optimizer/src/order_optimizer/src/subscriber_function.cpp:7[m[K:
[01m[K/usr/include/c++/9/iomanip:230:5:[m[K [01;36m[Knote: [m[Kcandidate: ‘[01m[Ktemplate<class _CharT, class _Traits> std::basic_istream<_CharT, _Traits>& std::operator>>(std::basic_istream<_CharT, _Traits>&, std::_Setw)[m[K’
  230 |     [01;36m[Koperator[m[K>>(basic_istream<_CharT, _Traits>& __is, _Setw __f)
      |     [01;36m[K^~~~~~~~[m[K
[01m[K/usr/include/c++/9/iomanip:230:5:[m[K [01;36m[Knote: [m[K  template argument deduction/substitution failed:
[01m[K/home/knapp/git/order_optimizer/src/order_optimizer/src/subscriber_function.cpp:123:27:[m[K [01;36m[Knote: [m[K  types ‘[01m[Kstd::basic_istream<_CharT, _Traits>[m[K’ and ‘[01m[Kconst YAML::Node[m[K’ have incompatible cv-qualifiers
  123 |             parts[it2] >> [01;36m[Kpart_[m[K;
      |                           [01;36m[K^~~~~[m[K
In file included from [01m[K/usr/include/x86_64-linux-gnu/c++/9/bits/stdc++.h:72[m[K,
                 from [01m[K/home/knapp/git/order_optimizer/src/order_optimizer/src/subscriber_function.cpp:7[m[K:
[01m[K/usr/include/c++/9/iomanip:264:5:[m[K [01;36m[Knote: [m[Kcandidate: ‘[01m[Ktemplate<class _CharT, class _Traits, class _MoneyT> std::basic_istream<_CharT, _Traits>& std::operator>>(std::basic_istream<_CharT, _Traits>&, std::_Get_money<_MoneyT>)[m[K’
  264 |     [01;36m[Koperator[m[K>>(basic_istream<_CharT, _Traits>& __is, _Get_money<_MoneyT> __f)
      |     [01;36m[K^~~~~~~~[m[K
[01m[K/usr/include/c++/9/iomanip:264:5:[m[K [01;36m[Knote: [m[K  template argument deduction/substitution failed:
[01m[K/home/knapp/git/order_optimizer/src/order_optimizer/src/subscriber_function.cpp:123:27:[m[K [01;36m[Knote: [m[K  types ‘[01m[Kstd::basic_istream<_CharT, _Traits>[m[K’ and ‘[01m[Kconst YAML::Node[m[K’ have incompatible cv-qualifiers
  123 |             parts[it2] >> [01;36m[Kpart_[m[K;
      |                           [01;36m[K^~~~~[m[K
In file included from [01m[K/usr/include/x86_64-linux-gnu/c++/9/bits/stdc++.h:72[m[K,
                 from [01m[K/home/knapp/git/order_optimizer/src/order_optimizer/src/subscriber_function.cpp:7[m[K:
[01m[K/usr/include/c++/9/iomanip:418:5:[m[K [01;36m[Knote: [m[Kcandidate: ‘[01m[Ktemplate<class _CharT, class _Traits> std::basic_istream<_CharT, _Traits>& std::operator>>(std::basic_istream<_CharT, _Traits>&, std::_Get_time<_CharT>)[m[K’
  418 |     [01;36m[Koperator[m[K>>(basic_istream<_CharT, _Traits>& __is, _Get_time<_CharT> __f)
      |     [01;36m[K^~~~~~~~[m[K
[01m[K/usr/include/c++/9/iomanip:418:5:[m[K [01;36m[Knote: [m[K  template argument deduction/substitution failed:
[01m[K/home/knapp/git/order_optimizer/src/order_optimizer/src/subscriber_function.cpp:123:27:[m[K [01;36m[Knote: [m[K  types ‘[01m[Kstd::basic_istream<_CharT, _Traits>[m[K’ and ‘[01m[Kconst YAML::Node[m[K’ have incompatible cv-qualifiers
  123 |             parts[it2] >> [01;36m[Kpart_[m[K;
      |                           [01;36m[K^~~~~[m[K
In file included from [01m[K/usr/include/c++/9/valarray:603[m[K,
                 from [01m[K/usr/include/x86_64-linux-gnu/c++/9/bits/stdc++.h:95[m[K,
                 from [01m[K/home/knapp/git/order_optimizer/src/order_optimizer/src/subscriber_function.cpp:7[m[K:
[01m[K/usr/include/c++/9/bits/valarray_after.h:414:5:[m[K [01;36m[Knote: [m[Kcandidate: ‘[01m[Ktemplate<class _Dom1, class _Dom2> std::_Expr<std::__detail::_BinClos<std::__shift_right, std::_Expr, std::_Expr, _Dom1, _Dom2>, typename std::__fun<std::__shift_right, typename _Dom1::value_type>::result_type> std::operator>>(const std::_Expr<_Dom1, typename _Dom1::value_type>&, const std::_Expr<_Dom2, typename _Dom2::value_type>&)[m[K’
  414 |     [01;36m[K_DEFINE_EXPR_BINARY_OPERATOR[m[K(>>, __shift_right)
      |     [01;36m[K^~~~~~~~~~~~~~~~~~~~~~~~~~~~[m[K
[01m[K/usr/include/c++/9/bits/valarray_after.h:414:5:[m[K [01;36m[Knote: [m[K  template argument deduction/substitution failed:
[01m[K/home/knapp/git/order_optimizer/src/order_optimizer/src/subscriber_function.cpp:123:27:[m[K [01;36m[Knote: [m[K  ‘[01m[Kconst YAML::Node[m[K’ is not derived from ‘[01m[Kconst std::_Expr<_Dom1, typename _Dom1::value_type>[m[K’
  123 |             parts[it2] >> [01;36m[Kpart_[m[K;
      |                           [01;36m[K^~~~~[m[K
In file included from [01m[K/usr/include/c++/9/valarray:603[m[K,
                 from [01m[K/usr/include/x86_64-linux-gnu/c++/9/bits/stdc++.h:95[m[K,
                 from [01m[K/home/knapp/git/order_optimizer/src/order_optimizer/src/subscriber_function.cpp:7[m[K:
[01m[K/usr/include/c++/9/bits/valarray_after.h:414:5:[m[K [01;36m[Knote: [m[Kcandidate: ‘[01m[Ktemplate<class _Dom> std::_Expr<std::__detail::_BinClos<std::__shift_right, std::_Expr, std::_Constant, _Dom, typename _Dom::value_type>, typename std::__fun<std::__shift_right, typename _Dom1::value_type>::result_type> std::operator>>(const std::_Expr<_Dom1, typename _Dom1::value_type>&, const typename _Dom::value_type&)[m[K’
  414 |     [01;36m[K_DEFINE_EXPR_BINARY_OPERATOR[m[K(>>, __shift_right)
      |     [01;36m[K^~~~~~~~~~~~~~~~~~~~~~~~~~~~[m[K
[01m[K/usr/include/c++/9/bits/valarray_after.h:414:5:[m[K [01;36m[Knote: [m[K  template argument deduction/substitution failed:
[01m[K/home/knapp/git/order_optimizer/src/order_optimizer/src/subscriber_function.cpp:123:27:[m[K [01;36m[Knote: [m[K  ‘[01m[Kconst YAML::Node[m[K’ is not derived from ‘[01m[Kconst std::_Expr<_Dom1, typename _Dom1::value_type>[m[K’
  123 |             parts[it2] >> [01;36m[Kpart_[m[K;
      |                           [01;36m[K^~~~~[m[K
In file included from [01m[K/usr/include/c++/9/valarray:603[m[K,
                 from [01m[K/usr/include/x86_64-linux-gnu/c++/9/bits/stdc++.h:95[m[K,
                 from [01m[K/home/knapp/git/order_optimizer/src/order_optimizer/src/subscriber_function.cpp:7[m[K:
[01m[K/usr/include/c++/9/bits/valarray_after.h:414:5:[m[K [01;36m[Knote: [m[Kcandidate: ‘[01m[Ktemplate<class _Dom> std::_Expr<std::__detail::_BinClos<std::__shift_right, std::_Constant, std::_Expr, typename _Dom::value_type, _Dom>, typename std::__fun<std::__shift_right, typename _Dom1::value_type>::result_type> std::operator>>(const typename _Dom::value_type&, const std::_Expr<_Dom1, typename _Dom1::value_type>&)[m[K’
  414 |     [01;36m[K_DEFINE_EXPR_BINARY_OPERATOR[m[K(>>, __shift_right)
      |     [01;36m[K^~~~~~~~~~~~~~~~~~~~~~~~~~~~[m[K
[01m[K/usr/include/c++/9/bits/valarray_after.h:414:5:[m[K [01;36m[Knote: [m[K  template argument deduction/substitution failed:
[01m[K/home/knapp/git/order_optimizer/src/order_optimizer/src/subscriber_function.cpp:123:27:[m[K [01;36m[Knote: [m[K  ‘[01m[Kpart[m[K’ is not derived from ‘[01m[Kconst std::_Expr<_Dom1, typename _Dom1::value_type>[m[K’
  123 |             parts[it2] >> [01;36m[Kpart_[m[K;
      |                           [01;36m[K^~~~~[m[K
In file included from [01m[K/usr/include/c++/9/valarray:603[m[K,
                 from [01m[K/usr/include/x86_64-linux-gnu/c++/9/bits/stdc++.h:95[m[K,
                 from [01m[K/home/knapp/git/order_optimizer/src/order_optimizer/src/subscriber_function.cpp:7[m[K:
[01m[K/usr/include/c++/9/bits/valarray_after.h:414:5:[m[K [01;36m[Knote: [m[Kcandidate: ‘[01m[Ktemplate<class _Dom> std::_Expr<std::__detail::_BinClos<std::__shift_right, std::_Expr, std::_ValArray, _Dom, typename _Dom::value_type>, typename std::__fun<std::__shift_right, typename _Dom1::value_type>::result_type> std::operator>>(const std::_Expr<_Dom1, typename _Dom1::value_type>&, const std::valarray<typename _Dom::value_type>&)[m[K’
  414 |     [01;36m[K_DEFINE_EXPR_BINARY_OPERATOR[m[K(>>, __shift_right)
      |     [01;36m[K^~~~~~~~~~~~~~~~~~~~~~~~~~~~[m[K
[01m[K/usr/include/c++/9/bits/valarray_after.h:414:5:[m[K [01;36m[Knote: [m[K  template argument deduction/substitution failed:
[01m[K/home/knapp/git/order_optimizer/src/order_optimizer/src/subscriber_function.cpp:123:27:[m[K [01;36m[Knote: [m[K  ‘[01m[Kconst YAML::Node[m[K’ is not derived from ‘[01m[Kconst std::_Expr<_Dom1, typename _Dom1::value_type>[m[K’
  123 |             parts[it2] >> [01;36m[Kpart_[m[K;
      |                           [01;36m[K^~~~~[m[K
In file included from [01m[K/usr/include/c++/9/valarray:603[m[K,
                 from [01m[K/usr/include/x86_64-linux-gnu/c++/9/bits/stdc++.h:95[m[K,
                 from [01m[K/home/knapp/git/order_optimizer/src/order_optimizer/src/subscriber_function.cpp:7[m[K:
[01m[K/usr/include/c++/9/bits/valarray_after.h:414:5:[m[K [01;36m[Knote: [m[Kcandidate: ‘[01m[Ktemplate<class _Dom> std::_Expr<std::__detail::_BinClos<std::__shift_right, std::_ValArray, std::_Expr, typename _Dom::value_type, _Dom>, typename std::__fun<std::__shift_right, typename _Dom1::value_type>::result_type> std::operator>>(const std::valarray<typename _Dom::value_type>&, const std::_Expr<_Dom1, typename _Dom1::value_type>&)[m[K’
  414 |     [01;36m[K_DEFINE_EXPR_BINARY_OPERATOR[m[K(>>, __shift_right)
      |     [01;36m[K^~~~~~~~~~~~~~~~~~~~~~~~~~~~[m[K
[01m[K/usr/include/c++/9/bits/valarray_after.h:414:5:[m[K [01;36m[Knote: [m[K  template argument deduction/substitution failed:
[01m[K/home/knapp/git/order_optimizer/src/order_optimizer/src/subscriber_function.cpp:123:27:[m[K [01;36m[Knote: [m[K  ‘[01m[Kpart[m[K’ is not derived from ‘[01m[Kconst std::_Expr<_Dom1, typename _Dom1::value_type>[m[K’
  123 |             parts[it2] >> [01;36m[Kpart_[m[K;
      |                           [01;36m[K^~~~~[m[K
In file included from [01m[K/usr/include/x86_64-linux-gnu/c++/9/bits/stdc++.h:95[m[K,
                 from [01m[K/home/knapp/git/order_optimizer/src/order_optimizer/src/subscriber_function.cpp:7[m[K:
[01m[K/usr/include/c++/9/valarray:1194:1:[m[K [01;36m[Knote: [m[Kcandidate: ‘[01m[Ktemplate<class _Tp> std::_Expr<std::__detail::_BinClos<std::__shift_right, std::_ValArray, std::_ValArray, _Tp, _Tp>, typename std::__fun<std::__shift_right, _Tp>::result_type> std::operator>>(const std::valarray<_Tp>&, const std::valarray<_Tp>&)[m[K’
 1194 | [01;36m[K_DEFINE_BINARY_OPERATOR[m[K(>>, __shift_right)
      | [01;36m[K^~~~~~~~~~~~~~~~~~~~~~~[m[K
[01m[K/usr/include/c++/9/valarray:1194:1:[m[K [01;36m[Knote: [m[K  template argument deduction/substitution failed:
[01m[K/home/knapp/git/order_optimizer/src/order_optimizer/src/subscriber_function.cpp:123:27:[m[K [01;36m[Knote: [m[K  ‘[01m[Kconst YAML::Node[m[K’ is not derived from ‘[01m[Kconst std::valarray<_Tp>[m[K’
  123 |             parts[it2] >> [01;36m[Kpart_[m[K;
      |                           [01;36m[K^~~~~[m[K
In file included from [01m[K/usr/include/x86_64-linux-gnu/c++/9/bits/stdc++.h:95[m[K,
                 from [01m[K/home/knapp/git/order_optimizer/src/order_optimizer/src/subscriber_function.cpp:7[m[K:
[01m[K/usr/include/c++/9/valarray:1194:1:[m[K [01;36m[Knote: [m[Kcandidate: ‘[01m[Ktemplate<class _Tp> std::_Expr<std::__detail::_BinClos<std::__shift_right, std::_ValArray, std::_Constant, _Tp, _Tp>, typename std::__fun<std::__shift_right, _Tp>::result_type> std::operator>>(const std::valarray<_Tp>&, const typename std::valarray<_Tp>::value_type&)[m[K’
 1194 | [01;36m[K_DEFINE_BINARY_OPERATOR[m[K(>>, __shift_right)
      | [01;36m[K^~~~~~~~~~~~~~~~~~~~~~~[m[K
[01m[K/usr/include/c++/9/valarray:1194:1:[m[K [01;36m[Knote: [m[K  template argument deduction/substitution failed:
[01m[K/home/knapp/git/order_optimizer/src/order_optimizer/src/subscriber_function.cpp:123:27:[m[K [01;36m[Knote: [m[K  ‘[01m[Kconst YAML::Node[m[K’ is not derived from ‘[01m[Kconst std::valarray<_Tp>[m[K’
  123 |             parts[it2] >> [01;36m[Kpart_[m[K;
      |                           [01;36m[K^~~~~[m[K
In file included from [01m[K/usr/include/x86_64-linux-gnu/c++/9/bits/stdc++.h:95[m[K,
                 from [01m[K/home/knapp/git/order_optimizer/src/order_optimizer/src/subscriber_function.cpp:7[m[K:
[01m[K/usr/include/c++/9/valarray:1194:1:[m[K [01;36m[Knote: [m[Kcandidate: ‘[01m[Ktemplate<class _Tp> std::_Expr<std::__detail::_BinClos<std::__shift_right, std::_Constant, std::_ValArray, _Tp, _Tp>, typename std::__fun<std::__shift_right, _Tp>::result_type> std::operator>>(const typename std::valarray<_Tp>::value_type&, const std::valarray<_Tp>&)[m[K’
 1194 | [01;36m[K_DEFINE_BINARY_OPERATOR[m[K(>>, __shift_right)
      | [01;36m[K^~~~~~~~~~~~~~~~~~~~~~~[m[K
[01m[K/usr/include/c++/9/valarray:1194:1:[m[K [01;36m[Knote: [m[K  template argument deduction/substitution failed:
[01m[K/home/knapp/git/order_optimizer/src/order_optimizer/src/subscriber_function.cpp:123:27:[m[K [01;36m[Knote: [m[K  ‘[01m[Kpart[m[K’ is not derived from ‘[01m[Kconst std::valarray<_Tp>[m[K’
  123 |             parts[it2] >> [01;36m[Kpart_[m[K;
      |                           [01;36m[K^~~~~[m[K
In file included from [01m[K/usr/include/c++/9/random:51[m[K,
                 from [01m[K/usr/include/x86_64-linux-gnu/c++/9/bits/stdc++.h:108[m[K,
                 from [01m[K/home/knapp/git/order_optimizer/src/order_optimizer/src/subscriber_function.cpp:7[m[K:
[01m[K/usr/include/c++/9/bits/random.tcc:898:5:[m[K [01;36m[Knote: [m[Kcandidate: ‘[01m[Ktemplate<class _IntType, class _CharT, class _Traits> std::basic_istream<_CharT, _Traits>& std::operator>>(std::basic_istream<_CharT, _Traits>&, std::uniform_int_distribution<_IntType>&)[m[K’
  898 |     [01;36m[Koperator[m[K>>(std::basic_istream<_CharT, _Traits>& __is,
      |     [01;36m[K^~~~~~~~[m[K
[01m[K/usr/include/c++/9/bits/random.tcc:898:5:[m[K [01;36m[Knote: [m[K  template argument deduction/substitution failed:
[01m[K/home/knapp/git/order_optimizer/src/order_optimizer/src/subscriber_function.cpp:123:27:[m[K [01;36m[Knote: [m[K  types ‘[01m[Kstd::basic_istream<_CharT, _Traits>[m[K’ and ‘[01m[Kconst YAML::Node[m[K’ have incompatible cv-qualifiers
  123 |             parts[it2] >> [01;36m[Kpart_[m[K;
      |                           [01;36m[K^~~~~[m[K
In file included from [01m[K/usr/include/c++/9/random:51[m[K,
                 from [01m[K/usr/include/x86_64-linux-gnu/c++/9/bits/stdc++.h:108[m[K,
                 from [01m[K/home/knapp/git/order_optimizer/src/order_optimizer/src/subscriber_function.cpp:7[m[K:
[01m[K/usr/include/c++/9/bits/random.tcc:960:5:[m[K [01;36m[Knote: [m[Kcandidate: ‘[01m[Ktemplate<class _RealType, class _CharT, class _Traits> std::basic_istream<_CharT, _Traits>& std::operator>>(std::basic_istream<_CharT, _Traits>&, std::uniform_real_distribution<_IntType>&)[m[K’
  960 |     [01;36m[Koperator[m[K>>(std::basic_istream<_CharT, _Traits>& __is,
      |     [01;36m[K^~~~~~~~[m[K
[01m[K/usr/include/c++/9/bits/random.tcc:960:5:[m[K [01;36m[Knote: [m[K  template argument deduction/substitution failed:
[01m[K/home/knapp/git/order_optimizer/src/order_optimizer/src/subscriber_function.cpp:123:27:[m[K [01;36m[Knote: [m[K  types ‘[01m[Kstd::basic_istream<_CharT, _Traits>[m[K’ and ‘[01m[Kconst YAML::Node[m[K’ have incompatible cv-qualifiers
  123 |             parts[it2] >> [01;36m[Kpart_[m[K;
      |                           [01;36m[K^~~~~[m[K
In file included from [01m[K/usr/include/c++/9/random:51[m[K,
                 from [01m[K/usr/include/x86_64-linux-gnu/c++/9/bits/stdc++.h:108[m[K,
                 from [01m[K/home/knapp/git/order_optimizer/src/order_optimizer/src/subscriber_function.cpp:7[m[K:
[01m[K/usr/include/c++/9/bits/random.tcc:2157:5:[m[K [01;36m[Knote: [m[Kcandidate: ‘[01m[Ktemplate<class _RealType, class _CharT, class _Traits> std::basic_istream<_CharT, _Traits>& std::operator>>(std::basic_istream<_CharT, _Traits>&, std::cauchy_distribution<_RealType>&)[m[K’
 2157 |     [01;36m[Koperator[m[K>>(std::basic_istream<_CharT, _Traits>& __is,
      |     [01;36m[K^~~~~~~~[m[K
[01m[K/usr/include/c++/9/bits/random.tcc:2157:5:[m[K [01;36m[Knote: [m[K  template argument deduction/substitution failed:
[01m[K/home/knapp/git/order_optimizer/src/order_optimizer/src/subscriber_function.cpp:123:27:[m[K [01;36m[Knote: [m[K  types ‘[01m[Kstd::basic_istream<_CharT, _Traits>[m[K’ and ‘[01m[Kconst YAML::Node[m[K’ have incompatible cv-qualifiers
  123 |             parts[it2] >> [01;36m[Kpart_[m[K;
      |                           [01;36m[K^~~~~[m[K
In file included from [01m[K/usr/include/c++/9/random:49[m[K,
                 from [01m[K/usr/include/x86_64-linux-gnu/c++/9/bits/stdc++.h:108[m[K,
                 from [01m[K/home/knapp/git/order_optimizer/src/order_optimizer/src/subscriber_function.cpp:7[m[K:
[01m[K/usr/include/c++/9/bits/random.h:3714:5:[m[K [01;36m[Knote: [m[Kcandidate: ‘[01m[Ktemplate<class _CharT, class _Traits> std::basic_istream<_CharT, _Traits>& std::operator>>(std::basic_istream<_CharT, _Traits>&, std::bernoulli_distribution&)[m[K’
 3714 |     [01;36m[Koperator[m[K>>(std::basic_istream<_CharT, _Traits>& __is,
      |     [01;36m[K^~~~~~~~[m[K
[01m[K/usr/include/c++/9/bits/random.h:3714:5:[m[K [01;36m[Knote: [m[K  template argument deduction/substitution failed:
[01m[K/home/knapp/git/order_optimizer/src/order_optimizer/src/subscriber_function.cpp:123:27:[m[K [01;36m[Knote: [m[K  types ‘[01m[Kstd::basic_istream<_CharT, _Traits>[m[K’ and ‘[01m[Kconst YAML::Node[m[K’ have incompatible cv-qualifiers
  123 |             parts[it2] >> [01;36m[Kpart_[m[K;
      |                           [01;36m[K^~~~~[m[K
In file included from [01m[K/usr/include/c++/9/random:51[m[K,
                 from [01m[K/usr/include/x86_64-linux-gnu/c++/9/bits/stdc++.h:108[m[K,
                 from [01m[K/home/knapp/git/order_optimizer/src/order_optimizer/src/subscriber_function.cpp:7[m[K:
[01m[K/usr/include/c++/9/bits/random.tcc:1104:5:[m[K [01;36m[Knote: [m[Kcandidate: ‘[01m[Ktemplate<class _IntType, class _CharT, class _Traits> std::basic_istream<_CharT, _Traits>& std::operator>>(std::basic_istream<_CharT, _Traits>&, std::geometric_distribution<_IntType>&)[m[K’
 1104 |     [01;36m[Koperator[m[K>>(std::basic_istream<_CharT, _Traits>& __is,
      |     [01;36m[K^~~~~~~~[m[K
[01m[K/usr/include/c++/9/bits/random.tcc:1104:5:[m[K [01;36m[Knote: [m[K  template argument deduction/substitution failed:
[01m[K/home/knapp/git/order_optimizer/src/order_optimizer/src/subscriber_function.cpp:123:27:[m[K [01;36m[Knote: [m[K  types ‘[01m[Kstd::basic_istream<_CharT, _Traits>[m[K’ and ‘[01m[Kconst YAML::Node[m[K’ have incompatible cv-qualifiers
  123 |             parts[it2] >> [01;36m[Kpart_[m[K;
      |                           [01;36m[K^~~~~[m[K
In file included from [01m[K/usr/include/c++/9/random:51[m[K,
                 from [01m[K/usr/include/x86_64-linux-gnu/c++/9/bits/stdc++.h:108[m[K,
                 from [01m[K/home/knapp/git/order_optimizer/src/order_optimizer/src/subscriber_function.cpp:7[m[K:
[01m[K/usr/include/c++/9/bits/random.tcc:1760:5:[m[K [01;36m[Knote: [m[Kcandidate: ‘[01m[Ktemplate<class _RealType, class _CharT, class _Traits> std::basic_istream<_CharT, _Traits>& std::operator>>(std::basic_istream<_CharT, _Traits>&, std::exponential_distribution<_RealType>&)[m[K’
 1760 |     [01;36m[Koperator[m[K>>(std::basic_istream<_CharT, _Traits>& __is,
      |     [01;36m[K^~~~~~~~[m[K
[01m[K/usr/include/c++/9/bits/random.tcc:1760:5:[m[K [01;36m[Knote: [m[K  template argument deduction/substitution failed:
[01m[K/home/knapp/git/order_optimizer/src/order_optimizer/src/subscriber_function.cpp:123:27:[m[K [01;36m[Knote: [m[K  types ‘[01m[Kstd::basic_istream<_CharT, _Traits>[m[K’ and ‘[01m[Kconst YAML::Node[m[K’ have incompatible cv-qualifiers
  123 |             parts[it2] >> [01;36m[Kpart_[m[K;
      |                           [01;36m[K^~~~~[m[K
In file included from [01m[K/usr/include/c++/9/random:51[m[K,
                 from [01m[K/usr/include/x86_64-linux-gnu/c++/9/bits/stdc++.h:108[m[K,
                 from [01m[K/home/knapp/git/order_optimizer/src/order_optimizer/src/subscriber_function.cpp:7[m[K:
[01m[K/usr/include/c++/9/bits/random.tcc:2556:5:[m[K [01;36m[Knote: [m[Kcandidate: ‘[01m[Ktemplate<class _RealType, class _CharT, class _Traits> std::basic_istream<_CharT, _Traits>& std::operator>>(std::basic_istream<_CharT, _Traits>&, std::weibull_distribution<_RealType>&)[m[K’
 2556 |     [01;36m[Koperator[m[K>>(std::basic_istream<_CharT, _Traits>& __is,
      |     [01;36m[K^~~~~~~~[m[K
[01m[K/usr/include/c++/9/bits/random.tcc:2556:5:[m[K [01;36m[Knote: [m[K  template argument deduction/substitution failed:
[01m[K/home/knapp/git/order_optimizer/src/order_optimizer/src/subscriber_function.cpp:123:27:[m[K [01;36m[Knote: [m[K  types ‘[01m[Kstd::basic_istream<_CharT, _Traits>[m[K’ and ‘[01m[Kconst YAML::Node[m[K’ have incompatible cv-qualifiers
  123 |             parts[it2] >> [01;36m[Kpart_[m[K;
      |                           [01;36m[K^~~~~[m[K
In file included from [01m[K/usr/include/c++/9/random:51[m[K,
                 from [01m[K/usr/include/x86_64-linux-gnu/c++/9/bits/stdc++.h:108[m[K,
                 from [01m[K/home/knapp/git/order_optimizer/src/order_optimizer/src/subscriber_function.cpp:7[m[K:
[01m[K/usr/include/c++/9/bits/random.tcc:2632:5:[m[K [01;36m[Knote: [m[Kcandidate: ‘[01m[Ktemplate<class _RealType, class _CharT, class _Traits> std::basic_istream<_CharT, _Traits>& std::operator>>(std::basic_istream<_CharT, _Traits>&, std::extreme_value_distribution<_RealType>&)[m[K’
 2632 |     [01;36m[Koperator[m[K>>(std::basic_istream<_CharT, _Traits>& __is,
      |     [01;36m[K^~~~~~~~[m[K
[01m[K/usr/include/c++/9/bits/random.tcc:2632:5:[m[K [01;36m[Knote: [m[K  template argument deduction/substitution failed:
[01m[K/home/knapp/git/order_optimizer/src/order_optimizer/src/subscriber_function.cpp:123:27:[m[K [01;36m[Knote: [m[K  types ‘[01m[Kstd::basic_istream<_CharT, _Traits>[m[K’ and ‘[01m[Kconst YAML::Node[m[K’ have incompatible cv-qualifiers
  123 |             parts[it2] >> [01;36m[Kpart_[m[K;
      |                           [01;36m[K^~~~~[m[K
In file included from [01m[K/usr/include/c++/9/random:51[m[K,
                 from [01m[K/usr/include/x86_64-linux-gnu/c++/9/bits/stdc++.h:108[m[K,
                 from [01m[K/home/knapp/git/order_optimizer/src/order_optimizer/src/subscriber_function.cpp:7[m[K:
[01m[K/usr/include/c++/9/bits/random.tcc:176:5:[m[K [01;36m[Knote: [m[Kcandidate: ‘[01m[Ktemplate<class _UIntType, _UIntType __a, _UIntType __c, _UIntType __m, class _CharT, class _Traits> std::basic_istream<_CharT, _Traits>& std::operator>>(std::basic_istream<_CharT, _Traits>&, std::linear_congruential_engine<_UIntType, __a, __c, __m>&)[m[K’
  176 |     [01;36m[Koperator[m[K>>(std::basic_istream<_CharT, _Traits>& __is,
      |     [01;36m[K^~~~~~~~[m[K
[01m[K/usr/include/c++/9/bits/random.tcc:176:5:[m[K [01;36m[Knote: [m[K  template argument deduction/substitution failed:
[01m[K/home/knapp/git/order_optimizer/src/order_optimizer/src/subscriber_function.cpp:123:27:[m[K [01;36m[Knote: [m[K  types ‘[01m[Kstd::basic_istream<_CharT, _Traits>[m[K’ and ‘[01m[Kconst YAML::Node[m[K’ have incompatible cv-qualifiers
  123 |             parts[it2] >> [01;36m[Kpart_[m[K;
      |                           [01;36m[K^~~~~[m[K
In file included from [01m[K/usr/include/c++/9/random:51[m[K,
                 from [01m[K/usr/include/x86_64-linux-gnu/c++/9/bits/stdc++.h:108[m[K,
                 from [01m[K/home/knapp/git/order_optimizer/src/order_optimizer/src/subscriber_function.cpp:7[m[K:
[01m[K/usr/include/c++/9/bits/random.tcc:504:5:[m[K [01;36m[Knote: [m[Kcandidate: ‘[01m[Ktemplate<class _UIntType1, long unsigned int __w1, long unsigned int __n1, long unsigned int __m1, long unsigned int __r1, _UIntType1 __a1, long unsigned int __u1, _UIntType1 __d1, long unsigned int __s1, _UIntType1 __b1, long unsigned int __t1, _UIntType1 __c1, long unsigned int __l1, _UIntType1 __f1, class _CharT, class _Traits> std::basic_istream<_CharT, _Traits>& std::operator>>(std::basic_istream<_CharT, _Traits>&, std::mersenne_twister_engine<_UIntType, __w, __n, __m, __r, __a, __u, __d, __s, __b, __t, __c, __l, __f>&)[m[K’
  504 |     [01;36m[Koperator[m[K>>(std::basic_istream<_CharT, _Traits>& __is,
      |     [01;36m[K^~~~~~~~[m[K
[01m[K/usr/include/c++/9/bits/random.tcc:504:5:[m[K [01;36m[Knote: [m[K  template argument deduction/substitution failed:
[01m[K/home/knapp/git/order_optimizer/src/order_optimizer/src/subscriber_function.cpp:123:27:[m[K [01;36m[Knote: [m[K  types ‘[01m[Kstd::basic_istream<_CharT, _Traits>[m[K’ and ‘[01m[Kconst YAML::Node[m[K’ have incompatible cv-qualifiers
  123 |             parts[it2] >> [01;36m[Kpart_[m[K;
      |                           [01;36m[K^~~~~[m[K
In file included from [01m[K/usr/include/c++/9/random:51[m[K,
                 from [01m[K/usr/include/x86_64-linux-gnu/c++/9/bits/stdc++.h:108[m[K,
                 from [01m[K/home/knapp/git/order_optimizer/src/order_optimizer/src/subscriber_function.cpp:7[m[K:
[01m[K/usr/include/c++/9/bits/random.tcc:657:5:[m[K [01;36m[Knote: [m[Kcandidate: ‘[01m[Ktemplate<class _UIntType, long unsigned int __w, long unsigned int __s, long unsigned int __r, class _CharT, class _Traits> std::basic_istream<_CharT, _Traits>& std::operator>>(std::basic_istream<_CharT, _Traits>&, std::subtract_with_carry_engine<_UIntType, __w, __s, __r>&)[m[K’
  657 |     [01;36m[Koperator[m[K>>(std::basic_istream<_CharT, _Traits>& __is,
      |     [01;36m[K^~~~~~~~[m[K
[01m[K/usr/include/c++/9/bits/random.tcc:657:5:[m[K [01;36m[Knote: [m[K  template argument deduction/substitution failed:
[01m[K/home/knapp/git/order_optimizer/src/order_optimizer/src/subscriber_function.cpp:123:27:[m[K [01;36m[Knote: [m[K  types ‘[01m[Kstd::basic_istream<_CharT, _Traits>[m[K’ and ‘[01m[Kconst YAML::Node[m[K’ have incompatible cv-qualifiers
  123 |             parts[it2] >> [01;36m[Kpart_[m[K;
      |                           [01;36m[K^~~~~[m[K
In file included from [01m[K/usr/include/c++/9/random:51[m[K,
                 from [01m[K/usr/include/x86_64-linux-gnu/c++/9/bits/stdc++.h:108[m[K,
                 from [01m[K/home/knapp/git/order_optimizer/src/order_optimizer/src/subscriber_function.cpp:7[m[K:
[01m[K/usr/include/c++/9/bits/random.tcc:725:5:[m[K [01;36m[Knote: [m[Kcandidate: ‘[01m[Ktemplate<class _RandomNumberEngine, long unsigned int __p, long unsigned int __r, class _CharT, class _Traits> std::basic_istream<_CharT, _Traits>& std::operator>>(std::basic_istream<_CharT, _Traits>&, std::discard_block_engine<_RandomNumberEngine, __p, __r>&)[m[K’
  725 |     [01;36m[Koperator[m[K>>(std::basic_istream<_CharT, _Traits>& __is,
      |     [01;36m[K^~~~~~~~[m[K
[01m[K/usr/include/c++/9/bits/random.tcc:725:5:[m[K [01;36m[Knote: [m[K  template argument deduction/substitution failed:
[01m[K/home/knapp/git/order_optimizer/src/order_optimizer/src/subscriber_function.cpp:123:27:[m[K [01;36m[Knote: [m[K  types ‘[01m[Kstd::basic_istream<_CharT, _Traits>[m[K’ and ‘[01m[Kconst YAML::Node[m[K’ have incompatible cv-qualifiers
  123 |             parts[it2] >> [01;36m[Kpart_[m[K;
      |                           [01;36m[K^~~~~[m[K
In file included from [01m[K/usr/include/c++/9/random:51[m[K,
                 from [01m[K/usr/include/x86_64-linux-gnu/c++/9/bits/stdc++.h:108[m[K,
                 from [01m[K/home/knapp/git/order_optimizer/src/order_optimizer/src/subscriber_function.cpp:7[m[K:
[01m[K/usr/include/c++/9/bits/random.tcc:856:5:[m[K [01;36m[Knote: [m[Kcandidate: ‘[01m[Ktemplate<class _RandomNumberEngine, long unsigned int __k, class _CharT, class _Traits> std::basic_istream<_CharT, _Traits>& std::operator>>(std::basic_istream<_CharT, _Traits>&, std::shuffle_order_engine<_RandomNumberEngine, __k>&)[m[K’
  856 |     [01;36m[Koperator[m[K>>(std::basic_istream<_CharT, _Traits>& __is,
      |     [01;36m[K^~~~~~~~[m[K
[01m[K/usr/include/c++/9/bits/random.tcc:856:5:[m[K [01;36m[Knote: [m[K  template argument deduction/substitution failed:
[01m[K/home/knapp/git/order_optimizer/src/order_optimizer/src/subscriber_function.cpp:123:27:[m[K [01;36m[Knote: [m[K  types ‘[01m[Kstd::basic_istream<_CharT, _Traits>[m[K’ and ‘[01m[Kconst YAML::Node[m[K’ have incompatible cv-qualifiers
  123 |             parts[it2] >> [01;36m[Kpart_[m[K;
      |                           [01;36m[K^~~~~[m[K
In file included from [01m[K/usr/include/c++/9/random:51[m[K,
                 from [01m[K/usr/include/x86_64-linux-gnu/c++/9/bits/stdc++.h:108[m[K,
                 from [01m[K/home/knapp/git/order_optimizer/src/order_optimizer/src/subscriber_function.cpp:7[m[K:
[01m[K/usr/include/c++/9/bits/random.tcc:1220:5:[m[K [01;36m[Knote: [m[Kcandidate: ‘[01m[Ktemplate<class _IntType, class _CharT, class _Traits> std::basic_istream<_CharT, _Traits>& std::operator>>(std::basic_istream<_CharT, _Traits>&, std::negative_binomial_distribution<_IntType>&)[m[K’
 1220 |     [01;36m[Koperator[m[K>>(std::basic_istream<_CharT, _Traits>& __is,
      |     [01;36m[K^~~~~~~~[m[K
[01m[K/usr/include/c++/9/bits/random.tcc:1220:5:[m[K [01;36m[Knote: [m[K  template argument deduction/substitution failed:
[01m[K/home/knapp/git/order_optimizer/src/order_optimizer/src/subscriber_function.cpp:123:27:[m[K [01;36m[Knote: [m[K  types ‘[01m[Kstd::basic_istream<_CharT, _Traits>[m[K’ and ‘[01m[Kconst YAML::Node[m[K’ have incompatible cv-qualifiers
  123 |             parts[it2] >> [01;36m[Kpart_[m[K;
      |                           [01;36m[K^~~~~[m[K
In file included from [01m[K/usr/include/c++/9/random:51[m[K,
                 from [01m[K/usr/include/x86_64-linux-gnu/c++/9/bits/stdc++.h:108[m[K,
                 from [01m[K/home/knapp/git/order_optimizer/src/order_optimizer/src/subscriber_function.cpp:7[m[K:
[01m[K/usr/include/c++/9/bits/random.tcc:1431:5:[m[K [01;36m[Knote: [m[Kcandidate: ‘[01m[Ktemplate<class _IntType, class _CharT, class _Traits> std::basic_istream<_CharT, _Traits>& std::operator>>(std::basic_istream<_CharT, _Traits>&, std::poisson_distribution<_IntType>&)[m[K’
 1431 |     [01;36m[Koperator[m[K>>(std::basic_istream<_CharT, _Traits>& __is,
      |     [01;36m[K^~~~~~~~[m[K
[01m[K/usr/include/c++/9/bits/random.tcc:1431:5:[m[K [01;36m[Knote: [m[K  template argument deduction/substitution failed:
[01m[K/home/knapp/git/order_optimizer/src/order_optimizer/src/subscriber_function.cpp:123:27:[m[K [01;36m[Knote: [m[K  types ‘[01m[Kstd::basic_istream<_CharT, _Traits>[m[K’ and ‘[01m[Kconst YAML::Node[m[K’ have incompatible cv-qualifiers
  123 |             parts[it2] >> [01;36m[Kpart_[m[K;
      |                           [01;36m[K^~~~~[m[K
In file included from [01m[K/usr/include/c++/9/random:51[m[K,
                 from [01m[K/usr/include/x86_64-linux-gnu/c++/9/bits/stdc++.h:108[m[K,
                 from [01m[K/home/knapp/git/order_optimizer/src/order_optimizer/src/subscriber_function.cpp:7[m[K:
[01m[K/usr/include/c++/9/bits/random.tcc:1699:5:[m[K [01;36m[Knote: [m[Kcandidate: ‘[01m[Ktemplate<class _IntType, class _CharT, class _Traits> std::basic_istream<_CharT, _Traits>& std::operator>>(std::basic_istream<_CharT, _Traits>&, std::binomial_distribution<_IntType>&)[m[K’
 1699 |     [01;36m[Koperator[m[K>>(std::basic_istream<_CharT, _Traits>& __is,
      |     [01;36m[K^~~~~~~~[m[K
[01m[K/usr/include/c++/9/bits/random.tcc:1699:5:[m[K [01;36m[Knote: [m[K  template argument deduction/substitution failed:
[01m[K/home/knapp/git/order_optimizer/src/order_optimizer/src/subscriber_function.cpp:123:27:[m[K [01;36m[Knote: [m[K  types ‘[01m[Kstd::basic_istream<_CharT, _Traits>[m[K’ and ‘[01m[Kconst YAML::Node[m[K’ have incompatible cv-qualifiers
  123 |             parts[it2] >> [01;36m[Kpart_[m[K;
      |                           [01;36m[K^~~~~[m[K
In file included from [01m[K/usr/include/c++/9/random:51[m[K,
                 from [01m[K/usr/include/x86_64-linux-gnu/c++/9/bits/stdc++.h:108[m[K,
                 from [01m[K/home/knapp/git/order_optimizer/src/order_optimizer/src/subscriber_function.cpp:7[m[K:
[01m[K/usr/include/c++/9/bits/random.tcc:1931:5:[m[K [01;36m[Knote: [m[Kcandidate: ‘[01m[Ktemplate<class _RealType1, class _CharT, class _Traits> std::basic_istream<_CharT, _Traits>& std::operator>>(std::basic_istream<_CharT, _Traits>&, std::normal_distribution<_RealType>&)[m[K’
 1931 |     [01;36m[Koperator[m[K>>(std::basic_istream<_CharT, _Traits>& __is,
      |     [01;36m[K^~~~~~~~[m[K
[01m[K/usr/include/c++/9/bits/random.tcc:1931:5:[m[K [01;36m[Knote: [m[K  template argument deduction/substitution failed:
[01m[K/home/knapp/git/order_optimizer/src/order_optimizer/src/subscriber_function.cpp:123:27:[m[K [01;36m[Knote: [m[K  types ‘[01m[Kstd::basic_istream<_CharT, _Traits>[m[K’ and ‘[01m[Kconst YAML::Node[m[K’ have incompatible cv-qualifiers
  123 |             parts[it2] >> [01;36m[Kpart_[m[K;
      |                           [01;36m[K^~~~~[m[K
In file included from [01m[K/usr/include/c++/9/random:51[m[K,
                 from [01m[K/usr/include/x86_64-linux-gnu/c++/9/bits/stdc++.h:108[m[K,
                 from [01m[K/home/knapp/git/order_optimizer/src/order_optimizer/src/subscriber_function.cpp:7[m[K:
[01m[K/usr/include/c++/9/bits/random.tcc:1998:5:[m[K [01;36m[Knote: [m[Kcandidate: ‘[01m[Ktemplate<class _RealType, class _CharT, class _Traits> std::basic_istream<_CharT, _Traits>& std::operator>>(std::basic_istream<_CharT, _Traits>&, std::lognormal_distribution<_RealType>&)[m[K’
 1998 |     [01;36m[Koperator[m[K>>(std::basic_istream<_CharT, _Traits>& __is,
      |     [01;36m[K^~~~~~~~[m[K
[01m[K/usr/include/c++/9/bits/random.tcc:1998:5:[m[K [01;36m[Knote: [m[K  template argument deduction/substitution failed:
[01m[K/home/knapp/git/order_optimizer/src/order_optimizer/src/subscriber_function.cpp:123:27:[m[K [01;36m[Knote: [m[K  types ‘[01m[Kstd::basic_istream<_CharT, _Traits>[m[K’ and ‘[01m[Kconst YAML::Node[m[K’ have incompatible cv-qualifiers
  123 |             parts[it2] >> [01;36m[Kpart_[m[K;
      |                           [01;36m[K^~~~~[m[K
In file included from [01m[K/usr/include/c++/9/random:51[m[K,
                 from [01m[K/usr/include/x86_64-linux-gnu/c++/9/bits/stdc++.h:108[m[K,
                 from [01m[K/home/knapp/git/order_optimizer/src/order_optimizer/src/subscriber_function.cpp:7[m[K:
[01m[K/usr/include/c++/9/bits/random.tcc:2070:5:[m[K [01;36m[Knote: [m[Kcandidate: ‘[01m[Ktemplate<class _RealType, class _CharT, class _Traits> std::basic_istream<_CharT, _Traits>& std::operator>>(std::basic_istream<_CharT, _Traits>&, std::chi_squared_distribution<_RealType>&)[m[K’
 2070 |     [01;36m[Koperator[m[K>>(std::basic_istream<_CharT, _Traits>& __is,
      |     [01;36m[K^~~~~~~~[m[K
[01m[K/usr/include/c++/9/bits/random.tcc:2070:5:[m[K [01;36m[Knote: [m[K  template argument deduction/substitution failed:
[01m[K/home/knapp/git/order_optimizer/src/order_optimizer/src/subscriber_function.cpp:123:27:[m[K [01;36m[Knote: [m[K  types ‘[01m[Kstd::basic_istream<_CharT, _Traits>[m[K’ and ‘[01m[Kconst YAML::Node[m[K’ have incompatible cv-qualifiers
  123 |             parts[it2] >> [01;36m[Kpart_[m[K;
      |                           [01;36m[K^~~~~[m[K
In file included from [01m[K/usr/include/c++/9/random:51[m[K,
                 from [01m[K/usr/include/x86_64-linux-gnu/c++/9/bits/stdc++.h:108[m[K,
                 from [01m[K/home/knapp/git/order_optimizer/src/order_optimizer/src/subscriber_function.cpp:7[m[K:
[01m[K/usr/include/c++/9/bits/random.tcc:2235:5:[m[K [01;36m[Knote: [m[Kcandidate: ‘[01m[Ktemplate<class _RealType, class _CharT, class _Traits> std::basic_istream<_CharT, _Traits>& std::operator>>(std::basic_istream<_CharT, _Traits>&, std::fisher_f_distribution<_RealType>&)[m[K’
 2235 |     [01;36m[Koperator[m[K>>(std::basic_istream<_CharT, _Traits>& __is,
      |     [01;36m[K^~~~~~~~[m[K
[01m[K/usr/include/c++/9/bits/random.tcc:2235:5:[m[K [01;36m[Knote: [m[K  template argument deduction/substitution failed:
[01m[K/home/knapp/git/order_optimizer/src/order_optimizer/src/subscriber_function.cpp:123:27:[m[K [01;36m[Knote: [m[K  types ‘[01m[Kstd::basic_istream<_CharT, _Traits>[m[K’ and ‘[01m[Kconst YAML::Node[m[K’ have incompatible cv-qualifiers
  123 |             parts[it2] >> [01;36m[Kpart_[m[K;
      |                           [01;36m[K^~~~~[m[K
In file included from [01m[K/usr/include/c++/9/random:51[m[K,
                 from [01m[K/usr/include/x86_64-linux-gnu/c++/9/bits/stdc++.h:108[m[K,
                 from [01m[K/home/knapp/git/order_optimizer/src/order_optimizer/src/subscriber_function.cpp:7[m[K:
[01m[K/usr/include/c++/9/bits/random.tcc:2309:5:[m[K [01;36m[Knote: [m[Kcandidate: ‘[01m[Ktemplate<class _RealType, class _CharT, class _Traits> std::basic_istream<_CharT, _Traits>& std::operator>>(std::basic_istream<_CharT, _Traits>&, std::student_t_distribution<_RealType>&)[m[K’
 2309 |     [01;36m[Koperator[m[K>>(std::basic_istream<_CharT, _Traits>& __is,
      |     [01;36m[K^~~~~~~~[m[K
[01m[K/usr/include/c++/9/bits/random.tcc:2309:5:[m[K [01;36m[Knote: [m[K  template argument deduction/substitution failed:
[01m[K/home/knapp/git/order_optimizer/src/order_optimizer/src/subscriber_function.cpp:123:27:[m[K [01;36m[Knote: [m[K  types ‘[01m[Kstd::basic_istream<_CharT, _Traits>[m[K’ and ‘[01m[Kconst YAML::Node[m[K’ have incompatible cv-qualifiers
  123 |             parts[it2] >> [01;36m[Kpart_[m[K;
      |                           [01;36m[K^~~~~[m[K
In file included from [01m[K/usr/include/c++/9/random:51[m[K,
                 from [01m[K/usr/include/x86_64-linux-gnu/c++/9/bits/stdc++.h:108[m[K,
                 from [01m[K/home/knapp/git/order_optimizer/src/order_optimizer/src/subscriber_function.cpp:7[m[K:
[01m[K/usr/include/c++/9/bits/random.tcc:2479:5:[m[K [01;36m[Knote: [m[Kcandidate: ‘[01m[Ktemplate<class _RealType1, class _CharT, class _Traits> std::basic_istream<_CharT, _Traits>& std::operator>>(std::basic_istream<_CharT, _Traits>&, std::gamma_distribution<_RealType>&)[m[K’
 2479 |     [01;36m[Koperator[m[K>>(std::basic_istream<_CharT, _Traits>& __is,
      |     [01;36m[K^~~~~~~~[m[K
[01m[K/usr/include/c++/9/bits/random.tcc:2479:5:[m[K [01;36m[Knote: [m[K  template argument deduction/substitution failed:
[01m[K/home/knapp/git/order_optimizer/src/order_optimizer/src/subscriber_function.cpp:123:27:[m[K [01;36m[Knote: [m[K  types ‘[01m[Kstd::basic_istream<_CharT, _Traits>[m[K’ and ‘[01m[Kconst YAML::Node[m[K’ have incompatible cv-qualifiers
  123 |             parts[it2] >> [01;36m[Kpart_[m[K;
      |                           [01;36m[K^~~~~[m[K
In file included from [01m[K/usr/include/c++/9/random:51[m[K,
                 from [01m[K/usr/include/x86_64-linux-gnu/c++/9/bits/stdc++.h:108[m[K,
                 from [01m[K/home/knapp/git/order_optimizer/src/order_optimizer/src/subscriber_function.cpp:7[m[K:
[01m[K/usr/include/c++/9/bits/random.tcc:2791:5:[m[K [01;36m[Knote: [m[Kcandidate: ‘[01m[Ktemplate<class _IntType, class _CharT, class _Traits> std::basic_istream<_CharT, _Traits>& std::operator>>(std::basic_istream<_CharT, _Traits>&, std::discrete_distribution<_IntType>&)[m[K’
 2791 |     [01;36m[Koperator[m[K>>(std::basic_istream<_CharT, _Traits>& __is,
      |     [01;36m[K^~~~~~~~[m[K
[01m[K/usr/include/c++/9/bits/random.tcc:2791:5:[m[K [01;36m[Knote: [m[K  template argument deduction/substitution failed:
[01m[K/home/knapp/git/order_optimizer/src/order_optimizer/src/subscriber_function.cpp:123:27:[m[K [01;36m[Knote: [m[K  types ‘[01m[Kstd::basic_istream<_CharT, _Traits>[m[K’ and ‘[01m[Kconst YAML::Node[m[K’ have incompatible cv-qualifiers
  123 |             parts[it2] >> [01;36m[Kpart_[m[K;
      |                           [01;36m[K^~~~~[m[K
In file included from [01m[K/usr/include/c++/9/random:51[m[K,
                 from [01m[K/usr/include/x86_64-linux-gnu/c++/9/bits/stdc++.h:108[m[K,
                 from [01m[K/home/knapp/git/order_optimizer/src/order_optimizer/src/subscriber_function.cpp:7[m[K:
[01m[K/usr/include/c++/9/bits/random.tcc:2999:5:[m[K [01;36m[Knote: [m[Kcandidate: ‘[01m[Ktemplate<class _RealType, class _CharT, class _Traits> std::basic_istream<_CharT, _Traits>& std::operator>>(std::basic_istream<_CharT, _Traits>&, std::piecewise_constant_distribution<_RealType>&)[m[K’
 2999 |     [01;36m[Koperator[m[K>>(std::basic_istream<_CharT, _Traits>& __is,
      |     [01;36m[K^~~~~~~~[m[K
[01m[K/usr/include/c++/9/bits/random.tcc:2999:5:[m[K [01;36m[Knote: [m[K  template argument deduction/substitution failed:
[01m[K/home/knapp/git/order_optimizer/src/order_optimizer/src/subscriber_function.cpp:123:27:[m[K [01;36m[Knote: [m[K  types ‘[01m[Kstd::basic_istream<_CharT, _Traits>[m[K’ and ‘[01m[Kconst YAML::Node[m[K’ have incompatible cv-qualifiers
  123 |             parts[it2] >> [01;36m[Kpart_[m[K;
      |                           [01;36m[K^~~~~[m[K
In file included from [01m[K/usr/include/c++/9/random:51[m[K,
                 from [01m[K/usr/include/x86_64-linux-gnu/c++/9/bits/stdc++.h:108[m[K,
                 from [01m[K/home/knapp/git/order_optimizer/src/order_optimizer/src/subscriber_function.cpp:7[m[K:
[01m[K/usr/include/c++/9/bits/random.tcc:3206:5:[m[K [01;36m[Knote: [m[Kcandidate: ‘[01m[Ktemplate<class _RealType, class _CharT, class _Traits> std::basic_istream<_CharT, _Traits>& std::operator>>(std::basic_istream<_CharT, _Traits>&, std::piecewise_linear_distribution<_RealType>&)[m[K’
 3206 |     [01;36m[Koperator[m[K>>(std::basic_istream<_CharT, _Traits>& __is,
      |     [01;36m[K^~~~~~~~[m[K
[01m[K/usr/include/c++/9/bits/random.tcc:3206:5:[m[K [01;36m[Knote: [m[K  template argument deduction/substitution failed:
[01m[K/home/knapp/git/order_optimizer/src/order_optimizer/src/subscriber_function.cpp:123:27:[m[K [01;36m[Knote: [m[K  types ‘[01m[Kstd::basic_istream<_CharT, _Traits>[m[K’ and ‘[01m[Kconst YAML::Node[m[K’ have incompatible cv-qualifiers
  123 |             parts[it2] >> [01;36m[Kpart_[m[K;
      |                           [01;36m[K^~~~~[m[K
make[2]: *** [CMakeFiles/OrderOptimizer.dir/build.make:63: CMakeFiles/OrderOptimizer.dir/src/subscriber_function.cpp.o] Error 1
make[1]: *** [CMakeFiles/Makefile2:80: CMakeFiles/OrderOptimizer.dir/all] Error 2
make: *** [Makefile:141: all] Error 2
