[35m[1mScanning dependencies of target OrderOptimizer[0m
[ 25%] [32mBuilding CXX object CMakeFiles/OrderOptimizer.dir/src/subscriber_function.cpp.o[0m
[01m[K/home/knapp/git/order_optimizer/src/order_optimizer/src/subscriber_function.cpp:[m[K In member function ‘[01m[Kint OrderOptimizer::printSolution(int*, int, order, double**)[m[K’:
[01m[K/home/knapp/git/order_optimizer/src/order_optimizer/src/subscriber_function.cpp:89:5:[m[K [01;35m[Kwarning: [m[Kno return statement in function returning non-void [[01;35m[K-Wreturn-type[m[K]
   89 |     [01;35m[K}[m[K
      |     [01;35m[K^[m[K
[01m[K/home/knapp/git/order_optimizer/src/order_optimizer/src/subscriber_function.cpp:[m[K In member function ‘[01m[Kvoid OrderOptimizer::dijkstra(double**, int, int, order)[m[K’:
[01m[K/home/knapp/git/order_optimizer/src/order_optimizer/src/subscriber_function.cpp:95:13:[m[K [01;35m[Kwarning: [m[KISO C++ forbids variable length array ‘[01m[Kdist[m[K’ [[01;35m[K-Wvla[m[K]
   95 |         int [01;35m[Kdist[m[K[V]; // The output array.  dist[i] will hold the shortest
      |             [01;35m[K^~~~[m[K
[01m[K/home/knapp/git/order_optimizer/src/order_optimizer/src/subscriber_function.cpp:98:14:[m[K [01;35m[Kwarning: [m[KISO C++ forbids variable length array ‘[01m[KsptSet[m[K’ [[01;35m[K-Wvla[m[K]
   98 |         bool [01;35m[KsptSet[m[K[V]; // sptSet[i] will be true if vertex i is included in shortest
      |              [01;35m[K^~~~~~[m[K
[ 50%] [32m[1mLinking CXX executable OrderOptimizer[0m
[ 50%] Built target OrderOptimizer
[100%] Built target SendOrder
-- Install configuration: ""
-- Up-to-date: /home/knapp/git/order_optimizer/install/order_optimizer/lib/order_optimizer/SendOrder
-- Installing: /home/knapp/git/order_optimizer/install/order_optimizer/lib/order_optimizer/OrderOptimizer
-- Set runtime path of "/home/knapp/git/order_optimizer/install/order_optimizer/lib/order_optimizer/OrderOptimizer" to ""
-- Up-to-date: /home/knapp/git/order_optimizer/install/order_optimizer/share/ament_index/resource_index/package_run_dependencies/order_optimizer
-- Up-to-date: /home/knapp/git/order_optimizer/install/order_optimizer/share/ament_index/resource_index/parent_prefix_path/order_optimizer
-- Up-to-date: /home/knapp/git/order_optimizer/install/order_optimizer/share/order_optimizer/environment/ament_prefix_path.dsv
-- Up-to-date: /home/knapp/git/order_optimizer/install/order_optimizer/share/order_optimizer/environment/path.dsv
-- Up-to-date: /home/knapp/git/order_optimizer/install/order_optimizer/share/order_optimizer/local_setup.bash
-- Up-to-date: /home/knapp/git/order_optimizer/install/order_optimizer/share/order_optimizer/local_setup.sh
-- Up-to-date: /home/knapp/git/order_optimizer/install/order_optimizer/share/order_optimizer/local_setup.zsh
-- Up-to-date: /home/knapp/git/order_optimizer/install/order_optimizer/share/order_optimizer/local_setup.dsv
-- Installing: /home/knapp/git/order_optimizer/install/order_optimizer/share/order_optimizer/package.dsv
-- Up-to-date: /home/knapp/git/order_optimizer/install/order_optimizer/share/ament_index/resource_index/packages/order_optimizer
-- Up-to-date: /home/knapp/git/order_optimizer/install/order_optimizer/share/order_optimizer/cmake/order_optimizerConfig.cmake
-- Up-to-date: /home/knapp/git/order_optimizer/install/order_optimizer/share/order_optimizer/cmake/order_optimizerConfig-version.cmake
-- Up-to-date: /home/knapp/git/order_optimizer/install/order_optimizer/share/order_optimizer/package.xml
