[35m[1mScanning dependencies of target OrderOptimizer[0m
[ 25%] [32mBuilding CXX object CMakeFiles/OrderOptimizer.dir/src/subscriber_function.cpp.o[0m
[01m[K/home/knapp/git/order_optimizer/src/order_optimizer/src/subscriber_function.cpp:[m[K In member function ‘[01m[Kint OrderOptimizer::printSolution(int*, int, order, double*)[m[K’:
[01m[K/home/knapp/git/order_optimizer/src/order_optimizer/src/subscriber_function.cpp:78:21:[m[K [01;31m[Kerror: [m[K‘[01m[KV[m[K’ was not declared in this scope
   78 |         std::cerr <<[01;31m[KV[m[K-1<<".  Starting with given destinatation x: "<<order_.products.at(0).cx<", y: "<<order_.products.at(0).cy<<std::endl;
      |                     [01;31m[K^[m[K
[01m[K/home/knapp/git/order_optimizer/src/order_optimizer/src/subscriber_function.cpp:78:102:[m[K [01;31m[Kerror: [m[Kinvalid operands of types ‘[01m[Kconst char [6][m[K’ and ‘[01m[Kdouble[m[K’ to binary ‘[01m[Koperator<<[m[K’
   78 |         std::cerr <<V-1<<".  Starting with given destinatation x: "<<order_.products.at(0).cx<[32m[K", y: "[m[K[01;31m[K<<[m[K[34m[Korder_.products.at(0).cy[m[K<<std::endl;
      |                                                                                               [32m[K~~~~~~~[m[K[01;31m[K^~[m[K[34m[K~~~~~~~~~~~~~~~~~~~~~~~~[m[K
      |                                                                                               [32m[K|[m[K                              [34m[K|[m[K
      |                                                                                               [32m[Kconst char [6][m[K                 [34m[Kdouble[m[K
[01m[K/home/knapp/git/order_optimizer/src/order_optimizer/src/subscriber_function.cpp:81:35:[m[K [01;31m[Kerror: [m[Kinvalid types ‘[01m[Kdouble[int][m[K’ for array subscript
   81 |                 if (distances[j][i[01;31m[K][m[K==dist[i]){
      |                                   [01;31m[K^[m[K
[01m[K/home/knapp/git/order_optimizer/src/order_optimizer/src/subscriber_function.cpp:82:176:[m[K [01;31m[Kerror: [m[Kinvalid operands of types ‘[01m[Kconst char [6][m[K’ and ‘[01m[Kdouble[m[K’ to binary ‘[01m[Koperator<<[m[K’
   82 | roducts.at(j).part << " for product "<<order_.products.at(j).product<<" at x: "<<order_.products.at(j).cx<[32m[K", y: "[m[K[01;31m[K<<[m[K[34m[Korder_.products.at(j).cy[m[K<<std::endl;
      |                                                                                                           [32m[K~~~~~~~[m[K[01;31m[K^~[m[K[34m[K~~~~~~~~~~~~~~~~~~~~~~~~[m[K
      |                                                                                                           [32m[K|[m[K                              [34m[K|[m[K
      |                                                                                                           [32m[Kconst char [6][m[K                 [34m[Kdouble[m[K

[01m[K/home/knapp/git/order_optimizer/src/order_optimizer/src/subscriber_function.cpp:88:5:[m[K [01;35m[Kwarning: [m[Kno return statement in function returning non-void [[01;35m[K-Wreturn-type[m[K]
   88 |     [01;35m[K}[m[K
      |     [01;35m[K^[m[K
[01m[K/home/knapp/git/order_optimizer/src/order_optimizer/src/subscriber_function.cpp:75:39:[m[K [01;35m[Kwarning: [m[Kunused parameter ‘[01m[Kn[m[K’ [[01;35m[K-Wunused-parameter[m[K]
   75 |     int printSolution(int dist[], [01;35m[Kint n[m[K, struct order order_, double *distances)
      |                                   [01;35m[K~~~~^[m[K
[01m[K/home/knapp/git/order_optimizer/src/order_optimizer/src/subscriber_function.cpp:[m[K In member function ‘[01m[Kvoid OrderOptimizer::dijkstra(double*, int, int, order)[m[K’:
[01m[K/home/knapp/git/order_optimizer/src/order_optimizer/src/subscriber_function.cpp:94:13:[m[K [01;35m[Kwarning: [m[KISO C++ forbids variable length array ‘[01m[Kdist[m[K’ [[01;35m[K-Wvla[m[K]
   94 |         int [01;35m[Kdist[m[K[V]; // The output array.  dist[i] will hold the shortest
      |             [01;35m[K^~~~[m[K
[01m[K/home/knapp/git/order_optimizer/src/order_optimizer/src/subscriber_function.cpp:97:14:[m[K [01;35m[Kwarning: [m[KISO C++ forbids variable length array ‘[01m[KsptSet[m[K’ [[01;35m[K-Wvla[m[K]
   97 |         bool [01;35m[KsptSet[m[K[V]; // sptSet[i] will be true if vertex i is included in shortest
      |              [01;35m[K^~~~~~[m[K
[01m[K/home/knapp/git/order_optimizer/src/order_optimizer/src/subscriber_function.cpp:122:45:[m[K [01;31m[Kerror: [m[Kinvalid types ‘[01m[Kdouble[int][m[K’ for array subscript
  122 |                 if (!sptSet[v] && graph[u][v[01;31m[K][m[K && dist[u] != INT_MAX
      |                                             [01;31m[K^[m[K
[01m[K/home/knapp/git/order_optimizer/src/order_optimizer/src/subscriber_function.cpp:123:44:[m[K [01;31m[Kerror: [m[Kinvalid types ‘[01m[Kdouble[int][m[K’ for array subscript
  123 |                     && dist[u] + graph[u][v[01;31m[K][m[K < dist[v])
      |                                            [01;31m[K^[m[K
[01m[K/home/knapp/git/order_optimizer/src/order_optimizer/src/subscriber_function.cpp:124:51:[m[K [01;31m[Kerror: [m[Kinvalid types ‘[01m[Kdouble[int][m[K’ for array subscript
  124 |                     dist[v] = dist[u] + graph[u][v[01;31m[K][m[K;
      |                                                   [01;31m[K^[m[K
[01m[K/home/knapp/git/order_optimizer/src/order_optimizer/src/subscriber_function.cpp:128:38:[m[K [01;31m[Kerror: [m[Kno matching function for call to ‘[01m[KOrderOptimizer::printSolution(int [V], int&, order&)[m[K’
  128 |         printSolution(dist, V, order_[01;31m[K)[m[K;
      |                                      [01;31m[K^[m[K
[01m[K/home/knapp/git/order_optimizer/src/order_optimizer/src/subscriber_function.cpp:75:9:[m[K [01;36m[Knote: [m[Kcandidate: ‘[01m[Kint OrderOptimizer::printSolution(int*, int, order, double*)[m[K’
   75 |     int [01;36m[KprintSolution[m[K(int dist[], int n, struct order order_, double *distances)
      |         [01;36m[K^~~~~~~~~~~~~[m[K
[01m[K/home/knapp/git/order_optimizer/src/order_optimizer/src/subscriber_function.cpp:75:9:[m[K [01;36m[Knote: [m[K  candidate expects 4 arguments, 3 provided
[01m[K/home/knapp/git/order_optimizer/src/order_optimizer/src/subscriber_function.cpp:[m[K In member function ‘[01m[Kvoid OrderOptimizer::fill_product_part(int, std::string, std::string, double, double, std::vector<product_part>&)[m[K’:
[01m[K/home/knapp/git/order_optimizer/src/order_optimizer/src/subscriber_function.cpp:133:28:[m[K [01;31m[Kerror: [m[K‘[01m[Kpr[m[K’ was not declared in this scope; did you mean ‘[01m[Kpart[m[K’?
  133 |         product_part_.id = [01;31m[Kpr[m[K.id;
      |                            [01;31m[K^~[m[K
      |                            [32m[Kpart[m[K
[01m[K/home/knapp/git/order_optimizer/src/order_optimizer/src/subscriber_function.cpp:135:29:[m[K [01;31m[Kerror: [m[K‘[01m[Kp[m[K’ was not declared in this scope
  135 |         product_part_.part= [01;31m[Kp[m[K.part;
      |                             [01;31m[K^[m[K
[01m[K/home/knapp/git/order_optimizer/src/order_optimizer/src/subscriber_function.cpp:131:32:[m[K [01;35m[Kwarning: [m[Kunused parameter ‘[01m[Kid[m[K’ [[01;35m[K-Wunused-parameter[m[K]
  131 |     void fill_product_part([01;35m[Kint id[m[K, std::string product, std::string part, double cx, double cy, vector < struct product_part> &products_){
      |                            [01;35m[K~~~~^~[m[K
[01m[K/home/knapp/git/order_optimizer/src/order_optimizer/src/subscriber_function.cpp:131:48:[m[K [01;35m[Kwarning: [m[Kunused parameter ‘[01m[Kproduct[m[K’ [[01;35m[K-Wunused-parameter[m[K]
  131 |     void fill_product_part(int id, [01;35m[Kstd::string product[m[K, std::string part, double cx, double cy, vector < struct product_part> &products_){
      |                                    [01;35m[K~~~~~~~~~~~~^~~~~~~[m[K
[01m[K/home/knapp/git/order_optimizer/src/order_optimizer/src/subscriber_function.cpp:131:69:[m[K [01;35m[Kwarning: [m[Kunused parameter ‘[01m[Kpart[m[K’ [[01;35m[K-Wunused-parameter[m[K]
  131 |     void fill_product_part(int id, std::string product, [01;35m[Kstd::string part[m[K, double cx, double cy, vector < struct product_part> &products_){
      |                                                         [01;35m[K~~~~~~~~~~~~^~~~[m[K
[01m[K/home/knapp/git/order_optimizer/src/order_optimizer/src/subscriber_function.cpp:131:82:[m[K [01;35m[Kwarning: [m[Kunused parameter ‘[01m[Kcx[m[K’ [[01;35m[K-Wunused-parameter[m[K]
  131 |     void fill_product_part(int id, std::string product, std::string part, [01;35m[Kdouble cx[m[K, double cy, vector < struct product_part> &products_){
      |                                                                           [01;35m[K~~~~~~~^~[m[K
[01m[K/home/knapp/git/order_optimizer/src/order_optimizer/src/subscriber_function.cpp:131:93:[m[K [01;35m[Kwarning: [m[Kunused parameter ‘[01m[Kcy[m[K’ [[01;35m[K-Wunused-parameter[m[K]
  131 |     void fill_product_part(int id, std::string product, std::string part, double cx, [01;35m[Kdouble cy[m[K, vector < struct product_part> &products_){
      |                                                                                      [01;35m[K~~~~~~~^~[m[K
[01m[K/home/knapp/git/order_optimizer/src/order_optimizer/src/subscriber_function.cpp:[m[K In member function ‘[01m[Kvoid OrderOptimizer::read_orders(std::string, int, std::vector<order>&)[m[K’:
[01m[K/home/knapp/git/order_optimizer/src/order_optimizer/src/subscriber_function.cpp:160:76:[m[K [01;31m[Kerror: [m[Kcannot convert ‘[01m[Kstd::string[m[K’ {aka ‘[01m[Kstd::__cxx11::basic_string<char>[m[K’} to ‘[01m[Kdouble[m[K’
  160 |                 fill_product_part("Order Start", "Whole package", "Start", [01;31m[Kx_position[m[K, y_position, products_);
      |                                                                            [01;31m[K^~~~~~~~~~[m[K
      |                                                                            [01;31m[K|[m[K
      |                                                                            [01;31m[Kstd::string {aka std::__cxx11::basic_string<char>}[m[K
[01m[K/home/knapp/git/order_optimizer/src/order_optimizer/src/subscriber_function.cpp:131:82:[m[K [01;36m[Knote: [m[K  initializing argument 4 of ‘[01m[Kvoid OrderOptimizer::fill_product_part(int, std::string, std::string, double, double, std::vector<product_part>&)[m[K’
  131 |     void fill_product_part(int id, std::string product, std::string part, [01;36m[Kdouble cx[m[K, double cy, vector < struct product_part> &products_){
      |                                                                           [01;36m[K~~~~~~~^~[m[K
[01m[K/home/knapp/git/order_optimizer/src/order_optimizer/src/subscriber_function.cpp:172:43:[m[K [01;31m[Kerror: [m[Kinvalid conversion from ‘[01m[Kconst char*[m[K’ to ‘[01m[Kint[m[K’ [[01;31m[K-fpermissive[m[K]
  172 |                         fill_product_part([01;31m[K"Order Destination"[m[K, "Whole package", "Goal", order_.cx, order_.cy, products_);
      |                                           [01;31m[K^~~~~~~~~~~~~~~~~~~[m[K
      |                                           [01;31m[K|[m[K
      |                                           [01;31m[Kconst char*[m[K
[01m[K/home/knapp/git/order_optimizer/src/order_optimizer/src/subscriber_function.cpp:131:32:[m[K [01;36m[Knote: [m[K  initializing argument 1 of ‘[01m[Kvoid OrderOptimizer::fill_product_part(int, std::string, std::string, double, double, std::vector<product_part>&)[m[K’
  131 |     void fill_product_part([01;36m[Kint id[m[K, std::string product, std::string part, double cx, double cy, vector < struct product_part> &products_){
      |                            [01;36m[K~~~~^~[m[K
[01m[K/home/knapp/git/order_optimizer/src/order_optimizer/src/subscriber_function.cpp:[m[K In member function ‘[01m[Kvoid OrderOptimizer::create_distance_matrix(double*, order)[m[K’:
[01m[K/home/knapp/git/order_optimizer/src/order_optimizer/src/subscriber_function.cpp:190:108:[m[K [01;31m[Kerror: [m[Kno matching function for call to ‘[01m[Kpow(double&)[m[K’
  190 |                 double euclidian_distance = sqrt(pow((order_.products.at(i).cx-pow(order_.products.at(j).cx[01;31m[K)[m[K), 2)+ pow((order_.products.at(i).cy-pow(order_.products.at(j).cy)), 2));
      |                                                                                                            [01;31m[K^[m[K
In file included from [01m[K/usr/include/features.h:461[m[K,
                 from [01m[K/usr/include/x86_64-linux-gnu/c++/9/bits/os_defines.h:39[m[K,
                 from [01m[K/usr/include/x86_64-linux-gnu/c++/9/bits/c++config.h:524[m[K,
                 from [01m[K/usr/include/c++/9/bits/stl_algobase.h:59[m[K,
                 from [01m[K/usr/include/c++/9/memory:62[m[K,
                 from [01m[K/home/knapp/git/order_optimizer/src/order_optimizer/src/subscriber_function.cpp:1[m[K:
[01m[K/usr/include/x86_64-linux-gnu/bits/mathcalls.h:140:1:[m[K [01;36m[Knote: [m[Kcandidate: ‘[01m[Kdouble pow(double, double)[m[K’
  140 | [01;36m[K__MATHCALL_VEC[m[K (pow,, (_Mdouble_ __x, _Mdouble_ __y));
      | [01;36m[K^~~~~~~~~~~~~~[m[K
[01m[K/usr/include/x86_64-linux-gnu/bits/mathcalls.h:140:1:[m[K [01;36m[Knote: [m[K  candidate expects 2 arguments, 1 provided
In file included from [01m[K/usr/include/c++/9/valarray:603[m[K,
                 from [01m[K/usr/include/x86_64-linux-gnu/c++/9/bits/stdc++.h:95[m[K,
                 from [01m[K/home/knapp/git/order_optimizer/src/order_optimizer/src/subscriber_function.cpp:7[m[K:
[01m[K/usr/include/c++/9/bits/valarray_after.h:549:1:[m[K [01;36m[Knote: [m[Kcandidate: ‘[01m[Ktemplate<class _Tp> std::_Expr<std::__detail::_BinClos<std::_Pow, std::_Constant, std::_ValArray, _Tp, _Tp>, _Tp> std::pow(const typename std::valarray<_Tp>::value_type&, const std::valarray<_Tp>&)[m[K’
  549 | [01;36m[K_DEFINE_EXPR_BINARY_FUNCTION[m[K(pow, _Pow)
      | [01;36m[K^~~~~~~~~~~~~~~~~~~~~~~~~~~~[m[K
[01m[K/usr/include/c++/9/bits/valarray_after.h:549:1:[m[K [01;36m[Knote: [m[K  template argument deduction/substitution failed:
[01m[K/home/knapp/git/order_optimizer/src/order_optimizer/src/subscriber_function.cpp:190:108:[m[K [01;36m[Knote: [m[K  candidate expects 2 arguments, 1 provided
  190 |                 double euclidian_distance = sqrt(pow((order_.products.at(i).cx-pow(order_.products.at(j).cx[01;36m[K)[m[K), 2)+ pow((order_.products.at(i).cy-pow(order_.products.at(j).cy)), 2));
      |                                                                                                            [01;36m[K^[m[K
In file included from [01m[K/usr/include/c++/9/valarray:603[m[K,
                 from [01m[K/usr/include/x86_64-linux-gnu/c++/9/bits/stdc++.h:95[m[K,
                 from [01m[K/home/knapp/git/order_optimizer/src/order_optimizer/src/subscriber_function.cpp:7[m[K:
[01m[K/usr/include/c++/9/bits/valarray_after.h:549:1:[m[K [01;36m[Knote: [m[Kcandidate: ‘[01m[Ktemplate<class _Tp> std::_Expr<std::__detail::_BinClos<std::_Pow, std::_ValArray, std::_Constant, _Tp, _Tp>, _Tp> std::pow(const std::valarray<_Tp>&, const typename std::valarray<_Tp>::value_type&)[m[K’
  549 | [01;36m[K_DEFINE_EXPR_BINARY_FUNCTION[m[K(pow, _Pow)
      | [01;36m[K^~~~~~~~~~~~~~~~~~~~~~~~~~~~[m[K
[01m[K/usr/include/c++/9/bits/valarray_after.h:549:1:[m[K [01;36m[Knote: [m[K  template argument deduction/substitution failed:
[01m[K/home/knapp/git/order_optimizer/src/order_optimizer/src/subscriber_function.cpp:190:108:[m[K [01;36m[Knote: [m[K  mismatched types ‘[01m[Kconst std::valarray<_Tp>[m[K’ and ‘[01m[Kdouble[m[K’
  190 |                 double euclidian_distance = sqrt(pow((order_.products.at(i).cx-pow(order_.products.at(j).cx[01;36m[K)[m[K), 2)+ pow((order_.products.at(i).cy-pow(order_.products.at(j).cy)), 2));
      |                                                                                                            [01;36m[K^[m[K
In file included from [01m[K/usr/include/c++/9/valarray:603[m[K,
                 from [01m[K/usr/include/x86_64-linux-gnu/c++/9/bits/stdc++.h:95[m[K,
                 from [01m[K/home/knapp/git/order_optimizer/src/order_optimizer/src/subscriber_function.cpp:7[m[K:
[01m[K/usr/include/c++/9/bits/valarray_after.h:549:1:[m[K [01;36m[Knote: [m[Kcandidate: ‘[01m[Ktemplate<class _Tp> std::_Expr<std::__detail::_BinClos<std::_Pow, std::_ValArray, std::_ValArray, _Tp, _Tp>, _Tp> std::pow(const std::valarray<_Tp>&, const std::valarray<_Tp>&)[m[K’
  549 | [01;36m[K_DEFINE_EXPR_BINARY_FUNCTION[m[K(pow, _Pow)
      | [01;36m[K^~~~~~~~~~~~~~~~~~~~~~~~~~~~[m[K
[01m[K/usr/include/c++/9/bits/valarray_after.h:549:1:[m[K [01;36m[Knote: [m[K  template argument deduction/substitution failed:
[01m[K/home/knapp/git/order_optimizer/src/order_optimizer/src/subscriber_function.cpp:190:108:[m[K [01;36m[Knote: [m[K  mismatched types ‘[01m[Kconst std::valarray<_Tp>[m[K’ and ‘[01m[Kdouble[m[K’
  190 |                 double euclidian_distance = sqrt(pow((order_.products.at(i).cx-pow(order_.products.at(j).cx[01;36m[K)[m[K), 2)+ pow((order_.products.at(i).cy-pow(order_.products.at(j).cy)), 2));
      |                                                                                                            [01;36m[K^[m[K
In file included from [01m[K/usr/include/c++/9/valarray:603[m[K,
                 from [01m[K/usr/include/x86_64-linux-gnu/c++/9/bits/stdc++.h:95[m[K,
                 from [01m[K/home/knapp/git/order_optimizer/src/order_optimizer/src/subscriber_function.cpp:7[m[K:
[01m[K/usr/include/c++/9/bits/valarray_after.h:549:1:[m[K [01;36m[Knote: [m[Kcandidate: ‘[01m[Ktemplate<class _Dom> std::_Expr<std::__detail::_BinClos<std::_Pow, std::_Constant, std::_Expr, typename _Dom::value_type, _Dom>, typename _Dom::value_type> std::pow(const typename _Dom::value_type&, const std::_Expr<_Dom1, typename _Dom1::value_type>&)[m[K’
  549 | [01;36m[K_DEFINE_EXPR_BINARY_FUNCTION[m[K(pow, _Pow)
      | [01;36m[K^~~~~~~~~~~~~~~~~~~~~~~~~~~~[m[K
[01m[K/usr/include/c++/9/bits/valarray_after.h:549:1:[m[K [01;36m[Knote: [m[K  template argument deduction/substitution failed:
[01m[K/home/knapp/git/order_optimizer/src/order_optimizer/src/subscriber_function.cpp:190:108:[m[K [01;36m[Knote: [m[K  candidate expects 2 arguments, 1 provided
  190 |                 double euclidian_distance = sqrt(pow((order_.products.at(i).cx-pow(order_.products.at(j).cx[01;36m[K)[m[K), 2)+ pow((order_.products.at(i).cy-pow(order_.products.at(j).cy)), 2));
      |                                                                                                            [01;36m[K^[m[K
In file included from [01m[K/usr/include/c++/9/valarray:603[m[K,
                 from [01m[K/usr/include/x86_64-linux-gnu/c++/9/bits/stdc++.h:95[m[K,
                 from [01m[K/home/knapp/git/order_optimizer/src/order_optimizer/src/subscriber_function.cpp:7[m[K:
[01m[K/usr/include/c++/9/bits/valarray_after.h:549:1:[m[K [01;36m[Knote: [m[Kcandidate: ‘[01m[Ktemplate<class _Dom> std::_Expr<std::__detail::_BinClos<std::_Pow, std::_Expr, std::_Constant, _Dom, typename _Dom::value_type>, typename _Dom::value_type> std::pow(const std::_Expr<_Dom1, typename _Dom1::value_type>&, const typename _Dom::value_type&)[m[K’
  549 | [01;36m[K_DEFINE_EXPR_BINARY_FUNCTION[m[K(pow, _Pow)
      | [01;36m[K^~~~~~~~~~~~~~~~~~~~~~~~~~~~[m[K
[01m[K/usr/include/c++/9/bits/valarray_after.h:549:1:[m[K [01;36m[Knote: [m[K  template argument deduction/substitution failed:
[01m[K/home/knapp/git/order_optimizer/src/order_optimizer/src/subscriber_function.cpp:190:108:[m[K [01;36m[Knote: [m[K  mismatched types ‘[01m[Kconst std::_Expr<_Dom1, typename _Dom1::value_type>[m[K’ and ‘[01m[Kdouble[m[K’
  190 |                 double euclidian_distance = sqrt(pow((order_.products.at(i).cx-pow(order_.products.at(j).cx[01;36m[K)[m[K), 2)+ pow((order_.products.at(i).cy-pow(order_.products.at(j).cy)), 2));
      |                                                                                                            [01;36m[K^[m[K
In file included from [01m[K/usr/include/c++/9/valarray:603[m[K,
                 from [01m[K/usr/include/x86_64-linux-gnu/c++/9/bits/stdc++.h:95[m[K,
                 from [01m[K/home/knapp/git/order_optimizer/src/order_optimizer/src/subscriber_function.cpp:7[m[K:
[01m[K/usr/include/c++/9/bits/valarray_after.h:549:1:[m[K [01;36m[Knote: [m[Kcandidate: ‘[01m[Ktemplate<class _Dom> std::_Expr<std::__detail::_BinClos<std::_Pow, std::_ValArray, std::_Expr, typename _Dom::value_type, _Dom>, typename _Dom::value_type> std::pow(const std::valarray<typename _Dom::valarray>&, const std::_Expr<_Dom1, typename _Dom1::value_type>&)[m[K’
  549 | [01;36m[K_DEFINE_EXPR_BINARY_FUNCTION[m[K(pow, _Pow)
      | [01;36m[K^~~~~~~~~~~~~~~~~~~~~~~~~~~~[m[K
[01m[K/usr/include/c++/9/bits/valarray_after.h:549:1:[m[K [01;36m[Knote: [m[K  template argument deduction/substitution failed:
[01m[K/home/knapp/git/order_optimizer/src/order_optimizer/src/subscriber_function.cpp:190:108:[m[K [01;36m[Knote: [m[K  candidate expects 2 arguments, 1 provided
  190 |                 double euclidian_distance = sqrt(pow((order_.products.at(i).cx-pow(order_.products.at(j).cx[01;36m[K)[m[K), 2)+ pow((order_.products.at(i).cy-pow(order_.products.at(j).cy)), 2));
      |                                                                                                            [01;36m[K^[m[K
In file included from [01m[K/usr/include/c++/9/valarray:603[m[K,
                 from [01m[K/usr/include/x86_64-linux-gnu/c++/9/bits/stdc++.h:95[m[K,
                 from [01m[K/home/knapp/git/order_optimizer/src/order_optimizer/src/subscriber_function.cpp:7[m[K:
[01m[K/usr/include/c++/9/bits/valarray_after.h:549:1:[m[K [01;36m[Knote: [m[Kcandidate: ‘[01m[Ktemplate<class _Dom> std::_Expr<std::__detail::_BinClos<std::_Pow, std::_Expr, std::_ValArray, _Dom, typename _Dom::value_type>, typename _Dom::value_type> std::pow(const std::_Expr<_Dom1, typename _Dom1::value_type>&, const std::valarray<typename _Dom::value_type>&)[m[K’
  549 | [01;36m[K_DEFINE_EXPR_BINARY_FUNCTION[m[K(pow, _Pow)
      | [01;36m[K^~~~~~~~~~~~~~~~~~~~~~~~~~~~[m[K
[01m[K/usr/include/c++/9/bits/valarray_after.h:549:1:[m[K [01;36m[Knote: [m[K  template argument deduction/substitution failed:
[01m[K/home/knapp/git/order_optimizer/src/order_optimizer/src/subscriber_function.cpp:190:108:[m[K [01;36m[Knote: [m[K  mismatched types ‘[01m[Kconst std::_Expr<_Dom1, typename _Dom1::value_type>[m[K’ and ‘[01m[Kdouble[m[K’
  190 |                 double euclidian_distance = sqrt(pow((order_.products.at(i).cx-pow(order_.products.at(j).cx[01;36m[K)[m[K), 2)+ pow((order_.products.at(i).cy-pow(order_.products.at(j).cy)), 2));
      |                                                                                                            [01;36m[K^[m[K
In file included from [01m[K/usr/include/c++/9/valarray:603[m[K,
                 from [01m[K/usr/include/x86_64-linux-gnu/c++/9/bits/stdc++.h:95[m[K,
                 from [01m[K/home/knapp/git/order_optimizer/src/order_optimizer/src/subscriber_function.cpp:7[m[K:
[01m[K/usr/include/c++/9/bits/valarray_after.h:549:1:[m[K [01;36m[Knote: [m[Kcandidate: ‘[01m[Ktemplate<class _Dom1, class _Dom2> std::_Expr<std::__detail::_BinClos<std::_Pow, std::_Expr, std::_Expr, _Dom1, _Dom2>, typename _Dom1::value_type> std::pow(const std::_Expr<_Dom1, typename _Dom1::value_type>&, const std::_Expr<_Dom2, typename _Dom2::value_type>&)[m[K’
  549 | [01;36m[K_DEFINE_EXPR_BINARY_FUNCTION[m[K(pow, _Pow)
      | [01;36m[K^~~~~~~~~~~~~~~~~~~~~~~~~~~~[m[K
[01m[K/usr/include/c++/9/bits/valarray_after.h:549:1:[m[K [01;36m[Knote: [m[K  template argument deduction/substitution failed:
[01m[K/home/knapp/git/order_optimizer/src/order_optimizer/src/subscriber_function.cpp:190:108:[m[K [01;36m[Knote: [m[K  mismatched types ‘[01m[Kconst std::_Expr<_Dom1, typename _Dom1::value_type>[m[K’ and ‘[01m[Kdouble[m[K’
  190 |                 double euclidian_distance = sqrt(pow((order_.products.at(i).cx-pow(order_.products.at(j).cx[01;36m[K)[m[K), 2)+ pow((order_.products.at(i).cy-pow(order_.products.at(j).cy)), 2));
      |                                                                                                            [01;36m[K^[m[K
In file included from [01m[K/usr/include/c++/9/ccomplex:39[m[K,
                 from [01m[K/usr/include/x86_64-linux-gnu/c++/9/bits/stdc++.h:54[m[K,
                 from [01m[K/home/knapp/git/order_optimizer/src/order_optimizer/src/subscriber_function.cpp:7[m[K:
[01m[K/usr/include/c++/9/complex:1893:5:[m[K [01;36m[Knote: [m[Kcandidate: ‘[01m[Ktemplate<class _Tp, class _Up> std::complex<typename __gnu_cxx::__promote_2<_Tp, _Up>::__type> std::pow(const std::complex<_Tp>&, const std::complex<_Up>&)[m[K’
 1893 |     [01;36m[Kpow[m[K(const std::complex<_Tp>& __x, const std::complex<_Up>& __y)
      |     [01;36m[K^~~[m[K
[01m[K/usr/include/c++/9/complex:1893:5:[m[K [01;36m[Knote: [m[K  template argument deduction/substitution failed:
[01m[K/home/knapp/git/order_optimizer/src/order_optimizer/src/subscriber_function.cpp:190:108:[m[K [01;36m[Knote: [m[K  mismatched types ‘[01m[Kconst std::complex<_Tp>[m[K’ and ‘[01m[Kdouble[m[K’
  190 |                 double euclidian_distance = sqrt(pow((order_.products.at(i).cx-pow(order_.products.at(j).cx[01;36m[K)[m[K), 2)+ pow((order_.products.at(i).cy-pow(order_.products.at(j).cy)), 2));
      |                                                                                                            [01;36m[K^[m[K
In file included from [01m[K/usr/include/c++/9/ccomplex:39[m[K,
                 from [01m[K/usr/include/x86_64-linux-gnu/c++/9/bits/stdc++.h:54[m[K,
                 from [01m[K/home/knapp/git/order_optimizer/src/order_optimizer/src/subscriber_function.cpp:7[m[K:
[01m[K/usr/include/c++/9/complex:1885:5:[m[K [01;36m[Knote: [m[Kcandidate: ‘[01m[Ktemplate<class _Tp, class _Up> std::complex<typename __gnu_cxx::__promote_2<_Tp, _Up>::__type> std::pow(const _Tp&, const std::complex<_Up>&)[m[K’
 1885 |     [01;36m[Kpow[m[K(const _Tp& __x, const std::complex<_Up>& __y)
      |     [01;36m[K^~~[m[K
[01m[K/usr/include/c++/9/complex:1885:5:[m[K [01;36m[Knote: [m[K  template argument deduction/substitution failed:
[01m[K/home/knapp/git/order_optimizer/src/order_optimizer/src/subscriber_function.cpp:190:108:[m[K [01;36m[Knote: [m[K  candidate expects 2 arguments, 1 provided
  190 |                 double euclidian_distance = sqrt(pow((order_.products.at(i).cx-pow(order_.products.at(j).cx[01;36m[K)[m[K), 2)+ pow((order_.products.at(i).cy-pow(order_.products.at(j).cy)), 2));
      |                                                                                                            [01;36m[K^[m[K
In file included from [01m[K/usr/include/c++/9/ccomplex:39[m[K,
                 from [01m[K/usr/include/x86_64-linux-gnu/c++/9/bits/stdc++.h:54[m[K,
                 from [01m[K/home/knapp/git/order_optimizer/src/order_optimizer/src/subscriber_function.cpp:7[m[K:
[01m[K/usr/include/c++/9/complex:1877:5:[m[K [01;36m[Knote: [m[Kcandidate: ‘[01m[Ktemplate<class _Tp, class _Up> std::complex<typename __gnu_cxx::__promote_2<_Tp, _Up>::__type> std::pow(const std::complex<_Tp>&, const _Up&)[m[K’
 1877 |     [01;36m[Kpow[m[K(const std::complex<_Tp>& __x, const _Up& __y)
      |     [01;36m[K^~~[m[K
[01m[K/usr/include/c++/9/complex:1877:5:[m[K [01;36m[Knote: [m[K  template argument deduction/substitution failed:
[01m[K/home/knapp/git/order_optimizer/src/order_optimizer/src/subscriber_function.cpp:190:108:[m[K [01;36m[Knote: [m[K  mismatched types ‘[01m[Kconst std::complex<_Tp>[m[K’ and ‘[01m[Kdouble[m[K’
  190 |                 double euclidian_distance = sqrt(pow((order_.products.at(i).cx-pow(order_.products.at(j).cx[01;36m[K)[m[K), 2)+ pow((order_.products.at(i).cy-pow(order_.products.at(j).cy)), 2));
      |                                                                                                            [01;36m[K^[m[K
In file included from [01m[K/usr/include/c++/9/ccomplex:39[m[K,
                 from [01m[K/usr/include/x86_64-linux-gnu/c++/9/bits/stdc++.h:54[m[K,
                 from [01m[K/home/knapp/git/order_optimizer/src/order_optimizer/src/subscriber_function.cpp:7[m[K:
[01m[K/usr/include/c++/9/complex:1070:5:[m[K [01;36m[Knote: [m[Kcandidate: ‘[01m[Ktemplate<class _Tp> std::complex<_Tp> std::pow(const _Tp&, const std::complex<_Tp>&)[m[K’
 1070 |     [01;36m[Kpow[m[K(const _Tp& __x, const complex<_Tp>& __y)
      |     [01;36m[K^~~[m[K
[01m[K/usr/include/c++/9/complex:1070:5:[m[K [01;36m[Knote: [m[K  template argument deduction/substitution failed:
[01m[K/home/knapp/git/order_optimizer/src/order_optimizer/src/subscriber_function.cpp:190:108:[m[K [01;36m[Knote: [m[K  candidate expects 2 arguments, 1 provided
  190 |                 double euclidian_distance = sqrt(pow((order_.products.at(i).cx-pow(order_.products.at(j).cx[01;36m[K)[m[K), 2)+ pow((order_.products.at(i).cy-pow(order_.products.at(j).cy)), 2));
      |                                                                                                            [01;36m[K^[m[K
In file included from [01m[K/usr/include/c++/9/ccomplex:39[m[K,
                 from [01m[K/usr/include/x86_64-linux-gnu/c++/9/bits/stdc++.h:54[m[K,
                 from [01m[K/home/knapp/git/order_optimizer/src/order_optimizer/src/subscriber_function.cpp:7[m[K:
[01m[K/usr/include/c++/9/complex:1059:5:[m[K [01;36m[Knote: [m[Kcandidate: ‘[01m[Ktemplate<class _Tp> std::complex<_Tp> std::pow(const std::complex<_Tp>&, const std::complex<_Tp>&)[m[K’
 1059 |     [01;36m[Kpow[m[K(const complex<_Tp>& __x, const complex<_Tp>& __y)
      |     [01;36m[K^~~[m[K
[01m[K/usr/include/c++/9/complex:1059:5:[m[K [01;36m[Knote: [m[K  template argument deduction/substitution failed:
[01m[K/home/knapp/git/order_optimizer/src/order_optimizer/src/subscriber_function.cpp:190:108:[m[K [01;36m[Knote: [m[K  mismatched types ‘[01m[Kconst std::complex<_Tp>[m[K’ and ‘[01m[Kdouble[m[K’
  190 |                 double euclidian_distance = sqrt(pow((order_.products.at(i).cx-pow(order_.products.at(j).cx[01;36m[K)[m[K), 2)+ pow((order_.products.at(i).cy-pow(order_.products.at(j).cy)), 2));
      |                                                                                                            [01;36m[K^[m[K
In file included from [01m[K/usr/include/c++/9/ccomplex:39[m[K,
                 from [01m[K/usr/include/x86_64-linux-gnu/c++/9/bits/stdc++.h:54[m[K,
                 from [01m[K/home/knapp/git/order_optimizer/src/order_optimizer/src/subscriber_function.cpp:7[m[K:
[01m[K/usr/include/c++/9/complex:1025:5:[m[K [01;36m[Knote: [m[Kcandidate: ‘[01m[Ktemplate<class _Tp> std::complex<_Tp> std::pow(const std::complex<_Tp>&, const _Tp&)[m[K’
 1025 |     [01;36m[Kpow[m[K(const complex<_Tp>& __x, const _Tp& __y)
      |     [01;36m[K^~~[m[K
[01m[K/usr/include/c++/9/complex:1025:5:[m[K [01;36m[Knote: [m[K  template argument deduction/substitution failed:
[01m[K/home/knapp/git/order_optimizer/src/order_optimizer/src/subscriber_function.cpp:190:108:[m[K [01;36m[Knote: [m[K  mismatched types ‘[01m[Kconst std::complex<_Tp>[m[K’ and ‘[01m[Kdouble[m[K’
  190 |                 double euclidian_distance = sqrt(pow((order_.products.at(i).cx-pow(order_.products.at(j).cx[01;36m[K)[m[K), 2)+ pow((order_.products.at(i).cy-pow(order_.products.at(j).cy)), 2));
      |                                                                                                            [01;36m[K^[m[K
In file included from [01m[K/usr/include/c++/9/ccomplex:39[m[K,
                 from [01m[K/usr/include/x86_64-linux-gnu/c++/9/bits/stdc++.h:54[m[K,
                 from [01m[K/home/knapp/git/order_optimizer/src/order_optimizer/src/subscriber_function.cpp:7[m[K:
[01m[K/usr/include/c++/9/complex:1016:5:[m[K [01;36m[Knote: [m[Kcandidate: ‘[01m[Ktemplate<class _Tp> std::complex<_Tp> std::pow(const std::complex<_Tp>&, int)[m[K’
 1016 |     [01;36m[Kpow[m[K(const complex<_Tp>& __z, int __n)
      |     [01;36m[K^~~[m[K
[01m[K/usr/include/c++/9/complex:1016:5:[m[K [01;36m[Knote: [m[K  template argument deduction/substitution failed:
[01m[K/home/knapp/git/order_optimizer/src/order_optimizer/src/subscriber_function.cpp:190:108:[m[K [01;36m[Knote: [m[K  mismatched types ‘[01m[Kconst std::complex<_Tp>[m[K’ and ‘[01m[Kdouble[m[K’
  190 |                 double euclidian_distance = sqrt(pow((order_.products.at(i).cx-pow(order_.products.at(j).cx[01;36m[K)[m[K), 2)+ pow((order_.products.at(i).cy-pow(order_.products.at(j).cy)), 2));
      |                                                                                                            [01;36m[K^[m[K
In file included from [01m[K/home/knapp/ros2_foxy/install/libstatistics_collector/include/libstatistics_collector/moving_average_statistics/types.hpp:18[m[K,
                 from [01m[K/home/knapp/ros2_foxy/install/libstatistics_collector/include/libstatistics_collector/collector/generate_statistics_message.hpp:24[m[K,
                 from [01m[K/home/knapp/ros2_foxy/install/rclcpp/include/rclcpp/topic_statistics/subscription_topic_statistics.hpp:23[m[K,
                 from [01m[K/home/knapp/ros2_foxy/install/rclcpp/include/rclcpp/subscription.hpp:50[m[K,
                 from [01m[K/home/knapp/ros2_foxy/install/rclcpp/include/rclcpp/any_executable.hpp:25[m[K,
                 from [01m[K/home/knapp/ros2_foxy/install/rclcpp/include/rclcpp/memory_strategy.hpp:24[m[K,
                 from [01m[K/home/knapp/ros2_foxy/install/rclcpp/include/rclcpp/memory_strategies.hpp:18[m[K,
                 from [01m[K/home/knapp/ros2_foxy/install/rclcpp/include/rclcpp/executor_options.hpp:20[m[K,
                 from [01m[K/home/knapp/ros2_foxy/install/rclcpp/include/rclcpp/executor.hpp:33[m[K,
                 from [01m[K/home/knapp/ros2_foxy/install/rclcpp/include/rclcpp/executors/multi_threaded_executor.hpp:26[m[K,
                 from [01m[K/home/knapp/ros2_foxy/install/rclcpp/include/rclcpp/executors.hpp:21[m[K,
                 from [01m[K/home/knapp/ros2_foxy/install/rclcpp/include/rclcpp/rclcpp.hpp:146[m[K,
                 from [01m[K/home/knapp/git/order_optimizer/src/order_optimizer/src/subscriber_function.cpp:3[m[K:
[01m[K/usr/include/c++/9/cmath:415:5:[m[K [01;36m[Knote: [m[Kcandidate: ‘[01m[Ktemplate<class _Tp, class _Up> constexpr typename __gnu_cxx::__promote_2<_Tp, _Up>::__type std::pow(_Tp, _Up)[m[K’
  415 |     [01;36m[Kpow[m[K(_Tp __x, _Up __y)
      |     [01;36m[K^~~[m[K
[01m[K/usr/include/c++/9/cmath:415:5:[m[K [01;36m[Knote: [m[K  template argument deduction/substitution failed:
[01m[K/home/knapp/git/order_optimizer/src/order_optimizer/src/subscriber_function.cpp:190:108:[m[K [01;36m[Knote: [m[K  candidate expects 2 arguments, 1 provided
  190 |                 double euclidian_distance = sqrt(pow((order_.products.at(i).cx-pow(order_.products.at(j).cx[01;36m[K)[m[K), 2)+ pow((order_.products.at(i).cy-pow(order_.products.at(j).cy)), 2));
      |                                                                                                            [01;36m[K^[m[K
In file included from [01m[K/home/knapp/ros2_foxy/install/libstatistics_collector/include/libstatistics_collector/moving_average_statistics/types.hpp:18[m[K,
                 from [01m[K/home/knapp/ros2_foxy/install/libstatistics_collector/include/libstatistics_collector/collector/generate_statistics_message.hpp:24[m[K,
                 from [01m[K/home/knapp/ros2_foxy/install/rclcpp/include/rclcpp/topic_statistics/subscription_topic_statistics.hpp:23[m[K,
                 from [01m[K/home/knapp/ros2_foxy/install/rclcpp/include/rclcpp/subscription.hpp:50[m[K,
                 from [01m[K/home/knapp/ros2_foxy/install/rclcpp/include/rclcpp/any_executable.hpp:25[m[K,
                 from [01m[K/home/knapp/ros2_foxy/install/rclcpp/include/rclcpp/memory_strategy.hpp:24[m[K,
                 from [01m[K/home/knapp/ros2_foxy/install/rclcpp/include/rclcpp/memory_strategies.hpp:18[m[K,
                 from [01m[K/home/knapp/ros2_foxy/install/rclcpp/include/rclcpp/executor_options.hpp:20[m[K,
                 from [01m[K/home/knapp/ros2_foxy/install/rclcpp/include/rclcpp/executor.hpp:33[m[K,
                 from [01m[K/home/knapp/ros2_foxy/install/rclcpp/include/rclcpp/executors/multi_threaded_executor.hpp:26[m[K,
                 from [01m[K/home/knapp/ros2_foxy/install/rclcpp/include/rclcpp/executors.hpp:21[m[K,
                 from [01m[K/home/knapp/ros2_foxy/install/rclcpp/include/rclcpp/rclcpp.hpp:146[m[K,
                 from [01m[K/home/knapp/git/order_optimizer/src/order_optimizer/src/subscriber_function.cpp:3[m[K:
[01m[K/usr/include/c++/9/cmath:392:3:[m[K [01;36m[Knote: [m[Kcandidate: ‘[01m[Kconstexpr long double std::pow(long double, long double)[m[K’
  392 |   [01;36m[Kpow[m[K(long double __x, long double __y)
      |   [01;36m[K^~~[m[K
[01m[K/usr/include/c++/9/cmath:392:3:[m[K [01;36m[Knote: [m[K  candidate expects 2 arguments, 1 provided
[01m[K/usr/include/c++/9/cmath:388:3:[m[K [01;36m[Knote: [m[Kcandidate: ‘[01m[Kconstexpr float std::pow(float, float)[m[K’
  388 |   [01;36m[Kpow[m[K(float __x, float __y)
      |   [01;36m[K^~~[m[K
[01m[K/usr/include/c++/9/cmath:388:3:[m[K [01;36m[Knote: [m[K  candidate expects 2 arguments, 1 provided
[01m[K/home/knapp/git/order_optimizer/src/order_optimizer/src/subscriber_function.cpp:190:174:[m[K [01;31m[Kerror: [m[Kno matching function for call to ‘[01m[Kpow(double&)[m[K’
  190 | ow((order_.products.at(i).cx-pow(order_.products.at(j).cx)), 2)+ pow((order_.products.at(i).cy-pow(order_.products.at(j).cy[01;31m[K)[m[K), 2));
      |                                                                                                                            [01;31m[K^[m[K

In file included from [01m[K/usr/include/features.h:461[m[K,
                 from [01m[K/usr/include/x86_64-linux-gnu/c++/9/bits/os_defines.h:39[m[K,
                 from [01m[K/usr/include/x86_64-linux-gnu/c++/9/bits/c++config.h:524[m[K,
                 from [01m[K/usr/include/c++/9/bits/stl_algobase.h:59[m[K,
                 from [01m[K/usr/include/c++/9/memory:62[m[K,
                 from [01m[K/home/knapp/git/order_optimizer/src/order_optimizer/src/subscriber_function.cpp:1[m[K:
[01m[K/usr/include/x86_64-linux-gnu/bits/mathcalls.h:140:1:[m[K [01;36m[Knote: [m[Kcandidate: ‘[01m[Kdouble pow(double, double)[m[K’
  140 | [01;36m[K__MATHCALL_VEC[m[K (pow,, (_Mdouble_ __x, _Mdouble_ __y));
      | [01;36m[K^~~~~~~~~~~~~~[m[K
[01m[K/usr/include/x86_64-linux-gnu/bits/mathcalls.h:140:1:[m[K [01;36m[Knote: [m[K  candidate expects 2 arguments, 1 provided
In file included from [01m[K/usr/include/c++/9/valarray:603[m[K,
                 from [01m[K/usr/include/x86_64-linux-gnu/c++/9/bits/stdc++.h:95[m[K,
                 from [01m[K/home/knapp/git/order_optimizer/src/order_optimizer/src/subscriber_function.cpp:7[m[K:
[01m[K/usr/include/c++/9/bits/valarray_after.h:549:1:[m[K [01;36m[Knote: [m[Kcandidate: ‘[01m[Ktemplate<class _Tp> std::_Expr<std::__detail::_BinClos<std::_Pow, std::_Constant, std::_ValArray, _Tp, _Tp>, _Tp> std::pow(const typename std::valarray<_Tp>::value_type&, const std::valarray<_Tp>&)[m[K’
  549 | [01;36m[K_DEFINE_EXPR_BINARY_FUNCTION[m[K(pow, _Pow)
      | [01;36m[K^~~~~~~~~~~~~~~~~~~~~~~~~~~~[m[K
[01m[K/usr/include/c++/9/bits/valarray_after.h:549:1:[m[K [01;36m[Knote: [m[K  template argument deduction/substitution failed:
[01m[K/home/knapp/git/order_optimizer/src/order_optimizer/src/subscriber_function.cpp:190:174:[m[K [01;36m[Knote: [m[K  candidate expects 2 arguments, 1 provided
  190 | ow((order_.products.at(i).cx-pow(order_.products.at(j).cx)), 2)+ pow((order_.products.at(i).cy-pow(order_.products.at(j).cy[01;36m[K)[m[K), 2));
      |                                                                                                                            [01;36m[K^[m[K

In file included from [01m[K/usr/include/c++/9/valarray:603[m[K,
                 from [01m[K/usr/include/x86_64-linux-gnu/c++/9/bits/stdc++.h:95[m[K,
                 from [01m[K/home/knapp/git/order_optimizer/src/order_optimizer/src/subscriber_function.cpp:7[m[K:
[01m[K/usr/include/c++/9/bits/valarray_after.h:549:1:[m[K [01;36m[Knote: [m[Kcandidate: ‘[01m[Ktemplate<class _Tp> std::_Expr<std::__detail::_BinClos<std::_Pow, std::_ValArray, std::_Constant, _Tp, _Tp>, _Tp> std::pow(const std::valarray<_Tp>&, const typename std::valarray<_Tp>::value_type&)[m[K’
  549 | [01;36m[K_DEFINE_EXPR_BINARY_FUNCTION[m[K(pow, _Pow)
      | [01;36m[K^~~~~~~~~~~~~~~~~~~~~~~~~~~~[m[K
[01m[K/usr/include/c++/9/bits/valarray_after.h:549:1:[m[K [01;36m[Knote: [m[K  template argument deduction/substitution failed:
[01m[K/home/knapp/git/order_optimizer/src/order_optimizer/src/subscriber_function.cpp:190:174:[m[K [01;36m[Knote: [m[K  mismatched types ‘[01m[Kconst std::valarray<_Tp>[m[K’ and ‘[01m[Kdouble[m[K’
  190 | ow((order_.products.at(i).cx-pow(order_.products.at(j).cx)), 2)+ pow((order_.products.at(i).cy-pow(order_.products.at(j).cy[01;36m[K)[m[K), 2));
      |                                                                                                                            [01;36m[K^[m[K

In file included from [01m[K/usr/include/c++/9/valarray:603[m[K,
                 from [01m[K/usr/include/x86_64-linux-gnu/c++/9/bits/stdc++.h:95[m[K,
                 from [01m[K/home/knapp/git/order_optimizer/src/order_optimizer/src/subscriber_function.cpp:7[m[K:
[01m[K/usr/include/c++/9/bits/valarray_after.h:549:1:[m[K [01;36m[Knote: [m[Kcandidate: ‘[01m[Ktemplate<class _Tp> std::_Expr<std::__detail::_BinClos<std::_Pow, std::_ValArray, std::_ValArray, _Tp, _Tp>, _Tp> std::pow(const std::valarray<_Tp>&, const std::valarray<_Tp>&)[m[K’
  549 | [01;36m[K_DEFINE_EXPR_BINARY_FUNCTION[m[K(pow, _Pow)
      | [01;36m[K^~~~~~~~~~~~~~~~~~~~~~~~~~~~[m[K
[01m[K/usr/include/c++/9/bits/valarray_after.h:549:1:[m[K [01;36m[Knote: [m[K  template argument deduction/substitution failed:
[01m[K/home/knapp/git/order_optimizer/src/order_optimizer/src/subscriber_function.cpp:190:174:[m[K [01;36m[Knote: [m[K  mismatched types ‘[01m[Kconst std::valarray<_Tp>[m[K’ and ‘[01m[Kdouble[m[K’
  190 | ow((order_.products.at(i).cx-pow(order_.products.at(j).cx)), 2)+ pow((order_.products.at(i).cy-pow(order_.products.at(j).cy[01;36m[K)[m[K), 2));
      |                                                                                                                            [01;36m[K^[m[K

In file included from [01m[K/usr/include/c++/9/valarray:603[m[K,
                 from [01m[K/usr/include/x86_64-linux-gnu/c++/9/bits/stdc++.h:95[m[K,
                 from [01m[K/home/knapp/git/order_optimizer/src/order_optimizer/src/subscriber_function.cpp:7[m[K:
[01m[K/usr/include/c++/9/bits/valarray_after.h:549:1:[m[K [01;36m[Knote: [m[Kcandidate: ‘[01m[Ktemplate<class _Dom> std::_Expr<std::__detail::_BinClos<std::_Pow, std::_Constant, std::_Expr, typename _Dom::value_type, _Dom>, typename _Dom::value_type> std::pow(const typename _Dom::value_type&, const std::_Expr<_Dom1, typename _Dom1::value_type>&)[m[K’
  549 | [01;36m[K_DEFINE_EXPR_BINARY_FUNCTION[m[K(pow, _Pow)
      | [01;36m[K^~~~~~~~~~~~~~~~~~~~~~~~~~~~[m[K
[01m[K/usr/include/c++/9/bits/valarray_after.h:549:1:[m[K [01;36m[Knote: [m[K  template argument deduction/substitution failed:
[01m[K/home/knapp/git/order_optimizer/src/order_optimizer/src/subscriber_function.cpp:190:174:[m[K [01;36m[Knote: [m[K  candidate expects 2 arguments, 1 provided
  190 | ow((order_.products.at(i).cx-pow(order_.products.at(j).cx)), 2)+ pow((order_.products.at(i).cy-pow(order_.products.at(j).cy[01;36m[K)[m[K), 2));
      |                                                                                                                            [01;36m[K^[m[K

In file included from [01m[K/usr/include/c++/9/valarray:603[m[K,
                 from [01m[K/usr/include/x86_64-linux-gnu/c++/9/bits/stdc++.h:95[m[K,
                 from [01m[K/home/knapp/git/order_optimizer/src/order_optimizer/src/subscriber_function.cpp:7[m[K:
[01m[K/usr/include/c++/9/bits/valarray_after.h:549:1:[m[K [01;36m[Knote: [m[Kcandidate: ‘[01m[Ktemplate<class _Dom> std::_Expr<std::__detail::_BinClos<std::_Pow, std::_Expr, std::_Constant, _Dom, typename _Dom::value_type>, typename _Dom::value_type> std::pow(const std::_Expr<_Dom1, typename _Dom1::value_type>&, const typename _Dom::value_type&)[m[K’
  549 | [01;36m[K_DEFINE_EXPR_BINARY_FUNCTION[m[K(pow, _Pow)
      | [01;36m[K^~~~~~~~~~~~~~~~~~~~~~~~~~~~[m[K
[01m[K/usr/include/c++/9/bits/valarray_after.h:549:1:[m[K [01;36m[Knote: [m[K  template argument deduction/substitution failed:
[01m[K/home/knapp/git/order_optimizer/src/order_optimizer/src/subscriber_function.cpp:190:174:[m[K [01;36m[Knote: [m[K  mismatched types ‘[01m[Kconst std::_Expr<_Dom1, typename _Dom1::value_type>[m[K’ and ‘[01m[Kdouble[m[K’
  190 | ow((order_.products.at(i).cx-pow(order_.products.at(j).cx)), 2)+ pow((order_.products.at(i).cy-pow(order_.products.at(j).cy[01;36m[K)[m[K), 2));
      |                                                                                                                            [01;36m[K^[m[K

In file included from [01m[K/usr/include/c++/9/valarray:603[m[K,
                 from [01m[K/usr/include/x86_64-linux-gnu/c++/9/bits/stdc++.h:95[m[K,
                 from [01m[K/home/knapp/git/order_optimizer/src/order_optimizer/src/subscriber_function.cpp:7[m[K:
[01m[K/usr/include/c++/9/bits/valarray_after.h:549:1:[m[K [01;36m[Knote: [m[Kcandidate: ‘[01m[Ktemplate<class _Dom> std::_Expr<std::__detail::_BinClos<std::_Pow, std::_ValArray, std::_Expr, typename _Dom::value_type, _Dom>, typename _Dom::value_type> std::pow(const std::valarray<typename _Dom::valarray>&, const std::_Expr<_Dom1, typename _Dom1::value_type>&)[m[K’
  549 | [01;36m[K_DEFINE_EXPR_BINARY_FUNCTION[m[K(pow, _Pow)
      | [01;36m[K^~~~~~~~~~~~~~~~~~~~~~~~~~~~[m[K
[01m[K/usr/include/c++/9/bits/valarray_after.h:549:1:[m[K [01;36m[Knote: [m[K  template argument deduction/substitution failed:
[01m[K/home/knapp/git/order_optimizer/src/order_optimizer/src/subscriber_function.cpp:190:174:[m[K [01;36m[Knote: [m[K  candidate expects 2 arguments, 1 provided
  190 | ow((order_.products.at(i).cx-pow(order_.products.at(j).cx)), 2)+ pow((order_.products.at(i).cy-pow(order_.products.at(j).cy[01;36m[K)[m[K), 2));
      |                                                                                                                            [01;36m[K^[m[K

In file included from [01m[K/usr/include/c++/9/valarray:603[m[K,
                 from [01m[K/usr/include/x86_64-linux-gnu/c++/9/bits/stdc++.h:95[m[K,
                 from [01m[K/home/knapp/git/order_optimizer/src/order_optimizer/src/subscriber_function.cpp:7[m[K:
[01m[K/usr/include/c++/9/bits/valarray_after.h:549:1:[m[K [01;36m[Knote: [m[Kcandidate: ‘[01m[Ktemplate<class _Dom> std::_Expr<std::__detail::_BinClos<std::_Pow, std::_Expr, std::_ValArray, _Dom, typename _Dom::value_type>, typename _Dom::value_type> std::pow(const std::_Expr<_Dom1, typename _Dom1::value_type>&, const std::valarray<typename _Dom::value_type>&)[m[K’
  549 | [01;36m[K_DEFINE_EXPR_BINARY_FUNCTION[m[K(pow, _Pow)
      | [01;36m[K^~~~~~~~~~~~~~~~~~~~~~~~~~~~[m[K
[01m[K/usr/include/c++/9/bits/valarray_after.h:549:1:[m[K [01;36m[Knote: [m[K  template argument deduction/substitution failed:
[01m[K/home/knapp/git/order_optimizer/src/order_optimizer/src/subscriber_function.cpp:190:174:[m[K [01;36m[Knote: [m[K  mismatched types ‘[01m[Kconst std::_Expr<_Dom1, typename _Dom1::value_type>[m[K’ and ‘[01m[Kdouble[m[K’
  190 | ow((order_.products.at(i).cx-pow(order_.products.at(j).cx)), 2)+ pow((order_.products.at(i).cy-pow(order_.products.at(j).cy[01;36m[K)[m[K), 2));
      |                                                                                                                            [01;36m[K^[m[K

In file included from [01m[K/usr/include/c++/9/valarray:603[m[K,
                 from [01m[K/usr/include/x86_64-linux-gnu/c++/9/bits/stdc++.h:95[m[K,
                 from [01m[K/home/knapp/git/order_optimizer/src/order_optimizer/src/subscriber_function.cpp:7[m[K:
[01m[K/usr/include/c++/9/bits/valarray_after.h:549:1:[m[K [01;36m[Knote: [m[Kcandidate: ‘[01m[Ktemplate<class _Dom1, class _Dom2> std::_Expr<std::__detail::_BinClos<std::_Pow, std::_Expr, std::_Expr, _Dom1, _Dom2>, typename _Dom1::value_type> std::pow(const std::_Expr<_Dom1, typename _Dom1::value_type>&, const std::_Expr<_Dom2, typename _Dom2::value_type>&)[m[K’
  549 | [01;36m[K_DEFINE_EXPR_BINARY_FUNCTION[m[K(pow, _Pow)
      | [01;36m[K^~~~~~~~~~~~~~~~~~~~~~~~~~~~[m[K
[01m[K/usr/include/c++/9/bits/valarray_after.h:549:1:[m[K [01;36m[Knote: [m[K  template argument deduction/substitution failed:
[01m[K/home/knapp/git/order_optimizer/src/order_optimizer/src/subscriber_function.cpp:190:174:[m[K [01;36m[Knote: [m[K  mismatched types ‘[01m[Kconst std::_Expr<_Dom1, typename _Dom1::value_type>[m[K’ and ‘[01m[Kdouble[m[K’
  190 | ow((order_.products.at(i).cx-pow(order_.products.at(j).cx)), 2)+ pow((order_.products.at(i).cy-pow(order_.products.at(j).cy[01;36m[K)[m[K), 2));
      |                                                                                                                            [01;36m[K^[m[K

In file included from [01m[K/usr/include/c++/9/ccomplex:39[m[K,
                 from [01m[K/usr/include/x86_64-linux-gnu/c++/9/bits/stdc++.h:54[m[K,
                 from [01m[K/home/knapp/git/order_optimizer/src/order_optimizer/src/subscriber_function.cpp:7[m[K:
[01m[K/usr/include/c++/9/complex:1893:5:[m[K [01;36m[Knote: [m[Kcandidate: ‘[01m[Ktemplate<class _Tp, class _Up> std::complex<typename __gnu_cxx::__promote_2<_Tp, _Up>::__type> std::pow(const std::complex<_Tp>&, const std::complex<_Up>&)[m[K’
 1893 |     [01;36m[Kpow[m[K(const std::complex<_Tp>& __x, const std::complex<_Up>& __y)
      |     [01;36m[K^~~[m[K
[01m[K/usr/include/c++/9/complex:1893:5:[m[K [01;36m[Knote: [m[K  template argument deduction/substitution failed:
[01m[K/home/knapp/git/order_optimizer/src/order_optimizer/src/subscriber_function.cpp:190:174:[m[K [01;36m[Knote: [m[K  mismatched types ‘[01m[Kconst std::complex<_Tp>[m[K’ and ‘[01m[Kdouble[m[K’
  190 | ow((order_.products.at(i).cx-pow(order_.products.at(j).cx)), 2)+ pow((order_.products.at(i).cy-pow(order_.products.at(j).cy[01;36m[K)[m[K), 2));
      |                                                                                                                            [01;36m[K^[m[K

In file included from [01m[K/usr/include/c++/9/ccomplex:39[m[K,
                 from [01m[K/usr/include/x86_64-linux-gnu/c++/9/bits/stdc++.h:54[m[K,
                 from [01m[K/home/knapp/git/order_optimizer/src/order_optimizer/src/subscriber_function.cpp:7[m[K:
[01m[K/usr/include/c++/9/complex:1885:5:[m[K [01;36m[Knote: [m[Kcandidate: ‘[01m[Ktemplate<class _Tp, class _Up> std::complex<typename __gnu_cxx::__promote_2<_Tp, _Up>::__type> std::pow(const _Tp&, const std::complex<_Up>&)[m[K’
 1885 |     [01;36m[Kpow[m[K(const _Tp& __x, const std::complex<_Up>& __y)
      |     [01;36m[K^~~[m[K
[01m[K/usr/include/c++/9/complex:1885:5:[m[K [01;36m[Knote: [m[K  template argument deduction/substitution failed:
[01m[K/home/knapp/git/order_optimizer/src/order_optimizer/src/subscriber_function.cpp:190:174:[m[K [01;36m[Knote: [m[K  candidate expects 2 arguments, 1 provided
  190 | ow((order_.products.at(i).cx-pow(order_.products.at(j).cx)), 2)+ pow((order_.products.at(i).cy-pow(order_.products.at(j).cy[01;36m[K)[m[K), 2));
      |                                                                                                                            [01;36m[K^[m[K

In file included from [01m[K/usr/include/c++/9/ccomplex:39[m[K,
                 from [01m[K/usr/include/x86_64-linux-gnu/c++/9/bits/stdc++.h:54[m[K,
                 from [01m[K/home/knapp/git/order_optimizer/src/order_optimizer/src/subscriber_function.cpp:7[m[K:
[01m[K/usr/include/c++/9/complex:1877:5:[m[K [01;36m[Knote: [m[Kcandidate: ‘[01m[Ktemplate<class _Tp, class _Up> std::complex<typename __gnu_cxx::__promote_2<_Tp, _Up>::__type> std::pow(const std::complex<_Tp>&, const _Up&)[m[K’
 1877 |     [01;36m[Kpow[m[K(const std::complex<_Tp>& __x, const _Up& __y)
      |     [01;36m[K^~~[m[K
[01m[K/usr/include/c++/9/complex:1877:5:[m[K [01;36m[Knote: [m[K  template argument deduction/substitution failed:
[01m[K/home/knapp/git/order_optimizer/src/order_optimizer/src/subscriber_function.cpp:190:174:[m[K [01;36m[Knote: [m[K  mismatched types ‘[01m[Kconst std::complex<_Tp>[m[K’ and ‘[01m[Kdouble[m[K’
  190 | ow((order_.products.at(i).cx-pow(order_.products.at(j).cx)), 2)+ pow((order_.products.at(i).cy-pow(order_.products.at(j).cy[01;36m[K)[m[K), 2));
      |                                                                                                                            [01;36m[K^[m[K

In file included from [01m[K/usr/include/c++/9/ccomplex:39[m[K,
                 from [01m[K/usr/include/x86_64-linux-gnu/c++/9/bits/stdc++.h:54[m[K,
                 from [01m[K/home/knapp/git/order_optimizer/src/order_optimizer/src/subscriber_function.cpp:7[m[K:
[01m[K/usr/include/c++/9/complex:1070:5:[m[K [01;36m[Knote: [m[Kcandidate: ‘[01m[Ktemplate<class _Tp> std::complex<_Tp> std::pow(const _Tp&, const std::complex<_Tp>&)[m[K’
 1070 |     [01;36m[Kpow[m[K(const _Tp& __x, const complex<_Tp>& __y)
      |     [01;36m[K^~~[m[K
[01m[K/usr/include/c++/9/complex:1070:5:[m[K [01;36m[Knote: [m[K  template argument deduction/substitution failed:
[01m[K/home/knapp/git/order_optimizer/src/order_optimizer/src/subscriber_function.cpp:190:174:[m[K [01;36m[Knote: [m[K  candidate expects 2 arguments, 1 provided
  190 | ow((order_.products.at(i).cx-pow(order_.products.at(j).cx)), 2)+ pow((order_.products.at(i).cy-pow(order_.products.at(j).cy[01;36m[K)[m[K), 2));
      |                                                                                                                            [01;36m[K^[m[K

In file included from [01m[K/usr/include/c++/9/ccomplex:39[m[K,
                 from [01m[K/usr/include/x86_64-linux-gnu/c++/9/bits/stdc++.h:54[m[K,
                 from [01m[K/home/knapp/git/order_optimizer/src/order_optimizer/src/subscriber_function.cpp:7[m[K:
[01m[K/usr/include/c++/9/complex:1059:5:[m[K [01;36m[Knote: [m[Kcandidate: ‘[01m[Ktemplate<class _Tp> std::complex<_Tp> std::pow(const std::complex<_Tp>&, const std::complex<_Tp>&)[m[K’
 1059 |     [01;36m[Kpow[m[K(const complex<_Tp>& __x, const complex<_Tp>& __y)
      |     [01;36m[K^~~[m[K
[01m[K/usr/include/c++/9/complex:1059:5:[m[K [01;36m[Knote: [m[K  template argument deduction/substitution failed:
[01m[K/home/knapp/git/order_optimizer/src/order_optimizer/src/subscriber_function.cpp:190:174:[m[K [01;36m[Knote: [m[K  mismatched types ‘[01m[Kconst std::complex<_Tp>[m[K’ and ‘[01m[Kdouble[m[K’
  190 | ow((order_.products.at(i).cx-pow(order_.products.at(j).cx)), 2)+ pow((order_.products.at(i).cy-pow(order_.products.at(j).cy[01;36m[K)[m[K), 2));
      |                                                                                                                            [01;36m[K^[m[K

In file included from [01m[K/usr/include/c++/9/ccomplex:39[m[K,
                 from [01m[K/usr/include/x86_64-linux-gnu/c++/9/bits/stdc++.h:54[m[K,
                 from [01m[K/home/knapp/git/order_optimizer/src/order_optimizer/src/subscriber_function.cpp:7[m[K:
[01m[K/usr/include/c++/9/complex:1025:5:[m[K [01;36m[Knote: [m[Kcandidate: ‘[01m[Ktemplate<class _Tp> std::complex<_Tp> std::pow(const std::complex<_Tp>&, const _Tp&)[m[K’
 1025 |     [01;36m[Kpow[m[K(const complex<_Tp>& __x, const _Tp& __y)
      |     [01;36m[K^~~[m[K
[01m[K/usr/include/c++/9/complex:1025:5:[m[K [01;36m[Knote: [m[K  template argument deduction/substitution failed:
[01m[K/home/knapp/git/order_optimizer/src/order_optimizer/src/subscriber_function.cpp:190:174:[m[K [01;36m[Knote: [m[K  mismatched types ‘[01m[Kconst std::complex<_Tp>[m[K’ and ‘[01m[Kdouble[m[K’
  190 | ow((order_.products.at(i).cx-pow(order_.products.at(j).cx)), 2)+ pow((order_.products.at(i).cy-pow(order_.products.at(j).cy[01;36m[K)[m[K), 2));
      |                                                                                                                            [01;36m[K^[m[K

In file included from [01m[K/usr/include/c++/9/ccomplex:39[m[K,
                 from [01m[K/usr/include/x86_64-linux-gnu/c++/9/bits/stdc++.h:54[m[K,
                 from [01m[K/home/knapp/git/order_optimizer/src/order_optimizer/src/subscriber_function.cpp:7[m[K:
[01m[K/usr/include/c++/9/complex:1016:5:[m[K [01;36m[Knote: [m[Kcandidate: ‘[01m[Ktemplate<class _Tp> std::complex<_Tp> std::pow(const std::complex<_Tp>&, int)[m[K’
 1016 |     [01;36m[Kpow[m[K(const complex<_Tp>& __z, int __n)
      |     [01;36m[K^~~[m[K
[01m[K/usr/include/c++/9/complex:1016:5:[m[K [01;36m[Knote: [m[K  template argument deduction/substitution failed:
[01m[K/home/knapp/git/order_optimizer/src/order_optimizer/src/subscriber_function.cpp:190:174:[m[K [01;36m[Knote: [m[K  mismatched types ‘[01m[Kconst std::complex<_Tp>[m[K’ and ‘[01m[Kdouble[m[K’
  190 | ow((order_.products.at(i).cx-pow(order_.products.at(j).cx)), 2)+ pow((order_.products.at(i).cy-pow(order_.products.at(j).cy[01;36m[K)[m[K), 2));
      |                                                                                                                            [01;36m[K^[m[K

In file included from [01m[K/home/knapp/ros2_foxy/install/libstatistics_collector/include/libstatistics_collector/moving_average_statistics/types.hpp:18[m[K,
                 from [01m[K/home/knapp/ros2_foxy/install/libstatistics_collector/include/libstatistics_collector/collector/generate_statistics_message.hpp:24[m[K,
                 from [01m[K/home/knapp/ros2_foxy/install/rclcpp/include/rclcpp/topic_statistics/subscription_topic_statistics.hpp:23[m[K,
                 from [01m[K/home/knapp/ros2_foxy/install/rclcpp/include/rclcpp/subscription.hpp:50[m[K,
                 from [01m[K/home/knapp/ros2_foxy/install/rclcpp/include/rclcpp/any_executable.hpp:25[m[K,
                 from [01m[K/home/knapp/ros2_foxy/install/rclcpp/include/rclcpp/memory_strategy.hpp:24[m[K,
                 from [01m[K/home/knapp/ros2_foxy/install/rclcpp/include/rclcpp/memory_strategies.hpp:18[m[K,
                 from [01m[K/home/knapp/ros2_foxy/install/rclcpp/include/rclcpp/executor_options.hpp:20[m[K,
                 from [01m[K/home/knapp/ros2_foxy/install/rclcpp/include/rclcpp/executor.hpp:33[m[K,
                 from [01m[K/home/knapp/ros2_foxy/install/rclcpp/include/rclcpp/executors/multi_threaded_executor.hpp:26[m[K,
                 from [01m[K/home/knapp/ros2_foxy/install/rclcpp/include/rclcpp/executors.hpp:21[m[K,
                 from [01m[K/home/knapp/ros2_foxy/install/rclcpp/include/rclcpp/rclcpp.hpp:146[m[K,
                 from [01m[K/home/knapp/git/order_optimizer/src/order_optimizer/src/subscriber_function.cpp:3[m[K:
[01m[K/usr/include/c++/9/cmath:415:5:[m[K [01;36m[Knote: [m[Kcandidate: ‘[01m[Ktemplate<class _Tp, class _Up> constexpr typename __gnu_cxx::__promote_2<_Tp, _Up>::__type std::pow(_Tp, _Up)[m[K’
  415 |     [01;36m[Kpow[m[K(_Tp __x, _Up __y)
      |     [01;36m[K^~~[m[K
[01m[K/usr/include/c++/9/cmath:415:5:[m[K [01;36m[Knote: [m[K  template argument deduction/substitution failed:
[01m[K/home/knapp/git/order_optimizer/src/order_optimizer/src/subscriber_function.cpp:190:174:[m[K [01;36m[Knote: [m[K  candidate expects 2 arguments, 1 provided
  190 | ow((order_.products.at(i).cx-pow(order_.products.at(j).cx)), 2)+ pow((order_.products.at(i).cy-pow(order_.products.at(j).cy[01;36m[K)[m[K), 2));
      |                                                                                                                            [01;36m[K^[m[K

In file included from [01m[K/home/knapp/ros2_foxy/install/libstatistics_collector/include/libstatistics_collector/moving_average_statistics/types.hpp:18[m[K,
                 from [01m[K/home/knapp/ros2_foxy/install/libstatistics_collector/include/libstatistics_collector/collector/generate_statistics_message.hpp:24[m[K,
                 from [01m[K/home/knapp/ros2_foxy/install/rclcpp/include/rclcpp/topic_statistics/subscription_topic_statistics.hpp:23[m[K,
                 from [01m[K/home/knapp/ros2_foxy/install/rclcpp/include/rclcpp/subscription.hpp:50[m[K,
                 from [01m[K/home/knapp/ros2_foxy/install/rclcpp/include/rclcpp/any_executable.hpp:25[m[K,
                 from [01m[K/home/knapp/ros2_foxy/install/rclcpp/include/rclcpp/memory_strategy.hpp:24[m[K,
                 from [01m[K/home/knapp/ros2_foxy/install/rclcpp/include/rclcpp/memory_strategies.hpp:18[m[K,
                 from [01m[K/home/knapp/ros2_foxy/install/rclcpp/include/rclcpp/executor_options.hpp:20[m[K,
                 from [01m[K/home/knapp/ros2_foxy/install/rclcpp/include/rclcpp/executor.hpp:33[m[K,
                 from [01m[K/home/knapp/ros2_foxy/install/rclcpp/include/rclcpp/executors/multi_threaded_executor.hpp:26[m[K,
                 from [01m[K/home/knapp/ros2_foxy/install/rclcpp/include/rclcpp/executors.hpp:21[m[K,
                 from [01m[K/home/knapp/ros2_foxy/install/rclcpp/include/rclcpp/rclcpp.hpp:146[m[K,
                 from [01m[K/home/knapp/git/order_optimizer/src/order_optimizer/src/subscriber_function.cpp:3[m[K:
[01m[K/usr/include/c++/9/cmath:392:3:[m[K [01;36m[Knote: [m[Kcandidate: ‘[01m[Kconstexpr long double std::pow(long double, long double)[m[K’
  392 |   [01;36m[Kpow[m[K(long double __x, long double __y)
      |   [01;36m[K^~~[m[K
[01m[K/usr/include/c++/9/cmath:392:3:[m[K [01;36m[Knote: [m[K  candidate expects 2 arguments, 1 provided
[01m[K/usr/include/c++/9/cmath:388:3:[m[K [01;36m[Knote: [m[Kcandidate: ‘[01m[Kconstexpr float std::pow(float, float)[m[K’
  388 |   [01;36m[Kpow[m[K(float __x, float __y)
      |   [01;36m[K^~~[m[K
[01m[K/usr/include/c++/9/cmath:388:3:[m[K [01;36m[Knote: [m[K  candidate expects 2 arguments, 1 provided
[01m[K/home/knapp/git/order_optimizer/src/order_optimizer/src/subscriber_function.cpp:191:31:[m[K [01;31m[Kerror: [m[Kinvalid types ‘[01m[Kdouble[unsigned int][m[K’ for array subscript
  191 |                 distances[i][j[01;31m[K][m[K = euclidian_distance;
      |                               [01;31m[K^[m[K
[01m[K/home/knapp/git/order_optimizer/src/order_optimizer/src/subscriber_function.cpp:[m[K In member function ‘[01m[Kvoid OrderOptimizer::next_order_callback(std_msgs::msg::String_<std::allocator<void> >::SharedPtr)[m[K’:
[01m[K/home/knapp/git/order_optimizer/src/order_optimizer/src/subscriber_function.cpp:221:16:[m[K [01;35m[Kwarning: [m[KISO C++ forbids variable length array ‘[01m[Kdistances[m[K’ [[01;35m[K-Wvla[m[K]
  221 |         double [01;35m[Kdistances[m[K[matrix_size][matrix_size];
      |                [01;35m[K^~~~~~~~~[m[K
[01m[K/home/knapp/git/order_optimizer/src/order_optimizer/src/subscriber_function.cpp:221:16:[m[K [01;35m[Kwarning: [m[KISO C++ forbids variable length array ‘[01m[Kdistances[m[K’ [[01;35m[K-Wvla[m[K]
[01m[K/home/knapp/git/order_optimizer/src/order_optimizer/src/subscriber_function.cpp:222:32:[m[K [01;31m[Kerror: [m[Kcannot convert ‘[01m[Kdouble [matrix_size][matrix_size][m[K’ to ‘[01m[Kdouble*[m[K’
  222 |         create_distance_matrix([01;31m[Kdistances[m[K, orders.at(0));
      |                                [01;31m[K^~~~~~~~~[m[K
      |                                [01;31m[K|[m[K
      |                                [01;31m[Kdouble [matrix_size][matrix_size][m[K
[01m[K/home/knapp/git/order_optimizer/src/order_optimizer/src/subscriber_function.cpp:187:40:[m[K [01;36m[Knote: [m[K  initializing argument 1 of ‘[01m[Kvoid OrderOptimizer::create_distance_matrix(double*, order)[m[K’
  187 |    void create_distance_matrix([01;36m[Kdouble *distances[m[K, struct order order_) {
      |                                [01;36m[K~~~~~~~~^~~~~~~~~[m[K
[01m[K/home/knapp/git/order_optimizer/src/order_optimizer/src/subscriber_function.cpp:226:18:[m[K [01;31m[Kerror: [m[Kcannot convert ‘[01m[Kdouble [matrix_size][matrix_size][m[K’ to ‘[01m[Kdouble*[m[K’
  226 |         dijkstra([01;31m[Kdistances[m[K, 0, matrix_size, orders.at(0));
      |                  [01;31m[K^~~~~~~~~[m[K
      |                  [01;31m[K|[m[K
      |                  [01;31m[Kdouble [matrix_size][matrix_size][m[K
[01m[K/home/knapp/git/order_optimizer/src/order_optimizer/src/subscriber_function.cpp:92:27:[m[K [01;36m[Knote: [m[K  initializing argument 1 of ‘[01m[Kvoid OrderOptimizer::dijkstra(double*, int, int, order)[m[K’
   92 |     void dijkstra([01;36m[Kdouble *graph[m[K, int src, int V, struct order order_)
      |                   [01;36m[K~~~~~~~~^~~~~[m[K
make[2]: *** [CMakeFiles/OrderOptimizer.dir/build.make:63: CMakeFiles/OrderOptimizer.dir/src/subscriber_function.cpp.o] Error 1
make[1]: *** [CMakeFiles/Makefile2:80: CMakeFiles/OrderOptimizer.dir/all] Error 2
make: *** [Makefile:141: all] Error 2
