[01m[K/home/knapp/git/order_optimizer/src/order_optimizer/src/subscriber_function.cpp:[m[K In member function ‘[01m[Kvoid OrderOptimizer::fill_marker()[m[K’:
[01m[K/home/knapp/git/order_optimizer/src/order_optimizer/src/subscriber_function.cpp:68:36:[m[K [01;31m[Kerror: [m[K‘[01m[Kros[m[K’ has not been declared
   68 |         rviz_marker.header.stamp = [01;31m[Kros[m[K::Time();
      |                                    [01;31m[K^~~[m[K
[01m[K/home/knapp/git/order_optimizer/src/order_optimizer/src/subscriber_function.cpp:70:50:[m[K [01;31m[Kerror: [m[K‘[01m[Kvisualization_msgs::Marker[m[K’ has not been declared
   70 |         rviz_marker.action = visualization_msgs::[01;31m[KMarker[m[K::ADD;
      |                                                  [01;31m[K^~~~~~[m[K
[01m[K/home/knapp/git/order_optimizer/src/order_optimizer/src/subscriber_function.cpp:[m[K In member function ‘[01m[Kvoid OrderOptimizer::fill_markers(visualization_msgs::msg::MarkerArray&, product_part, int)[m[K’:
[01m[K/home/knapp/git/order_optimizer/src/order_optimizer/src/subscriber_function.cpp:88:28:[m[K [01;31m[Kerror: [m[Klvalue required as left operand of assignment
   88 |         if (position + 1 = [01;31m[Kmatrix_size[m[K){
      |                            [01;31m[K^~~~~~~~~~~[m[K
[01m[K/home/knapp/git/order_optimizer/src/order_optimizer/src/subscriber_function.cpp:89:52:[m[K [01;31m[Kerror: [m[K‘[01m[Kvisualization_msgs::Marker[m[K’ has not been declared
   89 |             rviz_marker.type = visualization_msgs::[01;31m[KMarker[m[K::CUBE;
      |                                                    [01;31m[K^~~~~~[m[K
[01m[K/home/knapp/git/order_optimizer/src/order_optimizer/src/subscriber_function.cpp:92:52:[m[K [01;31m[Kerror: [m[K‘[01m[Kvisualization_msgs::Marker[m[K’ has not been declared
   92 |             rviz_marker.type = visualization_msgs::[01;31m[KMarker[m[K::CYLINDER;
      |                                                    [01;31m[K^~~~~~[m[K
[01m[K/home/knapp/git/order_optimizer/src/order_optimizer/src/subscriber_function.cpp:[m[K In member function ‘[01m[Kvoid OrderOptimizer::printSolution(double*, int, order, double**)[m[K’:
[01m[K/home/knapp/git/order_optimizer/src/order_optimizer/src/subscriber_function.cpp:117:9:[m[K [01;31m[Kerror: [m[K‘[01m[Kros[m[K’ has not been declared
  117 |         [01;31m[Kros[m[K::Publisher vis_pub = node_handle.advertise<visualization_msgs::msg::MarkerArray>( "order_path", 0 );
      |         [01;31m[K^~~[m[K
[01m[K/home/knapp/git/order_optimizer/src/order_optimizer/src/subscriber_function.cpp:147:9:[m[K [01;31m[Kerror: [m[K‘[01m[Kvis_pub[m[K’ was not declared in this scope
  147 |         [01;31m[Kvis_pub[m[K.publish( markers );
      |         [01;31m[K^~~~~~~[m[K
make[2]: *** [CMakeFiles/OrderOptimizer.dir/build.make:63: CMakeFiles/OrderOptimizer.dir/src/subscriber_function.cpp.o] Error 1
make[1]: *** [CMakeFiles/Makefile2:80: CMakeFiles/OrderOptimizer.dir/all] Error 2
make: *** [Makefile:141: all] Error 2
