[01m[K/home/knapp/git/order_optimizer/src/order_optimizer/src/publisher_function.cpp:10:46:[m[K [01;35m[Kwarning: [m[K‘[01m[Kgeometry_msgs::msg::PoseStamped_<std::allocator<void> >::ConstPtr[m[K’ is deprecated [[01;35m[K-Wdeprecated-declarations[m[K]
   10 | std::vector<geometry_msgs::msg::PoseStamped::[01;35m[KConstPtr[m[K> current_pos;
      |                                              [01;35m[K^~~~~~~~[m[K
In file included from [01m[K/home/knapp/ros2_foxy/install/geometry_msgs/include/geometry_msgs/msg/pose_stamped.hpp:7[m[K,
                 from [01m[K/home/knapp/git/order_optimizer/src/order_optimizer/src/publisher_function.cpp:5[m[K:
[01m[K/home/knapp/ros2_foxy/install/geometry_msgs/include/geometry_msgs/msg/detail/pose_stamped__struct.hpp:114:5:[m[K [01;36m[Knote: [m[Kdeclared here
  114 |     [01;36m[KConstPtr[m[K;
      |     [01;36m[K^~~~~~~~[m[K
[01m[K/home/knapp/git/order_optimizer/src/order_optimizer/src/publisher_function.cpp:[m[K In constructor ‘[01m[KSendOrder::SendOrder()[m[K’:
[01m[K/home/knapp/git/order_optimizer/src/order_optimizer/src/publisher_function.cpp:20:24:[m[K [01;31m[Kerror: [m[Kclass ‘[01m[KSendOrder[m[K’ does not have any field named ‘[01m[Kcount_[m[K’
   20 |   : Node("SendOrder"), [01;31m[Kcount_[m[K(0)
      |                        [01;31m[K^~~~~~[m[K
[01m[K/home/knapp/git/order_optimizer/src/order_optimizer/src/publisher_function.cpp:[m[K In member function ‘[01m[Kvoid SendOrder::current_position_callback()[m[K’:
[01m[K/home/knapp/git/order_optimizer/src/order_optimizer/src/publisher_function.cpp:34:80:[m[K [01;31m[Kerror: [m[K‘[01m[Kclass std::vector<std::shared_ptr<const geometry_msgs::msg::PoseStamped_<std::allocator<void> > > >[m[K’ has no member named ‘[01m[Kposition[m[K’
   34 |  = "Current Positions x and y:" + std::to_string(current_pos.[01;31m[Kposition[m[K.x) + " and " + std::to_string(current_pos.position.x);
      |                                                              [01;31m[K^~~~~~~~[m[K

[01m[K/home/knapp/git/order_optimizer/src/order_optimizer/src/publisher_function.cpp:34:131:[m[K [01;31m[Kerror: [m[K‘[01m[Kclass std::vector<std::shared_ptr<const geometry_msgs::msg::PoseStamped_<std::allocator<void> > > >[m[K’ has no member named ‘[01m[Kposition[m[K’
   34 | ing(current_pos.position.x) + " and " + std::to_string(current_pos.[01;31m[Kposition[m[K.x);
      |                                                                    [01;31m[K^~~~~~~~[m[K

[01m[K/home/knapp/git/order_optimizer/src/order_optimizer/src/publisher_function.cpp:[m[K In function ‘[01m[Kint main(int, char**)[m[K’:
[01m[K/home/knapp/git/order_optimizer/src/order_optimizer/src/publisher_function.cpp:73:18:[m[K [01;31m[Kerror: [m[K‘[01m[Kboost[m[K’ has not been declared
   73 |             id = [01;31m[Kboost[m[K::lexical_cast<int>(argv[i+1].c_str());
      |                  [01;31m[K^~~~~[m[K
[01m[K/home/knapp/git/order_optimizer/src/order_optimizer/src/publisher_function.cpp:73:38:[m[K [01;31m[Kerror: [m[Kexpected primary-expression before ‘[01m[Kint[m[K’
   73 |             id = boost::lexical_cast<[01;31m[Kint[m[K>(argv[i+1].c_str());
      |                                      [01;31m[K^~~[m[K
[01m[K/home/knapp/git/order_optimizer/src/order_optimizer/src/publisher_function.cpp:77:33:[m[K [01;31m[Kerror: [m[Kexpected primary-expression before ‘[01m[K=[m[K’ token
   77 |                 error_message + [01;31m[K=[m[K "Order ID should be a number. Please use some number (int type) for order ID." << std::endl;
      |                                 [01;31m[K^[m[K
[01m[K/home/knapp/git/order_optimizer/src/order_optimizer/src/publisher_function.cpp:77:114:[m[K [01;31m[Kerror: [m[Kinvalid operands of types ‘[01m[Kconst char [77][m[K’ and ‘[01m[K<unresolved overloaded function type>[m[K’ to binary ‘[01m[Koperator<<[m[K’
   77 | [01;31m[Kuld be a number. Please use some number (int type) for order ID." << std::endl[m[K;
      | [01;31m[K~~~~~~~~~~~~~~~~~~~~~~~~~~~~~~~~~~~~~~~~~~~~~~~~~~~~~~~~~~~~~~~~~~^~~~~~~~~~~~[m[K

[01m[K/home/knapp/git/order_optimizer/src/order_optimizer/src/publisher_function.cpp:82:17:[m[K [01;31m[Kerror: [m[K‘[01m[Kboost[m[K’ has not been declared
   82 |             x = [01;31m[Kboost[m[K::lexical_cast<float>(argv[i+1].c_str());
      |                 [01;31m[K^~~~~[m[K
[01m[K/home/knapp/git/order_optimizer/src/order_optimizer/src/publisher_function.cpp:82:37:[m[K [01;31m[Kerror: [m[Kexpected primary-expression before ‘[01m[Kfloat[m[K’
   82 |             x = boost::lexical_cast<[01;31m[Kfloat[m[K>(argv[i+1].c_str());
      |                                     [01;31m[K^~~~~[m[K
[01m[K/home/knapp/git/order_optimizer/src/order_optimizer/src/publisher_function.cpp:86:29:[m[K [01;31m[Kerror: [m[Kexpected primary-expression before ‘[01m[K=[m[K’ token
   86 |             error_message + [01;31m[K=[m[K "X coordinate should be a number. Please use some number (float type) for x coordinate." << std::endl;
      |                             [01;31m[K^[m[K
[01m[K/home/knapp/git/order_optimizer/src/order_optimizer/src/publisher_function.cpp:86:120:[m[K [01;31m[Kerror: [m[Kinvalid operands of types ‘[01m[Kconst char [87][m[K’ and ‘[01m[K<unresolved overloaded function type>[m[K’ to binary ‘[01m[Koperator<<[m[K’
   86 | [01;31m[K a number. Please use some number (float type) for x coordinate." << std::endl[m[K;
      |  [01;31m[K~~~~~~~~~~~~~~~~~~~~~~~~~~~~~~~~~~~~~~~~~~~~~~~~~~~~~~~~~~~~~~~~~^~~~~~~~~~~~[m[K

[01m[K/home/knapp/git/order_optimizer/src/order_optimizer/src/publisher_function.cpp:91:17:[m[K [01;31m[Kerror: [m[K‘[01m[Kboost[m[K’ has not been declared
   91 |             y = [01;31m[Kboost[m[K::lexical_cast<float>(argv[i+1].c_str());
      |                 [01;31m[K^~~~~[m[K
[01m[K/home/knapp/git/order_optimizer/src/order_optimizer/src/publisher_function.cpp:91:37:[m[K [01;31m[Kerror: [m[Kexpected primary-expression before ‘[01m[Kfloat[m[K’
   91 |             y = boost::lexical_cast<[01;31m[Kfloat[m[K>(argv[i+1].c_str());
      |                                     [01;31m[K^~~~~[m[K
[01m[K/home/knapp/git/order_optimizer/src/order_optimizer/src/publisher_function.cpp:95:29:[m[K [01;31m[Kerror: [m[Kexpected primary-expression before ‘[01m[K=[m[K’ token
   95 |             error_message + [01;31m[K=[m[K "Y coordinate should be a number. Please use some number (float type) for y coordinate." << std::endl;
      |                             [01;31m[K^[m[K
[01m[K/home/knapp/git/order_optimizer/src/order_optimizer/src/publisher_function.cpp:95:120:[m[K [01;31m[Kerror: [m[Kinvalid operands of types ‘[01m[Kconst char [87][m[K’ and ‘[01m[K<unresolved overloaded function type>[m[K’ to binary ‘[01m[Koperator<<[m[K’
   95 | [01;31m[K a number. Please use some number (float type) for y coordinate." << std::endl[m[K;
      |  [01;31m[K~~~~~~~~~~~~~~~~~~~~~~~~~~~~~~~~~~~~~~~~~~~~~~~~~~~~~~~~~~~~~~~~~^~~~~~~~~~~~[m[K

[01m[K/home/knapp/git/order_optimizer/src/order_optimizer/src/publisher_function.cpp:105:17:[m[K [01;31m[Kerror: [m[K‘[01m[Kclass std::vector<std::shared_ptr<const geometry_msgs::msg::PoseStamped_<std::allocator<void> > > >[m[K’ has no member named ‘[01m[Kposition[m[K’
  105 |     current_pos.[01;31m[Kposition[m[K.x = x;
      |                 [01;31m[K^~~~~~~~[m[K
[01m[K/home/knapp/git/order_optimizer/src/order_optimizer/src/publisher_function.cpp:106:17:[m[K [01;31m[Kerror: [m[K‘[01m[Kclass std::vector<std::shared_ptr<const geometry_msgs::msg::PoseStamped_<std::allocator<void> > > >[m[K’ has no member named ‘[01m[Kposition[m[K’
  106 |     current_pos.[01;31m[Kposition[m[K.y = y;
      |                 [01;31m[K^~~~~~~~[m[K
make[2]: *** [CMakeFiles/SendOrder.dir/build.make:63: CMakeFiles/SendOrder.dir/src/publisher_function.cpp.o] Error 1
make[1]: *** [CMakeFiles/Makefile2:107: CMakeFiles/SendOrder.dir/all] Error 2
make: *** [Makefile:141: all] Error 2
