[35m[1mScanning dependencies of target OrderOptimizer[0m
[ 25%] [32mBuilding CXX object CMakeFiles/OrderOptimizer.dir/src/subscriber_function.cpp.o[0m
[01m[K/home/knapp/git/order_optimizer/src/order_optimizer/src/subscriber_function.cpp:[m[K In function ‘[01m[Kvoid read_orders(std::string)[m[K’:
[01m[K/home/knapp/git/order_optimizer/src/order_optimizer/src/subscriber_function.cpp:90:55:[m[K [01;31m[Kerror: [m[Kcannot convert ‘[01m[Kstd::__cxx11::basic_string<char>[m[K’ to ‘[01m[Kint[m[K’ in assignment
   90 |         order_.order = [01;31m[Korderr["order"].as<std::string>()[m[K;
      |                        [01;31m[K~~~~~~~~~~~~~~~~~~~~~~~~~~~~~~~^~[m[K
      |                                                       [01;31m[K|[m[K
      |                                                       [01;31m[Kstd::__cxx11::basic_string<char>[m[K
[01m[K/home/knapp/git/order_optimizer/src/order_optimizer/src/subscriber_function.cpp:96:41:[m[K [01;31m[Kerror: [m[Kno matching function for call to ‘[01m[Kstd::vector<int>::push_back(const YAML::Node&)[m[K’
   96 |             products_.push_back(products[01;31m[K)[m[K[it2];
      |                                         [01;31m[K^[m[K
In file included from [01m[K/usr/include/c++/9/vector:67[m[K,
                 from [01m[K/home/knapp/ros2_foxy/install/rclcpp/include/rclcpp/executor.hpp:27[m[K,
                 from [01m[K/home/knapp/ros2_foxy/install/rclcpp/include/rclcpp/executors/multi_threaded_executor.hpp:26[m[K,
                 from [01m[K/home/knapp/ros2_foxy/install/rclcpp/include/rclcpp/executors.hpp:21[m[K,
                 from [01m[K/home/knapp/ros2_foxy/install/rclcpp/include/rclcpp/rclcpp.hpp:146[m[K,
                 from [01m[K/home/knapp/git/order_optimizer/src/order_optimizer/src/subscriber_function.cpp:3[m[K:
[01m[K/usr/include/c++/9/bits/stl_vector.h:1184:7:[m[K [01;36m[Knote: [m[Kcandidate: ‘[01m[Kvoid std::vector<_Tp, _Alloc>::push_back(const value_type&) [with _Tp = int; _Alloc = std::allocator<int>; std::vector<_Tp, _Alloc>::value_type = int][m[K’
 1184 |       [01;36m[Kpush_back[m[K(const value_type& __x)
      |       [01;36m[K^~~~~~~~~[m[K
[01m[K/usr/include/c++/9/bits/stl_vector.h:1184:35:[m[K [01;36m[Knote: [m[K  no known conversion for argument 1 from ‘[01m[Kconst YAML::Node[m[K’ to ‘[01m[Kconst value_type&[m[K’ {aka ‘[01m[Kconst int&[m[K’}
 1184 |       push_back([01;36m[Kconst value_type& __x[m[K)
      |                 [01;36m[K~~~~~~~~~~~~~~~~~~^~~[m[K
[01m[K/usr/include/c++/9/bits/stl_vector.h:1200:7:[m[K [01;36m[Knote: [m[Kcandidate: ‘[01m[Kvoid std::vector<_Tp, _Alloc>::push_back(std::vector<_Tp, _Alloc>::value_type&&) [with _Tp = int; _Alloc = std::allocator<int>; std::vector<_Tp, _Alloc>::value_type = int][m[K’
 1200 |       [01;36m[Kpush_back[m[K(value_type&& __x)
      |       [01;36m[K^~~~~~~~~[m[K
[01m[K/usr/include/c++/9/bits/stl_vector.h:1200:30:[m[K [01;36m[Knote: [m[K  no known conversion for argument 1 from ‘[01m[Kconst YAML::Node[m[K’ to ‘[01m[Kstd::vector<int>::value_type&&[m[K’ {aka ‘[01m[Kint&&[m[K’}
 1200 |       push_back([01;36m[Kvalue_type&& __x[m[K)
      |                 [01;36m[K~~~~~~~~~~~~~^~~[m[K
[01m[K/home/knapp/git/order_optimizer/src/order_optimizer/src/subscriber_function.cpp:[m[K In function ‘[01m[Kint main(int, char**)[m[K’:
[01m[K/home/knapp/git/order_optimizer/src/order_optimizer/src/subscriber_function.cpp:158:54:[m[K [01;31m[Kerror: [m[Kexpected ‘[01m[K;[m[K’ before ‘[01m[Kstd[m[K’
  158 |     read_orders(orders_path+ "/orders_20201201.yaml")
      |                                                      [01;31m[K^[m[K
      |                                                      [32m[K;[m[K
  159 |     [32m[Kstd[m[K::cerr << all_orders[orders_path+ "/orders_20201201.yaml"].at(0).order<< std::endl;
      |     [32m[K~~~[m[K                                               
make[2]: *** [CMakeFiles/OrderOptimizer.dir/build.make:63: CMakeFiles/OrderOptimizer.dir/src/subscriber_function.cpp.o] Error 1
make[1]: *** [CMakeFiles/Makefile2:80: CMakeFiles/OrderOptimizer.dir/all] Error 2
make: *** [Makefile:141: all] Error 2
