[01m[K/home/knapp/git/order_optimizer/src/order_optimizer/src/subscriber_function.cpp:19:9:[m[K [01;35m[Kwarning: [m[KISO C++ forbids flexible array member ‘[01m[Kproducts[m[K’ [[01;35m[K-Wpedantic[m[K]
   19 |     int [01;35m[Kproducts[m[K[];
      |         [01;35m[K^~~~~~~~[m[K
[01m[K/home/knapp/git/order_optimizer/src/order_optimizer/src/subscriber_function.cpp:31:10:[m[K [01;35m[Kwarning: [m[KISO C++ forbids flexible array member ‘[01m[Kparts[m[K’ [[01;35m[K-Wpedantic[m[K]
   31 |     part [01;35m[Kparts[m[K[];
      |          [01;35m[K^~~~~[m[K
[01m[K/home/knapp/git/order_optimizer/src/order_optimizer/src/subscriber_function.cpp:[m[K In function ‘[01m[Kint main(int, char**)[m[K’:
[01m[K/home/knapp/git/order_optimizer/src/order_optimizer/src/subscriber_function.cpp:111:41:[m[K [01;31m[Kerror: [m[Kno matching function for call to ‘[01m[KYAML::BadConversion::~BadConversion()[m[K’
  111 |     YAML::BadConversion::~BadConversion([01;31m[K)[m[K
      |                                         [01;31m[K^[m[K
In file included from [01m[K/usr/local/include/yaml-cpp/yaml.h:14[m[K,
                 from [01m[K/home/knapp/git/order_optimizer/src/order_optimizer/src/subscriber_function.cpp:6[m[K:
[01m[K/usr/local/include/yaml-cpp/exceptions.h:243:3:[m[K [01;36m[Knote: [m[Kcandidate: ‘[01m[Kvirtual YAML::BadConversion::~BadConversion()[m[K’
  243 |   [01;36m[K~[m[KBadConversion() YAML_CPP_NOEXCEPT override;
      |   [01;36m[K^[m[K
[01m[K/usr/local/include/yaml-cpp/exceptions.h:243:3:[m[K [01;36m[Knote: [m[K  candidate expects 1 argument, 0 provided
[01m[K/home/knapp/git/order_optimizer/src/order_optimizer/src/subscriber_function.cpp:115:50:[m[K [01;31m[Kerror: [m[Kqualified-id in declaration before ‘[01m[K([m[K’ token
  115 |     void  YAML::detail::node_data::convert_to_map[01;31m[K([m[Kstd::shared_ptr<YAML::detail::memory_holder>)
      |                                                  [01;31m[K^[m[K
make[2]: *** [CMakeFiles/OrderOptimizer.dir/build.make:63: CMakeFiles/OrderOptimizer.dir/src/subscriber_function.cpp.o] Error 1
make[1]: *** [CMakeFiles/Makefile2:80: CMakeFiles/OrderOptimizer.dir/all] Error 2
make: *** [Makefile:141: all] Error 2
