[01m[K/home/knapp/git/order_optimizer/src/order_optimizer/src/subscriber_function.cpp:[m[K In function ‘[01m[Kint main(int, char**)[m[K’:
[01m[K/home/knapp/git/order_optimizer/src/order_optimizer/src/subscriber_function.cpp:122:26:[m[K [01;31m[Kerror: [m[Kno match for ‘[01m[Koperator*[m[K’ (operand type is ‘[01m[Kconst YAML::Node[m[K’)
  122 |             part part_ = *parts[it2];
In file included from [01m[K/usr/include/c++/9/ccomplex:39[m[K,
                 from [01m[K/usr/include/x86_64-linux-gnu/c++/9/bits/stdc++.h:54[m[K,
                 from [01m[K/home/knapp/git/order_optimizer/src/order_optimizer/src/subscriber_function.cpp:7[m[K:
[01m[K/usr/include/c++/9/complex:391:5:[m[K [01;36m[Knote: [m[Kcandidate: ‘[01m[Ktemplate<class _Tp> std::complex<_Tp> std::operator*(const std::complex<_Tp>&, const std::complex<_Tp>&)[m[K’
  391 |     [01;36m[Koperator[m[K*(const complex<_Tp>& __x, const complex<_Tp>& __y)
      |     [01;36m[K^~~~~~~~[m[K
[01m[K/usr/include/c++/9/complex:391:5:[m[K [01;36m[Knote: [m[K  template argument deduction/substitution failed:
[01m[K/home/knapp/git/order_optimizer/src/order_optimizer/src/subscriber_function.cpp:122:36:[m[K [01;36m[Knote: [m[K  ‘[01m[Kconst YAML::Node[m[K’ is not derived from ‘[01m[Kconst std::complex<_Tp>[m[K’
  122 |             part part_ = *parts[it2[01;36m[K][m[K;
      |                                    [01;36m[K^[m[K
In file included from [01m[K/usr/include/c++/9/ccomplex:39[m[K,
                 from [01m[K/usr/include/x86_64-linux-gnu/c++/9/bits/stdc++.h:54[m[K,
                 from [01m[K/home/knapp/git/order_optimizer/src/order_optimizer/src/subscriber_function.cpp:7[m[K:
[01m[K/usr/include/c++/9/complex:400:5:[m[K [01;36m[Knote: [m[Kcandidate: ‘[01m[Ktemplate<class _Tp> std::complex<_Tp> std::operator*(const std::complex<_Tp>&, const _Tp&)[m[K’
  400 |     [01;36m[Koperator[m[K*(const complex<_Tp>& __x, const _Tp& __y)
      |     [01;36m[K^~~~~~~~[m[K
[01m[K/usr/include/c++/9/complex:400:5:[m[K [01;36m[Knote: [m[K  template argument deduction/substitution failed:
[01m[K/home/knapp/git/order_optimizer/src/order_optimizer/src/subscriber_function.cpp:122:36:[m[K [01;36m[Knote: [m[K  ‘[01m[Kconst YAML::Node[m[K’ is not derived from ‘[01m[Kconst std::complex<_Tp>[m[K’
  122 |             part part_ = *parts[it2[01;36m[K][m[K;
      |                                    [01;36m[K^[m[K
In file included from [01m[K/usr/include/c++/9/ccomplex:39[m[K,
                 from [01m[K/usr/include/x86_64-linux-gnu/c++/9/bits/stdc++.h:54[m[K,
                 from [01m[K/home/knapp/git/order_optimizer/src/order_optimizer/src/subscriber_function.cpp:7[m[K:
[01m[K/usr/include/c++/9/complex:409:5:[m[K [01;36m[Knote: [m[Kcandidate: ‘[01m[Ktemplate<class _Tp> std::complex<_Tp> std::operator*(const _Tp&, const std::complex<_Tp>&)[m[K’
  409 |     [01;36m[Koperator[m[K*(const _Tp& __x, const complex<_Tp>& __y)
      |     [01;36m[K^~~~~~~~[m[K
[01m[K/usr/include/c++/9/complex:409:5:[m[K [01;36m[Knote: [m[K  template argument deduction/substitution failed:
[01m[K/home/knapp/git/order_optimizer/src/order_optimizer/src/subscriber_function.cpp:122:36:[m[K [01;36m[Knote: [m[K  candidate expects 2 arguments, 1 provided
  122 |             part part_ = *parts[it2[01;36m[K][m[K;
      |                                    [01;36m[K^[m[K
In file included from [01m[K/usr/include/c++/9/valarray:603[m[K,
                 from [01m[K/usr/include/x86_64-linux-gnu/c++/9/bits/stdc++.h:95[m[K,
                 from [01m[K/home/knapp/git/order_optimizer/src/order_optimizer/src/subscriber_function.cpp:7[m[K:
[01m[K/usr/include/c++/9/bits/valarray_after.h:407:5:[m[K [01;36m[Knote: [m[Kcandidate: ‘[01m[Ktemplate<class _Dom1, class _Dom2> std::_Expr<std::__detail::_BinClos<std::__multiplies, std::_Expr, std::_Expr, _Dom1, _Dom2>, typename std::__fun<std::__multiplies, typename _Dom1::value_type>::result_type> std::operator*(const std::_Expr<_Dom1, typename _Dom1::value_type>&, const std::_Expr<_Dom2, typename _Dom2::value_type>&)[m[K’
  407 |     [01;36m[K_DEFINE_EXPR_BINARY_OPERATOR[m[K(*, __multiplies)
      |     [01;36m[K^~~~~~~~~~~~~~~~~~~~~~~~~~~~[m[K
[01m[K/usr/include/c++/9/bits/valarray_after.h:407:5:[m[K [01;36m[Knote: [m[K  template argument deduction/substitution failed:
[01m[K/home/knapp/git/order_optimizer/src/order_optimizer/src/subscriber_function.cpp:122:36:[m[K [01;36m[Knote: [m[K  ‘[01m[Kconst YAML::Node[m[K’ is not derived from ‘[01m[Kconst std::_Expr<_Dom1, typename _Dom1::value_type>[m[K’
  122 |             part part_ = *parts[it2[01;36m[K][m[K;
      |                                    [01;36m[K^[m[K
In file included from [01m[K/usr/include/c++/9/valarray:603[m[K,
                 from [01m[K/usr/include/x86_64-linux-gnu/c++/9/bits/stdc++.h:95[m[K,
                 from [01m[K/home/knapp/git/order_optimizer/src/order_optimizer/src/subscriber_function.cpp:7[m[K:
[01m[K/usr/include/c++/9/bits/valarray_after.h:407:5:[m[K [01;36m[Knote: [m[Kcandidate: ‘[01m[Ktemplate<class _Dom> std::_Expr<std::__detail::_BinClos<std::__multiplies, std::_Expr, std::_Constant, _Dom, typename _Dom::value_type>, typename std::__fun<std::__multiplies, typename _Dom1::value_type>::result_type> std::operator*(const std::_Expr<_Dom1, typename _Dom1::value_type>&, const typename _Dom::value_type&)[m[K’
  407 |     [01;36m[K_DEFINE_EXPR_BINARY_OPERATOR[m[K(*, __multiplies)
      |     [01;36m[K^~~~~~~~~~~~~~~~~~~~~~~~~~~~[m[K
[01m[K/usr/include/c++/9/bits/valarray_after.h:407:5:[m[K [01;36m[Knote: [m[K  template argument deduction/substitution failed:
[01m[K/home/knapp/git/order_optimizer/src/order_optimizer/src/subscriber_function.cpp:122:36:[m[K [01;36m[Knote: [m[K  ‘[01m[Kconst YAML::Node[m[K’ is not derived from ‘[01m[Kconst std::_Expr<_Dom1, typename _Dom1::value_type>[m[K’
  122 |             part part_ = *parts[it2[01;36m[K][m[K;
      |                                    [01;36m[K^[m[K
In file included from [01m[K/usr/include/c++/9/valarray:603[m[K,
                 from [01m[K/usr/include/x86_64-linux-gnu/c++/9/bits/stdc++.h:95[m[K,
                 from [01m[K/home/knapp/git/order_optimizer/src/order_optimizer/src/subscriber_function.cpp:7[m[K:
[01m[K/usr/include/c++/9/bits/valarray_after.h:407:5:[m[K [01;36m[Knote: [m[Kcandidate: ‘[01m[Ktemplate<class _Dom> std::_Expr<std::__detail::_BinClos<std::__multiplies, std::_Constant, std::_Expr, typename _Dom::value_type, _Dom>, typename std::__fun<std::__multiplies, typename _Dom1::value_type>::result_type> std::operator*(const typename _Dom::value_type&, const std::_Expr<_Dom1, typename _Dom1::value_type>&)[m[K’
  407 |     [01;36m[K_DEFINE_EXPR_BINARY_OPERATOR[m[K(*, __multiplies)
      |     [01;36m[K^~~~~~~~~~~~~~~~~~~~~~~~~~~~[m[K
[01m[K/usr/include/c++/9/bits/valarray_after.h:407:5:[m[K [01;36m[Knote: [m[K  template argument deduction/substitution failed:
[01m[K/home/knapp/git/order_optimizer/src/order_optimizer/src/subscriber_function.cpp:122:36:[m[K [01;36m[Knote: [m[K  candidate expects 2 arguments, 1 provided
  122 |             part part_ = *parts[it2[01;36m[K][m[K;
      |                                    [01;36m[K^[m[K
In file included from [01m[K/usr/include/c++/9/valarray:603[m[K,
                 from [01m[K/usr/include/x86_64-linux-gnu/c++/9/bits/stdc++.h:95[m[K,
                 from [01m[K/home/knapp/git/order_optimizer/src/order_optimizer/src/subscriber_function.cpp:7[m[K:
[01m[K/usr/include/c++/9/bits/valarray_after.h:407:5:[m[K [01;36m[Knote: [m[Kcandidate: ‘[01m[Ktemplate<class _Dom> std::_Expr<std::__detail::_BinClos<std::__multiplies, std::_Expr, std::_ValArray, _Dom, typename _Dom::value_type>, typename std::__fun<std::__multiplies, typename _Dom1::value_type>::result_type> std::operator*(const std::_Expr<_Dom1, typename _Dom1::value_type>&, const std::valarray<typename _Dom::value_type>&)[m[K’
  407 |     [01;36m[K_DEFINE_EXPR_BINARY_OPERATOR[m[K(*, __multiplies)
      |     [01;36m[K^~~~~~~~~~~~~~~~~~~~~~~~~~~~[m[K
[01m[K/usr/include/c++/9/bits/valarray_after.h:407:5:[m[K [01;36m[Knote: [m[K  template argument deduction/substitution failed:
[01m[K/home/knapp/git/order_optimizer/src/order_optimizer/src/subscriber_function.cpp:122:36:[m[K [01;36m[Knote: [m[K  ‘[01m[Kconst YAML::Node[m[K’ is not derived from ‘[01m[Kconst std::_Expr<_Dom1, typename _Dom1::value_type>[m[K’
  122 |             part part_ = *parts[it2[01;36m[K][m[K;
      |                                    [01;36m[K^[m[K
In file included from [01m[K/usr/include/c++/9/valarray:603[m[K,
                 from [01m[K/usr/include/x86_64-linux-gnu/c++/9/bits/stdc++.h:95[m[K,
                 from [01m[K/home/knapp/git/order_optimizer/src/order_optimizer/src/subscriber_function.cpp:7[m[K:
[01m[K/usr/include/c++/9/bits/valarray_after.h:407:5:[m[K [01;36m[Knote: [m[Kcandidate: ‘[01m[Ktemplate<class _Dom> std::_Expr<std::__detail::_BinClos<std::__multiplies, std::_ValArray, std::_Expr, typename _Dom::value_type, _Dom>, typename std::__fun<std::__multiplies, typename _Dom1::value_type>::result_type> std::operator*(const std::valarray<typename _Dom::value_type>&, const std::_Expr<_Dom1, typename _Dom1::value_type>&)[m[K’
  407 |     [01;36m[K_DEFINE_EXPR_BINARY_OPERATOR[m[K(*, __multiplies)
      |     [01;36m[K^~~~~~~~~~~~~~~~~~~~~~~~~~~~[m[K
[01m[K/usr/include/c++/9/bits/valarray_after.h:407:5:[m[K [01;36m[Knote: [m[K  template argument deduction/substitution failed:
[01m[K/home/knapp/git/order_optimizer/src/order_optimizer/src/subscriber_function.cpp:122:36:[m[K [01;36m[Knote: [m[K  candidate expects 2 arguments, 1 provided
  122 |             part part_ = *parts[it2[01;36m[K][m[K;
      |                                    [01;36m[K^[m[K
In file included from [01m[K/usr/include/x86_64-linux-gnu/c++/9/bits/stdc++.h:95[m[K,
                 from [01m[K/home/knapp/git/order_optimizer/src/order_optimizer/src/subscriber_function.cpp:7[m[K:
[01m[K/usr/include/c++/9/valarray:1187:1:[m[K [01;36m[Knote: [m[Kcandidate: ‘[01m[Ktemplate<class _Tp> std::_Expr<std::__detail::_BinClos<std::__multiplies, std::_ValArray, std::_ValArray, _Tp, _Tp>, typename std::__fun<std::__multiplies, _Tp>::result_type> std::operator*(const std::valarray<_Tp>&, const std::valarray<_Tp>&)[m[K’
 1187 | [01;36m[K_DEFINE_BINARY_OPERATOR[m[K(*, __multiplies)
      | [01;36m[K^~~~~~~~~~~~~~~~~~~~~~~[m[K
[01m[K/usr/include/c++/9/valarray:1187:1:[m[K [01;36m[Knote: [m[K  template argument deduction/substitution failed:
[01m[K/home/knapp/git/order_optimizer/src/order_optimizer/src/subscriber_function.cpp:122:36:[m[K [01;36m[Knote: [m[K  ‘[01m[Kconst YAML::Node[m[K’ is not derived from ‘[01m[Kconst std::valarray<_Tp>[m[K’
  122 |             part part_ = *parts[it2[01;36m[K][m[K;
      |                                    [01;36m[K^[m[K
In file included from [01m[K/usr/include/x86_64-linux-gnu/c++/9/bits/stdc++.h:95[m[K,
                 from [01m[K/home/knapp/git/order_optimizer/src/order_optimizer/src/subscriber_function.cpp:7[m[K:
[01m[K/usr/include/c++/9/valarray:1187:1:[m[K [01;36m[Knote: [m[Kcandidate: ‘[01m[Ktemplate<class _Tp> std::_Expr<std::__detail::_BinClos<std::__multiplies, std::_ValArray, std::_Constant, _Tp, _Tp>, typename std::__fun<std::__multiplies, _Tp>::result_type> std::operator*(const std::valarray<_Tp>&, const typename std::valarray<_Tp>::value_type&)[m[K’
 1187 | [01;36m[K_DEFINE_BINARY_OPERATOR[m[K(*, __multiplies)
      | [01;36m[K^~~~~~~~~~~~~~~~~~~~~~~[m[K
[01m[K/usr/include/c++/9/valarray:1187:1:[m[K [01;36m[Knote: [m[K  template argument deduction/substitution failed:
[01m[K/home/knapp/git/order_optimizer/src/order_optimizer/src/subscriber_function.cpp:122:36:[m[K [01;36m[Knote: [m[K  ‘[01m[Kconst YAML::Node[m[K’ is not derived from ‘[01m[Kconst std::valarray<_Tp>[m[K’
  122 |             part part_ = *parts[it2[01;36m[K][m[K;
      |                                    [01;36m[K^[m[K
In file included from [01m[K/usr/include/x86_64-linux-gnu/c++/9/bits/stdc++.h:95[m[K,
                 from [01m[K/home/knapp/git/order_optimizer/src/order_optimizer/src/subscriber_function.cpp:7[m[K:
[01m[K/usr/include/c++/9/valarray:1187:1:[m[K [01;36m[Knote: [m[Kcandidate: ‘[01m[Ktemplate<class _Tp> std::_Expr<std::__detail::_BinClos<std::__multiplies, std::_Constant, std::_ValArray, _Tp, _Tp>, typename std::__fun<std::__multiplies, _Tp>::result_type> std::operator*(const typename std::valarray<_Tp>::value_type&, const std::valarray<_Tp>&)[m[K’
 1187 | [01;36m[K_DEFINE_BINARY_OPERATOR[m[K(*, __multiplies)
      | [01;36m[K^~~~~~~~~~~~~~~~~~~~~~~[m[K
[01m[K/usr/include/c++/9/valarray:1187:1:[m[K [01;36m[Knote: [m[K  template argument deduction/substitution failed:
[01m[K/home/knapp/git/order_optimizer/src/order_optimizer/src/subscriber_function.cpp:122:36:[m[K [01;36m[Knote: [m[K  candidate expects 2 arguments, 1 provided
  122 |             part part_ = *parts[it2[01;36m[K][m[K;
      |                                    [01;36m[K^[m[K
make[2]: *** [CMakeFiles/OrderOptimizer.dir/build.make:63: CMakeFiles/OrderOptimizer.dir/src/subscriber_function.cpp.o] Error 1
make[1]: *** [CMakeFiles/Makefile2:80: CMakeFiles/OrderOptimizer.dir/all] Error 2
make: *** [Makefile:141: all] Error 2
