[0.112s] Invoking command in '/home/knapp/git/order_optimizer/build/order_optimizer': CMAKE_PREFIX_PATH=${CMAKE_PREFIX_PATH}:/home/knapp/ros2_foxy/install/ros2bag:/home/knapp/ros2_foxy/install/tracetools_launch:/home/knapp/ros2_foxy/install/topic_monitor:/home/knapp/ros2_foxy/install/examples_tf2_py:/home/knapp/ros2_foxy/install/sros2:/home/knapp/ros2_foxy/install/rqt_topic:/home/knapp/ros2_foxy/install/rqt_top:/home/knapp/ros2_foxy/install/rqt_srv:/home/knapp/ros2_foxy/install/rqt_shell:/home/knapp/ros2_foxy/install/rqt_service_caller:/home/knapp/ros2_foxy/install/rqt_reconfigure:/home/knapp/ros2_foxy/install/rqt_py_console:/home/knapp/ros2_foxy/install/rqt_publisher:/home/knapp/ros2_foxy/install/rqt_plot:/home/knapp/ros2_foxy/install/rqt_action:/home/knapp/ros2_foxy/install/rqt_msg:/home/knapp/ros2_foxy/install/rqt:/home/knapp/ros2_foxy/install/rqt_graph:/home/knapp/ros2_foxy/install/rqt_gui_py:/home/knapp/ros2_foxy/install/rqt_gui:/home/knapp/ros2_foxy/install/ros2trace:/home/knapp/ros2_foxy/install/ros2topic:/home/knapp/ros2_foxy/install/ros2test:/home/knapp/ros2_foxy/install/ros2component:/home/knapp/ros2_foxy/install/ros2param:/home/knapp/ros2_foxy/install/ros2lifecycle:/home/knapp/ros2_foxy/install/ros2service:/home/knapp/ros2_foxy/install/ros2run:/home/knapp/ros2_foxy/install/ros2launch:/home/knapp/ros2_foxy/install/ros2pkg:/home/knapp/ros2_foxy/install/ros2node:/home/knapp/ros2_foxy/install/ros2multicast:/home/knapp/ros2_foxy/install/ros2interface:/home/knapp/ros2_foxy/install/ros2doctor:/home/knapp/ros2_foxy/install/ros2action:/home/knapp/ros2_foxy/install/ros2cli:/home/knapp/ros2_foxy/install/quality_of_service_demo_py:/home/knapp/ros2_foxy/install/launch_testing_ros:/home/knapp/ros2_foxy/install/launch_ros:/home/knapp/ros2_foxy/install/examples_rclpy_minimal_subscriber:/home/knapp/ros2_foxy/install/examples_rclpy_minimal_service:/home/knapp/ros2_foxy/install/examples_rclpy_minimal_publisher:/home/knapp/ros2_foxy/install/examples_rclpy_minimal_client:/home/knapp/ros2_foxy/install/examples_rclpy_minimal_action_server:/home/knapp/ros2_foxy/install/examples_rclpy_minimal_action_client:/home/knapp/ros2_foxy/install/examples_rclpy_executors:/home/knapp/ros2_foxy/install/demo_nodes_py:/home/knapp/ros2_foxy/install/action_tutorials_py:/home/knapp/ros2_foxy/install/ament_uncrustify:/home/knapp/ros2_foxy/install/tracetools_trace:/home/knapp/ros2_foxy/install/tracetools_read:/home/knapp/ros2_foxy/install/test_launch_ros:/home/knapp/ros2_foxy/install/sensor_msgs_py:/home/knapp/ros2_foxy/install/rpyutils:/home/knapp/ros2_foxy/install/rosidl_runtime_py:/home/knapp/ros2_foxy/install/launch_yaml:/home/knapp/ros2_foxy/install/launch_xml:/home/knapp/ros2_foxy/install/launch_testing:/home/knapp/ros2_foxy/install/launch:/home/knapp/ros2_foxy/install/osrf_pycommon:/home/knapp/ros2_foxy/install/domain_coordinator:/home/knapp/ros2_foxy/install/ament_xmllint:/home/knapp/ros2_foxy/install/ament_pyflakes:/home/knapp/ros2_foxy/install/ament_pycodestyle:/home/knapp/ros2_foxy/install/ament_pep257:/home/knapp/ros2_foxy/install/ament_pclint:/home/knapp/ros2_foxy/install/ament_package:/home/knapp/ros2_foxy/install/ament_mypy:/home/knapp/ros2_foxy/install/ament_lint_cmake:/home/knapp/ros2_foxy/install/ament_flake8:/home/knapp/ros2_foxy/install/ament_copyright:/home/knapp/ros2_foxy/install/ament_lint:/home/knapp/ros2_foxy/install/ament_index_python:/home/knapp/ros2_foxy/install/ament_cpplint:/home/knapp/ros2_foxy/install/ament_cppcheck:/home/knapp/ros2_foxy/install/ament_clang_tidy:/home/knapp/ros2_foxy/install/ament_clang_format /usr/bin/cmake --build /home/knapp/git/order_optimizer/build/order_optimizer -- -j1 -l1
[0.262s] -- Found ament_cmake: 0.9.8 (/home/knapp/ros2_foxy/install/ament_cmake/share/ament_cmake/cmake)
[1.222s] -- Using PYTHON_EXECUTABLE: /usr/bin/python3
[3.123s] -- Found rclcpp: 2.3.1 (/home/knapp/ros2_foxy/install/rclcpp/share/rclcpp/cmake)
[3.318s] -- Using all available rosidl_typesupport_c: rosidl_typesupport_introspection_c;rosidl_typesupport_fastrtps_c
[3.325s] -- Found rosidl_adapter: 1.2.1 (/home/knapp/ros2_foxy/install/rosidl_adapter/share/rosidl_adapter/cmake)
[3.892s] -- Using all available rosidl_typesupport_cpp: rosidl_typesupport_introspection_cpp;rosidl_typesupport_fastrtps_cpp
[4.022s] -- Found rmw_implementation_cmake: 1.0.3 (/home/knapp/ros2_foxy/install/rmw_implementation_cmake/share/rmw_implementation_cmake/cmake)
[4.123s] -- Using RMW implementation 'rmw_fastrtps_cpp' as default
[4.441s] -- Found geometry_msgs: 2.0.4 (/home/knapp/ros2_foxy/install/geometry_msgs/share/geometry_msgs/cmake)
[4.652s] -- Found ament_lint_auto: 0.9.6 (/home/knapp/ros2_foxy/install/ament_lint_auto/share/ament_lint_auto/cmake)
[5.924s] -- Added test 'copyright' to check source files copyright and LICENSE
[5.931s] -- Added test 'cppcheck' to perform static code analysis on C / C++ code
[5.932s] -- Configured cppcheck include dirs: 
[5.932s] -- Configured cppcheck exclude dirs and/or files: 
[5.939s] -- Added test 'cpplint' to check C / C++ code against the Google style
[5.940s] -- Configured cpplint exclude dirs and/or files: 
[5.944s] -- Added test 'lint_cmake' to check CMake code style
[5.955s] -- Added test 'uncrustify' to check C / C++ code style
[5.956s] -- Configured uncrustify additional arguments: 
[5.957s] -- Added test 'xmllint' to check XML markup files
[5.964s] -- Configuring done
[5.968s] CMake Error at CMakeLists.txt:54 (add_library):
[5.968s]   Cannot find source file:
[5.969s] 
[5.969s]     yaml-cpp/yaml.h
[5.969s] 
[5.970s]   Tried extensions .c .C .c++ .cc .cpp .cxx .cu .m .M .mm .h .hh .h++ .hm
[5.970s]   .hpp .hxx .in .txx
[5.970s] 
[5.970s] 
[5.971s] CMake Error at CMakeLists.txt:54 (add_library):
[5.971s]   No SOURCES given to target: YAML_LIB
[5.971s] 
[5.972s] 
[5.972s] CMake Generate step failed.  Build files cannot be regenerated correctly.
[5.979s] make: *** [Makefile:310: cmake_check_build_system] Error 1
[5.988s] Invoked command in '/home/knapp/git/order_optimizer/build/order_optimizer' returned '2': CMAKE_PREFIX_PATH=${CMAKE_PREFIX_PATH}:/home/knapp/ros2_foxy/install/ros2bag:/home/knapp/ros2_foxy/install/tracetools_launch:/home/knapp/ros2_foxy/install/topic_monitor:/home/knapp/ros2_foxy/install/examples_tf2_py:/home/knapp/ros2_foxy/install/sros2:/home/knapp/ros2_foxy/install/rqt_topic:/home/knapp/ros2_foxy/install/rqt_top:/home/knapp/ros2_foxy/install/rqt_srv:/home/knapp/ros2_foxy/install/rqt_shell:/home/knapp/ros2_foxy/install/rqt_service_caller:/home/knapp/ros2_foxy/install/rqt_reconfigure:/home/knapp/ros2_foxy/install/rqt_py_console:/home/knapp/ros2_foxy/install/rqt_publisher:/home/knapp/ros2_foxy/install/rqt_plot:/home/knapp/ros2_foxy/install/rqt_action:/home/knapp/ros2_foxy/install/rqt_msg:/home/knapp/ros2_foxy/install/rqt:/home/knapp/ros2_foxy/install/rqt_graph:/home/knapp/ros2_foxy/install/rqt_gui_py:/home/knapp/ros2_foxy/install/rqt_gui:/home/knapp/ros2_foxy/install/ros2trace:/home/knapp/ros2_foxy/install/ros2topic:/home/knapp/ros2_foxy/install/ros2test:/home/knapp/ros2_foxy/install/ros2component:/home/knapp/ros2_foxy/install/ros2param:/home/knapp/ros2_foxy/install/ros2lifecycle:/home/knapp/ros2_foxy/install/ros2service:/home/knapp/ros2_foxy/install/ros2run:/home/knapp/ros2_foxy/install/ros2launch:/home/knapp/ros2_foxy/install/ros2pkg:/home/knapp/ros2_foxy/install/ros2node:/home/knapp/ros2_foxy/install/ros2multicast:/home/knapp/ros2_foxy/install/ros2interface:/home/knapp/ros2_foxy/install/ros2doctor:/home/knapp/ros2_foxy/install/ros2action:/home/knapp/ros2_foxy/install/ros2cli:/home/knapp/ros2_foxy/install/quality_of_service_demo_py:/home/knapp/ros2_foxy/install/launch_testing_ros:/home/knapp/ros2_foxy/install/launch_ros:/home/knapp/ros2_foxy/install/examples_rclpy_minimal_subscriber:/home/knapp/ros2_foxy/install/examples_rclpy_minimal_service:/home/knapp/ros2_foxy/install/examples_rclpy_minimal_publisher:/home/knapp/ros2_foxy/install/examples_rclpy_minimal_client:/home/knapp/ros2_foxy/install/examples_rclpy_minimal_action_server:/home/knapp/ros2_foxy/install/examples_rclpy_minimal_action_client:/home/knapp/ros2_foxy/install/examples_rclpy_executors:/home/knapp/ros2_foxy/install/demo_nodes_py:/home/knapp/ros2_foxy/install/action_tutorials_py:/home/knapp/ros2_foxy/install/ament_uncrustify:/home/knapp/ros2_foxy/install/tracetools_trace:/home/knapp/ros2_foxy/install/tracetools_read:/home/knapp/ros2_foxy/install/test_launch_ros:/home/knapp/ros2_foxy/install/sensor_msgs_py:/home/knapp/ros2_foxy/install/rpyutils:/home/knapp/ros2_foxy/install/rosidl_runtime_py:/home/knapp/ros2_foxy/install/launch_yaml:/home/knapp/ros2_foxy/install/launch_xml:/home/knapp/ros2_foxy/install/launch_testing:/home/knapp/ros2_foxy/install/launch:/home/knapp/ros2_foxy/install/osrf_pycommon:/home/knapp/ros2_foxy/install/domain_coordinator:/home/knapp/ros2_foxy/install/ament_xmllint:/home/knapp/ros2_foxy/install/ament_pyflakes:/home/knapp/ros2_foxy/install/ament_pycodestyle:/home/knapp/ros2_foxy/install/ament_pep257:/home/knapp/ros2_foxy/install/ament_pclint:/home/knapp/ros2_foxy/install/ament_package:/home/knapp/ros2_foxy/install/ament_mypy:/home/knapp/ros2_foxy/install/ament_lint_cmake:/home/knapp/ros2_foxy/install/ament_flake8:/home/knapp/ros2_foxy/install/ament_copyright:/home/knapp/ros2_foxy/install/ament_lint:/home/knapp/ros2_foxy/install/ament_index_python:/home/knapp/ros2_foxy/install/ament_cpplint:/home/knapp/ros2_foxy/install/ament_cppcheck:/home/knapp/ros2_foxy/install/ament_clang_tidy:/home/knapp/ros2_foxy/install/ament_clang_format /usr/bin/cmake --build /home/knapp/git/order_optimizer/build/order_optimizer -- -j1 -l1
