[0.222s] Invoking command in '/home/knapp/git/order_optimizer/build/order_optimizer': CMAKE_PREFIX_PATH=${CMAKE_PREFIX_PATH}:/home/knapp/ros2_foxy/install/ros2bag:/home/knapp/ros2_foxy/install/tracetools_launch:/home/knapp/ros2_foxy/install/topic_monitor:/home/knapp/ros2_foxy/install/examples_tf2_py:/home/knapp/ros2_foxy/install/sros2:/home/knapp/ros2_foxy/install/rqt_topic:/home/knapp/ros2_foxy/install/rqt_top:/home/knapp/ros2_foxy/install/rqt_srv:/home/knapp/ros2_foxy/install/rqt_shell:/home/knapp/ros2_foxy/install/rqt_service_caller:/home/knapp/ros2_foxy/install/rqt_reconfigure:/home/knapp/ros2_foxy/install/rqt_py_console:/home/knapp/ros2_foxy/install/rqt_publisher:/home/knapp/ros2_foxy/install/rqt_plot:/home/knapp/ros2_foxy/install/rqt_action:/home/knapp/ros2_foxy/install/rqt_msg:/home/knapp/ros2_foxy/install/rqt:/home/knapp/ros2_foxy/install/rqt_graph:/home/knapp/ros2_foxy/install/rqt_gui_py:/home/knapp/ros2_foxy/install/rqt_gui:/home/knapp/ros2_foxy/install/ros2trace:/home/knapp/ros2_foxy/install/ros2topic:/home/knapp/ros2_foxy/install/ros2test:/home/knapp/ros2_foxy/install/ros2component:/home/knapp/ros2_foxy/install/ros2param:/home/knapp/ros2_foxy/install/ros2lifecycle:/home/knapp/ros2_foxy/install/ros2service:/home/knapp/ros2_foxy/install/ros2run:/home/knapp/ros2_foxy/install/ros2launch:/home/knapp/ros2_foxy/install/ros2pkg:/home/knapp/ros2_foxy/install/ros2node:/home/knapp/ros2_foxy/install/ros2multicast:/home/knapp/ros2_foxy/install/ros2interface:/home/knapp/ros2_foxy/install/ros2doctor:/home/knapp/ros2_foxy/install/ros2action:/home/knapp/ros2_foxy/install/ros2cli:/home/knapp/ros2_foxy/install/quality_of_service_demo_py:/home/knapp/ros2_foxy/install/launch_testing_ros:/home/knapp/ros2_foxy/install/launch_ros:/home/knapp/ros2_foxy/install/examples_rclpy_minimal_subscriber:/home/knapp/ros2_foxy/install/examples_rclpy_minimal_service:/home/knapp/ros2_foxy/install/examples_rclpy_minimal_publisher:/home/knapp/ros2_foxy/install/examples_rclpy_minimal_client:/home/knapp/ros2_foxy/install/examples_rclpy_minimal_action_server:/home/knapp/ros2_foxy/install/examples_rclpy_minimal_action_client:/home/knapp/ros2_foxy/install/examples_rclpy_executors:/home/knapp/ros2_foxy/install/demo_nodes_py:/home/knapp/ros2_foxy/install/action_tutorials_py:/home/knapp/ros2_foxy/install/ament_uncrustify:/home/knapp/ros2_foxy/install/tracetools_trace:/home/knapp/ros2_foxy/install/tracetools_read:/home/knapp/ros2_foxy/install/test_launch_ros:/home/knapp/ros2_foxy/install/sensor_msgs_py:/home/knapp/ros2_foxy/install/rpyutils:/home/knapp/ros2_foxy/install/rosidl_runtime_py:/home/knapp/ros2_foxy/install/launch_yaml:/home/knapp/ros2_foxy/install/launch_xml:/home/knapp/ros2_foxy/install/launch_testing:/home/knapp/ros2_foxy/install/launch:/home/knapp/ros2_foxy/install/osrf_pycommon:/home/knapp/ros2_foxy/install/domain_coordinator:/home/knapp/ros2_foxy/install/ament_xmllint:/home/knapp/ros2_foxy/install/ament_pyflakes:/home/knapp/ros2_foxy/install/ament_pycodestyle:/home/knapp/ros2_foxy/install/ament_pep257:/home/knapp/ros2_foxy/install/ament_pclint:/home/knapp/ros2_foxy/install/ament_package:/home/knapp/ros2_foxy/install/ament_mypy:/home/knapp/ros2_foxy/install/ament_lint_cmake:/home/knapp/ros2_foxy/install/ament_flake8:/home/knapp/ros2_foxy/install/ament_copyright:/home/knapp/ros2_foxy/install/ament_lint:/home/knapp/ros2_foxy/install/ament_index_python:/home/knapp/ros2_foxy/install/ament_cpplint:/home/knapp/ros2_foxy/install/ament_cppcheck:/home/knapp/ros2_foxy/install/ament_clang_tidy:/home/knapp/ros2_foxy/install/ament_clang_format /usr/bin/cmake --build /home/knapp/git/order_optimizer/build/order_optimizer -- -j1 -l1
[0.726s] [ 50%] Built target OrderOptimizer
[0.808s] [35m[1mScanning dependencies of target SendOrder[0m
[0.953s] [ 75%] [32mBuilding CXX object CMakeFiles/SendOrder.dir/src/publisher_function.cpp.o[0m
[4.823s] In file included from [01m[K/home/knapp/ros2_foxy/install/rclcpp/include/rclcpp/client.hpp:40[m[K,
[4.824s]                  from [01m[K/home/knapp/ros2_foxy/install/rclcpp/include/rclcpp/callback_group.hpp:23[m[K,
[4.824s]                  from [01m[K/home/knapp/ros2_foxy/install/rclcpp/include/rclcpp/any_executable.hpp:20[m[K,
[4.824s]                  from [01m[K/home/knapp/ros2_foxy/install/rclcpp/include/rclcpp/memory_strategy.hpp:24[m[K,
[4.825s]                  from [01m[K/home/knapp/ros2_foxy/install/rclcpp/include/rclcpp/memory_strategies.hpp:18[m[K,
[4.825s]                  from [01m[K/home/knapp/ros2_foxy/install/rclcpp/include/rclcpp/executor_options.hpp:20[m[K,
[4.826s]                  from [01m[K/home/knapp/ros2_foxy/install/rclcpp/include/rclcpp/executor.hpp:33[m[K,
[4.826s]                  from [01m[K/home/knapp/ros2_foxy/install/rclcpp/include/rclcpp/executors/multi_threaded_executor.hpp:26[m[K,
[4.827s]                  from [01m[K/home/knapp/ros2_foxy/install/rclcpp/include/rclcpp/executors.hpp:21[m[K,
[4.827s]                  from [01m[K/home/knapp/ros2_foxy/install/rclcpp/include/rclcpp/rclcpp.hpp:146[m[K,
[4.827s]                  from [01m[K/home/knapp/git/order_optimizer/src/order_optimizer/src/publisher_function.cpp:3[m[K:
[4.830s] [01m[K/home/knapp/git/order_optimizer/src/order_optimizer/src/publisher_function.cpp:[m[K In member function ‘[01m[Kvoid SendOrder::current_position_callback()[m[K’:
[4.830s] [01m[K/home/knapp/git/order_optimizer/src/order_optimizer/src/publisher_function.cpp:39:62:[m[K [01;31m[Kerror: [m[K‘[01m[Kstruct geometry_msgs::msg::PoseStamped_<std::allocator<void> >[m[K’ has no member named ‘[01m[Kdata[m[K’
[4.830s]    39 |     RCLCPP_INFO(this->get_logger(), "Value: '%s'", message_1.[01;31m[Kdata[m[K.c_str());
[4.831s]       |                                                              [01;31m[K^~~~[m[K
[4.849s] [01m[K/home/knapp/git/order_optimizer/src/order_optimizer/src/publisher_function.cpp:40:35:[m[K [01;31m[Kerror: [m[Kno matching function for call to ‘[01m[Krclcpp::Publisher<std_msgs::msg::String_<std::allocator<void> > >::publish(geometry_msgs::msg::PoseStamped_<std::allocator<void> >&)[m[K’
[4.851s]    40 |     publisher_1->publish(message_1[01;31m[K)[m[K;
[4.851s]       |                                   [01;31m[K^[m[K
[4.852s] In file included from [01m[K/home/knapp/ros2_foxy/install/rclcpp/include/rclcpp/topic_statistics/subscription_topic_statistics.hpp:31[m[K,
[4.852s]                  from [01m[K/home/knapp/ros2_foxy/install/rclcpp/include/rclcpp/subscription.hpp:50[m[K,
[4.852s]                  from [01m[K/home/knapp/ros2_foxy/install/rclcpp/include/rclcpp/any_executable.hpp:25[m[K,
[4.852s]                  from [01m[K/home/knapp/ros2_foxy/install/rclcpp/include/rclcpp/memory_strategy.hpp:24[m[K,
[4.852s]                  from [01m[K/home/knapp/ros2_foxy/install/rclcpp/include/rclcpp/memory_strategies.hpp:18[m[K,
[4.853s]                  from [01m[K/home/knapp/ros2_foxy/install/rclcpp/include/rclcpp/executor_options.hpp:20[m[K,
[4.853s]                  from [01m[K/home/knapp/ros2_foxy/install/rclcpp/include/rclcpp/executor.hpp:33[m[K,
[4.853s]                  from [01m[K/home/knapp/ros2_foxy/install/rclcpp/include/rclcpp/executors/multi_threaded_executor.hpp:26[m[K,
[4.855s]                  from [01m[K/home/knapp/ros2_foxy/install/rclcpp/include/rclcpp/executors.hpp:21[m[K,
[4.855s]                  from [01m[K/home/knapp/ros2_foxy/install/rclcpp/include/rclcpp/rclcpp.hpp:146[m[K,
[4.855s]                  from [01m[K/home/knapp/git/order_optimizer/src/order_optimizer/src/publisher_function.cpp:3[m[K:
[4.856s] [01m[K/home/knapp/ros2_foxy/install/rclcpp/include/rclcpp/publisher.hpp:185:3:[m[K [01;36m[Knote: [m[Kcandidate: ‘[01m[Kvoid rclcpp::Publisher<MessageT, AllocatorT>::publish(std::unique_ptr<MessageT, typename std::conditional<std::is_same<typename std::allocator_traits<typename std::allocator_traits<_Alloc>::rebind_traits<MessageT>::allocator_type>::rebind_alloc<MessageT>, typename std::allocator<void>::rebind<_Tp1>::other>::value, std::default_delete<_Tp>, rclcpp::allocator::AllocatorDeleter<typename std::allocator_traits<_Alloc>::rebind_traits<MessageT>::allocator_type> >::type>) [with MessageT = std_msgs::msg::String_<std::allocator<void> >; AllocatorT = std::allocator<void>; typename std::conditional<std::is_same<typename std::allocator_traits<typename std::allocator_traits<_Alloc>::rebind_traits<MessageT>::allocator_type>::rebind_alloc<MessageT>, typename std::allocator<void>::rebind<_Tp1>::other>::value, std::default_delete<_Tp>, rclcpp::allocator::AllocatorDeleter<typename std::allocator_traits<_Alloc>::rebind_traits<MessageT>::allocator_type> >::type = std::default_delete<std_msgs::msg::String_<std::allocator<void> > >][m[K’
[4.856s]   185 |   [01;36m[Kpublish[m[K(std::unique_ptr<MessageT, MessageDeleter> msg)
[4.856s]       |   [01;36m[K^~~~~~~[m[K
[4.857s] [01m[K/home/knapp/ros2_foxy/install/rclcpp/include/rclcpp/publisher.hpp:185:53:[m[K [01;36m[Knote: [m[K  no known conversion for argument 1 from ‘[01m[Kgeometry_msgs::msg::PoseStamped_<std::allocator<void> >[m[K’ to ‘[01m[Kstd::unique_ptr<std_msgs::msg::String_<std::allocator<void> >, std::default_delete<std_msgs::msg::String_<std::allocator<void> > > >[m[K’
[4.858s]   185 |   publish([01;36m[Kstd::unique_ptr<MessageT, MessageDeleter> msg[m[K)
[4.858s]       |           [01;36m[K~~~~~~~~~~~~~~~~~~~~~~~~~~~~~~~~~~~~~~~~~~^~~[m[K
[4.859s] [01m[K/home/knapp/ros2_foxy/install/rclcpp/include/rclcpp/publisher.hpp:209:3:[m[K [01;36m[Knote: [m[Kcandidate: ‘[01m[Kvoid rclcpp::Publisher<MessageT, AllocatorT>::publish(const MessageT&) [with MessageT = std_msgs::msg::String_<std::allocator<void> >; AllocatorT = std::allocator<void>][m[K’
[4.859s]   209 |   [01;36m[Kpublish[m[K(const MessageT & msg)
[4.859s]       |   [01;36m[K^~~~~~~[m[K
[4.859s] [01m[K/home/knapp/ros2_foxy/install/rclcpp/include/rclcpp/publisher.hpp:209:28:[m[K [01;36m[Knote: [m[K  no known conversion for argument 1 from ‘[01m[Kgeometry_msgs::msg::PoseStamped_<std::allocator<void> >[m[K’ to ‘[01m[Kconst std_msgs::msg::String_<std::allocator<void> >&[m[K’
[4.859s]   209 |   publish([01;36m[Kconst MessageT & msg[m[K)
[4.859s]       |           [01;36m[K~~~~~~~~~~~~~~~~~^~~[m[K
[4.859s] [01m[K/home/knapp/ros2_foxy/install/rclcpp/include/rclcpp/publisher.hpp:226:3:[m[K [01;36m[Knote: [m[Kcandidate: ‘[01m[Kvoid rclcpp::Publisher<MessageT, AllocatorT>::publish(const rcl_serialized_message_t&) [with MessageT = std_msgs::msg::String_<std::allocator<void> >; AllocatorT = std::allocator<void>; rcl_serialized_message_t = rcutils_uint8_array_t][m[K’
[4.860s]   226 |   [01;36m[Kpublish[m[K(const rcl_serialized_message_t & serialized_msg)
[4.860s]       |   [01;36m[K^~~~~~~[m[K
[4.867s] [01m[K/home/knapp/ros2_foxy/install/rclcpp/include/rclcpp/publisher.hpp:226:44:[m[K [01;36m[Knote: [m[K  no known conversion for argument 1 from ‘[01m[Kgeometry_msgs::msg::PoseStamped_<std::allocator<void> >[m[K’ to ‘[01m[Kconst rcl_serialized_message_t&[m[K’ {aka ‘[01m[Kconst rcutils_uint8_array_t&[m[K’}
[4.867s]   226 |   publish([01;36m[Kconst rcl_serialized_message_t & serialized_msg[m[K)
[4.867s]       |           [01;36m[K~~~~~~~~~~~~~~~~~~~~~~~~~~~~~~~~~^~~~~~~~~~~~~~[m[K
[4.868s] [01m[K/home/knapp/ros2_foxy/install/rclcpp/include/rclcpp/publisher.hpp:232:3:[m[K [01;36m[Knote: [m[Kcandidate: ‘[01m[Kvoid rclcpp::Publisher<MessageT, AllocatorT>::publish(const rclcpp::SerializedMessage&) [with MessageT = std_msgs::msg::String_<std::allocator<void> >; AllocatorT = std::allocator<void>][m[K’
[4.868s]   232 |   [01;36m[Kpublish[m[K(const SerializedMessage & serialized_msg)
[4.868s]       |   [01;36m[K^~~~~~~[m[K
[4.869s] [01m[K/home/knapp/ros2_foxy/install/rclcpp/include/rclcpp/publisher.hpp:232:37:[m[K [01;36m[Knote: [m[K  no known conversion for argument 1 from ‘[01m[Kgeometry_msgs::msg::PoseStamped_<std::allocator<void> >[m[K’ to ‘[01m[Kconst rclcpp::SerializedMessage&[m[K’
[4.869s]   232 |   publish([01;36m[Kconst SerializedMessage & serialized_msg[m[K)
[4.869s]       |           [01;36m[K~~~~~~~~~~~~~~~~~~~~~~~~~~^~~~~~~~~~~~~~[m[K
[4.869s] [01m[K/home/knapp/ros2_foxy/install/rclcpp/include/rclcpp/publisher.hpp:246:3:[m[K [01;36m[Knote: [m[Kcandidate: ‘[01m[Kvoid rclcpp::Publisher<MessageT, AllocatorT>::publish(rclcpp::LoanedMessage<MessageT, AllocatorT>&&) [with MessageT = std_msgs::msg::String_<std::allocator<void> >; AllocatorT = std::allocator<void>][m[K’
[4.869s]   246 |   [01;36m[Kpublish[m[K(rclcpp::LoanedMessage<MessageT, AllocatorT> && loaned_msg)
[4.869s]       |   [01;36m[K^~~~~~~[m[K
[4.870s] [01m[K/home/knapp/ros2_foxy/install/rclcpp/include/rclcpp/publisher.hpp:246:58:[m[K [01;36m[Knote: [m[K  no known conversion for argument 1 from ‘[01m[Kgeometry_msgs::msg::PoseStamped_<std::allocator<void> >[m[K’ to ‘[01m[Krclcpp::LoanedMessage<std_msgs::msg::String_<std::allocator<void> >, std::allocator<void> >&&[m[K’
[4.872s]   246 |   publish([01;36m[Krclcpp::LoanedMessage<MessageT, AllocatorT> && loaned_msg[m[K)
[4.872s]       |           [01;36m[K~~~~~~~~~~~~~~~~~~~~~~~~~~~~~~~~~~~~~~~~~~~~~~~^~~~~~~~~~[m[K
[4.873s] [01m[K/home/knapp/git/order_optimizer/src/order_optimizer/src/publisher_function.cpp:[m[K In function ‘[01m[Kint main(int, char**)[m[K’:
[4.873s] [01m[K/home/knapp/git/order_optimizer/src/order_optimizer/src/publisher_function.cpp:88:46:[m[K [01;31m[Kerror: [m[Kno matching function for call to ‘[01m[Kto_string(char*&)[m[K’
[4.874s]    88 |                 de = std::to_string(argv[i+1][01;31m[K)[m[K;
[4.874s]       |                                              [01;31m[K^[m[K
[4.875s] In file included from [01m[K/usr/include/c++/9/string:55[m[K,
[4.875s]                  from [01m[K/usr/include/c++/9/stdexcept:39[m[K,
[4.875s]                  from [01m[K/usr/include/c++/9/array:39[m[K,
[4.876s]                  from [01m[K/usr/include/c++/9/tuple:39[m[K,
[4.876s]                  from [01m[K/usr/include/c++/9/bits/unique_ptr.h:37[m[K,
[4.876s]                  from [01m[K/usr/include/c++/9/memory:80[m[K,
[4.876s]                  from [01m[K/home/knapp/git/order_optimizer/src/order_optimizer/src/publisher_function.cpp:2[m[K:
[4.876s] [01m[K/usr/include/c++/9/bits/basic_string.h:6546:3:[m[K [01;36m[Knote: [m[Kcandidate: ‘[01m[Kstd::string std::__cxx11::to_string(int)[m[K’ <near match>
[4.879s]  6546 |   [01;36m[Kto_string[m[K(int __val)
[4.882s]       |   [01;36m[K^~~~~~~~~[m[K
[4.882s] [01m[K/usr/include/c++/9/bits/basic_string.h:6546:3:[m[K [01;36m[Knote: [m[K  conversion of argument 1 would be ill-formed:
[4.888s] [01m[K/home/knapp/git/order_optimizer/src/order_optimizer/src/publisher_function.cpp:88:45:[m[K [01;31m[Kerror: [m[Kinvalid conversion from ‘[01m[Kchar*[m[K’ to ‘[01m[Kint[m[K’ [[01;31m[K-fpermissive[m[K]
[4.889s]    88 |                 de = std::to_string([01;31m[Kargv[i+1][m[K);
[4.889s]       |                                     [01;31m[K~~~~~~~~^[m[K
[4.889s]       |                                             [01;31m[K|[m[K
[4.889s]       |                                             [01;31m[Kchar*[m[K
[4.891s] In file included from [01m[K/usr/include/c++/9/string:55[m[K,
[4.891s]                  from [01m[K/usr/include/c++/9/stdexcept:39[m[K,
[4.891s]                  from [01m[K/usr/include/c++/9/array:39[m[K,
[4.891s]                  from [01m[K/usr/include/c++/9/tuple:39[m[K,
[4.891s]                  from [01m[K/usr/include/c++/9/bits/unique_ptr.h:37[m[K,
[4.891s]                  from [01m[K/usr/include/c++/9/memory:80[m[K,
[4.891s]                  from [01m[K/home/knapp/git/order_optimizer/src/order_optimizer/src/publisher_function.cpp:2[m[K:
[4.891s] [01m[K/usr/include/c++/9/bits/basic_string.h:6551:3:[m[K [01;36m[Knote: [m[Kcandidate: ‘[01m[Kstd::string std::__cxx11::to_string(unsigned int)[m[K’ <near match>
[4.892s]  6551 |   [01;36m[Kto_string[m[K(unsigned __val)
[4.892s]       |   [01;36m[K^~~~~~~~~[m[K
[4.892s] [01m[K/usr/include/c++/9/bits/basic_string.h:6551:3:[m[K [01;36m[Knote: [m[K  conversion of argument 1 would be ill-formed:
[4.892s] [01m[K/home/knapp/git/order_optimizer/src/order_optimizer/src/publisher_function.cpp:88:45:[m[K [01;31m[Kerror: [m[Kinvalid conversion from ‘[01m[Kchar*[m[K’ to ‘[01m[Kunsigned int[m[K’ [[01;31m[K-fpermissive[m[K]
[4.892s]    88 |                 de = std::to_string([01;31m[Kargv[i+1][m[K);
[4.892s]       |                                     [01;31m[K~~~~~~~~^[m[K
[4.893s]       |                                             [01;31m[K|[m[K
[4.893s]       |                                             [01;31m[Kchar*[m[K
[4.893s] In file included from [01m[K/usr/include/c++/9/string:55[m[K,
[4.893s]                  from [01m[K/usr/include/c++/9/stdexcept:39[m[K,
[4.893s]                  from [01m[K/usr/include/c++/9/array:39[m[K,
[4.893s]                  from [01m[K/usr/include/c++/9/tuple:39[m[K,
[4.893s]                  from [01m[K/usr/include/c++/9/bits/unique_ptr.h:37[m[K,
[4.893s]                  from [01m[K/usr/include/c++/9/memory:80[m[K,
[4.894s]                  from [01m[K/home/knapp/git/order_optimizer/src/order_optimizer/src/publisher_function.cpp:2[m[K:
[4.894s] [01m[K/usr/include/c++/9/bits/basic_string.h:6557:3:[m[K [01;36m[Knote: [m[Kcandidate: ‘[01m[Kstd::string std::__cxx11::to_string(long int)[m[K’ <near match>
[4.894s]  6557 |   [01;36m[Kto_string[m[K(long __val)
[4.901s]       |   [01;36m[K^~~~~~~~~[m[K
[4.902s] [01m[K/usr/include/c++/9/bits/basic_string.h:6557:3:[m[K [01;36m[Knote: [m[K  conversion of argument 1 would be ill-formed:
[4.902s] [01m[K/home/knapp/git/order_optimizer/src/order_optimizer/src/publisher_function.cpp:88:45:[m[K [01;31m[Kerror: [m[Kinvalid conversion from ‘[01m[Kchar*[m[K’ to ‘[01m[Klong int[m[K’ [[01;31m[K-fpermissive[m[K]
[4.902s]    88 |                 de = std::to_string([01;31m[Kargv[i+1][m[K);
[4.902s]       |                                     [01;31m[K~~~~~~~~^[m[K
[4.902s]       |                                             [01;31m[K|[m[K
[4.902s]       |                                             [01;31m[Kchar*[m[K
[4.902s] In file included from [01m[K/usr/include/c++/9/string:55[m[K,
[4.903s]                  from [01m[K/usr/include/c++/9/stdexcept:39[m[K,
[4.903s]                  from [01m[K/usr/include/c++/9/array:39[m[K,
[4.903s]                  from [01m[K/usr/include/c++/9/tuple:39[m[K,
[4.903s]                  from [01m[K/usr/include/c++/9/bits/unique_ptr.h:37[m[K,
[4.903s]                  from [01m[K/usr/include/c++/9/memory:80[m[K,
[4.903s]                  from [01m[K/home/knapp/git/order_optimizer/src/order_optimizer/src/publisher_function.cpp:2[m[K:
[4.903s] [01m[K/usr/include/c++/9/bits/basic_string.h:6562:3:[m[K [01;36m[Knote: [m[Kcandidate: ‘[01m[Kstd::string std::__cxx11::to_string(long unsigned int)[m[K’ <near match>
[4.904s]  6562 |   [01;36m[Kto_string[m[K(unsigned long __val)
[4.904s]       |   [01;36m[K^~~~~~~~~[m[K
[4.904s] [01m[K/usr/include/c++/9/bits/basic_string.h:6562:3:[m[K [01;36m[Knote: [m[K  conversion of argument 1 would be ill-formed:
[4.904s] [01m[K/home/knapp/git/order_optimizer/src/order_optimizer/src/publisher_function.cpp:88:45:[m[K [01;31m[Kerror: [m[Kinvalid conversion from ‘[01m[Kchar*[m[K’ to ‘[01m[Klong unsigned int[m[K’ [[01;31m[K-fpermissive[m[K]
[4.904s]    88 |                 de = std::to_string([01;31m[Kargv[i+1][m[K);
[4.904s]       |                                     [01;31m[K~~~~~~~~^[m[K
[4.904s]       |                                             [01;31m[K|[m[K
[4.905s]       |                                             [01;31m[Kchar*[m[K
[4.905s] In file included from [01m[K/usr/include/c++/9/string:55[m[K,
[4.905s]                  from [01m[K/usr/include/c++/9/stdexcept:39[m[K,
[4.905s]                  from [01m[K/usr/include/c++/9/array:39[m[K,
[4.905s]                  from [01m[K/usr/include/c++/9/tuple:39[m[K,
[4.905s]                  from [01m[K/usr/include/c++/9/bits/unique_ptr.h:37[m[K,
[4.905s]                  from [01m[K/usr/include/c++/9/memory:80[m[K,
[4.905s]                  from [01m[K/home/knapp/git/order_optimizer/src/order_optimizer/src/publisher_function.cpp:2[m[K:
[4.905s] [01m[K/usr/include/c++/9/bits/basic_string.h:6568:3:[m[K [01;36m[Knote: [m[Kcandidate: ‘[01m[Kstd::string std::__cxx11::to_string(long long int)[m[K’ <near match>
[4.906s]  6568 |   [01;36m[Kto_string[m[K(long long __val)
[4.906s]       |   [01;36m[K^~~~~~~~~[m[K
[4.906s] [01m[K/usr/include/c++/9/bits/basic_string.h:6568:3:[m[K [01;36m[Knote: [m[K  conversion of argument 1 would be ill-formed:
[4.906s] [01m[K/home/knapp/git/order_optimizer/src/order_optimizer/src/publisher_function.cpp:88:45:[m[K [01;31m[Kerror: [m[Kinvalid conversion from ‘[01m[Kchar*[m[K’ to ‘[01m[Klong long int[m[K’ [[01;31m[K-fpermissive[m[K]
[4.913s]    88 |                 de = std::to_string([01;31m[Kargv[i+1][m[K);
[4.913s]       |                                     [01;31m[K~~~~~~~~^[m[K
[4.914s]       |                                             [01;31m[K|[m[K
[4.914s]       |                                             [01;31m[Kchar*[m[K
[4.914s] In file included from [01m[K/usr/include/c++/9/string:55[m[K,
[4.914s]                  from [01m[K/usr/include/c++/9/stdexcept:39[m[K,
[4.914s]                  from [01m[K/usr/include/c++/9/array:39[m[K,
[4.914s]                  from [01m[K/usr/include/c++/9/tuple:39[m[K,
[4.914s]                  from [01m[K/usr/include/c++/9/bits/unique_ptr.h:37[m[K,
[4.920s]                  from [01m[K/usr/include/c++/9/memory:80[m[K,
[4.920s]                  from [01m[K/home/knapp/git/order_optimizer/src/order_optimizer/src/publisher_function.cpp:2[m[K:
[4.920s] [01m[K/usr/include/c++/9/bits/basic_string.h:6574:3:[m[K [01;36m[Knote: [m[Kcandidate: ‘[01m[Kstd::string std::__cxx11::to_string(long long unsigned int)[m[K’ <near match>
[4.920s]  6574 |   [01;36m[Kto_string[m[K(unsigned long long __val)
[4.920s]       |   [01;36m[K^~~~~~~~~[m[K
[4.920s] [01m[K/usr/include/c++/9/bits/basic_string.h:6574:3:[m[K [01;36m[Knote: [m[K  conversion of argument 1 would be ill-formed:
[4.920s] [01m[K/home/knapp/git/order_optimizer/src/order_optimizer/src/publisher_function.cpp:88:45:[m[K [01;31m[Kerror: [m[Kinvalid conversion from ‘[01m[Kchar*[m[K’ to ‘[01m[Klong long unsigned int[m[K’ [[01;31m[K-fpermissive[m[K]
[4.921s]    88 |                 de = std::to_string([01;31m[Kargv[i+1][m[K);
[4.921s]       |                                     [01;31m[K~~~~~~~~^[m[K
[4.921s]       |                                             [01;31m[K|[m[K
[4.921s]       |                                             [01;31m[Kchar*[m[K
[7.206s] make[2]: *** [CMakeFiles/SendOrder.dir/build.make:63: CMakeFiles/SendOrder.dir/src/publisher_function.cpp.o] Error 1
[7.213s] make[1]: *** [CMakeFiles/Makefile2:107: CMakeFiles/SendOrder.dir/all] Error 2
[7.214s] make: *** [Makefile:141: all] Error 2
[7.215s] Invoked command in '/home/knapp/git/order_optimizer/build/order_optimizer' returned '2': CMAKE_PREFIX_PATH=${CMAKE_PREFIX_PATH}:/home/knapp/ros2_foxy/install/ros2bag:/home/knapp/ros2_foxy/install/tracetools_launch:/home/knapp/ros2_foxy/install/topic_monitor:/home/knapp/ros2_foxy/install/examples_tf2_py:/home/knapp/ros2_foxy/install/sros2:/home/knapp/ros2_foxy/install/rqt_topic:/home/knapp/ros2_foxy/install/rqt_top:/home/knapp/ros2_foxy/install/rqt_srv:/home/knapp/ros2_foxy/install/rqt_shell:/home/knapp/ros2_foxy/install/rqt_service_caller:/home/knapp/ros2_foxy/install/rqt_reconfigure:/home/knapp/ros2_foxy/install/rqt_py_console:/home/knapp/ros2_foxy/install/rqt_publisher:/home/knapp/ros2_foxy/install/rqt_plot:/home/knapp/ros2_foxy/install/rqt_action:/home/knapp/ros2_foxy/install/rqt_msg:/home/knapp/ros2_foxy/install/rqt:/home/knapp/ros2_foxy/install/rqt_graph:/home/knapp/ros2_foxy/install/rqt_gui_py:/home/knapp/ros2_foxy/install/rqt_gui:/home/knapp/ros2_foxy/install/ros2trace:/home/knapp/ros2_foxy/install/ros2topic:/home/knapp/ros2_foxy/install/ros2test:/home/knapp/ros2_foxy/install/ros2component:/home/knapp/ros2_foxy/install/ros2param:/home/knapp/ros2_foxy/install/ros2lifecycle:/home/knapp/ros2_foxy/install/ros2service:/home/knapp/ros2_foxy/install/ros2run:/home/knapp/ros2_foxy/install/ros2launch:/home/knapp/ros2_foxy/install/ros2pkg:/home/knapp/ros2_foxy/install/ros2node:/home/knapp/ros2_foxy/install/ros2multicast:/home/knapp/ros2_foxy/install/ros2interface:/home/knapp/ros2_foxy/install/ros2doctor:/home/knapp/ros2_foxy/install/ros2action:/home/knapp/ros2_foxy/install/ros2cli:/home/knapp/ros2_foxy/install/quality_of_service_demo_py:/home/knapp/ros2_foxy/install/launch_testing_ros:/home/knapp/ros2_foxy/install/launch_ros:/home/knapp/ros2_foxy/install/examples_rclpy_minimal_subscriber:/home/knapp/ros2_foxy/install/examples_rclpy_minimal_service:/home/knapp/ros2_foxy/install/examples_rclpy_minimal_publisher:/home/knapp/ros2_foxy/install/examples_rclpy_minimal_client:/home/knapp/ros2_foxy/install/examples_rclpy_minimal_action_server:/home/knapp/ros2_foxy/install/examples_rclpy_minimal_action_client:/home/knapp/ros2_foxy/install/examples_rclpy_executors:/home/knapp/ros2_foxy/install/demo_nodes_py:/home/knapp/ros2_foxy/install/action_tutorials_py:/home/knapp/ros2_foxy/install/ament_uncrustify:/home/knapp/ros2_foxy/install/tracetools_trace:/home/knapp/ros2_foxy/install/tracetools_read:/home/knapp/ros2_foxy/install/test_launch_ros:/home/knapp/ros2_foxy/install/sensor_msgs_py:/home/knapp/ros2_foxy/install/rpyutils:/home/knapp/ros2_foxy/install/rosidl_runtime_py:/home/knapp/ros2_foxy/install/launch_yaml:/home/knapp/ros2_foxy/install/launch_xml:/home/knapp/ros2_foxy/install/launch_testing:/home/knapp/ros2_foxy/install/launch:/home/knapp/ros2_foxy/install/osrf_pycommon:/home/knapp/ros2_foxy/install/domain_coordinator:/home/knapp/ros2_foxy/install/ament_xmllint:/home/knapp/ros2_foxy/install/ament_pyflakes:/home/knapp/ros2_foxy/install/ament_pycodestyle:/home/knapp/ros2_foxy/install/ament_pep257:/home/knapp/ros2_foxy/install/ament_pclint:/home/knapp/ros2_foxy/install/ament_package:/home/knapp/ros2_foxy/install/ament_mypy:/home/knapp/ros2_foxy/install/ament_lint_cmake:/home/knapp/ros2_foxy/install/ament_flake8:/home/knapp/ros2_foxy/install/ament_copyright:/home/knapp/ros2_foxy/install/ament_lint:/home/knapp/ros2_foxy/install/ament_index_python:/home/knapp/ros2_foxy/install/ament_cpplint:/home/knapp/ros2_foxy/install/ament_cppcheck:/home/knapp/ros2_foxy/install/ament_clang_tidy:/home/knapp/ros2_foxy/install/ament_clang_format /usr/bin/cmake --build /home/knapp/git/order_optimizer/build/order_optimizer -- -j1 -l1
