[01m[K/home/knapp/git/order_optimizer/src/order_optimizer/src/subscriber_function.cpp:[m[K In member function ‘[01m[Kvoid OrderOptimizer::read_orders(std::string, int)[m[K’:
[01m[K/home/knapp/git/order_optimizer/src/order_optimizer/src/subscriber_function.cpp:223:40:[m[K [01;31m[Kerror: [m[Kno match for ‘[01m[Koperator<[m[K’ (operand types are ‘[01m[Kstd::basic_ostream<char>[m[K’ and ‘[01m[K<unresolved overloaded function type>[m[K’)
  223 |             [01;31m[Kstd::cerr <<"unutraaaa sam"< std::endl[m[K;
      |             [01;31m[K~~~~~~~~~~~~~~~~~~~~~~~~~~~^~~~~~~~~~~[m[K
In file included from [01m[K/usr/include/c++/9/regex:62[m[K,
                 from [01m[K/usr/include/x86_64-linux-gnu/c++/9/bits/stdc++.h:110[m[K,
                 from [01m[K/home/knapp/git/order_optimizer/src/order_optimizer/src/subscriber_function.cpp:10[m[K:
[01m[K/usr/include/c++/9/bits/regex.h:1048:5:[m[K [01;36m[Knote: [m[Kcandidate: ‘[01m[Ktemplate<class _BiIter> bool std::__cxx11::operator<(const std::__cxx11::sub_match<_BiIter>&, const std::__cxx11::sub_match<_BiIter>&)[m[K’
 1048 |     [01;36m[Koperator[m[K<(const sub_match<_BiIter>& __lhs, const sub_match<_BiIter>& __rhs)
      |     [01;36m[K^~~~~~~~[m[K
[01m[K/usr/include/c++/9/bits/regex.h:1048:5:[m[K [01;36m[Knote: [m[K  template argument deduction/substitution failed:
[01m[K/home/knapp/git/order_optimizer/src/order_optimizer/src/subscriber_function.cpp:223:47:[m[K [01;36m[Knote: [m[K  ‘[01m[Kstd::basic_ostream<char>[m[K’ is not derived from ‘[01m[Kconst std::__cxx11::sub_match<_BiIter>[m[K’
  223 |             std::cerr <<"unutraaaa sam"< std::[01;36m[Kendl[m[K;
      |                                               [01;36m[K^~~~[m[K
In file included from [01m[K/usr/include/c++/9/regex:62[m[K,
                 from [01m[K/usr/include/x86_64-linux-gnu/c++/9/bits/stdc++.h:110[m[K,
                 from [01m[K/home/knapp/git/order_optimizer/src/order_optimizer/src/subscriber_function.cpp:10[m[K:
[01m[K/usr/include/c++/9/bits/regex.h:1124:5:[m[K [01;36m[Knote: [m[Kcandidate: ‘[01m[Ktemplate<class _Bi_iter, class _Ch_traits, class _Ch_alloc> bool std::__cxx11::operator<(std::__cxx11::__sub_match_string<_Bi_iter, _Ch_traits, _Ch_alloc>&, const std::__cxx11::sub_match<_BiIter>&)[m[K’
 1124 |     [01;36m[Koperator[m[K<(const __sub_match_string<_Bi_iter, _Ch_traits, _Ch_alloc>& __lhs,
      |     [01;36m[K^~~~~~~~[m[K
[01m[K/usr/include/c++/9/bits/regex.h:1124:5:[m[K [01;36m[Knote: [m[K  template argument deduction/substitution failed:
[01m[K/home/knapp/git/order_optimizer/src/order_optimizer/src/subscriber_function.cpp:223:47:[m[K [01;36m[Knote: [m[K  ‘[01m[Kstd::basic_ostream<char>[m[K’ is not derived from ‘[01m[Kstd::__cxx11::__sub_match_string<_Bi_iter, _Ch_traits, _Ch_alloc>[m[K’
  223 |             std::cerr <<"unutraaaa sam"< std::[01;36m[Kendl[m[K;
      |                                               [01;36m[K^~~~[m[K
In file included from [01m[K/usr/include/c++/9/regex:62[m[K,
                 from [01m[K/usr/include/x86_64-linux-gnu/c++/9/bits/stdc++.h:110[m[K,
                 from [01m[K/home/knapp/git/order_optimizer/src/order_optimizer/src/subscriber_function.cpp:10[m[K:
[01m[K/usr/include/c++/9/bits/regex.h:1198:5:[m[K [01;36m[Knote: [m[Kcandidate: ‘[01m[Ktemplate<class _Bi_iter, class _Ch_traits, class _Ch_alloc> bool std::__cxx11::operator<(const std::__cxx11::sub_match<_BiIter>&, std::__cxx11::__sub_match_string<_Bi_iter, _Ch_traits, _Ch_alloc>&)[m[K’
 1198 |     [01;36m[Koperator[m[K<(const sub_match<_Bi_iter>& __lhs,
      |     [01;36m[K^~~~~~~~[m[K
[01m[K/usr/include/c++/9/bits/regex.h:1198:5:[m[K [01;36m[Knote: [m[K  template argument deduction/substitution failed:
[01m[K/home/knapp/git/order_optimizer/src/order_optimizer/src/subscriber_function.cpp:223:47:[m[K [01;36m[Knote: [m[K  ‘[01m[Kstd::basic_ostream<char>[m[K’ is not derived from ‘[01m[Kconst std::__cxx11::sub_match<_BiIter>[m[K’
  223 |             std::cerr <<"unutraaaa sam"< std::[01;36m[Kendl[m[K;
      |                                               [01;36m[K^~~~[m[K
In file included from [01m[K/usr/include/c++/9/regex:62[m[K,
                 from [01m[K/usr/include/x86_64-linux-gnu/c++/9/bits/stdc++.h:110[m[K,
                 from [01m[K/home/knapp/git/order_optimizer/src/order_optimizer/src/subscriber_function.cpp:10[m[K:
[01m[K/usr/include/c++/9/bits/regex.h:1272:5:[m[K [01;36m[Knote: [m[Kcandidate: ‘[01m[Ktemplate<class _Bi_iter> bool std::__cxx11::operator<(const typename std::iterator_traits<_Iter>::value_type*, const std::__cxx11::sub_match<_BiIter>&)[m[K’
 1272 |     [01;36m[Koperator[m[K<(typename iterator_traits<_Bi_iter>::value_type const* __lhs,
      |     [01;36m[K^~~~~~~~[m[K
[01m[K/usr/include/c++/9/bits/regex.h:1272:5:[m[K [01;36m[Knote: [m[K  template argument deduction/substitution failed:
[01m[K/home/knapp/git/order_optimizer/src/order_optimizer/src/subscriber_function.cpp:223:47:[m[K [01;36m[Knote: [m[K  couldn’t deduce template parameter ‘[01m[K_Bi_iter[m[K’
  223 |             std::cerr <<"unutraaaa sam"< std::[01;36m[Kendl[m[K;
      |                                               [01;36m[K^~~~[m[K
In file included from [01m[K/usr/include/c++/9/regex:62[m[K,
                 from [01m[K/usr/include/x86_64-linux-gnu/c++/9/bits/stdc++.h:110[m[K,
                 from [01m[K/home/knapp/git/order_optimizer/src/order_optimizer/src/subscriber_function.cpp:10[m[K:
[01m[K/usr/include/c++/9/bits/regex.h:1346:5:[m[K [01;36m[Knote: [m[Kcandidate: ‘[01m[Ktemplate<class _Bi_iter> bool std::__cxx11::operator<(const std::__cxx11::sub_match<_BiIter>&, const typename std::iterator_traits<_Iter>::value_type*)[m[K’
 1346 |     [01;36m[Koperator[m[K<(const sub_match<_Bi_iter>& __lhs,
      |     [01;36m[K^~~~~~~~[m[K
[01m[K/usr/include/c++/9/bits/regex.h:1346:5:[m[K [01;36m[Knote: [m[K  template argument deduction/substitution failed:
[01m[K/home/knapp/git/order_optimizer/src/order_optimizer/src/subscriber_function.cpp:223:47:[m[K [01;36m[Knote: [m[K  ‘[01m[Kstd::basic_ostream<char>[m[K’ is not derived from ‘[01m[Kconst std::__cxx11::sub_match<_BiIter>[m[K’
  223 |             std::cerr <<"unutraaaa sam"< std::[01;36m[Kendl[m[K;
      |                                               [01;36m[K^~~~[m[K
In file included from [01m[K/usr/include/c++/9/regex:62[m[K,
                 from [01m[K/usr/include/x86_64-linux-gnu/c++/9/bits/stdc++.h:110[m[K,
                 from [01m[K/home/knapp/git/order_optimizer/src/order_optimizer/src/subscriber_function.cpp:10[m[K:
[01m[K/usr/include/c++/9/bits/regex.h:1421:5:[m[K [01;36m[Knote: [m[Kcandidate: ‘[01m[Ktemplate<class _Bi_iter> bool std::__cxx11::operator<(const typename std::iterator_traits<_Iter>::value_type&, const std::__cxx11::sub_match<_BiIter>&)[m[K’
 1421 |     [01;36m[Koperator[m[K<(typename iterator_traits<_Bi_iter>::value_type const& __lhs,
      |     [01;36m[K^~~~~~~~[m[K
[01m[K/usr/include/c++/9/bits/regex.h:1421:5:[m[K [01;36m[Knote: [m[K  template argument deduction/substitution failed:
[01m[K/home/knapp/git/order_optimizer/src/order_optimizer/src/subscriber_function.cpp:223:47:[m[K [01;36m[Knote: [m[K  couldn’t deduce template parameter ‘[01m[K_Bi_iter[m[K’
  223 |             std::cerr <<"unutraaaa sam"< std::[01;36m[Kendl[m[K;
      |                                               [01;36m[K^~~~[m[K
In file included from [01m[K/usr/include/c++/9/regex:62[m[K,
                 from [01m[K/usr/include/x86_64-linux-gnu/c++/9/bits/stdc++.h:110[m[K,
                 from [01m[K/home/knapp/git/order_optimizer/src/order_optimizer/src/subscriber_function.cpp:10[m[K:
[01m[K/usr/include/c++/9/bits/regex.h:1499:5:[m[K [01;36m[Knote: [m[Kcandidate: ‘[01m[Ktemplate<class _Bi_iter> bool std::__cxx11::operator<(const std::__cxx11::sub_match<_BiIter>&, const typename std::iterator_traits<_Iter>::value_type&)[m[K’
 1499 |     [01;36m[Koperator[m[K<(const sub_match<_Bi_iter>& __lhs,
      |     [01;36m[K^~~~~~~~[m[K
[01m[K/usr/include/c++/9/bits/regex.h:1499:5:[m[K [01;36m[Knote: [m[K  template argument deduction/substitution failed:
[01m[K/home/knapp/git/order_optimizer/src/order_optimizer/src/subscriber_function.cpp:223:47:[m[K [01;36m[Knote: [m[K  ‘[01m[Kstd::basic_ostream<char>[m[K’ is not derived from ‘[01m[Kconst std::__cxx11::sub_match<_BiIter>[m[K’
  223 |             std::cerr <<"unutraaaa sam"< std::[01;36m[Kendl[m[K;
      |                                               [01;36m[K^~~~[m[K
In file included from [01m[K/usr/include/c++/9/bits/stl_algobase.h:64[m[K,
                 from [01m[K/usr/include/c++/9/memory:62[m[K,
                 from [01m[K/home/knapp/git/order_optimizer/src/order_optimizer/src/subscriber_function.cpp:1[m[K:
[01m[K/usr/include/c++/9/bits/stl_pair.h:454:5:[m[K [01;36m[Knote: [m[Kcandidate: ‘[01m[Ktemplate<class _T1, class _T2> constexpr bool std::operator<(const std::pair<_T1, _T2>&, const std::pair<_T1, _T2>&)[m[K’
  454 |     [01;36m[Koperator[m[K<(const pair<_T1, _T2>& __x, const pair<_T1, _T2>& __y)
      |     [01;36m[K^~~~~~~~[m[K
[01m[K/usr/include/c++/9/bits/stl_pair.h:454:5:[m[K [01;36m[Knote: [m[K  template argument deduction/substitution failed:
[01m[K/home/knapp/git/order_optimizer/src/order_optimizer/src/subscriber_function.cpp:223:47:[m[K [01;36m[Knote: [m[K  ‘[01m[Kstd::basic_ostream<char>[m[K’ is not derived from ‘[01m[Kconst std::pair<_T1, _T2>[m[K’
  223 |             std::cerr <<"unutraaaa sam"< std::[01;36m[Kendl[m[K;
      |                                               [01;36m[K^~~~[m[K
In file included from [01m[K/usr/include/c++/9/bits/stl_algobase.h:67[m[K,
                 from [01m[K/usr/include/c++/9/memory:62[m[K,
                 from [01m[K/home/knapp/git/order_optimizer/src/order_optimizer/src/subscriber_function.cpp:1[m[K:
[01m[K/usr/include/c++/9/bits/stl_iterator.h:331:5:[m[K [01;36m[Knote: [m[Kcandidate: ‘[01m[Ktemplate<class _Iterator> bool std::operator<(const std::reverse_iterator<_Iterator>&, const std::reverse_iterator<_Iterator>&)[m[K’
  331 |     [01;36m[Koperator[m[K<(const reverse_iterator<_Iterator>& __x,
      |     [01;36m[K^~~~~~~~[m[K
[01m[K/usr/include/c++/9/bits/stl_iterator.h:331:5:[m[K [01;36m[Knote: [m[K  template argument deduction/substitution failed:
[01m[K/home/knapp/git/order_optimizer/src/order_optimizer/src/subscriber_function.cpp:223:47:[m[K [01;36m[Knote: [m[K  ‘[01m[Kstd::basic_ostream<char>[m[K’ is not derived from ‘[01m[Kconst std::reverse_iterator<_Iterator>[m[K’
  223 |             std::cerr <<"unutraaaa sam"< std::[01;36m[Kendl[m[K;
      |                                               [01;36m[K^~~~[m[K
In file included from [01m[K/usr/include/c++/9/bits/stl_algobase.h:67[m[K,
                 from [01m[K/usr/include/c++/9/memory:62[m[K,
                 from [01m[K/home/knapp/git/order_optimizer/src/order_optimizer/src/subscriber_function.cpp:1[m[K:
[01m[K/usr/include/c++/9/bits/stl_iterator.h:369:5:[m[K [01;36m[Knote: [m[Kcandidate: ‘[01m[Ktemplate<class _IteratorL, class _IteratorR> bool std::operator<(const std::reverse_iterator<_Iterator>&, const std::reverse_iterator<_IteratorR>&)[m[K’
  369 |     [01;36m[Koperator[m[K<(const reverse_iterator<_IteratorL>& __x,
      |     [01;36m[K^~~~~~~~[m[K
[01m[K/usr/include/c++/9/bits/stl_iterator.h:369:5:[m[K [01;36m[Knote: [m[K  template argument deduction/substitution failed:
[01m[K/home/knapp/git/order_optimizer/src/order_optimizer/src/subscriber_function.cpp:223:47:[m[K [01;36m[Knote: [m[K  ‘[01m[Kstd::basic_ostream<char>[m[K’ is not derived from ‘[01m[Kconst std::reverse_iterator<_Iterator>[m[K’
  223 |             std::cerr <<"unutraaaa sam"< std::[01;36m[Kendl[m[K;
      |                                               [01;36m[K^~~~[m[K
In file included from [01m[K/usr/include/c++/9/bits/stl_algobase.h:67[m[K,
                 from [01m[K/usr/include/c++/9/memory:62[m[K,
                 from [01m[K/home/knapp/git/order_optimizer/src/order_optimizer/src/subscriber_function.cpp:1[m[K:
[01m[K/usr/include/c++/9/bits/stl_iterator.h:1163:5:[m[K [01;36m[Knote: [m[Kcandidate: ‘[01m[Ktemplate<class _IteratorL, class _IteratorR> bool std::operator<(const std::move_iterator<_IteratorL>&, const std::move_iterator<_IteratorR>&)[m[K’
 1163 |     [01;36m[Koperator[m[K<(const move_iterator<_IteratorL>& __x,
      |     [01;36m[K^~~~~~~~[m[K
[01m[K/usr/include/c++/9/bits/stl_iterator.h:1163:5:[m[K [01;36m[Knote: [m[K  template argument deduction/substitution failed:
[01m[K/home/knapp/git/order_optimizer/src/order_optimizer/src/subscriber_function.cpp:223:47:[m[K [01;36m[Knote: [m[K  ‘[01m[Kstd::basic_ostream<char>[m[K’ is not derived from ‘[01m[Kconst std::move_iterator<_IteratorL>[m[K’
  223 |             std::cerr <<"unutraaaa sam"< std::[01;36m[Kendl[m[K;
      |                                               [01;36m[K^~~~[m[K
In file included from [01m[K/usr/include/c++/9/bits/stl_algobase.h:67[m[K,
                 from [01m[K/usr/include/c++/9/memory:62[m[K,
                 from [01m[K/home/knapp/git/order_optimizer/src/order_optimizer/src/subscriber_function.cpp:1[m[K:
[01m[K/usr/include/c++/9/bits/stl_iterator.h:1169:5:[m[K [01;36m[Knote: [m[Kcandidate: ‘[01m[Ktemplate<class _Iterator> bool std::operator<(const std::move_iterator<_IteratorL>&, const std::move_iterator<_IteratorL>&)[m[K’
 1169 |     [01;36m[Koperator[m[K<(const move_iterator<_Iterator>& __x,
      |     [01;36m[K^~~~~~~~[m[K
[01m[K/usr/include/c++/9/bits/stl_iterator.h:1169:5:[m[K [01;36m[Knote: [m[K  template argument deduction/substitution failed:
[01m[K/home/knapp/git/order_optimizer/src/order_optimizer/src/subscriber_function.cpp:223:47:[m[K [01;36m[Knote: [m[K  ‘[01m[Kstd::basic_ostream<char>[m[K’ is not derived from ‘[01m[Kconst std::move_iterator<_IteratorL>[m[K’
  223 |             std::cerr <<"unutraaaa sam"< std::[01;36m[Kendl[m[K;
      |                                               [01;36m[K^~~~[m[K
In file included from [01m[K/usr/include/c++/9/string:55[m[K,
                 from [01m[K/usr/include/c++/9/stdexcept:39[m[K,
                 from [01m[K/usr/include/c++/9/array:39[m[K,
                 from [01m[K/usr/include/c++/9/tuple:39[m[K,
                 from [01m[K/usr/include/c++/9/bits/unique_ptr.h:37[m[K,
                 from [01m[K/usr/include/c++/9/memory:80[m[K,
                 from [01m[K/home/knapp/git/order_optimizer/src/order_optimizer/src/subscriber_function.cpp:1[m[K:
[01m[K/usr/include/c++/9/bits/basic_string.h:6226:5:[m[K [01;36m[Knote: [m[Kcandidate: ‘[01m[Ktemplate<class _CharT, class _Traits, class _Alloc> bool std::operator<(const std::__cxx11::basic_string<_CharT, _Traits, _Alloc>&, const std::__cxx11::basic_string<_CharT, _Traits, _Alloc>&)[m[K’
 6226 |     [01;36m[Koperator[m[K<(const basic_string<_CharT, _Traits, _Alloc>& __lhs,
      |     [01;36m[K^~~~~~~~[m[K
[01m[K/usr/include/c++/9/bits/basic_string.h:6226:5:[m[K [01;36m[Knote: [m[K  template argument deduction/substitution failed:
[01m[K/home/knapp/git/order_optimizer/src/order_optimizer/src/subscriber_function.cpp:223:47:[m[K [01;36m[Knote: [m[K  ‘[01m[Kstd::basic_ostream<char>[m[K’ is not derived from ‘[01m[Kconst std::__cxx11::basic_string<_CharT, _Traits, _Alloc>[m[K’
  223 |             std::cerr <<"unutraaaa sam"< std::[01;36m[Kendl[m[K;
      |                                               [01;36m[K^~~~[m[K
In file included from [01m[K/usr/include/c++/9/string:55[m[K,
                 from [01m[K/usr/include/c++/9/stdexcept:39[m[K,
                 from [01m[K/usr/include/c++/9/array:39[m[K,
                 from [01m[K/usr/include/c++/9/tuple:39[m[K,
                 from [01m[K/usr/include/c++/9/bits/unique_ptr.h:37[m[K,
                 from [01m[K/usr/include/c++/9/memory:80[m[K,
                 from [01m[K/home/knapp/git/order_optimizer/src/order_optimizer/src/subscriber_function.cpp:1[m[K:
[01m[K/usr/include/c++/9/bits/basic_string.h:6239:5:[m[K [01;36m[Knote: [m[Kcandidate: ‘[01m[Ktemplate<class _CharT, class _Traits, class _Alloc> bool std::operator<(const std::__cxx11::basic_string<_CharT, _Traits, _Alloc>&, const _CharT*)[m[K’
 6239 |     [01;36m[Koperator[m[K<(const basic_string<_CharT, _Traits, _Alloc>& __lhs,
      |     [01;36m[K^~~~~~~~[m[K
[01m[K/usr/include/c++/9/bits/basic_string.h:6239:5:[m[K [01;36m[Knote: [m[K  template argument deduction/substitution failed:
[01m[K/home/knapp/git/order_optimizer/src/order_optimizer/src/subscriber_function.cpp:223:47:[m[K [01;36m[Knote: [m[K  ‘[01m[Kstd::basic_ostream<char>[m[K’ is not derived from ‘[01m[Kconst std::__cxx11::basic_string<_CharT, _Traits, _Alloc>[m[K’
  223 |             std::cerr <<"unutraaaa sam"< std::[01;36m[Kendl[m[K;
      |                                               [01;36m[K^~~~[m[K
In file included from [01m[K/usr/include/c++/9/string:55[m[K,
                 from [01m[K/usr/include/c++/9/stdexcept:39[m[K,
                 from [01m[K/usr/include/c++/9/array:39[m[K,
                 from [01m[K/usr/include/c++/9/tuple:39[m[K,
                 from [01m[K/usr/include/c++/9/bits/unique_ptr.h:37[m[K,
                 from [01m[K/usr/include/c++/9/memory:80[m[K,
                 from [01m[K/home/knapp/git/order_optimizer/src/order_optimizer/src/subscriber_function.cpp:1[m[K:
[01m[K/usr/include/c++/9/bits/basic_string.h:6251:5:[m[K [01;36m[Knote: [m[Kcandidate: ‘[01m[Ktemplate<class _CharT, class _Traits, class _Alloc> bool std::operator<(const _CharT*, const std::__cxx11::basic_string<_CharT, _Traits, _Alloc>&)[m[K’
 6251 |     [01;36m[Koperator[m[K<(const _CharT* __lhs,
      |     [01;36m[K^~~~~~~~[m[K
[01m[K/usr/include/c++/9/bits/basic_string.h:6251:5:[m[K [01;36m[Knote: [m[K  template argument deduction/substitution failed:
[01m[K/home/knapp/git/order_optimizer/src/order_optimizer/src/subscriber_function.cpp:223:47:[m[K [01;36m[Knote: [m[K  mismatched types ‘[01m[Kconst _CharT*[m[K’ and ‘[01m[Kstd::basic_ostream<char>[m[K’
  223 |             std::cerr <<"unutraaaa sam"< std::[01;36m[Kendl[m[K;
      |                                               [01;36m[K^~~~[m[K
In file included from [01m[K/usr/include/c++/9/tuple:39[m[K,
                 from [01m[K/usr/include/c++/9/bits/unique_ptr.h:37[m[K,
                 from [01m[K/usr/include/c++/9/memory:80[m[K,
                 from [01m[K/home/knapp/git/order_optimizer/src/order_optimizer/src/subscriber_function.cpp:1[m[K:
[01m[K/usr/include/c++/9/array:262:5:[m[K [01;36m[Knote: [m[Kcandidate: ‘[01m[Ktemplate<class _Tp, long unsigned int _Nm> bool std::operator<(const std::array<_Tp, _Nm>&, const std::array<_Tp, _Nm>&)[m[K’
  262 |     [01;36m[Koperator[m[K<(const array<_Tp, _Nm>& __a, const array<_Tp, _Nm>& __b)
      |     [01;36m[K^~~~~~~~[m[K
[01m[K/usr/include/c++/9/array:262:5:[m[K [01;36m[Knote: [m[K  template argument deduction/substitution failed:
[01m[K/home/knapp/git/order_optimizer/src/order_optimizer/src/subscriber_function.cpp:223:47:[m[K [01;36m[Knote: [m[K  ‘[01m[Kstd::basic_ostream<char>[m[K’ is not derived from ‘[01m[Kconst std::array<_Tp, _Nm>[m[K’
  223 |             std::cerr <<"unutraaaa sam"< std::[01;36m[Kendl[m[K;
      |                                               [01;36m[K^~~~[m[K
In file included from [01m[K/usr/include/c++/9/bits/unique_ptr.h:37[m[K,
                 from [01m[K/usr/include/c++/9/memory:80[m[K,
                 from [01m[K/home/knapp/git/order_optimizer/src/order_optimizer/src/subscriber_function.cpp:1[m[K:
[01m[K/usr/include/c++/9/tuple:1432:5:[m[K [01;36m[Knote: [m[Kcandidate: ‘[01m[Ktemplate<class ... _TElements, class ... _UElements> constexpr bool std::operator<(const std::tuple<_Tps ...>&, const std::tuple<_Elements ...>&)[m[K’
 1432 |     [01;36m[Koperator[m[K<(const tuple<_TElements...>& __t,
      |     [01;36m[K^~~~~~~~[m[K
[01m[K/usr/include/c++/9/tuple:1432:5:[m[K [01;36m[Knote: [m[K  template argument deduction/substitution failed:
[01m[K/home/knapp/git/order_optimizer/src/order_optimizer/src/subscriber_function.cpp:223:47:[m[K [01;36m[Knote: [m[K  ‘[01m[Kstd::basic_ostream<char>[m[K’ is not derived from ‘[01m[Kconst std::tuple<_Tps ...>[m[K’
  223 |             std::cerr <<"unutraaaa sam"< std::[01;36m[Kendl[m[K;
      |                                               [01;36m[K^~~~[m[K
In file included from [01m[K/usr/include/c++/9/memory:80[m[K,
                 from [01m[K/home/knapp/git/order_optimizer/src/order_optimizer/src/subscriber_function.cpp:1[m[K:
[01m[K/usr/include/c++/9/bits/unique_ptr.h:749:5:[m[K [01;36m[Knote: [m[Kcandidate: ‘[01m[Ktemplate<class _Tp, class _Dp, class _Up, class _Ep> bool std::operator<(const std::unique_ptr<_Tp, _Dp>&, const std::unique_ptr<_Up, _Ep>&)[m[K’
  749 |     [01;36m[Koperator[m[K<(const unique_ptr<_Tp, _Dp>& __x,
      |     [01;36m[K^~~~~~~~[m[K
[01m[K/usr/include/c++/9/bits/unique_ptr.h:749:5:[m[K [01;36m[Knote: [m[K  template argument deduction/substitution failed:
[01m[K/home/knapp/git/order_optimizer/src/order_optimizer/src/subscriber_function.cpp:223:47:[m[K [01;36m[Knote: [m[K  ‘[01m[Kstd::basic_ostream<char>[m[K’ is not derived from ‘[01m[Kconst std::unique_ptr<_Tp, _Dp>[m[K’
  223 |             std::cerr <<"unutraaaa sam"< std::[01;36m[Kendl[m[K;
      |                                               [01;36m[K^~~~[m[K
In file included from [01m[K/usr/include/c++/9/memory:80[m[K,
                 from [01m[K/home/knapp/git/order_optimizer/src/order_optimizer/src/subscriber_function.cpp:1[m[K:
[01m[K/usr/include/c++/9/bits/unique_ptr.h:760:5:[m[K [01;36m[Knote: [m[Kcandidate: ‘[01m[Ktemplate<class _Tp, class _Dp> bool std::operator<(const std::unique_ptr<_Tp, _Dp>&, std::nullptr_t)[m[K’
  760 |     [01;36m[Koperator[m[K<(const unique_ptr<_Tp, _Dp>& __x, nullptr_t)
      |     [01;36m[K^~~~~~~~[m[K
[01m[K/usr/include/c++/9/bits/unique_ptr.h:760:5:[m[K [01;36m[Knote: [m[K  template argument deduction/substitution failed:
[01m[K/home/knapp/git/order_optimizer/src/order_optimizer/src/subscriber_function.cpp:223:47:[m[K [01;36m[Knote: [m[K  ‘[01m[Kstd::basic_ostream<char>[m[K’ is not derived from ‘[01m[Kconst std::unique_ptr<_Tp, _Dp>[m[K’
  223 |             std::cerr <<"unutraaaa sam"< std::[01;36m[Kendl[m[K;
      |                                               [01;36m[K^~~~[m[K
In file included from [01m[K/usr/include/c++/9/memory:80[m[K,
                 from [01m[K/home/knapp/git/order_optimizer/src/order_optimizer/src/subscriber_function.cpp:1[m[K:
[01m[K/usr/include/c++/9/bits/unique_ptr.h:766:5:[m[K [01;36m[Knote: [m[Kcandidate: ‘[01m[Ktemplate<class _Tp, class _Dp> bool std::operator<(std::nullptr_t, const std::unique_ptr<_Tp, _Dp>&)[m[K’
  766 |     [01;36m[Koperator[m[K<(nullptr_t, const unique_ptr<_Tp, _Dp>& __x)
      |     [01;36m[K^~~~~~~~[m[K
[01m[K/usr/include/c++/9/bits/unique_ptr.h:766:5:[m[K [01;36m[Knote: [m[K  template argument deduction/substitution failed:
[01m[K/home/knapp/git/order_optimizer/src/order_optimizer/src/subscriber_function.cpp:223:47:[m[K [01;36m[Knote: [m[K  couldn’t deduce template parameter ‘[01m[K_Tp[m[K’
  223 |             std::cerr <<"unutraaaa sam"< std::[01;36m[Kendl[m[K;
      |                                               [01;36m[K^~~~[m[K
In file included from [01m[K/usr/include/c++/9/bits/shared_ptr.h:52[m[K,
                 from [01m[K/usr/include/c++/9/memory:81[m[K,
                 from [01m[K/home/knapp/git/order_optimizer/src/order_optimizer/src/subscriber_function.cpp:1[m[K:
[01m[K/usr/include/c++/9/bits/shared_ptr_base.h:1444:5:[m[K [01;36m[Knote: [m[Kcandidate: ‘[01m[Ktemplate<class _Tp, class _Up, __gnu_cxx::_Lock_policy _Lp> bool std::operator<(const std::__shared_ptr<_Tp1, _Lp>&, const std::__shared_ptr<_Tp2, _Lp>&)[m[K’
 1444 |     [01;36m[Koperator[m[K<(const __shared_ptr<_Tp, _Lp>& __a,
      |     [01;36m[K^~~~~~~~[m[K
[01m[K/usr/include/c++/9/bits/shared_ptr_base.h:1444:5:[m[K [01;36m[Knote: [m[K  template argument deduction/substitution failed:
[01m[K/home/knapp/git/order_optimizer/src/order_optimizer/src/subscriber_function.cpp:223:47:[m[K [01;36m[Knote: [m[K  ‘[01m[Kstd::basic_ostream<char>[m[K’ is not derived from ‘[01m[Kconst std::__shared_ptr<_Tp1, _Lp>[m[K’
  223 |             std::cerr <<"unutraaaa sam"< std::[01;36m[Kendl[m[K;
      |                                               [01;36m[K^~~~[m[K
In file included from [01m[K/usr/include/c++/9/bits/shared_ptr.h:52[m[K,
                 from [01m[K/usr/include/c++/9/memory:81[m[K,
                 from [01m[K/home/knapp/git/order_optimizer/src/order_optimizer/src/subscriber_function.cpp:1[m[K:
[01m[K/usr/include/c++/9/bits/shared_ptr_base.h:1455:5:[m[K [01;36m[Knote: [m[Kcandidate: ‘[01m[Ktemplate<class _Tp, __gnu_cxx::_Lock_policy _Lp> bool std::operator<(const std::__shared_ptr<_Tp, _Lp>&, std::nullptr_t)[m[K’
 1455 |     [01;36m[Koperator[m[K<(const __shared_ptr<_Tp, _Lp>& __a, nullptr_t) noexcept
      |     [01;36m[K^~~~~~~~[m[K
[01m[K/usr/include/c++/9/bits/shared_ptr_base.h:1455:5:[m[K [01;36m[Knote: [m[K  template argument deduction/substitution failed:
[01m[K/home/knapp/git/order_optimizer/src/order_optimizer/src/subscriber_function.cpp:223:47:[m[K [01;36m[Knote: [m[K  ‘[01m[Kstd::basic_ostream<char>[m[K’ is not derived from ‘[01m[Kconst std::__shared_ptr<_Tp, _Lp>[m[K’
  223 |             std::cerr <<"unutraaaa sam"< std::[01;36m[Kendl[m[K;
      |                                               [01;36m[K^~~~[m[K
In file included from [01m[K/usr/include/c++/9/bits/shared_ptr.h:52[m[K,
                 from [01m[K/usr/include/c++/9/memory:81[m[K,
                 from [01m[K/home/knapp/git/order_optimizer/src/order_optimizer/src/subscriber_function.cpp:1[m[K:
[01m[K/usr/include/c++/9/bits/shared_ptr_base.h:1463:5:[m[K [01;36m[Knote: [m[Kcandidate: ‘[01m[Ktemplate<class _Tp, __gnu_cxx::_Lock_policy _Lp> bool std::operator<(std::nullptr_t, const std::__shared_ptr<_Tp, _Lp>&)[m[K’
 1463 |     [01;36m[Koperator[m[K<(nullptr_t, const __shared_ptr<_Tp, _Lp>& __a) noexcept
      |     [01;36m[K^~~~~~~~[m[K
[01m[K/usr/include/c++/9/bits/shared_ptr_base.h:1463:5:[m[K [01;36m[Knote: [m[K  template argument deduction/substitution failed:
[01m[K/home/knapp/git/order_optimizer/src/order_optimizer/src/subscriber_function.cpp:223:47:[m[K [01;36m[Knote: [m[K  couldn’t deduce template parameter ‘[01m[K_Tp[m[K’
  223 |             std::cerr <<"unutraaaa sam"< std::[01;36m[Kendl[m[K;
      |                                               [01;36m[K^~~~[m[K
In file included from [01m[K/usr/include/c++/9/memory:81[m[K,
                 from [01m[K/home/knapp/git/order_optimizer/src/order_optimizer/src/subscriber_function.cpp:1[m[K:
[01m[K/usr/include/c++/9/bits/shared_ptr.h:413:5:[m[K [01;36m[Knote: [m[Kcandidate: ‘[01m[Ktemplate<class _Tp, class _Up> bool std::operator<(const std::shared_ptr<_Tp>&, const std::shared_ptr<_Tp>&)[m[K’
  413 |     [01;36m[Koperator[m[K<(const shared_ptr<_Tp>& __a, const shared_ptr<_Up>& __b) noexcept
      |     [01;36m[K^~~~~~~~[m[K
[01m[K/usr/include/c++/9/bits/shared_ptr.h:413:5:[m[K [01;36m[Knote: [m[K  template argument deduction/substitution failed:
[01m[K/home/knapp/git/order_optimizer/src/order_optimizer/src/subscriber_function.cpp:223:47:[m[K [01;36m[Knote: [m[K  ‘[01m[Kstd::basic_ostream<char>[m[K’ is not derived from ‘[01m[Kconst std::shared_ptr<_Tp>[m[K’
  223 |             std::cerr <<"unutraaaa sam"< std::[01;36m[Kendl[m[K;
      |                                               [01;36m[K^~~~[m[K
In file included from [01m[K/usr/include/c++/9/memory:81[m[K,
                 from [01m[K/home/knapp/git/order_optimizer/src/order_optimizer/src/subscriber_function.cpp:1[m[K:
[01m[K/usr/include/c++/9/bits/shared_ptr.h:423:5:[m[K [01;36m[Knote: [m[Kcandidate: ‘[01m[Ktemplate<class _Tp> bool std::operator<(const std::shared_ptr<_Tp>&, std::nullptr_t)[m[K’
  423 |     [01;36m[Koperator[m[K<(const shared_ptr<_Tp>& __a, nullptr_t) noexcept
      |     [01;36m[K^~~~~~~~[m[K
[01m[K/usr/include/c++/9/bits/shared_ptr.h:423:5:[m[K [01;36m[Knote: [m[K  template argument deduction/substitution failed:
[01m[K/home/knapp/git/order_optimizer/src/order_optimizer/src/subscriber_function.cpp:223:47:[m[K [01;36m[Knote: [m[K  ‘[01m[Kstd::basic_ostream<char>[m[K’ is not derived from ‘[01m[Kconst std::shared_ptr<_Tp>[m[K’
  223 |             std::cerr <<"unutraaaa sam"< std::[01;36m[Kendl[m[K;
      |                                               [01;36m[K^~~~[m[K
In file included from [01m[K/usr/include/c++/9/memory:81[m[K,
                 from [01m[K/home/knapp/git/order_optimizer/src/order_optimizer/src/subscriber_function.cpp:1[m[K:
[01m[K/usr/include/c++/9/bits/shared_ptr.h:431:5:[m[K [01;36m[Knote: [m[Kcandidate: ‘[01m[Ktemplate<class _Tp> bool std::operator<(std::nullptr_t, const std::shared_ptr<_Tp>&)[m[K’
  431 |     [01;36m[Koperator[m[K<(nullptr_t, const shared_ptr<_Tp>& __a) noexcept
      |     [01;36m[K^~~~~~~~[m[K
[01m[K/usr/include/c++/9/bits/shared_ptr.h:431:5:[m[K [01;36m[Knote: [m[K  template argument deduction/substitution failed:
[01m[K/home/knapp/git/order_optimizer/src/order_optimizer/src/subscriber_function.cpp:223:47:[m[K [01;36m[Knote: [m[K  couldn’t deduce template parameter ‘[01m[K_Tp[m[K’
  223 |             std::cerr <<"unutraaaa sam"< std::[01;36m[Kendl[m[K;
      |                                               [01;36m[K^~~~[m[K
In file included from [01m[K/usr/include/c++/9/bits/ios_base.h:46[m[K,
                 from [01m[K/usr/include/c++/9/ios:42[m[K,
                 from [01m[K/usr/include/c++/9/istream:38[m[K,
                 from [01m[K/usr/include/c++/9/fstream:38[m[K,
                 from [01m[K/home/knapp/git/order_optimizer/src/order_optimizer/src/subscriber_function.cpp:3[m[K:
[01m[K/usr/include/c++/9/system_error:208:3:[m[K [01;36m[Knote: [m[Kcandidate: ‘[01m[Kbool std::operator<(const std::error_code&, const std::error_code&)[m[K’
  208 |   [01;36m[Koperator[m[K<(const error_code& __lhs, const error_code& __rhs) noexcept
      |   [01;36m[K^~~~~~~~[m[K
[01m[K/usr/include/c++/9/system_error:208:31:[m[K [01;36m[Knote: [m[K  no known conversion for argument 1 from ‘[01m[Kstd::basic_ostream<char>[m[K’ to ‘[01m[Kconst std::error_code&[m[K’
  208 |   operator<([01;36m[Kconst error_code& __lhs[m[K, const error_code& __rhs) noexcept
      |             [01;36m[K~~~~~~~~~~~~~~~~~~^~~~~[m[K
[01m[K/usr/include/c++/9/system_error:282:3:[m[K [01;36m[Knote: [m[Kcandidate: ‘[01m[Kbool std::operator<(const std::error_condition&, const std::error_condition&)[m[K’
  282 |   [01;36m[Koperator[m[K<(const error_condition& __lhs,
      |   [01;36m[K^~~~~~~~[m[K
[01m[K/usr/include/c++/9/system_error:282:36:[m[K [01;36m[Knote: [m[K  no known conversion for argument 1 from ‘[01m[Kstd::basic_ostream<char>[m[K’ to ‘[01m[Kconst std::error_condition&[m[K’
  282 |   operator<([01;36m[Kconst error_condition& __lhs[m[K,
      |             [01;36m[K~~~~~~~~~~~~~~~~~~~~~~~^~~~~[m[K
In file included from [01m[K/usr/include/c++/9/future:39[m[K,
                 from [01m[K/home/knapp/ros2_foxy/install/rclcpp/include/rclcpp/executors.hpp:18[m[K,
                 from [01m[K/home/knapp/ros2_foxy/install/rclcpp/include/rclcpp/rclcpp.hpp:146[m[K,
                 from [01m[K/home/knapp/git/order_optimizer/src/order_optimizer/src/subscriber_function.cpp:4[m[K:
[01m[K/usr/include/c++/9/thread:290:3:[m[K [01;36m[Knote: [m[Kcandidate: ‘[01m[Kbool std::operator<(std::thread::id, std::thread::id)[m[K’
  290 |   [01;36m[Koperator[m[K<(thread::id __x, thread::id __y) noexcept
      |   [01;36m[K^~~~~~~~[m[K
[01m[K/usr/include/c++/9/thread:290:24:[m[K [01;36m[Knote: [m[K  no known conversion for argument 1 from ‘[01m[Kstd::basic_ostream<char>[m[K’ to ‘[01m[Kstd::thread::id[m[K’
  290 |   operator<([01;36m[Kthread::id __x[m[K, thread::id __y) noexcept
      |             [01;36m[K~~~~~~~~~~~^~~[m[K
In file included from [01m[K/usr/include/c++/9/set:61[m[K,
                 from [01m[K/home/knapp/ros2_foxy/install/rclcpp/include/rclcpp/executors/multi_threaded_executor.hpp:21[m[K,
                 from [01m[K/home/knapp/ros2_foxy/install/rclcpp/include/rclcpp/executors.hpp:21[m[K,
                 from [01m[K/home/knapp/ros2_foxy/install/rclcpp/include/rclcpp/rclcpp.hpp:146[m[K,
                 from [01m[K/home/knapp/git/order_optimizer/src/order_optimizer/src/subscriber_function.cpp:4[m[K:
[01m[K/usr/include/c++/9/bits/stl_set.h:996:5:[m[K [01;36m[Knote: [m[Kcandidate: ‘[01m[Ktemplate<class _Key, class _Compare, class _Alloc> bool std::operator<(const std::set<_Key, _Compare, _Alloc>&, const std::set<_Key, _Compare, _Alloc>&)[m[K’
  996 |     [01;36m[Koperator[m[K<(const set<_Key, _Compare, _Alloc>& __x,
      |     [01;36m[K^~~~~~~~[m[K
[01m[K/usr/include/c++/9/bits/stl_set.h:996:5:[m[K [01;36m[Knote: [m[K  template argument deduction/substitution failed:
[01m[K/home/knapp/git/order_optimizer/src/order_optimizer/src/subscriber_function.cpp:223:47:[m[K [01;36m[Knote: [m[K  ‘[01m[Kstd::basic_ostream<char>[m[K’ is not derived from ‘[01m[Kconst std::set<_Key, _Compare, _Alloc>[m[K’
  223 |             std::cerr <<"unutraaaa sam"< std::[01;36m[Kendl[m[K;
      |                                               [01;36m[K^~~~[m[K
In file included from [01m[K/usr/include/c++/9/set:62[m[K,
                 from [01m[K/home/knapp/ros2_foxy/install/rclcpp/include/rclcpp/executors/multi_threaded_executor.hpp:21[m[K,
                 from [01m[K/home/knapp/ros2_foxy/install/rclcpp/include/rclcpp/executors.hpp:21[m[K,
                 from [01m[K/home/knapp/ros2_foxy/install/rclcpp/include/rclcpp/rclcpp.hpp:146[m[K,
                 from [01m[K/home/knapp/git/order_optimizer/src/order_optimizer/src/subscriber_function.cpp:4[m[K:
[01m[K/usr/include/c++/9/bits/stl_multiset.h:981:5:[m[K [01;36m[Knote: [m[Kcandidate: ‘[01m[Ktemplate<class _Key, class _Compare, class _Alloc> bool std::operator<(const std::multiset<_Key, _Compare, _Alloc>&, const std::multiset<_Key, _Compare, _Alloc>&)[m[K’
  981 |     [01;36m[Koperator[m[K<(const multiset<_Key, _Compare, _Alloc>& __x,
      |     [01;36m[K^~~~~~~~[m[K
[01m[K/usr/include/c++/9/bits/stl_multiset.h:981:5:[m[K [01;36m[Knote: [m[K  template argument deduction/substitution failed:
[01m[K/home/knapp/git/order_optimizer/src/order_optimizer/src/subscriber_function.cpp:223:47:[m[K [01;36m[Knote: [m[K  ‘[01m[Kstd::basic_ostream<char>[m[K’ is not derived from ‘[01m[Kconst std::multiset<_Key, _Compare, _Alloc>[m[K’
  223 |             std::cerr <<"unutraaaa sam"< std::[01;36m[Kendl[m[K;
      |                                               [01;36m[K^~~~[m[K
In file included from [01m[K/usr/include/c++/9/list:63[m[K,
                 from [01m[K/home/knapp/ros2_foxy/install/rclcpp/include/rclcpp/executor.hpp:23[m[K,
                 from [01m[K/home/knapp/ros2_foxy/install/rclcpp/include/rclcpp/executors/multi_threaded_executor.hpp:26[m[K,
                 from [01m[K/home/knapp/ros2_foxy/install/rclcpp/include/rclcpp/executors.hpp:21[m[K,
                 from [01m[K/home/knapp/ros2_foxy/install/rclcpp/include/rclcpp/rclcpp.hpp:146[m[K,
                 from [01m[K/home/knapp/git/order_optimizer/src/order_optimizer/src/subscriber_function.cpp:4[m[K:
[01m[K/usr/include/c++/9/bits/stl_list.h:2025:5:[m[K [01;36m[Knote: [m[Kcandidate: ‘[01m[Ktemplate<class _Tp, class _Alloc> bool std::operator<(const std::__cxx11::list<_Tp, _Alloc>&, const std::__cxx11::list<_Tp, _Alloc>&)[m[K’
 2025 |     [01;36m[Koperator[m[K<(const list<_Tp, _Alloc>& __x, const list<_Tp, _Alloc>& __y)
      |     [01;36m[K^~~~~~~~[m[K
[01m[K/usr/include/c++/9/bits/stl_list.h:2025:5:[m[K [01;36m[Knote: [m[K  template argument deduction/substitution failed:
[01m[K/home/knapp/git/order_optimizer/src/order_optimizer/src/subscriber_function.cpp:223:47:[m[K [01;36m[Knote: [m[K  ‘[01m[Kstd::basic_ostream<char>[m[K’ is not derived from ‘[01m[Kconst std::__cxx11::list<_Tp, _Alloc>[m[K’
  223 |             std::cerr <<"unutraaaa sam"< std::[01;36m[Kendl[m[K;
      |                                               [01;36m[K^~~~[m[K
In file included from [01m[K/usr/include/c++/9/vector:67[m[K,
                 from [01m[K/home/knapp/ros2_foxy/install/rclcpp/include/rclcpp/executor.hpp:27[m[K,
                 from [01m[K/home/knapp/ros2_foxy/install/rclcpp/include/rclcpp/executors/multi_threaded_executor.hpp:26[m[K,
                 from [01m[K/home/knapp/ros2_foxy/install/rclcpp/include/rclcpp/executors.hpp:21[m[K,
                 from [01m[K/home/knapp/ros2_foxy/install/rclcpp/include/rclcpp/rclcpp.hpp:146[m[K,
                 from [01m[K/home/knapp/git/order_optimizer/src/order_optimizer/src/subscriber_function.cpp:4[m[K:
[01m[K/usr/include/c++/9/bits/stl_vector.h:1905:5:[m[K [01;36m[Knote: [m[Kcandidate: ‘[01m[Ktemplate<class _Tp, class _Alloc> bool std::operator<(const std::vector<_Tp, _Alloc>&, const std::vector<_Tp, _Alloc>&)[m[K’
 1905 |     [01;36m[Koperator[m[K<(const vector<_Tp, _Alloc>& __x, const vector<_Tp, _Alloc>& __y)
      |     [01;36m[K^~~~~~~~[m[K
[01m[K/usr/include/c++/9/bits/stl_vector.h:1905:5:[m[K [01;36m[Knote: [m[K  template argument deduction/substitution failed:
[01m[K/home/knapp/git/order_optimizer/src/order_optimizer/src/subscriber_function.cpp:223:47:[m[K [01;36m[Knote: [m[K  ‘[01m[Kstd::basic_ostream<char>[m[K’ is not derived from ‘[01m[Kconst std::vector<_Tp, _Alloc>[m[K’
  223 |             std::cerr <<"unutraaaa sam"< std::[01;36m[Kendl[m[K;
      |                                               [01;36m[K^~~~[m[K
In file included from [01m[K/usr/include/c++/9/map:61[m[K,
                 from [01m[K/home/knapp/ros2_foxy/install/rclcpp/include/rclcpp/client.hpp:20[m[K,
                 from [01m[K/home/knapp/ros2_foxy/install/rclcpp/include/rclcpp/callback_group.hpp:23[m[K,
                 from [01m[K/home/knapp/ros2_foxy/install/rclcpp/include/rclcpp/any_executable.hpp:20[m[K,
                 from [01m[K/home/knapp/ros2_foxy/install/rclcpp/include/rclcpp/memory_strategy.hpp:24[m[K,
                 from [01m[K/home/knapp/ros2_foxy/install/rclcpp/include/rclcpp/memory_strategies.hpp:18[m[K,
                 from [01m[K/home/knapp/ros2_foxy/install/rclcpp/include/rclcpp/executor_options.hpp:20[m[K,
                 from [01m[K/home/knapp/ros2_foxy/install/rclcpp/include/rclcpp/executor.hpp:33[m[K,
                 from [01m[K/home/knapp/ros2_foxy/install/rclcpp/include/rclcpp/executors/multi_threaded_executor.hpp:26[m[K,
                 from [01m[K/home/knapp/ros2_foxy/install/rclcpp/include/rclcpp/executors.hpp:21[m[K,
                 from [01m[K/home/knapp/ros2_foxy/install/rclcpp/include/rclcpp/rclcpp.hpp:146[m[K,
                 from [01m[K/home/knapp/git/order_optimizer/src/order_optimizer/src/subscriber_function.cpp:4[m[K:
[01m[K/usr/include/c++/9/bits/stl_map.h:1472:5:[m[K [01;36m[Knote: [m[Kcandidate: ‘[01m[Ktemplate<class _Key, class _Tp, class _Compare, class _Alloc> bool std::operator<(const std::map<_Key, _Tp, _Compare, _Alloc>&, const std::map<_Key, _Tp, _Compare, _Alloc>&)[m[K’
 1472 |     [01;36m[Koperator[m[K<(const map<_Key, _Tp, _Compare, _Alloc>& __x,
      |     [01;36m[K^~~~~~~~[m[K
[01m[K/usr/include/c++/9/bits/stl_map.h:1472:5:[m[K [01;36m[Knote: [m[K  template argument deduction/substitution failed:
[01m[K/home/knapp/git/order_optimizer/src/order_optimizer/src/subscriber_function.cpp:223:47:[m[K [01;36m[Knote: [m[K  ‘[01m[Kstd::basic_ostream<char>[m[K’ is not derived from ‘[01m[Kconst std::map<_Key, _Tp, _Compare, _Alloc>[m[K’
  223 |             std::cerr <<"unutraaaa sam"< std::[01;36m[Kendl[m[K;
      |                                               [01;36m[K^~~~[m[K
In file included from [01m[K/usr/include/c++/9/map:62[m[K,
                 from [01m[K/home/knapp/ros2_foxy/install/rclcpp/include/rclcpp/client.hpp:20[m[K,
                 from [01m[K/home/knapp/ros2_foxy/install/rclcpp/include/rclcpp/callback_group.hpp:23[m[K,
                 from [01m[K/home/knapp/ros2_foxy/install/rclcpp/include/rclcpp/any_executable.hpp:20[m[K,
                 from [01m[K/home/knapp/ros2_foxy/install/rclcpp/include/rclcpp/memory_strategy.hpp:24[m[K,
                 from [01m[K/home/knapp/ros2_foxy/install/rclcpp/include/rclcpp/memory_strategies.hpp:18[m[K,
                 from [01m[K/home/knapp/ros2_foxy/install/rclcpp/include/rclcpp/executor_options.hpp:20[m[K,
                 from [01m[K/home/knapp/ros2_foxy/install/rclcpp/include/rclcpp/executor.hpp:33[m[K,
                 from [01m[K/home/knapp/ros2_foxy/install/rclcpp/include/rclcpp/executors/multi_threaded_executor.hpp:26[m[K,
                 from [01m[K/home/knapp/ros2_foxy/install/rclcpp/include/rclcpp/executors.hpp:21[m[K,
                 from [01m[K/home/knapp/ros2_foxy/install/rclcpp/include/rclcpp/rclcpp.hpp:146[m[K,
                 from [01m[K/home/knapp/git/order_optimizer/src/order_optimizer/src/subscriber_function.cpp:4[m[K:
[01m[K/usr/include/c++/9/bits/stl_multimap.h:1136:5:[m[K [01;36m[Knote: [m[Kcandidate: ‘[01m[Ktemplate<class _Key, class _Tp, class _Compare, class _Alloc> bool std::operator<(const std::multimap<_Key, _Tp, _Compare, _Alloc>&, const std::multimap<_Key, _Tp, _Compare, _Alloc>&)[m[K’
 1136 |     [01;36m[Koperator[m[K<(const multimap<_Key, _Tp, _Compare, _Alloc>& __x,
      |     [01;36m[K^~~~~~~~[m[K
[01m[K/usr/include/c++/9/bits/stl_multimap.h:1136:5:[m[K [01;36m[Knote: [m[K  template argument deduction/substitution failed:
[01m[K/home/knapp/git/order_optimizer/src/order_optimizer/src/subscriber_function.cpp:223:47:[m[K [01;36m[Knote: [m[K  ‘[01m[Kstd::basic_ostream<char>[m[K’ is not derived from ‘[01m[Kconst std::multimap<_Key, _Tp, _Compare, _Alloc>[m[K’
  223 |             std::cerr <<"unutraaaa sam"< std::[01;36m[Kendl[m[K;
      |                                               [01;36m[K^~~~[m[K
In file included from [01m[K/usr/include/c++/9/deque:67[m[K,
                 from [01m[K/usr/include/x86_64-linux-gnu/c++/9/bits/stdc++.h:68[m[K,
                 from [01m[K/home/knapp/git/order_optimizer/src/order_optimizer/src/subscriber_function.cpp:10[m[K:
[01m[K/usr/include/c++/9/bits/stl_deque.h:312:5:[m[K [01;36m[Knote: [m[Kcandidate: ‘[01m[Ktemplate<class _Tp, class _Ref, class _Ptr> bool std::operator<(const std::_Deque_iterator<_Tp, _Ref, _Ptr>&, const std::_Deque_iterator<_Tp, _Ref, _Ptr>&)[m[K’
  312 |     [01;36m[Koperator[m[K<(const _Deque_iterator<_Tp, _Ref, _Ptr>& __x,
      |     [01;36m[K^~~~~~~~[m[K
[01m[K/usr/include/c++/9/bits/stl_deque.h:312:5:[m[K [01;36m[Knote: [m[K  template argument deduction/substitution failed:
[01m[K/home/knapp/git/order_optimizer/src/order_optimizer/src/subscriber_function.cpp:223:47:[m[K [01;36m[Knote: [m[K  ‘[01m[Kstd::basic_ostream<char>[m[K’ is not derived from ‘[01m[Kconst std::_Deque_iterator<_Tp, _Ref, _Ptr>[m[K’
  223 |             std::cerr <<"unutraaaa sam"< std::[01;36m[Kendl[m[K;
      |                                               [01;36m[K^~~~[m[K
In file included from [01m[K/usr/include/c++/9/deque:67[m[K,
                 from [01m[K/usr/include/x86_64-linux-gnu/c++/9/bits/stdc++.h:68[m[K,
                 from [01m[K/home/knapp/git/order_optimizer/src/order_optimizer/src/subscriber_function.cpp:10[m[K:
[01m[K/usr/include/c++/9/bits/stl_deque.h:320:5:[m[K [01;36m[Knote: [m[Kcandidate: ‘[01m[Ktemplate<class _Tp, class _RefL, class _PtrL, class _RefR, class _PtrR> bool std::operator<(const std::_Deque_iterator<_Tp, _Ref, _Ptr>&, const std::_Deque_iterator<_Tp, _RefR, _PtrR>&)[m[K’
  320 |     [01;36m[Koperator[m[K<(const _Deque_iterator<_Tp, _RefL, _PtrL>& __x,
      |     [01;36m[K^~~~~~~~[m[K
[01m[K/usr/include/c++/9/bits/stl_deque.h:320:5:[m[K [01;36m[Knote: [m[K  template argument deduction/substitution failed:
[01m[K/home/knapp/git/order_optimizer/src/order_optimizer/src/subscriber_function.cpp:223:47:[m[K [01;36m[Knote: [m[K  ‘[01m[Kstd::basic_ostream<char>[m[K’ is not derived from ‘[01m[Kconst std::_Deque_iterator<_Tp, _Ref, _Ptr>[m[K’
  223 |             std::cerr <<"unutraaaa sam"< std::[01;36m[Kendl[m[K;
      |                                               [01;36m[K^~~~[m[K
In file included from [01m[K/usr/include/c++/9/deque:67[m[K,
                 from [01m[K/usr/include/x86_64-linux-gnu/c++/9/bits/stdc++.h:68[m[K,
                 from [01m[K/home/knapp/git/order_optimizer/src/order_optimizer/src/subscriber_function.cpp:10[m[K:
[01m[K/usr/include/c++/9/bits/stl_deque.h:2330:5:[m[K [01;36m[Knote: [m[Kcandidate: ‘[01m[Ktemplate<class _Tp, class _Alloc> bool std::operator<(const std::deque<_Tp, _Alloc>&, const std::deque<_Tp, _Alloc>&)[m[K’
 2330 |     [01;36m[Koperator[m[K<(const deque<_Tp, _Alloc>& __x,
      |     [01;36m[K^~~~~~~~[m[K
[01m[K/usr/include/c++/9/bits/stl_deque.h:2330:5:[m[K [01;36m[Knote: [m[K  template argument deduction/substitution failed:
[01m[K/home/knapp/git/order_optimizer/src/order_optimizer/src/subscriber_function.cpp:223:47:[m[K [01;36m[Knote: [m[K  ‘[01m[Kstd::basic_ostream<char>[m[K’ is not derived from ‘[01m[Kconst std::deque<_Tp, _Alloc>[m[K’
  223 |             std::cerr <<"unutraaaa sam"< std::[01;36m[Kendl[m[K;
      |                                               [01;36m[K^~~~[m[K
In file included from [01m[K/usr/include/c++/9/queue:64[m[K,
                 from [01m[K/usr/include/x86_64-linux-gnu/c++/9/bits/stdc++.h:86[m[K,
                 from [01m[K/home/knapp/git/order_optimizer/src/order_optimizer/src/subscriber_function.cpp:10[m[K:
[01m[K/usr/include/c++/9/bits/stl_queue.h:356:5:[m[K [01;36m[Knote: [m[Kcandidate: ‘[01m[Ktemplate<class _Tp, class _Seq> bool std::operator<(const std::queue<_Tp, _Seq>&, const std::queue<_Tp, _Seq>&)[m[K’
  356 |     [01;36m[Koperator[m[K<(const queue<_Tp, _Seq>& __x, const queue<_Tp, _Seq>& __y)
      |     [01;36m[K^~~~~~~~[m[K
[01m[K/usr/include/c++/9/bits/stl_queue.h:356:5:[m[K [01;36m[Knote: [m[K  template argument deduction/substitution failed:
[01m[K/home/knapp/git/order_optimizer/src/order_optimizer/src/subscriber_function.cpp:223:47:[m[K [01;36m[Knote: [m[K  ‘[01m[Kstd::basic_ostream<char>[m[K’ is not derived from ‘[01m[Kconst std::queue<_Tp, _Seq>[m[K’
  223 |             std::cerr <<"unutraaaa sam"< std::[01;36m[Kendl[m[K;
      |                                               [01;36m[K^~~~[m[K
In file included from [01m[K/usr/include/c++/9/stack:61[m[K,
                 from [01m[K/usr/include/x86_64-linux-gnu/c++/9/bits/stdc++.h:89[m[K,
                 from [01m[K/home/knapp/git/order_optimizer/src/order_optimizer/src/subscriber_function.cpp:10[m[K:
[01m[K/usr/include/c++/9/bits/stl_stack.h:331:5:[m[K [01;36m[Knote: [m[Kcandidate: ‘[01m[Ktemplate<class _Tp, class _Seq> bool std::operator<(const std::stack<_Tp, _Seq>&, const std::stack<_Tp, _Seq>&)[m[K’
  331 |     [01;36m[Koperator[m[K<(const stack<_Tp, _Seq>& __x, const stack<_Tp, _Seq>& __y)
      |     [01;36m[K^~~~~~~~[m[K
[01m[K/usr/include/c++/9/bits/stl_stack.h:331:5:[m[K [01;36m[Knote: [m[K  template argument deduction/substitution failed:
[01m[K/home/knapp/git/order_optimizer/src/order_optimizer/src/subscriber_function.cpp:223:47:[m[K [01;36m[Knote: [m[K  ‘[01m[Kstd::basic_ostream<char>[m[K’ is not derived from ‘[01m[Kconst std::stack<_Tp, _Seq>[m[K’
  223 |             std::cerr <<"unutraaaa sam"< std::[01;36m[Kendl[m[K;
      |                                               [01;36m[K^~~~[m[K
In file included from [01m[K/usr/include/c++/9/valarray:603[m[K,
                 from [01m[K/usr/include/x86_64-linux-gnu/c++/9/bits/stdc++.h:95[m[K,
                 from [01m[K/home/knapp/git/order_optimizer/src/order_optimizer/src/subscriber_function.cpp:10[m[K:
[01m[K/usr/include/c++/9/bits/valarray_after.h:419:5:[m[K [01;36m[Knote: [m[Kcandidate: ‘[01m[Ktemplate<class _Dom1, class _Dom2> std::_Expr<std::__detail::_BinClos<std::__less, std::_Expr, std::_Expr, _Dom1, _Dom2>, typename std::__fun<std::__less, typename _Dom1::value_type>::result_type> std::operator<(const std::_Expr<_Dom1, typename _Dom1::value_type>&, const std::_Expr<_Dom2, typename _Dom2::value_type>&)[m[K’
  419 |     [01;36m[K_DEFINE_EXPR_BINARY_OPERATOR[m[K(<, __less)
      |     [01;36m[K^~~~~~~~~~~~~~~~~~~~~~~~~~~~[m[K
[01m[K/usr/include/c++/9/bits/valarray_after.h:419:5:[m[K [01;36m[Knote: [m[K  template argument deduction/substitution failed:
[01m[K/home/knapp/git/order_optimizer/src/order_optimizer/src/subscriber_function.cpp:223:47:[m[K [01;36m[Knote: [m[K  ‘[01m[Kstd::basic_ostream<char>[m[K’ is not derived from ‘[01m[Kconst std::_Expr<_Dom1, typename _Dom1::value_type>[m[K’
  223 |             std::cerr <<"unutraaaa sam"< std::[01;36m[Kendl[m[K;
      |                                               [01;36m[K^~~~[m[K
In file included from [01m[K/usr/include/c++/9/valarray:603[m[K,
                 from [01m[K/usr/include/x86_64-linux-gnu/c++/9/bits/stdc++.h:95[m[K,
                 from [01m[K/home/knapp/git/order_optimizer/src/order_optimizer/src/subscriber_function.cpp:10[m[K:
[01m[K/usr/include/c++/9/bits/valarray_after.h:419:5:[m[K [01;36m[Knote: [m[Kcandidate: ‘[01m[Ktemplate<class _Dom> std::_Expr<std::__detail::_BinClos<std::__less, std::_Expr, std::_Constant, _Dom, typename _Dom::value_type>, typename std::__fun<std::__less, typename _Dom1::value_type>::result_type> std::operator<(const std::_Expr<_Dom1, typename _Dom1::value_type>&, const typename _Dom::value_type&)[m[K’
  419 |     [01;36m[K_DEFINE_EXPR_BINARY_OPERATOR[m[K(<, __less)
      |     [01;36m[K^~~~~~~~~~~~~~~~~~~~~~~~~~~~[m[K
[01m[K/usr/include/c++/9/bits/valarray_after.h:419:5:[m[K [01;36m[Knote: [m[K  template argument deduction/substitution failed:
[01m[K/home/knapp/git/order_optimizer/src/order_optimizer/src/subscriber_function.cpp:223:47:[m[K [01;36m[Knote: [m[K  ‘[01m[Kstd::basic_ostream<char>[m[K’ is not derived from ‘[01m[Kconst std::_Expr<_Dom1, typename _Dom1::value_type>[m[K’
  223 |             std::cerr <<"unutraaaa sam"< std::[01;36m[Kendl[m[K;
      |                                               [01;36m[K^~~~[m[K
In file included from [01m[K/usr/include/c++/9/valarray:603[m[K,
                 from [01m[K/usr/include/x86_64-linux-gnu/c++/9/bits/stdc++.h:95[m[K,
                 from [01m[K/home/knapp/git/order_optimizer/src/order_optimizer/src/subscriber_function.cpp:10[m[K:
[01m[K/usr/include/c++/9/bits/valarray_after.h:419:5:[m[K [01;36m[Knote: [m[Kcandidate: ‘[01m[Ktemplate<class _Dom> std::_Expr<std::__detail::_BinClos<std::__less, std::_Constant, std::_Expr, typename _Dom::value_type, _Dom>, typename std::__fun<std::__less, typename _Dom1::value_type>::result_type> std::operator<(const typename _Dom::value_type&, const std::_Expr<_Dom1, typename _Dom1::value_type>&)[m[K’
  419 |     [01;36m[K_DEFINE_EXPR_BINARY_OPERATOR[m[K(<, __less)
      |     [01;36m[K^~~~~~~~~~~~~~~~~~~~~~~~~~~~[m[K
[01m[K/usr/include/c++/9/bits/valarray_after.h:419:5:[m[K [01;36m[Knote: [m[K  template argument deduction/substitution failed:
[01m[K/home/knapp/git/order_optimizer/src/order_optimizer/src/subscriber_function.cpp:223:47:[m[K [01;36m[Knote: [m[K  couldn’t deduce template parameter ‘[01m[K_Dom[m[K’
  223 |             std::cerr <<"unutraaaa sam"< std::[01;36m[Kendl[m[K;
      |                                               [01;36m[K^~~~[m[K
In file included from [01m[K/usr/include/c++/9/valarray:603[m[K,
                 from [01m[K/usr/include/x86_64-linux-gnu/c++/9/bits/stdc++.h:95[m[K,
                 from [01m[K/home/knapp/git/order_optimizer/src/order_optimizer/src/subscriber_function.cpp:10[m[K:
[01m[K/usr/include/c++/9/bits/valarray_after.h:419:5:[m[K [01;36m[Knote: [m[Kcandidate: ‘[01m[Ktemplate<class _Dom> std::_Expr<std::__detail::_BinClos<std::__less, std::_Expr, std::_ValArray, _Dom, typename _Dom::value_type>, typename std::__fun<std::__less, typename _Dom1::value_type>::result_type> std::operator<(const std::_Expr<_Dom1, typename _Dom1::value_type>&, const std::valarray<typename _Dom::value_type>&)[m[K’
  419 |     [01;36m[K_DEFINE_EXPR_BINARY_OPERATOR[m[K(<, __less)
      |     [01;36m[K^~~~~~~~~~~~~~~~~~~~~~~~~~~~[m[K
[01m[K/usr/include/c++/9/bits/valarray_after.h:419:5:[m[K [01;36m[Knote: [m[K  template argument deduction/substitution failed:
[01m[K/home/knapp/git/order_optimizer/src/order_optimizer/src/subscriber_function.cpp:223:47:[m[K [01;36m[Knote: [m[K  ‘[01m[Kstd::basic_ostream<char>[m[K’ is not derived from ‘[01m[Kconst std::_Expr<_Dom1, typename _Dom1::value_type>[m[K’
  223 |             std::cerr <<"unutraaaa sam"< std::[01;36m[Kendl[m[K;
      |                                               [01;36m[K^~~~[m[K
In file included from [01m[K/usr/include/c++/9/valarray:603[m[K,
                 from [01m[K/usr/include/x86_64-linux-gnu/c++/9/bits/stdc++.h:95[m[K,
                 from [01m[K/home/knapp/git/order_optimizer/src/order_optimizer/src/subscriber_function.cpp:10[m[K:
[01m[K/usr/include/c++/9/bits/valarray_after.h:419:5:[m[K [01;36m[Knote: [m[Kcandidate: ‘[01m[Ktemplate<class _Dom> std::_Expr<std::__detail::_BinClos<std::__less, std::_ValArray, std::_Expr, typename _Dom::value_type, _Dom>, typename std::__fun<std::__less, typename _Dom1::value_type>::result_type> std::operator<(const std::valarray<typename _Dom::value_type>&, const std::_Expr<_Dom1, typename _Dom1::value_type>&)[m[K’
  419 |     [01;36m[K_DEFINE_EXPR_BINARY_OPERATOR[m[K(<, __less)
      |     [01;36m[K^~~~~~~~~~~~~~~~~~~~~~~~~~~~[m[K
[01m[K/usr/include/c++/9/bits/valarray_after.h:419:5:[m[K [01;36m[Knote: [m[K  template argument deduction/substitution failed:
[01m[K/home/knapp/git/order_optimizer/src/order_optimizer/src/subscriber_function.cpp:223:47:[m[K [01;36m[Knote: [m[K  couldn’t deduce template parameter ‘[01m[K_Dom[m[K’
  223 |             std::cerr <<"unutraaaa sam"< std::[01;36m[Kendl[m[K;
      |                                               [01;36m[K^~~~[m[K
In file included from [01m[K/usr/include/x86_64-linux-gnu/c++/9/bits/stdc++.h:95[m[K,
                 from [01m[K/home/knapp/git/order_optimizer/src/order_optimizer/src/subscriber_function.cpp:10[m[K:
[01m[K/usr/include/c++/9/valarray:1199:1:[m[K [01;36m[Knote: [m[Kcandidate: ‘[01m[Ktemplate<class _Tp> std::_Expr<std::__detail::_BinClos<std::__less, std::_ValArray, std::_ValArray, _Tp, _Tp>, typename std::__fun<std::__less, _Tp>::result_type> std::operator<(const std::valarray<_Tp>&, const std::valarray<_Tp>&)[m[K’
 1199 | [01;36m[K_DEFINE_BINARY_OPERATOR[m[K(<, __less)
      | [01;36m[K^~~~~~~~~~~~~~~~~~~~~~~[m[K
[01m[K/usr/include/c++/9/valarray:1199:1:[m[K [01;36m[Knote: [m[K  template argument deduction/substitution failed:
[01m[K/home/knapp/git/order_optimizer/src/order_optimizer/src/subscriber_function.cpp:223:47:[m[K [01;36m[Knote: [m[K  ‘[01m[Kstd::basic_ostream<char>[m[K’ is not derived from ‘[01m[Kconst std::valarray<_Tp>[m[K’
  223 |             std::cerr <<"unutraaaa sam"< std::[01;36m[Kendl[m[K;
      |                                               [01;36m[K^~~~[m[K
In file included from [01m[K/usr/include/x86_64-linux-gnu/c++/9/bits/stdc++.h:95[m[K,
                 from [01m[K/home/knapp/git/order_optimizer/src/order_optimizer/src/subscriber_function.cpp:10[m[K:
[01m[K/usr/include/c++/9/valarray:1199:1:[m[K [01;36m[Knote: [m[Kcandidate: ‘[01m[Ktemplate<class _Tp> std::_Expr<std::__detail::_BinClos<std::__less, std::_ValArray, std::_Constant, _Tp, _Tp>, typename std::__fun<std::__less, _Tp>::result_type> std::operator<(const std::valarray<_Tp>&, const typename std::valarray<_Tp>::value_type&)[m[K’
 1199 | [01;36m[K_DEFINE_BINARY_OPERATOR[m[K(<, __less)
      | [01;36m[K^~~~~~~~~~~~~~~~~~~~~~~[m[K
[01m[K/usr/include/c++/9/valarray:1199:1:[m[K [01;36m[Knote: [m[K  template argument deduction/substitution failed:
[01m[K/home/knapp/git/order_optimizer/src/order_optimizer/src/subscriber_function.cpp:223:47:[m[K [01;36m[Knote: [m[K  ‘[01m[Kstd::basic_ostream<char>[m[K’ is not derived from ‘[01m[Kconst std::valarray<_Tp>[m[K’
  223 |             std::cerr <<"unutraaaa sam"< std::[01;36m[Kendl[m[K;
      |                                               [01;36m[K^~~~[m[K
In file included from [01m[K/usr/include/x86_64-linux-gnu/c++/9/bits/stdc++.h:95[m[K,
                 from [01m[K/home/knapp/git/order_optimizer/src/order_optimizer/src/subscriber_function.cpp:10[m[K:
[01m[K/usr/include/c++/9/valarray:1199:1:[m[K [01;36m[Knote: [m[Kcandidate: ‘[01m[Ktemplate<class _Tp> std::_Expr<std::__detail::_BinClos<std::__less, std::_Constant, std::_ValArray, _Tp, _Tp>, typename std::__fun<std::__less, _Tp>::result_type> std::operator<(const typename std::valarray<_Tp>::value_type&, const std::valarray<_Tp>&)[m[K’
 1199 | [01;36m[K_DEFINE_BINARY_OPERATOR[m[K(<, __less)
      | [01;36m[K^~~~~~~~~~~~~~~~~~~~~~~[m[K
[01m[K/usr/include/c++/9/valarray:1199:1:[m[K [01;36m[Knote: [m[K  template argument deduction/substitution failed:
[01m[K/home/knapp/git/order_optimizer/src/order_optimizer/src/subscriber_function.cpp:223:47:[m[K [01;36m[Knote: [m[K  couldn’t deduce template parameter ‘[01m[K_Tp[m[K’
  223 |             std::cerr <<"unutraaaa sam"< std::[01;36m[Kendl[m[K;
      |                                               [01;36m[K^~~~[m[K
In file included from [01m[K/usr/include/c++/9/forward_list:38[m[K,
                 from [01m[K/usr/include/x86_64-linux-gnu/c++/9/bits/stdc++.h:104[m[K,
                 from [01m[K/home/knapp/git/order_optimizer/src/order_optimizer/src/subscriber_function.cpp:10[m[K:
[01m[K/usr/include/c++/9/bits/forward_list.h:1443:5:[m[K [01;36m[Knote: [m[Kcandidate: ‘[01m[Ktemplate<class _Tp, class _Alloc> bool std::operator<(const std::forward_list<_Tp, _Alloc>&, const std::forward_list<_Tp, _Alloc>&)[m[K’
 1443 |     [01;36m[Koperator[m[K<(const forward_list<_Tp, _Alloc>& __lx,
      |     [01;36m[K^~~~~~~~[m[K
[01m[K/usr/include/c++/9/bits/forward_list.h:1443:5:[m[K [01;36m[Knote: [m[K  template argument deduction/substitution failed:
[01m[K/home/knapp/git/order_optimizer/src/order_optimizer/src/subscriber_function.cpp:223:47:[m[K [01;36m[Knote: [m[K  ‘[01m[Kstd::basic_ostream<char>[m[K’ is not derived from ‘[01m[Kconst std::forward_list<_Tp, _Alloc>[m[K’
  223 |             std::cerr <<"unutraaaa sam"< std::[01;36m[Kendl[m[K;
      |                                               [01;36m[K^~~~[m[K
make[2]: *** [CMakeFiles/OrderOptimizer.dir/build.make:63: CMakeFiles/OrderOptimizer.dir/src/subscriber_function.cpp.o] Error 1
make[1]: *** [CMakeFiles/Makefile2:80: CMakeFiles/OrderOptimizer.dir/all] Error 2
make: *** [Makefile:141: all] Error 2
