[01m[K/home/knapp/git/order_optimizer/src/order_optimizer/src/subscriber_function.cpp:[m[K In member function ‘[01m[Kvoid OrderOptimizer::next_order_callback(std_msgs::msg::String_<std::allocator<void> >::SharedPtr)[m[K’:
[01m[K/home/knapp/git/order_optimizer/src/order_optimizer/src/subscriber_function.cpp:240:50:[m[K [01;31m[Kerror: [m[Kexpected primary-expression before ‘[01m[Kread_orders[m[K’
  240 |             thread_objects.push_back(std::thread [01;31m[Kread_orders[m[K(order_filename, order_id, orders));
      |                                                  [01;31m[K^~~~~~~~~~~[m[K
[01m[K/home/knapp/git/order_optimizer/src/order_optimizer/src/subscriber_function.cpp:243:24:[m[K [01;31m[Kerror: [m[Kuse of deleted function ‘[01m[Kstd::thread::thread(const std::thread&)[m[K’
  243 |         for (auto thr: [01;31m[Kthread_objects[m[K){
      |                        [01;31m[K^~~~~~~~~~~~~~[m[K
In file included from [01m[K/usr/include/c++/9/future:39[m[K,
                 from [01m[K/home/knapp/ros2_foxy/install/rclcpp/include/rclcpp/executors.hpp:18[m[K,
                 from [01m[K/home/knapp/ros2_foxy/install/rclcpp/include/rclcpp/rclcpp.hpp:146[m[K,
                 from [01m[K/home/knapp/git/order_optimizer/src/order_optimizer/src/subscriber_function.cpp:3[m[K:
[01m[K/usr/include/c++/9/thread:142:5:[m[K [01;36m[Knote: [m[Kdeclared here
  142 |     [01;36m[Kthread[m[K(const thread&) = delete;
      |     [01;36m[K^~~~~~[m[K
[01m[K/home/knapp/git/order_optimizer/src/order_optimizer/src/subscriber_function.cpp:221:13:[m[K [01;35m[Kwarning: [m[Kunused variable ‘[01m[Korder_id[m[K’ [[01;35m[K-Wunused-variable[m[K]
  221 |         int [01;35m[Korder_id[m[K = stoi(s.substr(0, s.find(delimiter)));
      |             [01;35m[K^~~~~~~~[m[K
make[2]: *** [CMakeFiles/OrderOptimizer.dir/build.make:63: CMakeFiles/OrderOptimizer.dir/src/subscriber_function.cpp.o] Error 1
make[1]: *** [CMakeFiles/Makefile2:80: CMakeFiles/OrderOptimizer.dir/all] Error 2
make: *** [Makefile:141: all] Error 2
