[01m[K/home/knapp/git/order_optimizer/src/order_optimizer/src/subscriber_function.cpp:[m[K In function ‘[01m[Kint main(int, char**)[m[K’:
[01m[K/home/knapp/git/order_optimizer/src/order_optimizer/src/subscriber_function.cpp:121:31:[m[K [01;31m[Kerror: [m[Kparse error in template argument list
  121 |         p.id = productt["id"].[01;31m[Kas<std::int>[m[K();
      |                               [01;31m[K^~~~~~~~~~~~[m[K
[01m[K/home/knapp/git/order_optimizer/src/order_optimizer/src/subscriber_function.cpp:121:44:[m[K [01;31m[Kerror: [m[Kno matching function for call to ‘[01m[KYAML::Node::as<<expression error> >() const[m[K’
  121 |         p.id = productt["id"].as<std::int>([01;31m[K)[m[K;
      |                                            [01;31m[K^[m[K
In file included from [01m[K/usr/local/include/yaml-cpp/yaml.h:17[m[K,
                 from [01m[K/home/knapp/git/order_optimizer/src/order_optimizer/src/subscriber_function.cpp:6[m[K:
[01m[K/usr/local/include/yaml-cpp/node/impl.h:153:10:[m[K [01;36m[Knote: [m[Kcandidate: ‘[01m[Ktemplate<class T> T YAML::Node::as() const[m[K’
  153 | inline T [01;36m[KNode[m[K::as() const {
      |          [01;36m[K^~~~[m[K
[01m[K/usr/local/include/yaml-cpp/node/impl.h:153:10:[m[K [01;36m[Knote: [m[K  template argument deduction/substitution failed:
[01m[K/home/knapp/git/order_optimizer/src/order_optimizer/src/subscriber_function.cpp:121:44:[m[K [01;31m[Kerror: [m[Ktemplate argument 1 is invalid
  121 |         p.id = productt["id"].as<std::int>([01;31m[K)[m[K;
      |                                            [01;31m[K^[m[K
In file included from [01m[K/usr/local/include/yaml-cpp/yaml.h:16[m[K,
                 from [01m[K/home/knapp/git/order_optimizer/src/order_optimizer/src/subscriber_function.cpp:6[m[K:
[01m[K/usr/local/include/yaml-cpp/node/node.h:68:5:[m[K [01;36m[Knote: [m[Kcandidate: ‘[01m[Ktemplate<class T, class S> T YAML::Node::as(const S&) const[m[K’
   68 |   T [01;36m[Kas[m[K(const S& fallback) const;
      |     [01;36m[K^~[m[K
[01m[K/usr/local/include/yaml-cpp/node/node.h:68:5:[m[K [01;36m[Knote: [m[K  template argument deduction/substitution failed:
[01m[K/home/knapp/git/order_optimizer/src/order_optimizer/src/subscriber_function.cpp:121:44:[m[K [01;31m[Kerror: [m[Ktemplate argument 1 is invalid
  121 |         p.id = productt["id"].as<std::int>([01;31m[K)[m[K;
      |                                            [01;31m[K^[m[K
make[2]: *** [CMakeFiles/OrderOptimizer.dir/build.make:63: CMakeFiles/OrderOptimizer.dir/src/subscriber_function.cpp.o] Error 1
make[1]: *** [CMakeFiles/Makefile2:80: CMakeFiles/OrderOptimizer.dir/all] Error 2
make: *** [Makefile:141: all] Error 2
