[0.224s] Invoking command in '/home/knapp/git/order_optimizer/build/order_optimizer': CMAKE_PREFIX_PATH=${CMAKE_PREFIX_PATH}:/home/knapp/ros2_foxy/install/ros2bag:/home/knapp/ros2_foxy/install/tracetools_launch:/home/knapp/ros2_foxy/install/topic_monitor:/home/knapp/ros2_foxy/install/examples_tf2_py:/home/knapp/ros2_foxy/install/sros2:/home/knapp/ros2_foxy/install/rqt_topic:/home/knapp/ros2_foxy/install/rqt_top:/home/knapp/ros2_foxy/install/rqt_srv:/home/knapp/ros2_foxy/install/rqt_shell:/home/knapp/ros2_foxy/install/rqt_service_caller:/home/knapp/ros2_foxy/install/rqt_reconfigure:/home/knapp/ros2_foxy/install/rqt_py_console:/home/knapp/ros2_foxy/install/rqt_publisher:/home/knapp/ros2_foxy/install/rqt_plot:/home/knapp/ros2_foxy/install/rqt_action:/home/knapp/ros2_foxy/install/rqt_msg:/home/knapp/ros2_foxy/install/rqt:/home/knapp/ros2_foxy/install/rqt_graph:/home/knapp/ros2_foxy/install/rqt_gui_py:/home/knapp/ros2_foxy/install/rqt_gui:/home/knapp/ros2_foxy/install/ros2trace:/home/knapp/ros2_foxy/install/ros2topic:/home/knapp/ros2_foxy/install/ros2test:/home/knapp/ros2_foxy/install/ros2component:/home/knapp/ros2_foxy/install/ros2param:/home/knapp/ros2_foxy/install/ros2lifecycle:/home/knapp/ros2_foxy/install/ros2service:/home/knapp/ros2_foxy/install/ros2run:/home/knapp/ros2_foxy/install/ros2launch:/home/knapp/ros2_foxy/install/ros2pkg:/home/knapp/ros2_foxy/install/ros2node:/home/knapp/ros2_foxy/install/ros2multicast:/home/knapp/ros2_foxy/install/ros2interface:/home/knapp/ros2_foxy/install/ros2doctor:/home/knapp/ros2_foxy/install/ros2action:/home/knapp/ros2_foxy/install/ros2cli:/home/knapp/ros2_foxy/install/quality_of_service_demo_py:/home/knapp/ros2_foxy/install/launch_testing_ros:/home/knapp/ros2_foxy/install/launch_ros:/home/knapp/ros2_foxy/install/examples_rclpy_minimal_subscriber:/home/knapp/ros2_foxy/install/examples_rclpy_minimal_service:/home/knapp/ros2_foxy/install/examples_rclpy_minimal_publisher:/home/knapp/ros2_foxy/install/examples_rclpy_minimal_client:/home/knapp/ros2_foxy/install/examples_rclpy_minimal_action_server:/home/knapp/ros2_foxy/install/examples_rclpy_minimal_action_client:/home/knapp/ros2_foxy/install/examples_rclpy_executors:/home/knapp/ros2_foxy/install/demo_nodes_py:/home/knapp/ros2_foxy/install/action_tutorials_py:/home/knapp/ros2_foxy/install/ament_uncrustify:/home/knapp/ros2_foxy/install/tracetools_trace:/home/knapp/ros2_foxy/install/tracetools_read:/home/knapp/ros2_foxy/install/test_launch_ros:/home/knapp/ros2_foxy/install/sensor_msgs_py:/home/knapp/ros2_foxy/install/rpyutils:/home/knapp/ros2_foxy/install/rosidl_runtime_py:/home/knapp/ros2_foxy/install/launch_yaml:/home/knapp/ros2_foxy/install/launch_xml:/home/knapp/ros2_foxy/install/launch_testing:/home/knapp/ros2_foxy/install/launch:/home/knapp/ros2_foxy/install/osrf_pycommon:/home/knapp/ros2_foxy/install/domain_coordinator:/home/knapp/ros2_foxy/install/ament_xmllint:/home/knapp/ros2_foxy/install/ament_pyflakes:/home/knapp/ros2_foxy/install/ament_pycodestyle:/home/knapp/ros2_foxy/install/ament_pep257:/home/knapp/ros2_foxy/install/ament_pclint:/home/knapp/ros2_foxy/install/ament_package:/home/knapp/ros2_foxy/install/ament_mypy:/home/knapp/ros2_foxy/install/ament_lint_cmake:/home/knapp/ros2_foxy/install/ament_flake8:/home/knapp/ros2_foxy/install/ament_copyright:/home/knapp/ros2_foxy/install/ament_lint:/home/knapp/ros2_foxy/install/ament_index_python:/home/knapp/ros2_foxy/install/ament_cpplint:/home/knapp/ros2_foxy/install/ament_cppcheck:/home/knapp/ros2_foxy/install/ament_clang_tidy:/home/knapp/ros2_foxy/install/ament_clang_format /usr/bin/cmake --build /home/knapp/git/order_optimizer/build/order_optimizer -- -j1 -l1
[0.442s] [35m[1mScanning dependencies of target OrderOptimizer[0m
[0.552s] [ 25%] [32mBuilding CXX object CMakeFiles/OrderOptimizer.dir/src/subscriber_function.cpp.o[0m
[4.727s] [01m[K/home/knapp/git/order_optimizer/src/order_optimizer/src/subscriber_function.cpp:[m[K In member function ‘[01m[Kint OrderOptimizer::printSolution(int*, int, order, double**)[m[K’:
[4.727s] [01m[K/home/knapp/git/order_optimizer/src/order_optimizer/src/subscriber_function.cpp:79:21:[m[K [01;31m[Kerror: [m[K‘[01m[KV[m[K’ was not declared in this scope
[4.728s]    79 |         std::cerr <<[01;31m[KV[m[K-1<<".  Starting with given destinatation x: "<<order_.products.at(0).cx<", y: "<<order_.products.at(0).cy<<std::endl;
[4.728s]       |                     [01;31m[K^[m[K
[4.729s] [01m[K/home/knapp/git/order_optimizer/src/order_optimizer/src/subscriber_function.cpp:79:102:[m[K [01;31m[Kerror: [m[Kinvalid operands of types ‘[01m[Kconst char [6][m[K’ and ‘[01m[Kdouble[m[K’ to binary ‘[01m[Koperator<<[m[K’
[4.729s]    79 |         std::cerr <<V-1<<".  Starting with given destinatation x: "<<order_.products.at(0).cx<[32m[K", y: "[m[K[01;31m[K<<[m[K[34m[Korder_.products.at(0).cy[m[K<<std::endl;
[4.729s]       |                                                                                               [32m[K~~~~~~~[m[K[01;31m[K^~[m[K[34m[K~~~~~~~~~~~~~~~~~~~~~~~~[m[K
[4.729s]       |                                                                                               [32m[K|[m[K                              [34m[K|[m[K
[4.730s]       |                                                                                               [32m[Kconst char [6][m[K                 [34m[Kdouble[m[K
[4.733s] [01m[K/home/knapp/git/order_optimizer/src/order_optimizer/src/subscriber_function.cpp:83:176:[m[K [01;31m[Kerror: [m[Kinvalid operands of types ‘[01m[Kconst char [6][m[K’ and ‘[01m[Kdouble[m[K’ to binary ‘[01m[Koperator<<[m[K’
[4.734s]    83 | roducts.at(j).part << " for product "<<order_.products.at(j).product<<" at x: "<<order_.products.at(j).cx<[32m[K", y: "[m[K[01;31m[K<<[m[K[34m[Korder_.products.at(j).cy[m[K<<std::endl;
[4.735s]       |                                                                                                           [32m[K~~~~~~~[m[K[01;31m[K^~[m[K[34m[K~~~~~~~~~~~~~~~~~~~~~~~~[m[K
[4.735s]       |                                                                                                           [32m[K|[m[K                              [34m[K|[m[K
[4.735s]       |                                                                                                           [32m[Kconst char [6][m[K                 [34m[Kdouble[m[K
[4.735s] 
[4.736s] [01m[K/home/knapp/git/order_optimizer/src/order_optimizer/src/subscriber_function.cpp:89:5:[m[K [01;35m[Kwarning: [m[Kno return statement in function returning non-void [[01;35m[K-Wreturn-type[m[K]
[4.736s]    89 |     [01;35m[K}[m[K
[4.737s]       |     [01;35m[K^[m[K
[4.737s] [01m[K/home/knapp/git/order_optimizer/src/order_optimizer/src/subscriber_function.cpp:76:39:[m[K [01;35m[Kwarning: [m[Kunused parameter ‘[01m[Kn[m[K’ [[01;35m[K-Wunused-parameter[m[K]
[4.738s]    76 |     int printSolution(int dist[], [01;35m[Kint n[m[K, struct order order_, double **distances)
[4.738s]       |                                   [01;35m[K~~~~^[m[K
[4.740s] [01m[K/home/knapp/git/order_optimizer/src/order_optimizer/src/subscriber_function.cpp:[m[K In member function ‘[01m[Kvoid OrderOptimizer::dijkstra(double**, int, int, order)[m[K’:
[4.740s] [01m[K/home/knapp/git/order_optimizer/src/order_optimizer/src/subscriber_function.cpp:95:13:[m[K [01;35m[Kwarning: [m[KISO C++ forbids variable length array ‘[01m[Kdist[m[K’ [[01;35m[K-Wvla[m[K]
[4.740s]    95 |         int [01;35m[Kdist[m[K[V]; // The output array.  dist[i] will hold the shortest
[4.740s]       |             [01;35m[K^~~~[m[K
[4.742s] [01m[K/home/knapp/git/order_optimizer/src/order_optimizer/src/subscriber_function.cpp:98:14:[m[K [01;35m[Kwarning: [m[KISO C++ forbids variable length array ‘[01m[KsptSet[m[K’ [[01;35m[K-Wvla[m[K]
[4.742s]    98 |         bool [01;35m[KsptSet[m[K[V]; // sptSet[i] will be true if vertex i is included in shortest
[4.748s]       |              [01;35m[K^~~~~~[m[K
[4.748s] [01m[K/home/knapp/git/order_optimizer/src/order_optimizer/src/subscriber_function.cpp:129:38:[m[K [01;31m[Kerror: [m[Kno matching function for call to ‘[01m[KOrderOptimizer::printSolution(int [V], int&, order&)[m[K’
[4.748s]   129 |         printSolution(dist, V, order_[01;31m[K)[m[K;
[4.748s]       |                                      [01;31m[K^[m[K
[4.749s] [01m[K/home/knapp/git/order_optimizer/src/order_optimizer/src/subscriber_function.cpp:76:9:[m[K [01;36m[Knote: [m[Kcandidate: ‘[01m[Kint OrderOptimizer::printSolution(int*, int, order, double**)[m[K’
[4.749s]    76 |     int [01;36m[KprintSolution[m[K(int dist[], int n, struct order order_, double **distances)
[4.749s]       |         [01;36m[K^~~~~~~~~~~~~[m[K
[4.749s] [01m[K/home/knapp/git/order_optimizer/src/order_optimizer/src/subscriber_function.cpp:76:9:[m[K [01;36m[Knote: [m[K  candidate expects 4 arguments, 3 provided
[4.750s] [01m[K/home/knapp/git/order_optimizer/src/order_optimizer/src/subscriber_function.cpp:[m[K In member function ‘[01m[Kvoid OrderOptimizer::fill_product_part(int, std::string, std::string, double, double, std::vector<product_part>&)[m[K’:
[4.751s] [01m[K/home/knapp/git/order_optimizer/src/order_optimizer/src/subscriber_function.cpp:134:28:[m[K [01;31m[Kerror: [m[K‘[01m[Kpr[m[K’ was not declared in this scope; did you mean ‘[01m[Kpart[m[K’?
[4.751s]   134 |         product_part_.id = [01;31m[Kpr[m[K.id;
[4.751s]       |                            [01;31m[K^~[m[K
[4.752s]       |                            [32m[Kpart[m[K
[4.755s] [01m[K/home/knapp/git/order_optimizer/src/order_optimizer/src/subscriber_function.cpp:136:29:[m[K [01;31m[Kerror: [m[K‘[01m[Kp[m[K’ was not declared in this scope
[4.755s]   136 |         product_part_.part= [01;31m[Kp[m[K.part;
[4.755s]       |                             [01;31m[K^[m[K
[4.756s] [01m[K/home/knapp/git/order_optimizer/src/order_optimizer/src/subscriber_function.cpp:132:32:[m[K [01;35m[Kwarning: [m[Kunused parameter ‘[01m[Kid[m[K’ [[01;35m[K-Wunused-parameter[m[K]
[4.756s]   132 |     void fill_product_part([01;35m[Kint id[m[K, std::string product, std::string part, double cx, double cy, vector < struct product_part> &products_){
[4.756s]       |                            [01;35m[K~~~~^~[m[K
[4.757s] [01m[K/home/knapp/git/order_optimizer/src/order_optimizer/src/subscriber_function.cpp:132:48:[m[K [01;35m[Kwarning: [m[Kunused parameter ‘[01m[Kproduct[m[K’ [[01;35m[K-Wunused-parameter[m[K]
[4.757s]   132 |     void fill_product_part(int id, [01;35m[Kstd::string product[m[K, std::string part, double cx, double cy, vector < struct product_part> &products_){
[4.757s]       |                                    [01;35m[K~~~~~~~~~~~~^~~~~~~[m[K
[4.758s] [01m[K/home/knapp/git/order_optimizer/src/order_optimizer/src/subscriber_function.cpp:132:69:[m[K [01;35m[Kwarning: [m[Kunused parameter ‘[01m[Kpart[m[K’ [[01;35m[K-Wunused-parameter[m[K]
[4.759s]   132 |     void fill_product_part(int id, std::string product, [01;35m[Kstd::string part[m[K, double cx, double cy, vector < struct product_part> &products_){
[4.760s]       |                                                         [01;35m[K~~~~~~~~~~~~^~~~[m[K
[4.760s] [01m[K/home/knapp/git/order_optimizer/src/order_optimizer/src/subscriber_function.cpp:132:82:[m[K [01;35m[Kwarning: [m[Kunused parameter ‘[01m[Kcx[m[K’ [[01;35m[K-Wunused-parameter[m[K]
[4.760s]   132 |     void fill_product_part(int id, std::string product, std::string part, [01;35m[Kdouble cx[m[K, double cy, vector < struct product_part> &products_){
[4.761s]       |                                                                           [01;35m[K~~~~~~~^~[m[K
[4.763s] [01m[K/home/knapp/git/order_optimizer/src/order_optimizer/src/subscriber_function.cpp:132:93:[m[K [01;35m[Kwarning: [m[Kunused parameter ‘[01m[Kcy[m[K’ [[01;35m[K-Wunused-parameter[m[K]
[4.764s]   132 |     void fill_product_part(int id, std::string product, std::string part, double cx, [01;35m[Kdouble cy[m[K, vector < struct product_part> &products_){
[4.764s]       |                                                                                      [01;35m[K~~~~~~~^~[m[K
[4.770s] [01m[K/home/knapp/git/order_optimizer/src/order_optimizer/src/subscriber_function.cpp:[m[K In member function ‘[01m[Kvoid OrderOptimizer::read_orders(std::string, int, std::vector<order>&)[m[K’:
[4.770s] [01m[K/home/knapp/git/order_optimizer/src/order_optimizer/src/subscriber_function.cpp:161:76:[m[K [01;31m[Kerror: [m[Kcannot convert ‘[01m[Kstd::string[m[K’ {aka ‘[01m[Kstd::__cxx11::basic_string<char>[m[K’} to ‘[01m[Kdouble[m[K’
[4.770s]   161 |                 fill_product_part("Order Start", "Whole package", "Start", [01;31m[Kx_position[m[K, y_position, products_);
[4.771s]       |                                                                            [01;31m[K^~~~~~~~~~[m[K
[4.771s]       |                                                                            [01;31m[K|[m[K
[4.772s]       |                                                                            [01;31m[Kstd::string {aka std::__cxx11::basic_string<char>}[m[K
[4.772s] [01m[K/home/knapp/git/order_optimizer/src/order_optimizer/src/subscriber_function.cpp:132:82:[m[K [01;36m[Knote: [m[K  initializing argument 4 of ‘[01m[Kvoid OrderOptimizer::fill_product_part(int, std::string, std::string, double, double, std::vector<product_part>&)[m[K’
[4.772s]   132 |     void fill_product_part(int id, std::string product, std::string part, [01;36m[Kdouble cx[m[K, double cy, vector < struct product_part> &products_){
[4.773s]       |                                                                           [01;36m[K~~~~~~~^~[m[K
[4.781s] [01m[K/home/knapp/git/order_optimizer/src/order_optimizer/src/subscriber_function.cpp:173:43:[m[K [01;31m[Kerror: [m[Kinvalid conversion from ‘[01m[Kconst char*[m[K’ to ‘[01m[Kint[m[K’ [[01;31m[K-fpermissive[m[K]
[4.781s]   173 |                         fill_product_part([01;31m[K"Order Destination"[m[K, "Whole package", "Goal", order_.cx, order_.cy, products_);
[4.785s]       |                                           [01;31m[K^~~~~~~~~~~~~~~~~~~[m[K
[4.785s]       |                                           [01;31m[K|[m[K
[4.785s]       |                                           [01;31m[Kconst char*[m[K
[4.786s] [01m[K/home/knapp/git/order_optimizer/src/order_optimizer/src/subscriber_function.cpp:132:32:[m[K [01;36m[Knote: [m[K  initializing argument 1 of ‘[01m[Kvoid OrderOptimizer::fill_product_part(int, std::string, std::string, double, double, std::vector<product_part>&)[m[K’
[4.786s]   132 |     void fill_product_part([01;36m[Kint id[m[K, std::string product, std::string part, double cx, double cy, vector < struct product_part> &products_){
[4.786s]       |                            [01;36m[K~~~~^~[m[K
[8.535s] make[2]: *** [CMakeFiles/OrderOptimizer.dir/build.make:63: CMakeFiles/OrderOptimizer.dir/src/subscriber_function.cpp.o] Error 1
[8.537s] make[1]: *** [CMakeFiles/Makefile2:80: CMakeFiles/OrderOptimizer.dir/all] Error 2
[8.538s] make: *** [Makefile:141: all] Error 2
[8.543s] Invoked command in '/home/knapp/git/order_optimizer/build/order_optimizer' returned '2': CMAKE_PREFIX_PATH=${CMAKE_PREFIX_PATH}:/home/knapp/ros2_foxy/install/ros2bag:/home/knapp/ros2_foxy/install/tracetools_launch:/home/knapp/ros2_foxy/install/topic_monitor:/home/knapp/ros2_foxy/install/examples_tf2_py:/home/knapp/ros2_foxy/install/sros2:/home/knapp/ros2_foxy/install/rqt_topic:/home/knapp/ros2_foxy/install/rqt_top:/home/knapp/ros2_foxy/install/rqt_srv:/home/knapp/ros2_foxy/install/rqt_shell:/home/knapp/ros2_foxy/install/rqt_service_caller:/home/knapp/ros2_foxy/install/rqt_reconfigure:/home/knapp/ros2_foxy/install/rqt_py_console:/home/knapp/ros2_foxy/install/rqt_publisher:/home/knapp/ros2_foxy/install/rqt_plot:/home/knapp/ros2_foxy/install/rqt_action:/home/knapp/ros2_foxy/install/rqt_msg:/home/knapp/ros2_foxy/install/rqt:/home/knapp/ros2_foxy/install/rqt_graph:/home/knapp/ros2_foxy/install/rqt_gui_py:/home/knapp/ros2_foxy/install/rqt_gui:/home/knapp/ros2_foxy/install/ros2trace:/home/knapp/ros2_foxy/install/ros2topic:/home/knapp/ros2_foxy/install/ros2test:/home/knapp/ros2_foxy/install/ros2component:/home/knapp/ros2_foxy/install/ros2param:/home/knapp/ros2_foxy/install/ros2lifecycle:/home/knapp/ros2_foxy/install/ros2service:/home/knapp/ros2_foxy/install/ros2run:/home/knapp/ros2_foxy/install/ros2launch:/home/knapp/ros2_foxy/install/ros2pkg:/home/knapp/ros2_foxy/install/ros2node:/home/knapp/ros2_foxy/install/ros2multicast:/home/knapp/ros2_foxy/install/ros2interface:/home/knapp/ros2_foxy/install/ros2doctor:/home/knapp/ros2_foxy/install/ros2action:/home/knapp/ros2_foxy/install/ros2cli:/home/knapp/ros2_foxy/install/quality_of_service_demo_py:/home/knapp/ros2_foxy/install/launch_testing_ros:/home/knapp/ros2_foxy/install/launch_ros:/home/knapp/ros2_foxy/install/examples_rclpy_minimal_subscriber:/home/knapp/ros2_foxy/install/examples_rclpy_minimal_service:/home/knapp/ros2_foxy/install/examples_rclpy_minimal_publisher:/home/knapp/ros2_foxy/install/examples_rclpy_minimal_client:/home/knapp/ros2_foxy/install/examples_rclpy_minimal_action_server:/home/knapp/ros2_foxy/install/examples_rclpy_minimal_action_client:/home/knapp/ros2_foxy/install/examples_rclpy_executors:/home/knapp/ros2_foxy/install/demo_nodes_py:/home/knapp/ros2_foxy/install/action_tutorials_py:/home/knapp/ros2_foxy/install/ament_uncrustify:/home/knapp/ros2_foxy/install/tracetools_trace:/home/knapp/ros2_foxy/install/tracetools_read:/home/knapp/ros2_foxy/install/test_launch_ros:/home/knapp/ros2_foxy/install/sensor_msgs_py:/home/knapp/ros2_foxy/install/rpyutils:/home/knapp/ros2_foxy/install/rosidl_runtime_py:/home/knapp/ros2_foxy/install/launch_yaml:/home/knapp/ros2_foxy/install/launch_xml:/home/knapp/ros2_foxy/install/launch_testing:/home/knapp/ros2_foxy/install/launch:/home/knapp/ros2_foxy/install/osrf_pycommon:/home/knapp/ros2_foxy/install/domain_coordinator:/home/knapp/ros2_foxy/install/ament_xmllint:/home/knapp/ros2_foxy/install/ament_pyflakes:/home/knapp/ros2_foxy/install/ament_pycodestyle:/home/knapp/ros2_foxy/install/ament_pep257:/home/knapp/ros2_foxy/install/ament_pclint:/home/knapp/ros2_foxy/install/ament_package:/home/knapp/ros2_foxy/install/ament_mypy:/home/knapp/ros2_foxy/install/ament_lint_cmake:/home/knapp/ros2_foxy/install/ament_flake8:/home/knapp/ros2_foxy/install/ament_copyright:/home/knapp/ros2_foxy/install/ament_lint:/home/knapp/ros2_foxy/install/ament_index_python:/home/knapp/ros2_foxy/install/ament_cpplint:/home/knapp/ros2_foxy/install/ament_cppcheck:/home/knapp/ros2_foxy/install/ament_clang_tidy:/home/knapp/ros2_foxy/install/ament_clang_format /usr/bin/cmake --build /home/knapp/git/order_optimizer/build/order_optimizer -- -j1 -l1
