[3.164s] DEBUG:colcon:Command line arguments: ['/usr/bin/colcon', 'build', '--packages-select', 'order_optimizer']
[3.164s] DEBUG:colcon:Parsed command line arguments: Namespace(ament_cmake_args=None, base_paths=['.'], build_base='build', catkin_cmake_args=None, catkin_skip_building_tests=False, cmake_args=None, cmake_clean_cache=False, cmake_clean_first=False, cmake_force_configure=False, cmake_target=None, cmake_target_skip_unavailable=False, continue_on_error=False, event_handlers=None, executor='parallel', ignore_user_meta=False, install_base='install', log_base=None, log_level=None, main=<bound method BuildVerb.main of <colcon_core.verb.build.BuildVerb object at 0x7f08233dda90>>, merge_install=False, metas=['./colcon.meta'], packages_above=None, packages_above_and_dependencies=None, packages_above_depth=None, packages_end=None, packages_ignore=None, packages_ignore_regex=None, packages_select=['order_optimizer'], packages_select_build_failed=False, packages_select_by_dep=None, packages_select_regex=None, packages_select_test_failures=False, packages_skip=None, packages_skip_build_finished=False, packages_skip_by_dep=None, packages_skip_regex=None, packages_skip_test_passed=False, packages_skip_up_to=None, packages_start=None, packages_up_to=None, packages_up_to_regex=None, parallel_workers=1, paths=None, symlink_install=False, test_result_base=None, verb_extension=<colcon_core.verb.build.BuildVerb object at 0x7f08233dda90>, verb_name='build', verb_parser=<colcon_defaults.argument_parser.defaults.DefaultArgumentsDecorator object at 0x7f082336c040>)
[3.236s] Level 1:colcon.colcon_core.package_discovery:discover_packages(colcon_meta) check parameters
[3.241s] Level 1:colcon.colcon_core.package_discovery:discover_packages(recursive) check parameters
[3.241s] Level 1:colcon.colcon_core.package_discovery:discover_packages(ignore) check parameters
[3.242s] Level 1:colcon.colcon_core.package_discovery:discover_packages(path) check parameters
[3.242s] Level 1:colcon.colcon_core.package_discovery:discover_packages(colcon_meta) discover
[3.242s] Level 1:colcon.colcon_core.package_discovery:discover_packages(recursive) discover
[3.242s] INFO:colcon.colcon_core.package_discovery:Crawling recursively for packages in '/home/knapp/git/order_optimizer'
[3.242s] Level 1:colcon.colcon_core.package_identification:_identify(.) by extensions ['ignore', 'ignore_ament_install']
[3.242s] Level 1:colcon.colcon_core.package_identification:_identify(.) by extension 'ignore'
[3.243s] Level 1:colcon.colcon_core.package_identification:_identify(.) by extension 'ignore_ament_install'
[3.243s] Level 1:colcon.colcon_core.package_identification:_identify(.) by extensions ['colcon_pkg']
[3.243s] Level 1:colcon.colcon_core.package_identification:_identify(.) by extension 'colcon_pkg'
[3.243s] Level 1:colcon.colcon_core.package_identification:_identify(.) by extensions ['colcon_meta']
[3.243s] Level 1:colcon.colcon_core.package_identification:_identify(.) by extension 'colcon_meta'
[3.243s] Level 1:colcon.colcon_core.package_identification:_identify(.) by extensions ['ros']
[3.243s] Level 1:colcon.colcon_core.package_identification:_identify(.) by extension 'ros'
[3.321s] Level 1:colcon.colcon_core.package_identification:_identify(.) by extensions ['cmake', 'python']
[3.321s] Level 1:colcon.colcon_core.package_identification:_identify(.) by extension 'cmake'
[3.321s] Level 1:colcon.colcon_core.package_identification:_identify(.) by extension 'python'
[3.325s] Level 1:colcon.colcon_core.package_identification:_identify(.) by extensions ['python_setup_py']
[3.326s] Level 1:colcon.colcon_core.package_identification:_identify(.) by extension 'python_setup_py'
[3.326s] Level 1:colcon.colcon_core.package_identification:_identify(build) by extensions ['ignore', 'ignore_ament_install']
[3.326s] Level 1:colcon.colcon_core.package_identification:_identify(build) by extension 'ignore'
[3.326s] Level 1:colcon.colcon_core.package_identification:_identify(build) ignored
[3.327s] Level 1:colcon.colcon_core.package_identification:_identify(etc) by extensions ['ignore', 'ignore_ament_install']
[3.327s] Level 1:colcon.colcon_core.package_identification:_identify(etc) by extension 'ignore'
[3.327s] Level 1:colcon.colcon_core.package_identification:_identify(etc) by extension 'ignore_ament_install'
[3.327s] Level 1:colcon.colcon_core.package_identification:_identify(etc) by extensions ['colcon_pkg']
[3.327s] Level 1:colcon.colcon_core.package_identification:_identify(etc) by extension 'colcon_pkg'
[3.327s] Level 1:colcon.colcon_core.package_identification:_identify(etc) by extensions ['colcon_meta']
[3.327s] Level 1:colcon.colcon_core.package_identification:_identify(etc) by extension 'colcon_meta'
[3.327s] Level 1:colcon.colcon_core.package_identification:_identify(etc) by extensions ['ros']
[3.327s] Level 1:colcon.colcon_core.package_identification:_identify(etc) by extension 'ros'
[3.327s] Level 1:colcon.colcon_core.package_identification:_identify(etc) by extensions ['cmake', 'python']
[3.328s] Level 1:colcon.colcon_core.package_identification:_identify(etc) by extension 'cmake'
[3.328s] Level 1:colcon.colcon_core.package_identification:_identify(etc) by extension 'python'
[3.328s] Level 1:colcon.colcon_core.package_identification:_identify(etc) by extensions ['python_setup_py']
[3.328s] Level 1:colcon.colcon_core.package_identification:_identify(etc) by extension 'python_setup_py'
[3.328s] Level 1:colcon.colcon_core.package_identification:_identify(etc/configuration) by extensions ['ignore', 'ignore_ament_install']
[3.329s] Level 1:colcon.colcon_core.package_identification:_identify(etc/configuration) by extension 'ignore'
[3.329s] Level 1:colcon.colcon_core.package_identification:_identify(etc/configuration) by extension 'ignore_ament_install'
[3.341s] Level 1:colcon.colcon_core.package_identification:_identify(etc/configuration) by extensions ['colcon_pkg']
[3.341s] Level 1:colcon.colcon_core.package_identification:_identify(etc/configuration) by extension 'colcon_pkg'
[3.341s] Level 1:colcon.colcon_core.package_identification:_identify(etc/configuration) by extensions ['colcon_meta']
[3.341s] Level 1:colcon.colcon_core.package_identification:_identify(etc/configuration) by extension 'colcon_meta'
[3.342s] Level 1:colcon.colcon_core.package_identification:_identify(etc/configuration) by extensions ['ros']
[3.342s] Level 1:colcon.colcon_core.package_identification:_identify(etc/configuration) by extension 'ros'
[3.342s] Level 1:colcon.colcon_core.package_identification:_identify(etc/configuration) by extensions ['cmake', 'python']
[3.342s] Level 1:colcon.colcon_core.package_identification:_identify(etc/configuration) by extension 'cmake'
[3.342s] Level 1:colcon.colcon_core.package_identification:_identify(etc/configuration) by extension 'python'
[3.342s] Level 1:colcon.colcon_core.package_identification:_identify(etc/configuration) by extensions ['python_setup_py']
[3.342s] Level 1:colcon.colcon_core.package_identification:_identify(etc/configuration) by extension 'python_setup_py'
[3.342s] Level 1:colcon.colcon_core.package_identification:_identify(etc/orders) by extensions ['ignore', 'ignore_ament_install']
[3.343s] Level 1:colcon.colcon_core.package_identification:_identify(etc/orders) by extension 'ignore'
[3.343s] Level 1:colcon.colcon_core.package_identification:_identify(etc/orders) by extension 'ignore_ament_install'
[3.343s] Level 1:colcon.colcon_core.package_identification:_identify(etc/orders) by extensions ['colcon_pkg']
[3.343s] Level 1:colcon.colcon_core.package_identification:_identify(etc/orders) by extension 'colcon_pkg'
[3.343s] Level 1:colcon.colcon_core.package_identification:_identify(etc/orders) by extensions ['colcon_meta']
[3.343s] Level 1:colcon.colcon_core.package_identification:_identify(etc/orders) by extension 'colcon_meta'
[3.343s] Level 1:colcon.colcon_core.package_identification:_identify(etc/orders) by extensions ['ros']
[3.343s] Level 1:colcon.colcon_core.package_identification:_identify(etc/orders) by extension 'ros'
[3.344s] Level 1:colcon.colcon_core.package_identification:_identify(etc/orders) by extensions ['cmake', 'python']
[3.344s] Level 1:colcon.colcon_core.package_identification:_identify(etc/orders) by extension 'cmake'
[3.344s] Level 1:colcon.colcon_core.package_identification:_identify(etc/orders) by extension 'python'
[3.344s] Level 1:colcon.colcon_core.package_identification:_identify(etc/orders) by extensions ['python_setup_py']
[3.344s] Level 1:colcon.colcon_core.package_identification:_identify(etc/orders) by extension 'python_setup_py'
[3.344s] Level 1:colcon.colcon_core.package_identification:_identify(install) by extensions ['ignore', 'ignore_ament_install']
[3.344s] Level 1:colcon.colcon_core.package_identification:_identify(install) by extension 'ignore'
[3.344s] Level 1:colcon.colcon_core.package_identification:_identify(install) ignored
[3.351s] Level 1:colcon.colcon_core.package_identification:_identify(log) by extensions ['ignore', 'ignore_ament_install']
[3.351s] Level 1:colcon.colcon_core.package_identification:_identify(log) by extension 'ignore'
[3.351s] Level 1:colcon.colcon_core.package_identification:_identify(log) ignored
[3.351s] Level 1:colcon.colcon_core.package_identification:_identify(src) by extensions ['ignore', 'ignore_ament_install']
[3.351s] Level 1:colcon.colcon_core.package_identification:_identify(src) by extension 'ignore'
[3.351s] Level 1:colcon.colcon_core.package_identification:_identify(src) by extension 'ignore_ament_install'
[3.351s] Level 1:colcon.colcon_core.package_identification:_identify(src) by extensions ['colcon_pkg']
[3.352s] Level 1:colcon.colcon_core.package_identification:_identify(src) by extension 'colcon_pkg'
[3.352s] Level 1:colcon.colcon_core.package_identification:_identify(src) by extensions ['colcon_meta']
[3.352s] Level 1:colcon.colcon_core.package_identification:_identify(src) by extension 'colcon_meta'
[3.352s] Level 1:colcon.colcon_core.package_identification:_identify(src) by extensions ['ros']
[3.352s] Level 1:colcon.colcon_core.package_identification:_identify(src) by extension 'ros'
[3.352s] Level 1:colcon.colcon_core.package_identification:_identify(src) by extensions ['cmake', 'python']
[3.352s] Level 1:colcon.colcon_core.package_identification:_identify(src) by extension 'cmake'
[3.352s] Level 1:colcon.colcon_core.package_identification:_identify(src) by extension 'python'
[3.352s] Level 1:colcon.colcon_core.package_identification:_identify(src) by extensions ['python_setup_py']
[3.352s] Level 1:colcon.colcon_core.package_identification:_identify(src) by extension 'python_setup_py'
[3.353s] Level 1:colcon.colcon_core.package_identification:_identify(src/order_optimizer) by extensions ['ignore', 'ignore_ament_install']
[3.356s] Level 1:colcon.colcon_core.package_identification:_identify(src/order_optimizer) by extension 'ignore'
[3.356s] Level 1:colcon.colcon_core.package_identification:_identify(src/order_optimizer) by extension 'ignore_ament_install'
[3.356s] Level 1:colcon.colcon_core.package_identification:_identify(src/order_optimizer) by extensions ['colcon_pkg']
[3.356s] Level 1:colcon.colcon_core.package_identification:_identify(src/order_optimizer) by extension 'colcon_pkg'
[3.356s] Level 1:colcon.colcon_core.package_identification:_identify(src/order_optimizer) by extensions ['colcon_meta']
[3.356s] Level 1:colcon.colcon_core.package_identification:_identify(src/order_optimizer) by extension 'colcon_meta'
[3.356s] Level 1:colcon.colcon_core.package_identification:_identify(src/order_optimizer) by extensions ['ros']
[3.356s] Level 1:colcon.colcon_core.package_identification:_identify(src/order_optimizer) by extension 'ros'
[3.364s] DEBUG:colcon.colcon_core.package_identification:Package 'src/order_optimizer' with type 'ros.ament_cmake' and name 'order_optimizer'
[3.365s] Level 1:colcon.colcon_core.package_identification:_identify(src/yaml-cpp) by extensions ['ignore', 'ignore_ament_install']
[3.374s] Level 1:colcon.colcon_core.package_identification:_identify(src/yaml-cpp) by extension 'ignore'
[3.374s] Level 1:colcon.colcon_core.package_identification:_identify(src/yaml-cpp) by extension 'ignore_ament_install'
[3.374s] Level 1:colcon.colcon_core.package_identification:_identify(src/yaml-cpp) by extensions ['colcon_pkg']
[3.374s] Level 1:colcon.colcon_core.package_identification:_identify(src/yaml-cpp) by extension 'colcon_pkg'
[3.375s] Level 1:colcon.colcon_core.package_identification:_identify(src/yaml-cpp) by extensions ['colcon_meta']
[3.375s] Level 1:colcon.colcon_core.package_identification:_identify(src/yaml-cpp) by extension 'colcon_meta'
[3.375s] Level 1:colcon.colcon_core.package_identification:_identify(src/yaml-cpp) by extensions ['ros']
[3.375s] Level 1:colcon.colcon_core.package_identification:_identify(src/yaml-cpp) by extension 'ros'
[3.376s] Level 1:colcon.colcon_core.package_identification:_identify(src/yaml-cpp) by extensions ['cmake', 'python']
[3.382s] Level 1:colcon.colcon_core.package_identification:_identify(src/yaml-cpp) by extension 'cmake'
[3.509s] Level 1:colcon.colcon_core.package_identification:_identify(src/yaml-cpp) by extension 'python'
[3.525s] DEBUG:colcon.colcon_core.package_identification:Package 'src/yaml-cpp' with type 'cmake' and name 'YAML_CPP'
[3.526s] Level 1:colcon.colcon_core.package_discovery:discover_packages(recursive) using defaults
[3.526s] Level 1:colcon.colcon_core.package_discovery:discover_packages(ignore) discover
[3.527s] Level 1:colcon.colcon_core.package_discovery:discover_packages(ignore) using defaults
[3.527s] Level 1:colcon.colcon_core.package_discovery:discover_packages(path) discover
[3.527s] Level 1:colcon.colcon_core.package_discovery:discover_packages(path) using defaults
[3.741s] INFO:colcon.colcon_core.package_selection:Skipping not selected package 'YAML_CPP' in 'src/yaml-cpp'
[3.765s] Level 5:colcon.colcon_core.verb:set package 'order_optimizer' build argument 'cmake_args' from command line to 'None'
[3.765s] Level 5:colcon.colcon_core.verb:set package 'order_optimizer' build argument 'cmake_target' from command line to 'None'
[3.765s] Level 5:colcon.colcon_core.verb:set package 'order_optimizer' build argument 'cmake_target_skip_unavailable' from command line to 'False'
[3.765s] Level 5:colcon.colcon_core.verb:set package 'order_optimizer' build argument 'cmake_clean_cache' from command line to 'False'
[3.765s] Level 5:colcon.colcon_core.verb:set package 'order_optimizer' build argument 'cmake_clean_first' from command line to 'False'
[3.765s] Level 5:colcon.colcon_core.verb:set package 'order_optimizer' build argument 'cmake_force_configure' from command line to 'False'
[3.770s] Level 5:colcon.colcon_core.verb:set package 'order_optimizer' build argument 'ament_cmake_args' from command line to 'None'
[3.770s] Level 5:colcon.colcon_core.verb:set package 'order_optimizer' build argument 'catkin_cmake_args' from command line to 'None'
[3.771s] Level 5:colcon.colcon_core.verb:set package 'order_optimizer' build argument 'catkin_skip_building_tests' from command line to 'False'
[3.771s] DEBUG:colcon.colcon_core.verb:Building package 'order_optimizer' with the following arguments: {'ament_cmake_args': None, 'build_base': '/home/knapp/git/order_optimizer/build/order_optimizer', 'catkin_cmake_args': None, 'catkin_skip_building_tests': False, 'cmake_args': None, 'cmake_clean_cache': False, 'cmake_clean_first': False, 'cmake_force_configure': False, 'cmake_target': None, 'cmake_target_skip_unavailable': False, 'install_base': '/home/knapp/git/order_optimizer/install/order_optimizer', 'merge_install': False, 'path': '/home/knapp/git/order_optimizer/src/order_optimizer', 'symlink_install': False, 'test_result_base': None}
[3.771s] INFO:colcon.colcon_core.executor:Executing jobs using 'parallel' executor
[3.784s] DEBUG:colcon.colcon_parallel_executor.executor.parallel:run_until_complete
[3.784s] INFO:colcon.colcon_ros.task.ament_cmake.build:Building ROS package in '/home/knapp/git/order_optimizer/src/order_optimizer' with build type 'ament_cmake'
[3.785s] INFO:colcon.colcon_cmake.task.cmake.build:Building CMake package in '/home/knapp/git/order_optimizer/src/order_optimizer'
[3.835s] INFO:colcon.colcon_core.plugin_system:Skipping extension 'colcon_core.shell.bat': Not used on non-Windows systems
[3.835s] INFO:colcon.colcon_core.shell:Skip shell extension 'powershell' for command environment: Not usable outside of PowerShell
[3.835s] DEBUG:colcon.colcon_core.shell:Skip shell extension 'dsv' for command environment
[4.196s] DEBUG:colcon.colcon_core.event_handler.log_command:Invoking command in '/home/knapp/git/order_optimizer/build/order_optimizer': CMAKE_PREFIX_PATH=${CMAKE_PREFIX_PATH}:/home/knapp/ros2_foxy/install/ros2bag:/home/knapp/ros2_foxy/install/tracetools_launch:/home/knapp/ros2_foxy/install/topic_monitor:/home/knapp/ros2_foxy/install/examples_tf2_py:/home/knapp/ros2_foxy/install/sros2:/home/knapp/ros2_foxy/install/rqt_topic:/home/knapp/ros2_foxy/install/rqt_top:/home/knapp/ros2_foxy/install/rqt_srv:/home/knapp/ros2_foxy/install/rqt_shell:/home/knapp/ros2_foxy/install/rqt_service_caller:/home/knapp/ros2_foxy/install/rqt_reconfigure:/home/knapp/ros2_foxy/install/rqt_py_console:/home/knapp/ros2_foxy/install/rqt_publisher:/home/knapp/ros2_foxy/install/rqt_plot:/home/knapp/ros2_foxy/install/rqt_action:/home/knapp/ros2_foxy/install/rqt_msg:/home/knapp/ros2_foxy/install/rqt:/home/knapp/ros2_foxy/install/rqt_graph:/home/knapp/ros2_foxy/install/rqt_gui_py:/home/knapp/ros2_foxy/install/rqt_gui:/home/knapp/ros2_foxy/install/ros2trace:/home/knapp/ros2_foxy/install/ros2topic:/home/knapp/ros2_foxy/install/ros2test:/home/knapp/ros2_foxy/install/ros2component:/home/knapp/ros2_foxy/install/ros2param:/home/knapp/ros2_foxy/install/ros2lifecycle:/home/knapp/ros2_foxy/install/ros2service:/home/knapp/ros2_foxy/install/ros2run:/home/knapp/ros2_foxy/install/ros2launch:/home/knapp/ros2_foxy/install/ros2pkg:/home/knapp/ros2_foxy/install/ros2node:/home/knapp/ros2_foxy/install/ros2multicast:/home/knapp/ros2_foxy/install/ros2interface:/home/knapp/ros2_foxy/install/ros2doctor:/home/knapp/ros2_foxy/install/ros2action:/home/knapp/ros2_foxy/install/ros2cli:/home/knapp/ros2_foxy/install/quality_of_service_demo_py:/home/knapp/ros2_foxy/install/launch_testing_ros:/home/knapp/ros2_foxy/install/launch_ros:/home/knapp/ros2_foxy/install/examples_rclpy_minimal_subscriber:/home/knapp/ros2_foxy/install/examples_rclpy_minimal_service:/home/knapp/ros2_foxy/install/examples_rclpy_minimal_publisher:/home/knapp/ros2_foxy/install/examples_rclpy_minimal_client:/home/knapp/ros2_foxy/install/examples_rclpy_minimal_action_server:/home/knapp/ros2_foxy/install/examples_rclpy_minimal_action_client:/home/knapp/ros2_foxy/install/examples_rclpy_executors:/home/knapp/ros2_foxy/install/demo_nodes_py:/home/knapp/ros2_foxy/install/action_tutorials_py:/home/knapp/ros2_foxy/install/ament_uncrustify:/home/knapp/ros2_foxy/install/tracetools_trace:/home/knapp/ros2_foxy/install/tracetools_read:/home/knapp/ros2_foxy/install/test_launch_ros:/home/knapp/ros2_foxy/install/sensor_msgs_py:/home/knapp/ros2_foxy/install/rpyutils:/home/knapp/ros2_foxy/install/rosidl_runtime_py:/home/knapp/ros2_foxy/install/launch_yaml:/home/knapp/ros2_foxy/install/launch_xml:/home/knapp/ros2_foxy/install/launch_testing:/home/knapp/ros2_foxy/install/launch:/home/knapp/ros2_foxy/install/osrf_pycommon:/home/knapp/ros2_foxy/install/domain_coordinator:/home/knapp/ros2_foxy/install/ament_xmllint:/home/knapp/ros2_foxy/install/ament_pyflakes:/home/knapp/ros2_foxy/install/ament_pycodestyle:/home/knapp/ros2_foxy/install/ament_pep257:/home/knapp/ros2_foxy/install/ament_pclint:/home/knapp/ros2_foxy/install/ament_package:/home/knapp/ros2_foxy/install/ament_mypy:/home/knapp/ros2_foxy/install/ament_lint_cmake:/home/knapp/ros2_foxy/install/ament_flake8:/home/knapp/ros2_foxy/install/ament_copyright:/home/knapp/ros2_foxy/install/ament_lint:/home/knapp/ros2_foxy/install/ament_index_python:/home/knapp/ros2_foxy/install/ament_cpplint:/home/knapp/ros2_foxy/install/ament_cppcheck:/home/knapp/ros2_foxy/install/ament_clang_tidy:/home/knapp/ros2_foxy/install/ament_clang_format /usr/bin/cmake --build /home/knapp/git/order_optimizer/build/order_optimizer -- -j1 -l1
[20.759s] DEBUG:colcon.colcon_core.event_handler.log_command:Invoked command in '/home/knapp/git/order_optimizer/build/order_optimizer' returned '2': CMAKE_PREFIX_PATH=${CMAKE_PREFIX_PATH}:/home/knapp/ros2_foxy/install/ros2bag:/home/knapp/ros2_foxy/install/tracetools_launch:/home/knapp/ros2_foxy/install/topic_monitor:/home/knapp/ros2_foxy/install/examples_tf2_py:/home/knapp/ros2_foxy/install/sros2:/home/knapp/ros2_foxy/install/rqt_topic:/home/knapp/ros2_foxy/install/rqt_top:/home/knapp/ros2_foxy/install/rqt_srv:/home/knapp/ros2_foxy/install/rqt_shell:/home/knapp/ros2_foxy/install/rqt_service_caller:/home/knapp/ros2_foxy/install/rqt_reconfigure:/home/knapp/ros2_foxy/install/rqt_py_console:/home/knapp/ros2_foxy/install/rqt_publisher:/home/knapp/ros2_foxy/install/rqt_plot:/home/knapp/ros2_foxy/install/rqt_action:/home/knapp/ros2_foxy/install/rqt_msg:/home/knapp/ros2_foxy/install/rqt:/home/knapp/ros2_foxy/install/rqt_graph:/home/knapp/ros2_foxy/install/rqt_gui_py:/home/knapp/ros2_foxy/install/rqt_gui:/home/knapp/ros2_foxy/install/ros2trace:/home/knapp/ros2_foxy/install/ros2topic:/home/knapp/ros2_foxy/install/ros2test:/home/knapp/ros2_foxy/install/ros2component:/home/knapp/ros2_foxy/install/ros2param:/home/knapp/ros2_foxy/install/ros2lifecycle:/home/knapp/ros2_foxy/install/ros2service:/home/knapp/ros2_foxy/install/ros2run:/home/knapp/ros2_foxy/install/ros2launch:/home/knapp/ros2_foxy/install/ros2pkg:/home/knapp/ros2_foxy/install/ros2node:/home/knapp/ros2_foxy/install/ros2multicast:/home/knapp/ros2_foxy/install/ros2interface:/home/knapp/ros2_foxy/install/ros2doctor:/home/knapp/ros2_foxy/install/ros2action:/home/knapp/ros2_foxy/install/ros2cli:/home/knapp/ros2_foxy/install/quality_of_service_demo_py:/home/knapp/ros2_foxy/install/launch_testing_ros:/home/knapp/ros2_foxy/install/launch_ros:/home/knapp/ros2_foxy/install/examples_rclpy_minimal_subscriber:/home/knapp/ros2_foxy/install/examples_rclpy_minimal_service:/home/knapp/ros2_foxy/install/examples_rclpy_minimal_publisher:/home/knapp/ros2_foxy/install/examples_rclpy_minimal_client:/home/knapp/ros2_foxy/install/examples_rclpy_minimal_action_server:/home/knapp/ros2_foxy/install/examples_rclpy_minimal_action_client:/home/knapp/ros2_foxy/install/examples_rclpy_executors:/home/knapp/ros2_foxy/install/demo_nodes_py:/home/knapp/ros2_foxy/install/action_tutorials_py:/home/knapp/ros2_foxy/install/ament_uncrustify:/home/knapp/ros2_foxy/install/tracetools_trace:/home/knapp/ros2_foxy/install/tracetools_read:/home/knapp/ros2_foxy/install/test_launch_ros:/home/knapp/ros2_foxy/install/sensor_msgs_py:/home/knapp/ros2_foxy/install/rpyutils:/home/knapp/ros2_foxy/install/rosidl_runtime_py:/home/knapp/ros2_foxy/install/launch_yaml:/home/knapp/ros2_foxy/install/launch_xml:/home/knapp/ros2_foxy/install/launch_testing:/home/knapp/ros2_foxy/install/launch:/home/knapp/ros2_foxy/install/osrf_pycommon:/home/knapp/ros2_foxy/install/domain_coordinator:/home/knapp/ros2_foxy/install/ament_xmllint:/home/knapp/ros2_foxy/install/ament_pyflakes:/home/knapp/ros2_foxy/install/ament_pycodestyle:/home/knapp/ros2_foxy/install/ament_pep257:/home/knapp/ros2_foxy/install/ament_pclint:/home/knapp/ros2_foxy/install/ament_package:/home/knapp/ros2_foxy/install/ament_mypy:/home/knapp/ros2_foxy/install/ament_lint_cmake:/home/knapp/ros2_foxy/install/ament_flake8:/home/knapp/ros2_foxy/install/ament_copyright:/home/knapp/ros2_foxy/install/ament_lint:/home/knapp/ros2_foxy/install/ament_index_python:/home/knapp/ros2_foxy/install/ament_cpplint:/home/knapp/ros2_foxy/install/ament_cppcheck:/home/knapp/ros2_foxy/install/ament_clang_tidy:/home/knapp/ros2_foxy/install/ament_clang_format /usr/bin/cmake --build /home/knapp/git/order_optimizer/build/order_optimizer -- -j1 -l1
[21.200s] Level 1:colcon.colcon_core.environment:create_environment_scripts_only(order_optimizer)
[21.245s] Level 1:colcon.colcon_core.environment:checking '/home/knapp/git/order_optimizer/install/order_optimizer' for CMake module files
[21.248s] Level 1:colcon.colcon_core.environment:checking '/home/knapp/git/order_optimizer/install/order_optimizer' for CMake config files
[21.249s] Level 1:colcon.colcon_core.shell:create_environment_hook('order_optimizer', 'cmake_prefix_path')
[21.255s] INFO:colcon.colcon_core.shell:Creating environment hook '/home/knapp/git/order_optimizer/install/order_optimizer/share/order_optimizer/hook/cmake_prefix_path.ps1'
[21.258s] INFO:colcon.colcon_core.shell:Creating environment descriptor '/home/knapp/git/order_optimizer/install/order_optimizer/share/order_optimizer/hook/cmake_prefix_path.dsv'
[21.261s] INFO:colcon.colcon_core.shell:Creating environment hook '/home/knapp/git/order_optimizer/install/order_optimizer/share/order_optimizer/hook/cmake_prefix_path.sh'
[21.263s] Level 1:colcon.colcon_core.environment:checking '/home/knapp/git/order_optimizer/install/order_optimizer/lib'
[21.264s] Level 1:colcon.colcon_core.environment:checking '/home/knapp/git/order_optimizer/install/order_optimizer/bin'
[21.264s] Level 1:colcon.colcon_core.environment:checking '/home/knapp/git/order_optimizer/install/order_optimizer/lib/pkgconfig/order_optimizer.pc'
[21.264s] Level 1:colcon.colcon_core.environment:checking '/home/knapp/git/order_optimizer/install/order_optimizer/lib/python3.8/site-packages'
[21.265s] INFO:colcon.colcon_core.shell:Creating package script '/home/knapp/git/order_optimizer/install/order_optimizer/share/order_optimizer/package.ps1'
[21.275s] INFO:colcon.colcon_core.shell:Creating package descriptor '/home/knapp/git/order_optimizer/install/order_optimizer/share/order_optimizer/package.dsv'
[21.284s] INFO:colcon.colcon_core.shell:Creating package script '/home/knapp/git/order_optimizer/install/order_optimizer/share/order_optimizer/package.sh'
[21.288s] INFO:colcon.colcon_core.shell:Creating package script '/home/knapp/git/order_optimizer/install/order_optimizer/share/order_optimizer/package.bash'
[21.292s] INFO:colcon.colcon_core.shell:Creating package script '/home/knapp/git/order_optimizer/install/order_optimizer/share/order_optimizer/package.zsh'
[21.294s] Level 1:colcon.colcon_core.environment:create_file_with_runtime_dependencies(/home/knapp/git/order_optimizer/install/order_optimizer/share/colcon-core/packages/order_optimizer)
[21.304s] DEBUG:colcon.colcon_parallel_executor.executor.parallel:closing loop
[21.305s] DEBUG:colcon.colcon_parallel_executor.executor.parallel:loop closed
[21.305s] DEBUG:colcon.colcon_parallel_executor.executor.parallel:run_until_complete finished with '2'
[21.306s] DEBUG:colcon.colcon_core.event_reactor:joining thread
[21.376s] INFO:colcon.colcon_core.plugin_system:Skipping extension 'colcon_notification.desktop_notification.terminal_notifier': Not used on non-Darwin systems
[21.376s] INFO:colcon.colcon_core.plugin_system:Skipping extension 'colcon_notification.desktop_notification.win32': Not used on non-Windows systems
[21.376s] INFO:colcon.colcon_notification.desktop_notification:Sending desktop notification using 'notify2'
[21.554s] DEBUG:colcon.colcon_core.event_reactor:joined thread
[21.555s] INFO:colcon.colcon_core.shell:Creating prefix script '/home/knapp/git/order_optimizer/install/local_setup.ps1'
[21.561s] INFO:colcon.colcon_core.shell:Creating prefix util module '/home/knapp/git/order_optimizer/install/_local_setup_util_ps1.py'
[21.569s] INFO:colcon.colcon_core.shell:Creating prefix chain script '/home/knapp/git/order_optimizer/install/setup.ps1'
[21.660s] INFO:colcon.colcon_core.shell:Creating prefix script '/home/knapp/git/order_optimizer/install/local_setup.sh'
[21.665s] INFO:colcon.colcon_core.shell:Creating prefix util module '/home/knapp/git/order_optimizer/install/_local_setup_util_sh.py'
[21.666s] INFO:colcon.colcon_core.shell:Creating prefix chain script '/home/knapp/git/order_optimizer/install/setup.sh'
[21.778s] INFO:colcon.colcon_core.shell:Creating prefix script '/home/knapp/git/order_optimizer/install/local_setup.bash'
[21.781s] INFO:colcon.colcon_core.shell:Creating prefix chain script '/home/knapp/git/order_optimizer/install/setup.bash'
[21.885s] INFO:colcon.colcon_core.shell:Creating prefix script '/home/knapp/git/order_optimizer/install/local_setup.zsh'
[21.887s] INFO:colcon.colcon_core.shell:Creating prefix chain script '/home/knapp/git/order_optimizer/install/setup.zsh'
