-- Found ament_cmake: 0.9.8 (/home/knapp/ros2_foxy/install/ament_cmake/share/ament_cmake/cmake)
-- Using PYTHON_EXECUTABLE: /usr/bin/python3
-- Found rclcpp: 2.3.1 (/home/knapp/ros2_foxy/install/rclcpp/share/rclcpp/cmake)
-- Using all available rosidl_typesupport_c: rosidl_typesupport_introspection_c;rosidl_typesupport_fastrtps_c
-- Found rosidl_adapter: 1.2.1 (/home/knapp/ros2_foxy/install/rosidl_adapter/share/rosidl_adapter/cmake)
-- Using all available rosidl_typesupport_cpp: rosidl_typesupport_introspection_cpp;rosidl_typesupport_fastrtps_cpp
-- Found rmw_implementation_cmake: 1.0.3 (/home/knapp/ros2_foxy/install/rmw_implementation_cmake/share/rmw_implementation_cmake/cmake)
-- Using RMW implementation 'rmw_fastrtps_cpp' as default
-- Found geometry_msgs: 2.0.4 (/home/knapp/ros2_foxy/install/geometry_msgs/share/geometry_msgs/cmake)
-- Found ament_lint_auto: 0.9.6 (/home/knapp/ros2_foxy/install/ament_lint_auto/share/ament_lint_auto/cmake)
-- Added test 'copyright' to check source files copyright and LICENSE
-- Added test 'cppcheck' to perform static code analysis on C / C++ code
-- Configured cppcheck include dirs: 
-- Configured cppcheck exclude dirs and/or files: 
-- Added test 'cpplint' to check C / C++ code against the Google style
-- Configured cpplint exclude dirs and/or files: 
-- Added test 'lint_cmake' to check CMake code style
-- Added test 'uncrustify' to check C / C++ code style
-- Configured uncrustify additional arguments: 
-- Added test 'xmllint' to check XML markup files
-- Configuring done
-- Generating done
-- Build files have been written to: /home/knapp/git/order_optimizer/build/order_optimizer
[35m[1mScanning dependencies of target OrderOptimizer[0m
[ 25%] [32mBuilding CXX object CMakeFiles/OrderOptimizer.dir/src/subscriber_function.cpp.o[0m
[01m[K/home/knapp/git/order_optimizer/src/order_optimizer/src/subscriber_function.cpp:19:9:[m[K [01;35m[Kwarning: [m[KISO C++ forbids flexible array member ‘[01m[Kproducts[m[K’ [[01;35m[K-Wpedantic[m[K]
   19 |     int [01;35m[Kproducts[m[K[];
      |         [01;35m[K^~~~~~~~[m[K
[01m[K/home/knapp/git/order_optimizer/src/order_optimizer/src/subscriber_function.cpp:31:10:[m[K [01;35m[Kwarning: [m[KISO C++ forbids flexible array member ‘[01m[Kparts[m[K’ [[01;35m[K-Wpedantic[m[K]
   31 |     part [01;35m[Kparts[m[K[];
      |          [01;35m[K^~~~~[m[K
[ 50%] [32m[1mLinking CXX executable OrderOptimizer[0m
[ 50%] Built target OrderOptimizer
[35m[1mScanning dependencies of target SendOrder[0m
[ 75%] [32mBuilding CXX object CMakeFiles/SendOrder.dir/src/publisher_function.cpp.o[0m
[100%] [32m[1mLinking CXX executable SendOrder[0m
[100%] Built target SendOrder
-- Install configuration: ""
-- Installing: /home/knapp/git/order_optimizer/install/order_optimizer/lib/order_optimizer/SendOrder
-- Set runtime path of "/home/knapp/git/order_optimizer/install/order_optimizer/lib/order_optimizer/SendOrder" to ""
-- Installing: /home/knapp/git/order_optimizer/install/order_optimizer/lib/order_optimizer/OrderOptimizer
-- Set runtime path of "/home/knapp/git/order_optimizer/install/order_optimizer/lib/order_optimizer/OrderOptimizer" to ""
-- Installing: /home/knapp/git/order_optimizer/install/order_optimizer/share/ament_index/resource_index/package_run_dependencies/order_optimizer
-- Up-to-date: /home/knapp/git/order_optimizer/install/order_optimizer/share/ament_index/resource_index/parent_prefix_path/order_optimizer
-- Installing: /home/knapp/git/order_optimizer/install/order_optimizer/share/order_optimizer/environment/ament_prefix_path.dsv
-- Installing: /home/knapp/git/order_optimizer/install/order_optimizer/share/order_optimizer/environment/path.dsv
-- Up-to-date: /home/knapp/git/order_optimizer/install/order_optimizer/share/order_optimizer/local_setup.bash
-- Up-to-date: /home/knapp/git/order_optimizer/install/order_optimizer/share/order_optimizer/local_setup.sh
-- Up-to-date: /home/knapp/git/order_optimizer/install/order_optimizer/share/order_optimizer/local_setup.zsh
-- Installing: /home/knapp/git/order_optimizer/install/order_optimizer/share/order_optimizer/local_setup.dsv
-- Installing: /home/knapp/git/order_optimizer/install/order_optimizer/share/order_optimizer/package.dsv
-- Up-to-date: /home/knapp/git/order_optimizer/install/order_optimizer/share/ament_index/resource_index/packages/order_optimizer
-- Up-to-date: /home/knapp/git/order_optimizer/install/order_optimizer/share/order_optimizer/cmake/order_optimizerConfig.cmake
-- Up-to-date: /home/knapp/git/order_optimizer/install/order_optimizer/share/order_optimizer/cmake/order_optimizerConfig-version.cmake
-- Installing: /home/knapp/git/order_optimizer/install/order_optimizer/share/order_optimizer/package.xml
