[01m[K/home/knapp/git/order_optimizer/src/order_optimizer/src/subscriber_function.cpp:65:43:[m[K [01;31m[Kerror: [m[K‘[01m[Kvisualization_msgs::MarkerArray[m[K’ has not been declared
   65 |     void fill_markers(visualization_msgs::[01;31m[KMarkerArray[m[K &markers[matrix_size], struct product_part pp_, int position){
      |                                           [01;31m[K^~~~~~~~~~~[m[K
[01m[K/home/knapp/git/order_optimizer/src/order_optimizer/src/subscriber_function.cpp:65:56:[m[K [01;31m[Kerror: [m[Kexpected ‘[01m[K,[m[K’ or ‘[01m[K...[m[K’ before ‘[01m[Kmarkers[m[K’
   65 |     void fill_markers(visualization_msgs::MarkerArray &[01;31m[Kmarkers[m[K[matrix_size], struct product_part pp_, int position){
      |                                                        [01;31m[K^~~~~~~[m[K
[01m[K/home/knapp/git/order_optimizer/src/order_optimizer/src/subscriber_function.cpp:[m[K In member function ‘[01m[Kvoid OrderOptimizer::fill_markers(int&)[m[K’:
[01m[K/home/knapp/git/order_optimizer/src/order_optimizer/src/subscriber_function.cpp:66:9:[m[K [01;31m[Kerror: [m[K‘[01m[Kmarkers[m[K’ was not declared in this scope
   66 |         [01;31m[Kmarkers[m[K[position].header.frame_id = "base_link";
      |         [01;31m[K^~~~~~~[m[K
[01m[K/home/knapp/git/order_optimizer/src/order_optimizer/src/subscriber_function.cpp:66:17:[m[K [01;31m[Kerror: [m[K‘[01m[Kposition[m[K’ was not declared in this scope; did you mean ‘[01m[Ky_position[m[K’?
   66 |         markers[[01;31m[Kposition[m[K].header.frame_id = "base_link";
      |                 [01;31m[K^~~~~~~~[m[K
      |                 [32m[Ky_position[m[K
[01m[K/home/knapp/git/order_optimizer/src/order_optimizer/src/subscriber_function.cpp:67:42:[m[K [01;31m[Kerror: [m[K‘[01m[Kros[m[K’ has not been declared
   67 |         markers[position].header.stamp = [01;31m[Kros[m[K::Time();
      |                                          [01;31m[K^~~[m[K
[01m[K/home/knapp/git/order_optimizer/src/order_optimizer/src/subscriber_function.cpp:72:58:[m[K [01;31m[Kerror: [m[K‘[01m[Kvisualization_msgs::Marker[m[K’ has not been declared
   72 |             markers[position].type = visualization_msgs::[01;31m[KMarker[m[K::CUBE;
      |                                                          [01;31m[K^~~~~~[m[K
[01m[K/home/knapp/git/order_optimizer/src/order_optimizer/src/subscriber_function.cpp:75:58:[m[K [01;31m[Kerror: [m[K‘[01m[Kvisualization_msgs::Marker[m[K’ has not been declared
   75 |             markers[position].type = visualization_msgs::[01;31m[KMarker[m[K::CYLINDER;
      |                                                          [01;31m[K^~~~~~[m[K
[01m[K/home/knapp/git/order_optimizer/src/order_optimizer/src/subscriber_function.cpp:78:56:[m[K [01;31m[Kerror: [m[K‘[01m[Kvisualization_msgs::Marker[m[K’ has not been declared
   78 |         markers[position].action = visualization_msgs::[01;31m[KMarker[m[K::ADD;
      |                                                        [01;31m[K^~~~~~[m[K
[01m[K/home/knapp/git/order_optimizer/src/order_optimizer/src/subscriber_function.cpp:79:45:[m[K [01;31m[Kerror: [m[K‘[01m[Kpp_[m[K’ was not declared in this scope
   79 |         markers[position].pose.position.x = [01;31m[Kpp_[m[K.cx;
      |                                             [01;31m[K^~~[m[K
[01m[K/home/knapp/git/order_optimizer/src/order_optimizer/src/subscriber_function.cpp:[m[K In member function ‘[01m[Kvoid OrderOptimizer::printSolution(double*, int, order, double**)[m[K’:
[01m[K/home/knapp/git/order_optimizer/src/order_optimizer/src/subscriber_function.cpp:110:9:[m[K [01;31m[Kerror: [m[K‘[01m[Kros[m[K’ has not been declared
  110 |         [01;31m[Kros[m[K::Publisher vis_pub = node_handle.advertise<visualization_msgs::MarkerArray>( "order_path", 0 );
      |         [01;31m[K^~~[m[K
[01m[K/home/knapp/git/order_optimizer/src/order_optimizer/src/subscriber_function.cpp:111:29:[m[K [01;31m[Kerror: [m[K‘[01m[KMarkerArray[m[K’ is not a member of ‘[01m[Kvisualization_msgs[m[K’; did you mean ‘[01m[Kvisualization_msgs::msg::MarkerArray[m[K’?
  111 |         visualization_msgs::[01;31m[KMarkerArray[m[K markers;
      |                             [01;31m[K^~~~~~~~~~~[m[K
In file included from [01m[K/home/knapp/ros2_foxy/install/visualization_msgs/include/visualization_msgs/msg/marker_array.hpp:7[m[K,
                 from [01m[K/home/knapp/git/order_optimizer/src/order_optimizer/src/subscriber_function.cpp:12[m[K:
[01m[K/home/knapp/ros2_foxy/install/visualization_msgs/include/visualization_msgs/msg/detail/marker_array__struct.hpp:117:7:[m[K [01;36m[Knote: [m[K‘[01m[Kvisualization_msgs::msg::MarkerArray[m[K’ declared here
  117 | using [01;36m[KMarkerArray[m[K =
      |       [01;36m[K^~~~~~~~~~~[m[K
[01m[K/home/knapp/git/order_optimizer/src/order_optimizer/src/subscriber_function.cpp:124:38:[m[K [01;31m[Kerror: [m[K‘[01m[Kmarkers[m[K’ was not declared in this scope
  124 |                         fill_markers([01;31m[Kmarkers[m[K, order_.products.at(i), i);
      |                                      [01;31m[K^~~~~~~[m[K
[01m[K/home/knapp/git/order_optimizer/src/order_optimizer/src/subscriber_function.cpp:137:22:[m[K [01;31m[Kerror: [m[K‘[01m[Kmarkers[m[K’ was not declared in this scope
  137 |         fill_markers([01;31m[Kmarkers[m[K, order_.products.at(V - 1), V - 1);
      |                      [01;31m[K^~~~~~~[m[K
[01m[K/home/knapp/git/order_optimizer/src/order_optimizer/src/subscriber_function.cpp:139:9:[m[K [01;31m[Kerror: [m[K‘[01m[Kvis_pub[m[K’ was not declared in this scope
  139 |         [01;31m[Kvis_pub[m[K.publish( markers );
      |         [01;31m[K^~~~~~~[m[K
make[2]: *** [CMakeFiles/OrderOptimizer.dir/build.make:63: CMakeFiles/OrderOptimizer.dir/src/subscriber_function.cpp.o] Error 1
make[1]: *** [CMakeFiles/Makefile2:80: CMakeFiles/OrderOptimizer.dir/all] Error 2
make: *** [Makefile:141: all] Error 2
