[01m[K/home/knapp/git/order_optimizer/src/order_optimizer/src/subscriber_function.cpp:53:21:[m[K [01;31m[Kerror: [m[K‘[01m[KMarker[m[K’ in namespace ‘[01m[Kvisualization_msgs[m[K’ does not name a type
   53 | visualization_msgs::[01;31m[KMarker[m[K rviz_marker;
      |                     [01;31m[K^~~~~~[m[K
[01m[K/home/knapp/git/order_optimizer/src/order_optimizer/src/subscriber_function.cpp:84:43:[m[K [01;31m[Kerror: [m[K‘[01m[Kvisualization_msgs::MarkerArray[m[K’ has not been declared
   84 |     void fill_markers(visualization_msgs::[01;31m[KMarkerArray[m[K &markers, struct product_part pp_, int position){
      |                                           [01;31m[K^~~~~~~~~~~[m[K
[01m[K/home/knapp/git/order_optimizer/src/order_optimizer/src/subscriber_function.cpp:[m[K In member function ‘[01m[Kvoid OrderOptimizer::fill_marker()[m[K’:
[01m[K/home/knapp/git/order_optimizer/src/order_optimizer/src/subscriber_function.cpp:67:9:[m[K [01;31m[Kerror: [m[K‘[01m[Krviz_marker[m[K’ was not declared in this scope
   67 |         [01;31m[Krviz_marker[m[K.header.frame_id = "base_link";
      |         [01;31m[K^~~~~~~~~~~[m[K
[01m[K/home/knapp/git/order_optimizer/src/order_optimizer/src/subscriber_function.cpp:68:36:[m[K [01;31m[Kerror: [m[K‘[01m[Kros[m[K’ has not been declared
   68 |         rviz_marker.header.stamp = [01;31m[Kros[m[K::Time();
      |                                    [01;31m[K^~~[m[K
[01m[K/home/knapp/git/order_optimizer/src/order_optimizer/src/subscriber_function.cpp:70:50:[m[K [01;31m[Kerror: [m[K‘[01m[Kvisualization_msgs::Marker[m[K’ has not been declared
   70 |         rviz_marker.action = visualization_msgs::[01;31m[KMarker[m[K::ADD;
      |                                                  [01;31m[K^~~~~~[m[K
[01m[K/home/knapp/git/order_optimizer/src/order_optimizer/src/subscriber_function.cpp:[m[K In member function ‘[01m[Kvoid OrderOptimizer::fill_markers(int&, product_part, int)[m[K’:
[01m[K/home/knapp/git/order_optimizer/src/order_optimizer/src/subscriber_function.cpp:86:9:[m[K [01;31m[Kerror: [m[K‘[01m[Krviz_marker[m[K’ was not declared in this scope
   86 |         [01;31m[Krviz_marker[m[K.id = position;
      |         [01;31m[K^~~~~~~~~~~[m[K
[01m[K/home/knapp/git/order_optimizer/src/order_optimizer/src/subscriber_function.cpp:88:28:[m[K [01;31m[Kerror: [m[Klvalue required as left operand of assignment
   88 |         if (position + 1 = [01;31m[Kmatrix_size[m[K){
      |                            [01;31m[K^~~~~~~~~~~[m[K
[01m[K/home/knapp/git/order_optimizer/src/order_optimizer/src/subscriber_function.cpp:89:52:[m[K [01;31m[Kerror: [m[K‘[01m[Kvisualization_msgs::Marker[m[K’ has not been declared
   89 |             rviz_marker.type = visualization_msgs::[01;31m[KMarker[m[K::CUBE;
      |                                                    [01;31m[K^~~~~~[m[K
[01m[K/home/knapp/git/order_optimizer/src/order_optimizer/src/subscriber_function.cpp:92:52:[m[K [01;31m[Kerror: [m[K‘[01m[Kvisualization_msgs::Marker[m[K’ has not been declared
   92 |             rviz_marker.type = visualization_msgs::[01;31m[KMarker[m[K::CYLINDER;
      |                                                    [01;31m[K^~~~~~[m[K
[01m[K/home/knapp/git/order_optimizer/src/order_optimizer/src/subscriber_function.cpp:98:17:[m[K [01;31m[Kerror: [m[Krequest for member ‘[01m[Kmarkers[m[K’ in ‘[01m[Kmarkers[m[K’, which is of non-class type ‘[01m[Kint[m[K’
   98 |         markers.[01;31m[Kmarkers[m[K.push_back(rviz_marker);
      |                 [01;31m[K^~~~~~~[m[K
[01m[K/home/knapp/git/order_optimizer/src/order_optimizer/src/subscriber_function.cpp:[m[K In member function ‘[01m[Kvoid OrderOptimizer::printSolution(double*, int, order, double**)[m[K’:
[01m[K/home/knapp/git/order_optimizer/src/order_optimizer/src/subscriber_function.cpp:117:9:[m[K [01;31m[Kerror: [m[K‘[01m[Kros[m[K’ has not been declared
  117 |         [01;31m[Kros[m[K::Publisher vis_pub = node_handle.advertise<visualization_msgs::MarkerArray>( "order_path", 0 );
      |         [01;31m[K^~~[m[K
[01m[K/home/knapp/git/order_optimizer/src/order_optimizer/src/subscriber_function.cpp:118:29:[m[K [01;31m[Kerror: [m[K‘[01m[KMarkerArray[m[K’ is not a member of ‘[01m[Kvisualization_msgs[m[K’; did you mean ‘[01m[Kvisualization_msgs::msg::MarkerArray[m[K’?
  118 |         visualization_msgs::[01;31m[KMarkerArray[m[K markers;
      |                             [01;31m[K^~~~~~~~~~~[m[K
In file included from [01m[K/home/knapp/ros2_foxy/install/visualization_msgs/include/visualization_msgs/msg/marker_array.hpp:7[m[K,
                 from [01m[K/home/knapp/git/order_optimizer/src/order_optimizer/src/subscriber_function.cpp:12[m[K:
[01m[K/home/knapp/ros2_foxy/install/visualization_msgs/include/visualization_msgs/msg/detail/marker_array__struct.hpp:117:7:[m[K [01;36m[Knote: [m[K‘[01m[Kvisualization_msgs::msg::MarkerArray[m[K’ declared here
  117 | using [01;36m[KMarkerArray[m[K =
      |       [01;36m[K^~~~~~~~~~~[m[K
[01m[K/home/knapp/git/order_optimizer/src/order_optimizer/src/subscriber_function.cpp:119:22:[m[K [01;31m[Kerror: [m[Kexpected ‘[01m[K;[m[K’ before ‘[01m[Kstd[m[K’
  119 |         fill_marker()
      |                      [01;31m[K^[m[K
      |                      [32m[K;[m[K
  120 | 
  121 |         [32m[Kstd[m[K::cerr << "Working on order " << order_.order << "(" << order_description<<")"<<std::endl;
      |         [32m[K~~~[m[K           
[01m[K/home/knapp/git/order_optimizer/src/order_optimizer/src/subscriber_function.cpp:132:38:[m[K [01;31m[Kerror: [m[K‘[01m[Kmarkers[m[K’ was not declared in this scope
  132 |                         fill_markers([01;31m[Kmarkers[m[K, order_.products.at(i), i);
      |                                      [01;31m[K^~~~~~~[m[K
[01m[K/home/knapp/git/order_optimizer/src/order_optimizer/src/subscriber_function.cpp:145:22:[m[K [01;31m[Kerror: [m[K‘[01m[Kmarkers[m[K’ was not declared in this scope
  145 |         fill_markers([01;31m[Kmarkers[m[K, order_.products.at(V - 1), V - 1);
      |                      [01;31m[K^~~~~~~[m[K
[01m[K/home/knapp/git/order_optimizer/src/order_optimizer/src/subscriber_function.cpp:147:9:[m[K [01;31m[Kerror: [m[K‘[01m[Kvis_pub[m[K’ was not declared in this scope
  147 |         [01;31m[Kvis_pub[m[K.publish( markers );
      |         [01;31m[K^~~~~~~[m[K
make[2]: *** [CMakeFiles/OrderOptimizer.dir/build.make:63: CMakeFiles/OrderOptimizer.dir/src/subscriber_function.cpp.o] Error 1
make[1]: *** [CMakeFiles/Makefile2:80: CMakeFiles/OrderOptimizer.dir/all] Error 2
make: *** [Makefile:141: all] Error 2
