[35m[1mScanning dependencies of target OrderOptimizer[0m
[ 25%] [32mBuilding CXX object CMakeFiles/OrderOptimizer.dir/src/subscriber_function.cpp.o[0m
[01m[K/home/knapp/git/order_optimizer/src/order_optimizer/src/subscriber_function.cpp:[m[K In member function ‘[01m[Kvoid OrderOptimizer::printSolution(double*, int, order, double**)[m[K’:
[01m[K/home/knapp/git/order_optimizer/src/order_optimizer/src/subscriber_function.cpp:83:34:[m[K [01;35m[Kwarning: [m[Ksuggest parentheses around assignment used as truth value [[01;35m[K-Wparentheses[m[K]
   83 |                 for (int k = 0; [01;35m[Kj=k < V-1[m[K; k++){
      |                                 [01;35m[K~^~~~~~~~[m[K
[ 50%] [32m[1mLinking CXX executable OrderOptimizer[0m
[ 50%] Built target OrderOptimizer
[100%] Built target SendOrder
-- Install configuration: ""
-- Up-to-date: /home/knapp/git/order_optimizer/install/order_optimizer/lib/order_optimizer/SendOrder
-- Installing: /home/knapp/git/order_optimizer/install/order_optimizer/lib/order_optimizer/OrderOptimizer
-- Set runtime path of "/home/knapp/git/order_optimizer/install/order_optimizer/lib/order_optimizer/OrderOptimizer" to ""
-- Up-to-date: /home/knapp/git/order_optimizer/install/order_optimizer/share/ament_index/resource_index/package_run_dependencies/order_optimizer
-- Up-to-date: /home/knapp/git/order_optimizer/install/order_optimizer/share/ament_index/resource_index/parent_prefix_path/order_optimizer
-- Up-to-date: /home/knapp/git/order_optimizer/install/order_optimizer/share/order_optimizer/environment/ament_prefix_path.dsv
-- Up-to-date: /home/knapp/git/order_optimizer/install/order_optimizer/share/order_optimizer/environment/path.dsv
-- Up-to-date: /home/knapp/git/order_optimizer/install/order_optimizer/share/order_optimizer/local_setup.bash
-- Up-to-date: /home/knapp/git/order_optimizer/install/order_optimizer/share/order_optimizer/local_setup.sh
-- Up-to-date: /home/knapp/git/order_optimizer/install/order_optimizer/share/order_optimizer/local_setup.zsh
-- Up-to-date: /home/knapp/git/order_optimizer/install/order_optimizer/share/order_optimizer/local_setup.dsv
-- Installing: /home/knapp/git/order_optimizer/install/order_optimizer/share/order_optimizer/package.dsv
-- Up-to-date: /home/knapp/git/order_optimizer/install/order_optimizer/share/ament_index/resource_index/packages/order_optimizer
-- Up-to-date: /home/knapp/git/order_optimizer/install/order_optimizer/share/order_optimizer/cmake/order_optimizerConfig.cmake
-- Up-to-date: /home/knapp/git/order_optimizer/install/order_optimizer/share/order_optimizer/cmake/order_optimizerConfig-version.cmake
-- Up-to-date: /home/knapp/git/order_optimizer/install/order_optimizer/share/order_optimizer/package.xml
