[35m[1mScanning dependencies of target OrderOptimizer[0m
[ 25%] [32mBuilding CXX object CMakeFiles/OrderOptimizer.dir/src/subscriber_function.cpp.o[0m
[01m[K/home/knapp/git/order_optimizer/src/order_optimizer/src/subscriber_function.cpp:[m[K In member function ‘[01m[Kvoid OrderOptimizer::next_order_callback(std_msgs::msg::String_<std::allocator<void> >::SharedPtr)[m[K’:
[01m[K/home/knapp/git/order_optimizer/src/order_optimizer/src/subscriber_function.cpp:310:48:[m[K [01;31m[Kerror: [m[K‘[01m[Kf[m[K’ was not declared in this scope
  310 |         std::cerr << "hajmo praviti thread "<< [01;31m[Kf[m[K->d_name <<std::endl;
      |                                                [01;31m[K^[m[K
[01m[K/home/knapp/git/order_optimizer/src/order_optimizer/src/subscriber_function.cpp:311:44:[m[K [01;31m[Kerror: [m[Kcall to non-‘[01m[Kconstexpr[m[K’ function ‘[01m[Kstd::vector<_Tp, _Alloc>::size_type std::vector<_Tp, _Alloc>::size() const [with _Tp = std::__cxx11::basic_string<char>; _Alloc = std::allocator<std::__cxx11::basic_string<char> >; std::vector<_Tp, _Alloc>::size_type = long unsigned int][m[K’
  311 |         array<std::thread, [01;31m[Korder_files.size()[m[K> thread_objects;
      |                            [01;31m[K~~~~~~~~~~~~~~~~^~[m[K
[01m[K/home/knapp/git/order_optimizer/src/order_optimizer/src/subscriber_function.cpp:311:44:[m[K [01;31m[Kerror: [m[Kcall to non-‘[01m[Kconstexpr[m[K’ function ‘[01m[Kstd::vector<_Tp, _Alloc>::size_type std::vector<_Tp, _Alloc>::size() const [with _Tp = std::__cxx11::basic_string<char>; _Alloc = std::allocator<std::__cxx11::basic_string<char> >; std::vector<_Tp, _Alloc>::size_type = long unsigned int][m[K’
[01m[K/home/knapp/git/order_optimizer/src/order_optimizer/src/subscriber_function.cpp:311:44:[m[K [01;36m[Knote: [m[Kin template argument for type ‘[01m[Klong unsigned int[m[K’
[01m[K/home/knapp/git/order_optimizer/src/order_optimizer/src/subscriber_function.cpp:313:23:[m[K [01;31m[Kerror: [m[K‘[01m[Kbegin[m[K’ was not declared in this scope; did you mean ‘[01m[Kstd::begin[m[K’?
  313 |         for (auto &t: [01;31m[Kthread_objects[m[K) {
      |                       [01;31m[K^~~~~~~~~~~~~~[m[K
      |                       [32m[Kstd::begin[m[K
In file included from [01m[K/usr/include/x86_64-linux-gnu/c++/9/bits/stdc++.h:95[m[K,
                 from [01m[K/home/knapp/git/order_optimizer/src/order_optimizer/src/subscriber_function.cpp:10[m[K:
[01m[K/usr/include/c++/9/valarray:1224:5:[m[K [01;36m[Knote: [m[K‘[01m[Kstd::begin[m[K’ declared here
 1224 |     [01;36m[Kbegin[m[K(const valarray<_Tp>& __va)
      |     [01;36m[K^~~~~[m[K
[01m[K/home/knapp/git/order_optimizer/src/order_optimizer/src/subscriber_function.cpp:313:23:[m[K [01;31m[Kerror: [m[K‘[01m[Kend[m[K’ was not declared in this scope; did you mean ‘[01m[Kstd::end[m[K’?
  313 |         for (auto &t: [01;31m[Kthread_objects[m[K) {
      |                       [01;31m[K^~~~~~~~~~~~~~[m[K
      |                       [32m[Kstd::end[m[K
In file included from [01m[K/usr/include/x86_64-linux-gnu/c++/9/bits/stdc++.h:95[m[K,
                 from [01m[K/home/knapp/git/order_optimizer/src/order_optimizer/src/subscriber_function.cpp:10[m[K:
[01m[K/usr/include/c++/9/valarray:1244:5:[m[K [01;36m[Knote: [m[K‘[01m[Kstd::end[m[K’ declared here
 1244 |     [01;36m[Kend[m[K(const valarray<_Tp>& __va)
      |     [01;36m[K^~~[m[K
[01m[K/home/knapp/git/order_optimizer/src/order_optimizer/src/subscriber_function.cpp:318:23:[m[K [01;31m[Kerror: [m[K‘[01m[Kbegin[m[K’ was not declared in this scope; did you mean ‘[01m[Kstd::begin[m[K’?
  318 |         for (auto &t: [01;31m[Kthread_objects[m[K) {
      |                       [01;31m[K^~~~~~~~~~~~~~[m[K
      |                       [32m[Kstd::begin[m[K
In file included from [01m[K/usr/include/x86_64-linux-gnu/c++/9/bits/stdc++.h:95[m[K,
                 from [01m[K/home/knapp/git/order_optimizer/src/order_optimizer/src/subscriber_function.cpp:10[m[K:
[01m[K/usr/include/c++/9/valarray:1224:5:[m[K [01;36m[Knote: [m[K‘[01m[Kstd::begin[m[K’ declared here
 1224 |     [01;36m[Kbegin[m[K(const valarray<_Tp>& __va)
      |     [01;36m[K^~~~~[m[K
[01m[K/home/knapp/git/order_optimizer/src/order_optimizer/src/subscriber_function.cpp:318:23:[m[K [01;31m[Kerror: [m[K‘[01m[Kend[m[K’ was not declared in this scope; did you mean ‘[01m[Kstd::end[m[K’?
  318 |         for (auto &t: [01;31m[Kthread_objects[m[K) {
      |                       [01;31m[K^~~~~~~~~~~~~~[m[K
      |                       [32m[Kstd::end[m[K
In file included from [01m[K/usr/include/x86_64-linux-gnu/c++/9/bits/stdc++.h:95[m[K,
                 from [01m[K/home/knapp/git/order_optimizer/src/order_optimizer/src/subscriber_function.cpp:10[m[K:
[01m[K/usr/include/c++/9/valarray:1244:5:[m[K [01;36m[Knote: [m[K‘[01m[Kstd::end[m[K’ declared here
 1244 |     [01;36m[Kend[m[K(const valarray<_Tp>& __va)
      |     [01;36m[K^~~[m[K
make[2]: *** [CMakeFiles/OrderOptimizer.dir/build.make:63: CMakeFiles/OrderOptimizer.dir/src/subscriber_function.cpp.o] Error 1
make[1]: *** [CMakeFiles/Makefile2:80: CMakeFiles/OrderOptimizer.dir/all] Error 2
make: *** [Makefile:141: all] Error 2
