[35m[1mScanning dependencies of target OrderOptimizer[0m
[ 25%] [32mBuilding CXX object CMakeFiles/OrderOptimizer.dir/src/subscriber_function.cpp.o[0m
[ 50%] [32m[1mLinking CXX executable OrderOptimizer[0m
[ 50%] Built target OrderOptimizer
[100%] Built target SendOrder
-- Install configuration: ""
-- Up-to-date: /home/knapp/git/order_optimizer/install/order_optimizer/lib/order_optimizer/SendOrder
-- Installing: /home/knapp/git/order_optimizer/install/order_optimizer/lib/order_optimizer/OrderOptimizer
-- Set runtime path of "/home/knapp/git/order_optimizer/install/order_optimizer/lib/order_optimizer/OrderOptimizer" to ""
-- Installing: /home/knapp/git/order_optimizer/install/order_optimizer/share/ament_index/resource_index/package_run_dependencies/order_optimizer
-- Up-to-date: /home/knapp/git/order_optimizer/install/order_optimizer/share/ament_index/resource_index/parent_prefix_path/order_optimizer
-- Installing: /home/knapp/git/order_optimizer/install/order_optimizer/share/order_optimizer/environment/ament_prefix_path.dsv
-- Installing: /home/knapp/git/order_optimizer/install/order_optimizer/share/order_optimizer/environment/path.dsv
-- Up-to-date: /home/knapp/git/order_optimizer/install/order_optimizer/share/order_optimizer/local_setup.bash
-- Up-to-date: /home/knapp/git/order_optimizer/install/order_optimizer/share/order_optimizer/local_setup.sh
-- Up-to-date: /home/knapp/git/order_optimizer/install/order_optimizer/share/order_optimizer/local_setup.zsh
-- Installing: /home/knapp/git/order_optimizer/install/order_optimizer/share/order_optimizer/local_setup.dsv
-- Installing: /home/knapp/git/order_optimizer/install/order_optimizer/share/order_optimizer/package.dsv
-- Up-to-date: /home/knapp/git/order_optimizer/install/order_optimizer/share/ament_index/resource_index/packages/order_optimizer
-- Up-to-date: /home/knapp/git/order_optimizer/install/order_optimizer/share/order_optimizer/cmake/order_optimizerConfig.cmake
-- Up-to-date: /home/knapp/git/order_optimizer/install/order_optimizer/share/order_optimizer/cmake/order_optimizerConfig-version.cmake
-- Installing: /home/knapp/git/order_optimizer/install/order_optimizer/share/order_optimizer/package.xml
