[4.921s] DEBUG:colcon:Command line arguments: ['/usr/bin/colcon', 'build', '--packages-select', 'order_optimizer']
[4.921s] DEBUG:colcon:Parsed command line arguments: Namespace(ament_cmake_args=None, base_paths=['.'], build_base='build', catkin_cmake_args=None, catkin_skip_building_tests=False, cmake_args=None, cmake_clean_cache=False, cmake_clean_first=False, cmake_force_configure=False, cmake_target=None, cmake_target_skip_unavailable=False, continue_on_error=False, event_handlers=None, executor='parallel', ignore_user_meta=False, install_base='install', log_base=None, log_level=None, main=<bound method BuildVerb.main of <colcon_core.verb.build.BuildVerb object at 0x7f92964d8ac0>>, merge_install=False, metas=['./colcon.meta'], packages_above=None, packages_above_and_dependencies=None, packages_above_depth=None, packages_end=None, packages_ignore=None, packages_ignore_regex=None, packages_select=['order_optimizer'], packages_select_build_failed=False, packages_select_by_dep=None, packages_select_regex=None, packages_select_test_failures=False, packages_skip=None, packages_skip_build_finished=False, packages_skip_by_dep=None, packages_skip_regex=None, packages_skip_test_passed=False, packages_skip_up_to=None, packages_start=None, packages_up_to=None, packages_up_to_regex=None, parallel_workers=1, paths=None, symlink_install=False, test_result_base=None, verb_extension=<colcon_core.verb.build.BuildVerb object at 0x7f92964d8ac0>, verb_name='build', verb_parser=<colcon_defaults.argument_parser.defaults.DefaultArgumentsDecorator object at 0x7f9296466070>)
[5.011s] Level 1:colcon.colcon_core.package_discovery:discover_packages(colcon_meta) check parameters
[5.012s] Level 1:colcon.colcon_core.package_discovery:discover_packages(recursive) check parameters
[5.013s] Level 1:colcon.colcon_core.package_discovery:discover_packages(ignore) check parameters
[5.013s] Level 1:colcon.colcon_core.package_discovery:discover_packages(path) check parameters
[5.013s] Level 1:colcon.colcon_core.package_discovery:discover_packages(colcon_meta) discover
[5.013s] Level 1:colcon.colcon_core.package_discovery:discover_packages(recursive) discover
[5.013s] INFO:colcon.colcon_core.package_discovery:Crawling recursively for packages in '/home/knapp/git/order_optimizer'
[5.014s] Level 1:colcon.colcon_core.package_identification:_identify(.) by extensions ['ignore', 'ignore_ament_install']
[5.015s] Level 1:colcon.colcon_core.package_identification:_identify(.) by extension 'ignore'
[5.015s] Level 1:colcon.colcon_core.package_identification:_identify(.) by extension 'ignore_ament_install'
[5.015s] Level 1:colcon.colcon_core.package_identification:_identify(.) by extensions ['colcon_pkg']
[5.015s] Level 1:colcon.colcon_core.package_identification:_identify(.) by extension 'colcon_pkg'
[5.015s] Level 1:colcon.colcon_core.package_identification:_identify(.) by extensions ['colcon_meta']
[5.015s] Level 1:colcon.colcon_core.package_identification:_identify(.) by extension 'colcon_meta'
[5.016s] Level 1:colcon.colcon_core.package_identification:_identify(.) by extensions ['ros']
[5.016s] Level 1:colcon.colcon_core.package_identification:_identify(.) by extension 'ros'
[5.054s] Level 1:colcon.colcon_core.package_identification:_identify(.) by extensions ['cmake', 'python']
[5.055s] Level 1:colcon.colcon_core.package_identification:_identify(.) by extension 'cmake'
[5.055s] Level 1:colcon.colcon_core.package_identification:_identify(.) by extension 'python'
[5.055s] Level 1:colcon.colcon_core.package_identification:_identify(.) by extensions ['python_setup_py']
[5.055s] Level 1:colcon.colcon_core.package_identification:_identify(.) by extension 'python_setup_py'
[5.055s] Level 1:colcon.colcon_core.package_identification:_identify(build) by extensions ['ignore', 'ignore_ament_install']
[5.056s] Level 1:colcon.colcon_core.package_identification:_identify(build) by extension 'ignore'
[5.056s] Level 1:colcon.colcon_core.package_identification:_identify(build) ignored
[5.056s] Level 1:colcon.colcon_core.package_identification:_identify(etc) by extensions ['ignore', 'ignore_ament_install']
[5.057s] Level 1:colcon.colcon_core.package_identification:_identify(etc) by extension 'ignore'
[5.057s] Level 1:colcon.colcon_core.package_identification:_identify(etc) by extension 'ignore_ament_install'
[5.057s] Level 1:colcon.colcon_core.package_identification:_identify(etc) by extensions ['colcon_pkg']
[5.057s] Level 1:colcon.colcon_core.package_identification:_identify(etc) by extension 'colcon_pkg'
[5.057s] Level 1:colcon.colcon_core.package_identification:_identify(etc) by extensions ['colcon_meta']
[5.057s] Level 1:colcon.colcon_core.package_identification:_identify(etc) by extension 'colcon_meta'
[5.057s] Level 1:colcon.colcon_core.package_identification:_identify(etc) by extensions ['ros']
[5.057s] Level 1:colcon.colcon_core.package_identification:_identify(etc) by extension 'ros'
[5.057s] Level 1:colcon.colcon_core.package_identification:_identify(etc) by extensions ['cmake', 'python']
[5.058s] Level 1:colcon.colcon_core.package_identification:_identify(etc) by extension 'cmake'
[5.058s] Level 1:colcon.colcon_core.package_identification:_identify(etc) by extension 'python'
[5.058s] Level 1:colcon.colcon_core.package_identification:_identify(etc) by extensions ['python_setup_py']
[5.058s] Level 1:colcon.colcon_core.package_identification:_identify(etc) by extension 'python_setup_py'
[5.058s] Level 1:colcon.colcon_core.package_identification:_identify(etc/configuration) by extensions ['ignore', 'ignore_ament_install']
[5.058s] Level 1:colcon.colcon_core.package_identification:_identify(etc/configuration) by extension 'ignore'
[5.058s] Level 1:colcon.colcon_core.package_identification:_identify(etc/configuration) by extension 'ignore_ament_install'
[5.058s] Level 1:colcon.colcon_core.package_identification:_identify(etc/configuration) by extensions ['colcon_pkg']
[5.058s] Level 1:colcon.colcon_core.package_identification:_identify(etc/configuration) by extension 'colcon_pkg'
[5.059s] Level 1:colcon.colcon_core.package_identification:_identify(etc/configuration) by extensions ['colcon_meta']
[5.059s] Level 1:colcon.colcon_core.package_identification:_identify(etc/configuration) by extension 'colcon_meta'
[5.059s] Level 1:colcon.colcon_core.package_identification:_identify(etc/configuration) by extensions ['ros']
[5.059s] Level 1:colcon.colcon_core.package_identification:_identify(etc/configuration) by extension 'ros'
[5.059s] Level 1:colcon.colcon_core.package_identification:_identify(etc/configuration) by extensions ['cmake', 'python']
[5.059s] Level 1:colcon.colcon_core.package_identification:_identify(etc/configuration) by extension 'cmake'
[5.059s] Level 1:colcon.colcon_core.package_identification:_identify(etc/configuration) by extension 'python'
[5.059s] Level 1:colcon.colcon_core.package_identification:_identify(etc/configuration) by extensions ['python_setup_py']
[5.059s] Level 1:colcon.colcon_core.package_identification:_identify(etc/configuration) by extension 'python_setup_py'
[5.060s] Level 1:colcon.colcon_core.package_identification:_identify(etc/orders) by extensions ['ignore', 'ignore_ament_install']
[5.060s] Level 1:colcon.colcon_core.package_identification:_identify(etc/orders) by extension 'ignore'
[5.060s] Level 1:colcon.colcon_core.package_identification:_identify(etc/orders) by extension 'ignore_ament_install'
[5.060s] Level 1:colcon.colcon_core.package_identification:_identify(etc/orders) by extensions ['colcon_pkg']
[5.060s] Level 1:colcon.colcon_core.package_identification:_identify(etc/orders) by extension 'colcon_pkg'
[5.060s] Level 1:colcon.colcon_core.package_identification:_identify(etc/orders) by extensions ['colcon_meta']
[5.060s] Level 1:colcon.colcon_core.package_identification:_identify(etc/orders) by extension 'colcon_meta'
[5.060s] Level 1:colcon.colcon_core.package_identification:_identify(etc/orders) by extensions ['ros']
[5.060s] Level 1:colcon.colcon_core.package_identification:_identify(etc/orders) by extension 'ros'
[5.061s] Level 1:colcon.colcon_core.package_identification:_identify(etc/orders) by extensions ['cmake', 'python']
[5.061s] Level 1:colcon.colcon_core.package_identification:_identify(etc/orders) by extension 'cmake'
[5.061s] Level 1:colcon.colcon_core.package_identification:_identify(etc/orders) by extension 'python'
[5.061s] Level 1:colcon.colcon_core.package_identification:_identify(etc/orders) by extensions ['python_setup_py']
[5.061s] Level 1:colcon.colcon_core.package_identification:_identify(etc/orders) by extension 'python_setup_py'
[5.061s] Level 1:colcon.colcon_core.package_identification:_identify(install) by extensions ['ignore', 'ignore_ament_install']
[5.061s] Level 1:colcon.colcon_core.package_identification:_identify(install) by extension 'ignore'
[5.061s] Level 1:colcon.colcon_core.package_identification:_identify(install) ignored
[5.062s] Level 1:colcon.colcon_core.package_identification:_identify(log) by extensions ['ignore', 'ignore_ament_install']
[5.062s] Level 1:colcon.colcon_core.package_identification:_identify(log) by extension 'ignore'
[5.062s] Level 1:colcon.colcon_core.package_identification:_identify(log) ignored
[5.062s] Level 1:colcon.colcon_core.package_identification:_identify(src) by extensions ['ignore', 'ignore_ament_install']
[5.062s] Level 1:colcon.colcon_core.package_identification:_identify(src) by extension 'ignore'
[5.063s] Level 1:colcon.colcon_core.package_identification:_identify(src) by extension 'ignore_ament_install'
[5.063s] Level 1:colcon.colcon_core.package_identification:_identify(src) by extensions ['colcon_pkg']
[5.063s] Level 1:colcon.colcon_core.package_identification:_identify(src) by extension 'colcon_pkg'
[5.063s] Level 1:colcon.colcon_core.package_identification:_identify(src) by extensions ['colcon_meta']
[5.063s] Level 1:colcon.colcon_core.package_identification:_identify(src) by extension 'colcon_meta'
[5.063s] Level 1:colcon.colcon_core.package_identification:_identify(src) by extensions ['ros']
[5.063s] Level 1:colcon.colcon_core.package_identification:_identify(src) by extension 'ros'
[5.063s] Level 1:colcon.colcon_core.package_identification:_identify(src) by extensions ['cmake', 'python']
[5.063s] Level 1:colcon.colcon_core.package_identification:_identify(src) by extension 'cmake'
[5.063s] Level 1:colcon.colcon_core.package_identification:_identify(src) by extension 'python'
[5.063s] Level 1:colcon.colcon_core.package_identification:_identify(src) by extensions ['python_setup_py']
[5.064s] Level 1:colcon.colcon_core.package_identification:_identify(src) by extension 'python_setup_py'
[5.064s] Level 1:colcon.colcon_core.package_identification:_identify(src/order_optimizer) by extensions ['ignore', 'ignore_ament_install']
[5.064s] Level 1:colcon.colcon_core.package_identification:_identify(src/order_optimizer) by extension 'ignore'
[5.064s] Level 1:colcon.colcon_core.package_identification:_identify(src/order_optimizer) by extension 'ignore_ament_install'
[5.064s] Level 1:colcon.colcon_core.package_identification:_identify(src/order_optimizer) by extensions ['colcon_pkg']
[5.064s] Level 1:colcon.colcon_core.package_identification:_identify(src/order_optimizer) by extension 'colcon_pkg'
[5.064s] Level 1:colcon.colcon_core.package_identification:_identify(src/order_optimizer) by extensions ['colcon_meta']
[5.065s] Level 1:colcon.colcon_core.package_identification:_identify(src/order_optimizer) by extension 'colcon_meta'
[5.065s] Level 1:colcon.colcon_core.package_identification:_identify(src/order_optimizer) by extensions ['ros']
[5.065s] Level 1:colcon.colcon_core.package_identification:_identify(src/order_optimizer) by extension 'ros'
[5.093s] DEBUG:colcon.colcon_core.package_identification:Package 'src/order_optimizer' with type 'ros.ament_cmake' and name 'order_optimizer'
[5.093s] Level 1:colcon.colcon_core.package_identification:_identify(src/yaml-cpp) by extensions ['ignore', 'ignore_ament_install']
[5.094s] Level 1:colcon.colcon_core.package_identification:_identify(src/yaml-cpp) by extension 'ignore'
[5.094s] Level 1:colcon.colcon_core.package_identification:_identify(src/yaml-cpp) by extension 'ignore_ament_install'
[5.094s] Level 1:colcon.colcon_core.package_identification:_identify(src/yaml-cpp) by extensions ['colcon_pkg']
[5.095s] Level 1:colcon.colcon_core.package_identification:_identify(src/yaml-cpp) by extension 'colcon_pkg'
[5.095s] Level 1:colcon.colcon_core.package_identification:_identify(src/yaml-cpp) by extensions ['colcon_meta']
[5.095s] Level 1:colcon.colcon_core.package_identification:_identify(src/yaml-cpp) by extension 'colcon_meta'
[5.095s] Level 1:colcon.colcon_core.package_identification:_identify(src/yaml-cpp) by extensions ['ros']
[5.095s] Level 1:colcon.colcon_core.package_identification:_identify(src/yaml-cpp) by extension 'ros'
[5.095s] Level 1:colcon.colcon_core.package_identification:_identify(src/yaml-cpp) by extensions ['cmake', 'python']
[5.095s] Level 1:colcon.colcon_core.package_identification:_identify(src/yaml-cpp) by extension 'cmake'
[5.175s] Level 1:colcon.colcon_core.package_identification:_identify(src/yaml-cpp) by extension 'python'
[5.176s] DEBUG:colcon.colcon_core.package_identification:Package 'src/yaml-cpp' with type 'cmake' and name 'YAML_CPP'
[5.176s] Level 1:colcon.colcon_core.package_discovery:discover_packages(recursive) using defaults
[5.177s] Level 1:colcon.colcon_core.package_discovery:discover_packages(ignore) discover
[5.177s] Level 1:colcon.colcon_core.package_discovery:discover_packages(ignore) using defaults
[5.178s] Level 1:colcon.colcon_core.package_discovery:discover_packages(path) discover
[5.178s] Level 1:colcon.colcon_core.package_discovery:discover_packages(path) using defaults
[5.319s] INFO:colcon.colcon_core.package_selection:Skipping not selected package 'YAML_CPP' in 'src/yaml-cpp'
[5.334s] Level 5:colcon.colcon_core.verb:set package 'order_optimizer' build argument 'cmake_args' from command line to 'None'
[5.334s] Level 5:colcon.colcon_core.verb:set package 'order_optimizer' build argument 'cmake_target' from command line to 'None'
[5.334s] Level 5:colcon.colcon_core.verb:set package 'order_optimizer' build argument 'cmake_target_skip_unavailable' from command line to 'False'
[5.334s] Level 5:colcon.colcon_core.verb:set package 'order_optimizer' build argument 'cmake_clean_cache' from command line to 'False'
[5.334s] Level 5:colcon.colcon_core.verb:set package 'order_optimizer' build argument 'cmake_clean_first' from command line to 'False'
[5.334s] Level 5:colcon.colcon_core.verb:set package 'order_optimizer' build argument 'cmake_force_configure' from command line to 'False'
[5.335s] Level 5:colcon.colcon_core.verb:set package 'order_optimizer' build argument 'ament_cmake_args' from command line to 'None'
[5.335s] Level 5:colcon.colcon_core.verb:set package 'order_optimizer' build argument 'catkin_cmake_args' from command line to 'None'
[5.335s] Level 5:colcon.colcon_core.verb:set package 'order_optimizer' build argument 'catkin_skip_building_tests' from command line to 'False'
[5.335s] DEBUG:colcon.colcon_core.verb:Building package 'order_optimizer' with the following arguments: {'ament_cmake_args': None, 'build_base': '/home/knapp/git/order_optimizer/build/order_optimizer', 'catkin_cmake_args': None, 'catkin_skip_building_tests': False, 'cmake_args': None, 'cmake_clean_cache': False, 'cmake_clean_first': False, 'cmake_force_configure': False, 'cmake_target': None, 'cmake_target_skip_unavailable': False, 'install_base': '/home/knapp/git/order_optimizer/install/order_optimizer', 'merge_install': False, 'path': '/home/knapp/git/order_optimizer/src/order_optimizer', 'symlink_install': False, 'test_result_base': None}
[5.335s] INFO:colcon.colcon_core.executor:Executing jobs using 'parallel' executor
[5.342s] DEBUG:colcon.colcon_parallel_executor.executor.parallel:run_until_complete
[5.343s] INFO:colcon.colcon_ros.task.ament_cmake.build:Building ROS package in '/home/knapp/git/order_optimizer/src/order_optimizer' with build type 'ament_cmake'
[5.343s] INFO:colcon.colcon_cmake.task.cmake.build:Building CMake package in '/home/knapp/git/order_optimizer/src/order_optimizer'
[5.467s] INFO:colcon.colcon_core.plugin_system:Skipping extension 'colcon_core.shell.bat': Not used on non-Windows systems
[5.467s] INFO:colcon.colcon_core.shell:Skip shell extension 'powershell' for command environment: Not usable outside of PowerShell
[5.471s] DEBUG:colcon.colcon_core.shell:Skip shell extension 'dsv' for command environment
[10.415s] DEBUG:colcon.colcon_core.event_handler.log_command:Invoking command in '/home/knapp/git/order_optimizer/build/order_optimizer': CMAKE_PREFIX_PATH=${CMAKE_PREFIX_PATH}:/home/knapp/ros2_foxy/install/ros2bag:/home/knapp/ros2_foxy/install/tracetools_launch:/home/knapp/ros2_foxy/install/topic_monitor:/home/knapp/ros2_foxy/install/examples_tf2_py:/home/knapp/ros2_foxy/install/sros2:/home/knapp/ros2_foxy/install/rqt_topic:/home/knapp/ros2_foxy/install/rqt_top:/home/knapp/ros2_foxy/install/rqt_srv:/home/knapp/ros2_foxy/install/rqt_shell:/home/knapp/ros2_foxy/install/rqt_service_caller:/home/knapp/ros2_foxy/install/rqt_reconfigure:/home/knapp/ros2_foxy/install/rqt_py_console:/home/knapp/ros2_foxy/install/rqt_publisher:/home/knapp/ros2_foxy/install/rqt_plot:/home/knapp/ros2_foxy/install/rqt_action:/home/knapp/ros2_foxy/install/rqt_msg:/home/knapp/ros2_foxy/install/rqt:/home/knapp/ros2_foxy/install/rqt_graph:/home/knapp/ros2_foxy/install/rqt_gui_py:/home/knapp/ros2_foxy/install/rqt_gui:/home/knapp/ros2_foxy/install/ros2trace:/home/knapp/ros2_foxy/install/ros2topic:/home/knapp/ros2_foxy/install/ros2test:/home/knapp/ros2_foxy/install/ros2component:/home/knapp/ros2_foxy/install/ros2param:/home/knapp/ros2_foxy/install/ros2lifecycle:/home/knapp/ros2_foxy/install/ros2service:/home/knapp/ros2_foxy/install/ros2run:/home/knapp/ros2_foxy/install/ros2launch:/home/knapp/ros2_foxy/install/ros2pkg:/home/knapp/ros2_foxy/install/ros2node:/home/knapp/ros2_foxy/install/ros2multicast:/home/knapp/ros2_foxy/install/ros2interface:/home/knapp/ros2_foxy/install/ros2doctor:/home/knapp/ros2_foxy/install/ros2action:/home/knapp/ros2_foxy/install/ros2cli:/home/knapp/ros2_foxy/install/quality_of_service_demo_py:/home/knapp/ros2_foxy/install/launch_testing_ros:/home/knapp/ros2_foxy/install/launch_ros:/home/knapp/ros2_foxy/install/examples_rclpy_minimal_subscriber:/home/knapp/ros2_foxy/install/examples_rclpy_minimal_service:/home/knapp/ros2_foxy/install/examples_rclpy_minimal_publisher:/home/knapp/ros2_foxy/install/examples_rclpy_minimal_client:/home/knapp/ros2_foxy/install/examples_rclpy_minimal_action_server:/home/knapp/ros2_foxy/install/examples_rclpy_minimal_action_client:/home/knapp/ros2_foxy/install/examples_rclpy_executors:/home/knapp/ros2_foxy/install/demo_nodes_py:/home/knapp/ros2_foxy/install/action_tutorials_py:/home/knapp/ros2_foxy/install/ament_uncrustify:/home/knapp/ros2_foxy/install/tracetools_trace:/home/knapp/ros2_foxy/install/tracetools_read:/home/knapp/ros2_foxy/install/test_launch_ros:/home/knapp/ros2_foxy/install/sensor_msgs_py:/home/knapp/ros2_foxy/install/rpyutils:/home/knapp/ros2_foxy/install/rosidl_runtime_py:/home/knapp/ros2_foxy/install/launch_yaml:/home/knapp/ros2_foxy/install/launch_xml:/home/knapp/ros2_foxy/install/launch_testing:/home/knapp/ros2_foxy/install/launch:/home/knapp/ros2_foxy/install/osrf_pycommon:/home/knapp/ros2_foxy/install/domain_coordinator:/home/knapp/ros2_foxy/install/ament_xmllint:/home/knapp/ros2_foxy/install/ament_pyflakes:/home/knapp/ros2_foxy/install/ament_pycodestyle:/home/knapp/ros2_foxy/install/ament_pep257:/home/knapp/ros2_foxy/install/ament_pclint:/home/knapp/ros2_foxy/install/ament_package:/home/knapp/ros2_foxy/install/ament_mypy:/home/knapp/ros2_foxy/install/ament_lint_cmake:/home/knapp/ros2_foxy/install/ament_flake8:/home/knapp/ros2_foxy/install/ament_copyright:/home/knapp/ros2_foxy/install/ament_lint:/home/knapp/ros2_foxy/install/ament_index_python:/home/knapp/ros2_foxy/install/ament_cpplint:/home/knapp/ros2_foxy/install/ament_cppcheck:/home/knapp/ros2_foxy/install/ament_clang_tidy:/home/knapp/ros2_foxy/install/ament_clang_format /usr/bin/cmake --build /home/knapp/git/order_optimizer/build/order_optimizer -- -j1 -l1
[33.414s] DEBUG:colcon.colcon_core.event_handler.log_command:Invoked command in '/home/knapp/git/order_optimizer/build/order_optimizer' returned '0': CMAKE_PREFIX_PATH=${CMAKE_PREFIX_PATH}:/home/knapp/ros2_foxy/install/ros2bag:/home/knapp/ros2_foxy/install/tracetools_launch:/home/knapp/ros2_foxy/install/topic_monitor:/home/knapp/ros2_foxy/install/examples_tf2_py:/home/knapp/ros2_foxy/install/sros2:/home/knapp/ros2_foxy/install/rqt_topic:/home/knapp/ros2_foxy/install/rqt_top:/home/knapp/ros2_foxy/install/rqt_srv:/home/knapp/ros2_foxy/install/rqt_shell:/home/knapp/ros2_foxy/install/rqt_service_caller:/home/knapp/ros2_foxy/install/rqt_reconfigure:/home/knapp/ros2_foxy/install/rqt_py_console:/home/knapp/ros2_foxy/install/rqt_publisher:/home/knapp/ros2_foxy/install/rqt_plot:/home/knapp/ros2_foxy/install/rqt_action:/home/knapp/ros2_foxy/install/rqt_msg:/home/knapp/ros2_foxy/install/rqt:/home/knapp/ros2_foxy/install/rqt_graph:/home/knapp/ros2_foxy/install/rqt_gui_py:/home/knapp/ros2_foxy/install/rqt_gui:/home/knapp/ros2_foxy/install/ros2trace:/home/knapp/ros2_foxy/install/ros2topic:/home/knapp/ros2_foxy/install/ros2test:/home/knapp/ros2_foxy/install/ros2component:/home/knapp/ros2_foxy/install/ros2param:/home/knapp/ros2_foxy/install/ros2lifecycle:/home/knapp/ros2_foxy/install/ros2service:/home/knapp/ros2_foxy/install/ros2run:/home/knapp/ros2_foxy/install/ros2launch:/home/knapp/ros2_foxy/install/ros2pkg:/home/knapp/ros2_foxy/install/ros2node:/home/knapp/ros2_foxy/install/ros2multicast:/home/knapp/ros2_foxy/install/ros2interface:/home/knapp/ros2_foxy/install/ros2doctor:/home/knapp/ros2_foxy/install/ros2action:/home/knapp/ros2_foxy/install/ros2cli:/home/knapp/ros2_foxy/install/quality_of_service_demo_py:/home/knapp/ros2_foxy/install/launch_testing_ros:/home/knapp/ros2_foxy/install/launch_ros:/home/knapp/ros2_foxy/install/examples_rclpy_minimal_subscriber:/home/knapp/ros2_foxy/install/examples_rclpy_minimal_service:/home/knapp/ros2_foxy/install/examples_rclpy_minimal_publisher:/home/knapp/ros2_foxy/install/examples_rclpy_minimal_client:/home/knapp/ros2_foxy/install/examples_rclpy_minimal_action_server:/home/knapp/ros2_foxy/install/examples_rclpy_minimal_action_client:/home/knapp/ros2_foxy/install/examples_rclpy_executors:/home/knapp/ros2_foxy/install/demo_nodes_py:/home/knapp/ros2_foxy/install/action_tutorials_py:/home/knapp/ros2_foxy/install/ament_uncrustify:/home/knapp/ros2_foxy/install/tracetools_trace:/home/knapp/ros2_foxy/install/tracetools_read:/home/knapp/ros2_foxy/install/test_launch_ros:/home/knapp/ros2_foxy/install/sensor_msgs_py:/home/knapp/ros2_foxy/install/rpyutils:/home/knapp/ros2_foxy/install/rosidl_runtime_py:/home/knapp/ros2_foxy/install/launch_yaml:/home/knapp/ros2_foxy/install/launch_xml:/home/knapp/ros2_foxy/install/launch_testing:/home/knapp/ros2_foxy/install/launch:/home/knapp/ros2_foxy/install/osrf_pycommon:/home/knapp/ros2_foxy/install/domain_coordinator:/home/knapp/ros2_foxy/install/ament_xmllint:/home/knapp/ros2_foxy/install/ament_pyflakes:/home/knapp/ros2_foxy/install/ament_pycodestyle:/home/knapp/ros2_foxy/install/ament_pep257:/home/knapp/ros2_foxy/install/ament_pclint:/home/knapp/ros2_foxy/install/ament_package:/home/knapp/ros2_foxy/install/ament_mypy:/home/knapp/ros2_foxy/install/ament_lint_cmake:/home/knapp/ros2_foxy/install/ament_flake8:/home/knapp/ros2_foxy/install/ament_copyright:/home/knapp/ros2_foxy/install/ament_lint:/home/knapp/ros2_foxy/install/ament_index_python:/home/knapp/ros2_foxy/install/ament_cpplint:/home/knapp/ros2_foxy/install/ament_cppcheck:/home/knapp/ros2_foxy/install/ament_clang_tidy:/home/knapp/ros2_foxy/install/ament_clang_format /usr/bin/cmake --build /home/knapp/git/order_optimizer/build/order_optimizer -- -j1 -l1
[33.667s] DEBUG:colcon.colcon_core.event_handler.log_command:Invoking command in '/home/knapp/git/order_optimizer/build/order_optimizer': CMAKE_PREFIX_PATH=${CMAKE_PREFIX_PATH}:/home/knapp/ros2_foxy/install/ros2bag:/home/knapp/ros2_foxy/install/tracetools_launch:/home/knapp/ros2_foxy/install/topic_monitor:/home/knapp/ros2_foxy/install/examples_tf2_py:/home/knapp/ros2_foxy/install/sros2:/home/knapp/ros2_foxy/install/rqt_topic:/home/knapp/ros2_foxy/install/rqt_top:/home/knapp/ros2_foxy/install/rqt_srv:/home/knapp/ros2_foxy/install/rqt_shell:/home/knapp/ros2_foxy/install/rqt_service_caller:/home/knapp/ros2_foxy/install/rqt_reconfigure:/home/knapp/ros2_foxy/install/rqt_py_console:/home/knapp/ros2_foxy/install/rqt_publisher:/home/knapp/ros2_foxy/install/rqt_plot:/home/knapp/ros2_foxy/install/rqt_action:/home/knapp/ros2_foxy/install/rqt_msg:/home/knapp/ros2_foxy/install/rqt:/home/knapp/ros2_foxy/install/rqt_graph:/home/knapp/ros2_foxy/install/rqt_gui_py:/home/knapp/ros2_foxy/install/rqt_gui:/home/knapp/ros2_foxy/install/ros2trace:/home/knapp/ros2_foxy/install/ros2topic:/home/knapp/ros2_foxy/install/ros2test:/home/knapp/ros2_foxy/install/ros2component:/home/knapp/ros2_foxy/install/ros2param:/home/knapp/ros2_foxy/install/ros2lifecycle:/home/knapp/ros2_foxy/install/ros2service:/home/knapp/ros2_foxy/install/ros2run:/home/knapp/ros2_foxy/install/ros2launch:/home/knapp/ros2_foxy/install/ros2pkg:/home/knapp/ros2_foxy/install/ros2node:/home/knapp/ros2_foxy/install/ros2multicast:/home/knapp/ros2_foxy/install/ros2interface:/home/knapp/ros2_foxy/install/ros2doctor:/home/knapp/ros2_foxy/install/ros2action:/home/knapp/ros2_foxy/install/ros2cli:/home/knapp/ros2_foxy/install/quality_of_service_demo_py:/home/knapp/ros2_foxy/install/launch_testing_ros:/home/knapp/ros2_foxy/install/launch_ros:/home/knapp/ros2_foxy/install/examples_rclpy_minimal_subscriber:/home/knapp/ros2_foxy/install/examples_rclpy_minimal_service:/home/knapp/ros2_foxy/install/examples_rclpy_minimal_publisher:/home/knapp/ros2_foxy/install/examples_rclpy_minimal_client:/home/knapp/ros2_foxy/install/examples_rclpy_minimal_action_server:/home/knapp/ros2_foxy/install/examples_rclpy_minimal_action_client:/home/knapp/ros2_foxy/install/examples_rclpy_executors:/home/knapp/ros2_foxy/install/demo_nodes_py:/home/knapp/ros2_foxy/install/action_tutorials_py:/home/knapp/ros2_foxy/install/ament_uncrustify:/home/knapp/ros2_foxy/install/tracetools_trace:/home/knapp/ros2_foxy/install/tracetools_read:/home/knapp/ros2_foxy/install/test_launch_ros:/home/knapp/ros2_foxy/install/sensor_msgs_py:/home/knapp/ros2_foxy/install/rpyutils:/home/knapp/ros2_foxy/install/rosidl_runtime_py:/home/knapp/ros2_foxy/install/launch_yaml:/home/knapp/ros2_foxy/install/launch_xml:/home/knapp/ros2_foxy/install/launch_testing:/home/knapp/ros2_foxy/install/launch:/home/knapp/ros2_foxy/install/osrf_pycommon:/home/knapp/ros2_foxy/install/domain_coordinator:/home/knapp/ros2_foxy/install/ament_xmllint:/home/knapp/ros2_foxy/install/ament_pyflakes:/home/knapp/ros2_foxy/install/ament_pycodestyle:/home/knapp/ros2_foxy/install/ament_pep257:/home/knapp/ros2_foxy/install/ament_pclint:/home/knapp/ros2_foxy/install/ament_package:/home/knapp/ros2_foxy/install/ament_mypy:/home/knapp/ros2_foxy/install/ament_lint_cmake:/home/knapp/ros2_foxy/install/ament_flake8:/home/knapp/ros2_foxy/install/ament_copyright:/home/knapp/ros2_foxy/install/ament_lint:/home/knapp/ros2_foxy/install/ament_index_python:/home/knapp/ros2_foxy/install/ament_cpplint:/home/knapp/ros2_foxy/install/ament_cppcheck:/home/knapp/ros2_foxy/install/ament_clang_tidy:/home/knapp/ros2_foxy/install/ament_clang_format /usr/bin/cmake --install /home/knapp/git/order_optimizer/build/order_optimizer
[33.766s] Level 1:colcon.colcon_core.environment:create_environment_scripts_only(order_optimizer)
[33.767s] DEBUG:colcon.colcon_core.event_handler.log_command:Invoked command in '/home/knapp/git/order_optimizer/build/order_optimizer' returned '0': CMAKE_PREFIX_PATH=${CMAKE_PREFIX_PATH}:/home/knapp/ros2_foxy/install/ros2bag:/home/knapp/ros2_foxy/install/tracetools_launch:/home/knapp/ros2_foxy/install/topic_monitor:/home/knapp/ros2_foxy/install/examples_tf2_py:/home/knapp/ros2_foxy/install/sros2:/home/knapp/ros2_foxy/install/rqt_topic:/home/knapp/ros2_foxy/install/rqt_top:/home/knapp/ros2_foxy/install/rqt_srv:/home/knapp/ros2_foxy/install/rqt_shell:/home/knapp/ros2_foxy/install/rqt_service_caller:/home/knapp/ros2_foxy/install/rqt_reconfigure:/home/knapp/ros2_foxy/install/rqt_py_console:/home/knapp/ros2_foxy/install/rqt_publisher:/home/knapp/ros2_foxy/install/rqt_plot:/home/knapp/ros2_foxy/install/rqt_action:/home/knapp/ros2_foxy/install/rqt_msg:/home/knapp/ros2_foxy/install/rqt:/home/knapp/ros2_foxy/install/rqt_graph:/home/knapp/ros2_foxy/install/rqt_gui_py:/home/knapp/ros2_foxy/install/rqt_gui:/home/knapp/ros2_foxy/install/ros2trace:/home/knapp/ros2_foxy/install/ros2topic:/home/knapp/ros2_foxy/install/ros2test:/home/knapp/ros2_foxy/install/ros2component:/home/knapp/ros2_foxy/install/ros2param:/home/knapp/ros2_foxy/install/ros2lifecycle:/home/knapp/ros2_foxy/install/ros2service:/home/knapp/ros2_foxy/install/ros2run:/home/knapp/ros2_foxy/install/ros2launch:/home/knapp/ros2_foxy/install/ros2pkg:/home/knapp/ros2_foxy/install/ros2node:/home/knapp/ros2_foxy/install/ros2multicast:/home/knapp/ros2_foxy/install/ros2interface:/home/knapp/ros2_foxy/install/ros2doctor:/home/knapp/ros2_foxy/install/ros2action:/home/knapp/ros2_foxy/install/ros2cli:/home/knapp/ros2_foxy/install/quality_of_service_demo_py:/home/knapp/ros2_foxy/install/launch_testing_ros:/home/knapp/ros2_foxy/install/launch_ros:/home/knapp/ros2_foxy/install/examples_rclpy_minimal_subscriber:/home/knapp/ros2_foxy/install/examples_rclpy_minimal_service:/home/knapp/ros2_foxy/install/examples_rclpy_minimal_publisher:/home/knapp/ros2_foxy/install/examples_rclpy_minimal_client:/home/knapp/ros2_foxy/install/examples_rclpy_minimal_action_server:/home/knapp/ros2_foxy/install/examples_rclpy_minimal_action_client:/home/knapp/ros2_foxy/install/examples_rclpy_executors:/home/knapp/ros2_foxy/install/demo_nodes_py:/home/knapp/ros2_foxy/install/action_tutorials_py:/home/knapp/ros2_foxy/install/ament_uncrustify:/home/knapp/ros2_foxy/install/tracetools_trace:/home/knapp/ros2_foxy/install/tracetools_read:/home/knapp/ros2_foxy/install/test_launch_ros:/home/knapp/ros2_foxy/install/sensor_msgs_py:/home/knapp/ros2_foxy/install/rpyutils:/home/knapp/ros2_foxy/install/rosidl_runtime_py:/home/knapp/ros2_foxy/install/launch_yaml:/home/knapp/ros2_foxy/install/launch_xml:/home/knapp/ros2_foxy/install/launch_testing:/home/knapp/ros2_foxy/install/launch:/home/knapp/ros2_foxy/install/osrf_pycommon:/home/knapp/ros2_foxy/install/domain_coordinator:/home/knapp/ros2_foxy/install/ament_xmllint:/home/knapp/ros2_foxy/install/ament_pyflakes:/home/knapp/ros2_foxy/install/ament_pycodestyle:/home/knapp/ros2_foxy/install/ament_pep257:/home/knapp/ros2_foxy/install/ament_pclint:/home/knapp/ros2_foxy/install/ament_package:/home/knapp/ros2_foxy/install/ament_mypy:/home/knapp/ros2_foxy/install/ament_lint_cmake:/home/knapp/ros2_foxy/install/ament_flake8:/home/knapp/ros2_foxy/install/ament_copyright:/home/knapp/ros2_foxy/install/ament_lint:/home/knapp/ros2_foxy/install/ament_index_python:/home/knapp/ros2_foxy/install/ament_cpplint:/home/knapp/ros2_foxy/install/ament_cppcheck:/home/knapp/ros2_foxy/install/ament_clang_tidy:/home/knapp/ros2_foxy/install/ament_clang_format /usr/bin/cmake --install /home/knapp/git/order_optimizer/build/order_optimizer
[33.790s] Level 1:colcon.colcon_core.environment:checking '/home/knapp/git/order_optimizer/install/order_optimizer' for CMake module files
[33.791s] Level 1:colcon.colcon_core.environment:checking '/home/knapp/git/order_optimizer/install/order_optimizer' for CMake config files
[33.792s] Level 1:colcon.colcon_core.shell:create_environment_hook('order_optimizer', 'cmake_prefix_path')
[33.793s] INFO:colcon.colcon_core.shell:Creating environment hook '/home/knapp/git/order_optimizer/install/order_optimizer/share/order_optimizer/hook/cmake_prefix_path.ps1'
[33.798s] INFO:colcon.colcon_core.shell:Creating environment descriptor '/home/knapp/git/order_optimizer/install/order_optimizer/share/order_optimizer/hook/cmake_prefix_path.dsv'
[33.799s] INFO:colcon.colcon_core.shell:Creating environment hook '/home/knapp/git/order_optimizer/install/order_optimizer/share/order_optimizer/hook/cmake_prefix_path.sh'
[33.801s] Level 1:colcon.colcon_core.environment:checking '/home/knapp/git/order_optimizer/install/order_optimizer/lib'
[33.802s] Level 1:colcon.colcon_core.environment:checking '/home/knapp/git/order_optimizer/install/order_optimizer/bin'
[33.802s] Level 1:colcon.colcon_core.environment:checking '/home/knapp/git/order_optimizer/install/order_optimizer/lib/pkgconfig/order_optimizer.pc'
[33.802s] Level 1:colcon.colcon_core.environment:checking '/home/knapp/git/order_optimizer/install/order_optimizer/lib/python3.8/site-packages'
[33.804s] INFO:colcon.colcon_core.shell:Creating package script '/home/knapp/git/order_optimizer/install/order_optimizer/share/order_optimizer/package.ps1'
[33.809s] INFO:colcon.colcon_core.shell:Creating package descriptor '/home/knapp/git/order_optimizer/install/order_optimizer/share/order_optimizer/package.dsv'
[33.812s] INFO:colcon.colcon_core.shell:Creating package script '/home/knapp/git/order_optimizer/install/order_optimizer/share/order_optimizer/package.sh'
[33.814s] INFO:colcon.colcon_core.shell:Creating package script '/home/knapp/git/order_optimizer/install/order_optimizer/share/order_optimizer/package.bash'
[33.815s] INFO:colcon.colcon_core.shell:Creating package script '/home/knapp/git/order_optimizer/install/order_optimizer/share/order_optimizer/package.zsh'
[33.817s] Level 1:colcon.colcon_core.environment:create_file_with_runtime_dependencies(/home/knapp/git/order_optimizer/install/order_optimizer/share/colcon-core/packages/order_optimizer)
[34.030s] Level 1:colcon.colcon_core.environment:create_environment_scripts_only(order_optimizer)
[34.033s] Level 1:colcon.colcon_core.environment:checking '/home/knapp/git/order_optimizer/install/order_optimizer' for CMake module files
[34.034s] Level 1:colcon.colcon_core.environment:checking '/home/knapp/git/order_optimizer/install/order_optimizer' for CMake config files
[34.034s] Level 1:colcon.colcon_core.shell:create_environment_hook('order_optimizer', 'cmake_prefix_path')
[34.036s] INFO:colcon.colcon_core.shell:Creating environment hook '/home/knapp/git/order_optimizer/install/order_optimizer/share/order_optimizer/hook/cmake_prefix_path.ps1'
[34.037s] INFO:colcon.colcon_core.shell:Creating environment descriptor '/home/knapp/git/order_optimizer/install/order_optimizer/share/order_optimizer/hook/cmake_prefix_path.dsv'
[34.038s] INFO:colcon.colcon_core.shell:Creating environment hook '/home/knapp/git/order_optimizer/install/order_optimizer/share/order_optimizer/hook/cmake_prefix_path.sh'
[34.040s] Level 1:colcon.colcon_core.environment:checking '/home/knapp/git/order_optimizer/install/order_optimizer/lib'
[34.040s] Level 1:colcon.colcon_core.environment:checking '/home/knapp/git/order_optimizer/install/order_optimizer/bin'
[34.040s] Level 1:colcon.colcon_core.environment:checking '/home/knapp/git/order_optimizer/install/order_optimizer/lib/pkgconfig/order_optimizer.pc'
[34.040s] Level 1:colcon.colcon_core.environment:checking '/home/knapp/git/order_optimizer/install/order_optimizer/lib/python3.8/site-packages'
[34.041s] INFO:colcon.colcon_core.shell:Creating package script '/home/knapp/git/order_optimizer/install/order_optimizer/share/order_optimizer/package.ps1'
[34.043s] INFO:colcon.colcon_core.shell:Creating package descriptor '/home/knapp/git/order_optimizer/install/order_optimizer/share/order_optimizer/package.dsv'
[34.044s] INFO:colcon.colcon_core.shell:Creating package script '/home/knapp/git/order_optimizer/install/order_optimizer/share/order_optimizer/package.sh'
[34.045s] INFO:colcon.colcon_core.shell:Creating package script '/home/knapp/git/order_optimizer/install/order_optimizer/share/order_optimizer/package.bash'
[34.047s] INFO:colcon.colcon_core.shell:Creating package script '/home/knapp/git/order_optimizer/install/order_optimizer/share/order_optimizer/package.zsh'
[34.049s] Level 1:colcon.colcon_core.environment:create_file_with_runtime_dependencies(/home/knapp/git/order_optimizer/install/order_optimizer/share/colcon-core/packages/order_optimizer)
[34.051s] DEBUG:colcon.colcon_parallel_executor.executor.parallel:closing loop
[34.051s] DEBUG:colcon.colcon_parallel_executor.executor.parallel:loop closed
[34.052s] DEBUG:colcon.colcon_parallel_executor.executor.parallel:run_until_complete finished with '0'
[34.052s] DEBUG:colcon.colcon_core.event_reactor:joining thread
[34.115s] INFO:colcon.colcon_core.plugin_system:Skipping extension 'colcon_notification.desktop_notification.terminal_notifier': Not used on non-Darwin systems
[34.115s] INFO:colcon.colcon_core.plugin_system:Skipping extension 'colcon_notification.desktop_notification.win32': Not used on non-Windows systems
[34.115s] INFO:colcon.colcon_notification.desktop_notification:Sending desktop notification using 'notify2'
[34.232s] DEBUG:colcon.colcon_core.event_reactor:joined thread
[34.248s] INFO:colcon.colcon_core.shell:Creating prefix script '/home/knapp/git/order_optimizer/install/local_setup.ps1'
[34.260s] INFO:colcon.colcon_core.shell:Creating prefix util module '/home/knapp/git/order_optimizer/install/_local_setup_util_ps1.py'
[34.266s] INFO:colcon.colcon_core.shell:Creating prefix chain script '/home/knapp/git/order_optimizer/install/setup.ps1'
[34.403s] INFO:colcon.colcon_core.shell:Creating prefix script '/home/knapp/git/order_optimizer/install/local_setup.sh'
[34.405s] INFO:colcon.colcon_core.shell:Creating prefix util module '/home/knapp/git/order_optimizer/install/_local_setup_util_sh.py'
[34.406s] INFO:colcon.colcon_core.shell:Creating prefix chain script '/home/knapp/git/order_optimizer/install/setup.sh'
[34.505s] INFO:colcon.colcon_core.shell:Creating prefix script '/home/knapp/git/order_optimizer/install/local_setup.bash'
[34.509s] INFO:colcon.colcon_core.shell:Creating prefix chain script '/home/knapp/git/order_optimizer/install/setup.bash'
[34.554s] INFO:colcon.colcon_core.shell:Creating prefix script '/home/knapp/git/order_optimizer/install/local_setup.zsh'
[34.555s] INFO:colcon.colcon_core.shell:Creating prefix chain script '/home/knapp/git/order_optimizer/install/setup.zsh'
